2019-11-15 09:31:44,657 [main] DEBUG cn.ac.base.DriverBase [WebEventListener.java : 23] - Before navigating to: 'http://wzg02.shineway-soft.com/public/saas/sam/admin/main/html/main.html'
2019-11-15 09:31:44,830 [main] DEBUG cn.ac.base.DriverBase [WebEventListener.java : 27] - Navigated to:'http://wzg02.shineway-soft.com/public/saas/sam/admin/main/html/main.html'
2019-11-15 09:31:44,831 [main] DEBUG cn.ac.base.DriverBase [WebEventListener.java : 67] - 找到标签前 : By.name: login_user
2019-11-15 09:31:45,088 [main] DEBUG cn.ac.base.DriverBase [WebEventListener.java : 71] - 找到标签后 : By.name: login_user
2019-11-15 09:31:45,140 [main] DEBUG cn.ac.base.DriverBase [WebEventListener.java : 67] - 找到标签前 : By.name: login_pas
2019-11-15 09:31:45,154 [main] DEBUG cn.ac.base.DriverBase [WebEventListener.java : 71] - 找到标签后 : By.name: login_pas
2019-11-15 09:31:45,218 [main] DEBUG cn.ac.base.DriverBase [WebEventListener.java : 67] - 找到标签前 : By.xpath: //div[@class='login-sub']
2019-11-15 09:31:45,230 [main] DEBUG cn.ac.base.DriverBase [WebEventListener.java : 71] - 找到标签后 : By.xpath: //div[@class='login-sub']
2019-11-15 09:31:45,231 [main] DEBUG cn.ac.base.DriverBase [WebEventListener.java : 39] - 点击标签: [[ChromeDriver: chrome on XP (42cf4b47e907dc1fae6ab4a274aa6891)] -> xpath: //div[@class='login-sub']]之前执行...
2019-11-15 09:31:45,275 [main] DEBUG cn.ac.base.DriverBase [WebEventListener.java : 43] - 点击标签之后: [[ChromeDriver: chrome on XP (42cf4b47e907dc1fae6ab4a274aa6891)] -> xpath: //div[@class='login-sub']]之后执行...
2019-11-15 09:31:45,275 [main] DEBUG cn.ac.base.DriverBase [WebEventListener.java : 67] - 找到标签前 : By.cssSelector: .platformmune-list > li:nth-child(3) > span
2019-11-15 09:31:46,344 [main] DEBUG cn.ac.base.DriverBase [WebEventListener.java : 71] - 找到标签后 : By.cssSelector: .platformmune-list > li:nth-child(3) > span
2019-11-15 09:31:46,345 [main] DEBUG cn.ac.base.DriverBase [WebEventListener.java : 39] - 点击标签: [[ChromeDriver: chrome on XP (42cf4b47e907dc1fae6ab4a274aa6891)] -> css selector: .platformmune-list > li:nth-child(3) > span]之前执行...
2019-11-15 09:31:46,378 [main] DEBUG cn.ac.base.DriverBase [WebEventListener.java : 43] - 点击标签之后: [[ChromeDriver: chrome on XP (42cf4b47e907dc1fae6ab4a274aa6891)] -> css selector: .platformmune-list > li:nth-child(3) > span]之后执行...
2019-11-15 09:31:46,378 [main] DEBUG cn.ac.base.DriverBase [WebEventListener.java : 67] - 找到标签前 : By.xpath: //span[contains(text(),'基础数据维护')]
2019-11-15 09:31:46,389 [main] DEBUG cn.ac.base.DriverBase [WebEventListener.java : 71] - 找到标签后 : By.xpath: //span[contains(text(),'基础数据维护')]
2019-11-15 09:31:46,390 [main] DEBUG cn.ac.base.DriverBase [WebEventListener.java : 39] - 点击标签: [[ChromeDriver: chrome on XP (42cf4b47e907dc1fae6ab4a274aa6891)] -> xpath: //span[contains(text(),'基础数据维护')]]之前执行...
2019-11-15 09:31:46,427 [main] DEBUG cn.ac.base.DriverBase [WebEventListener.java : 43] - 点击标签之后: [[ChromeDriver: chrome on XP (42cf4b47e907dc1fae6ab4a274aa6891)] -> xpath: //span[contains(text(),'基础数据维护')]]之后执行...
2019-11-15 09:34:02,676 [main] DEBUG cn.ac.base.DriverBase [WebEventListener.java : 23] - Before navigating to: 'http://wzg02.shineway-soft.com/public/saas/sam/admin/main/html/main.html'
2019-11-15 09:34:02,850 [main] DEBUG cn.ac.base.DriverBase [WebEventListener.java : 27] - Navigated to:'http://wzg02.shineway-soft.com/public/saas/sam/admin/main/html/main.html'
2019-11-15 09:34:02,851 [main] DEBUG cn.ac.base.DriverBase [WebEventListener.java : 67] - 找到标签前 : By.name: login_user
2019-11-15 09:34:03,081 [main] DEBUG cn.ac.base.DriverBase [WebEventListener.java : 71] - 找到标签后 : By.name: login_user
2019-11-15 09:34:03,129 [main] DEBUG cn.ac.base.DriverBase [WebEventListener.java : 67] - 找到标签前 : By.name: login_pas
2019-11-15 09:34:03,142 [main] DEBUG cn.ac.base.DriverBase [WebEventListener.java : 71] - 找到标签后 : By.name: login_pas
2019-11-15 09:34:03,199 [main] DEBUG cn.ac.base.DriverBase [WebEventListener.java : 67] - 找到标签前 : By.xpath: //div[@class='login-sub']
2019-11-15 09:34:03,210 [main] DEBUG cn.ac.base.DriverBase [WebEventListener.java : 71] - 找到标签后 : By.xpath: //div[@class='login-sub']
2019-11-15 09:34:03,211 [main] DEBUG cn.ac.base.DriverBase [WebEventListener.java : 39] - 点击标签: [[ChromeDriver: chrome on XP (f66b148dfc27613ec2a54f3b82a83cbc)] -> xpath: //div[@class='login-sub']]之前执行...
2019-11-15 09:34:03,241 [main] DEBUG cn.ac.base.DriverBase [WebEventListener.java : 43] - 点击标签之后: [[ChromeDriver: chrome on XP (f66b148dfc27613ec2a54f3b82a83cbc)] -> xpath: //div[@class='login-sub']]之后执行...
2019-11-15 09:34:03,241 [main] DEBUG cn.ac.base.DriverBase [WebEventListener.java : 67] - 找到标签前 : By.cssSelector: .platformmune-list > li:nth-child(3) > span
2019-11-15 09:34:04,276 [main] DEBUG cn.ac.base.DriverBase [WebEventListener.java : 71] - 找到标签后 : By.cssSelector: .platformmune-list > li:nth-child(3) > span
2019-11-15 09:34:04,277 [main] DEBUG cn.ac.base.DriverBase [WebEventListener.java : 39] - 点击标签: [[ChromeDriver: chrome on XP (f66b148dfc27613ec2a54f3b82a83cbc)] -> css selector: .platformmune-list > li:nth-child(3) > span]之前执行...
2019-11-15 09:34:04,313 [main] DEBUG cn.ac.base.DriverBase [WebEventListener.java : 43] - 点击标签之后: [[ChromeDriver: chrome on XP (f66b148dfc27613ec2a54f3b82a83cbc)] -> css selector: .platformmune-list > li:nth-child(3) > span]之后执行...
2019-11-15 09:34:04,314 [main] DEBUG cn.ac.base.DriverBase [WebEventListener.java : 67] - 找到标签前 : By.xpath: //span[contains(text(),'基础数据维护')]
2019-11-15 09:34:04,326 [main] DEBUG cn.ac.base.DriverBase [WebEventListener.java : 71] - 找到标签后 : By.xpath: //span[contains(text(),'基础数据维护')]
2019-11-15 09:34:04,326 [main] DEBUG cn.ac.base.DriverBase [WebEventListener.java : 39] - 点击标签: [[ChromeDriver: chrome on XP (f66b148dfc27613ec2a54f3b82a83cbc)] -> xpath: //span[contains(text(),'基础数据维护')]]之前执行...
2019-11-15 09:34:04,364 [main] DEBUG cn.ac.base.DriverBase [WebEventListener.java : 43] - 点击标签之后: [[ChromeDriver: chrome on XP (f66b148dfc27613ec2a54f3b82a83cbc)] -> xpath: //span[contains(text(),'基础数据维护')]]之后执行...
2019-11-15 09:36:11,314 [main] DEBUG cn.ac.base.DriverBase [WebEventListener.java : 23] - Before navigating to: 'http://wzg02.shineway-soft.com/public/saas/sam/admin/main/html/main.html'
2019-11-15 09:36:11,525 [main] DEBUG cn.ac.base.DriverBase [WebEventListener.java : 27] - Navigated to:'http://wzg02.shineway-soft.com/public/saas/sam/admin/main/html/main.html'
2019-11-15 09:36:11,526 [main] DEBUG cn.ac.base.DriverBase [WebEventListener.java : 67] - 找到标签前 : By.name: login_user
2019-11-15 09:36:11,793 [main] DEBUG cn.ac.base.DriverBase [WebEventListener.java : 71] - 找到标签后 : By.name: login_user
2019-11-15 09:36:11,844 [main] DEBUG cn.ac.base.DriverBase [WebEventListener.java : 67] - 找到标签前 : By.name: login_pas
2019-11-15 09:36:11,858 [main] DEBUG cn.ac.base.DriverBase [WebEventListener.java : 71] - 找到标签后 : By.name: login_pas
2019-11-15 09:36:11,914 [main] DEBUG cn.ac.base.DriverBase [WebEventListener.java : 67] - 找到标签前 : By.xpath: //div[@class='login-sub']
2019-11-15 09:36:11,925 [main] DEBUG cn.ac.base.DriverBase [WebEventListener.java : 71] - 找到标签后 : By.xpath: //div[@class='login-sub']
2019-11-15 09:36:11,926 [main] DEBUG cn.ac.base.DriverBase [WebEventListener.java : 39] - 点击标签: [[ChromeDriver: chrome on XP (612016ffcce92c412e3f279172444e35)] -> xpath: //div[@class='login-sub']]之前执行...
2019-11-15 09:36:11,956 [main] DEBUG cn.ac.base.DriverBase [WebEventListener.java : 43] - 点击标签之后: [[ChromeDriver: chrome on XP (612016ffcce92c412e3f279172444e35)] -> xpath: //div[@class='login-sub']]之后执行...
2019-11-15 09:36:11,957 [main] DEBUG cn.ac.base.DriverBase [WebEventListener.java : 67] - 找到标签前 : By.cssSelector: .platformmune-list > li:nth-child(3) > span
2019-11-15 09:36:13,065 [main] DEBUG cn.ac.base.DriverBase [WebEventListener.java : 71] - 找到标签后 : By.cssSelector: .platformmune-list > li:nth-child(3) > span
2019-11-15 09:36:13,066 [main] DEBUG cn.ac.base.DriverBase [WebEventListener.java : 39] - 点击标签: [[ChromeDriver: chrome on XP (612016ffcce92c412e3f279172444e35)] -> css selector: .platformmune-list > li:nth-child(3) > span]之前执行...
2019-11-15 09:36:13,109 [main] DEBUG cn.ac.base.DriverBase [WebEventListener.java : 43] - 点击标签之后: [[ChromeDriver: chrome on XP (612016ffcce92c412e3f279172444e35)] -> css selector: .platformmune-list > li:nth-child(3) > span]之后执行...
2019-11-15 09:36:13,109 [main] DEBUG cn.ac.base.DriverBase [WebEventListener.java : 67] - 找到标签前 : By.xpath: //span[contains(text(),'基础数据维护')]
2019-11-15 09:36:13,122 [main] DEBUG cn.ac.base.DriverBase [WebEventListener.java : 71] - 找到标签后 : By.xpath: //span[contains(text(),'基础数据维护')]
2019-11-15 09:36:13,122 [main] DEBUG cn.ac.base.DriverBase [WebEventListener.java : 39] - 点击标签: [[ChromeDriver: chrome on XP (612016ffcce92c412e3f279172444e35)] -> xpath: //span[contains(text(),'基础数据维护')]]之前执行...
2019-11-15 09:36:13,157 [main] DEBUG cn.ac.base.DriverBase [WebEventListener.java : 43] - 点击标签之后: [[ChromeDriver: chrome on XP (612016ffcce92c412e3f279172444e35)] -> xpath: //span[contains(text(),'基础数据维护')]]之后执行...
2019-11-15 09:42:29,056 [main] DEBUG cn.ac.base.DriverBase [WebEventListener.java : 23] - Before navigating to: 'http://wzg02.shineway-soft.com/public/saas/sam/admin/main/html/main.html'
2019-11-15 09:42:29,222 [main] DEBUG cn.ac.base.DriverBase [WebEventListener.java : 27] - Navigated to:'http://wzg02.shineway-soft.com/public/saas/sam/admin/main/html/main.html'
2019-11-15 09:42:29,223 [main] DEBUG cn.ac.base.DriverBase [WebEventListener.java : 67] - 找到标签前 : By.name: login_user
2019-11-15 09:42:29,509 [main] DEBUG cn.ac.base.DriverBase [WebEventListener.java : 71] - 找到标签后 : By.name: login_user
2019-11-15 09:42:29,558 [main] DEBUG cn.ac.base.DriverBase [WebEventListener.java : 67] - 找到标签前 : By.name: login_pas
2019-11-15 09:42:29,572 [main] DEBUG cn.ac.base.DriverBase [WebEventListener.java : 71] - 找到标签后 : By.name: login_pas
2019-11-15 09:42:29,626 [main] DEBUG cn.ac.base.DriverBase [WebEventListener.java : 67] - 找到标签前 : By.xpath: //div[@class='login-sub']
2019-11-15 09:42:29,639 [main] DEBUG cn.ac.base.DriverBase [WebEventListener.java : 71] - 找到标签后 : By.xpath: //div[@class='login-sub']
2019-11-15 09:42:29,639 [main] DEBUG cn.ac.base.DriverBase [WebEventListener.java : 39] - 点击标签: [[ChromeDriver: chrome on XP (f8de32761c1e4a15d1695a20efceac44)] -> xpath: //div[@class='login-sub']]之前执行...
2019-11-15 09:42:29,669 [main] DEBUG cn.ac.base.DriverBase [WebEventListener.java : 43] - 点击标签之后: [[ChromeDriver: chrome on XP (f8de32761c1e4a15d1695a20efceac44)] -> xpath: //div[@class='login-sub']]之后执行...
2019-11-15 09:42:29,669 [main] DEBUG cn.ac.base.DriverBase [WebEventListener.java : 67] - 找到标签前 : By.cssSelector: .platformmune-list > li:nth-child(3) > span
2019-11-15 09:42:30,774 [main] DEBUG cn.ac.base.DriverBase [WebEventListener.java : 71] - 找到标签后 : By.cssSelector: .platformmune-list > li:nth-child(3) > span
2019-11-15 09:42:30,774 [main] DEBUG cn.ac.base.DriverBase [WebEventListener.java : 39] - 点击标签: [[ChromeDriver: chrome on XP (f8de32761c1e4a15d1695a20efceac44)] -> css selector: .platformmune-list > li:nth-child(3) > span]之前执行...
2019-11-15 09:42:30,821 [main] DEBUG cn.ac.base.DriverBase [WebEventListener.java : 43] - 点击标签之后: [[ChromeDriver: chrome on XP (f8de32761c1e4a15d1695a20efceac44)] -> css selector: .platformmune-list > li:nth-child(3) > span]之后执行...
2019-11-15 09:42:30,821 [main] DEBUG cn.ac.base.DriverBase [WebEventListener.java : 67] - 找到标签前 : By.xpath: //span[contains(text(),'基础数据维护')]
2019-11-15 09:42:30,833 [main] DEBUG cn.ac.base.DriverBase [WebEventListener.java : 71] - 找到标签后 : By.xpath: //span[contains(text(),'基础数据维护')]
2019-11-15 09:42:30,834 [main] DEBUG cn.ac.base.DriverBase [WebEventListener.java : 39] - 点击标签: [[ChromeDriver: chrome on XP (f8de32761c1e4a15d1695a20efceac44)] -> xpath: //span[contains(text(),'基础数据维护')]]之前执行...
2019-11-15 09:42:30,870 [main] DEBUG cn.ac.base.DriverBase [WebEventListener.java : 43] - 点击标签之后: [[ChromeDriver: chrome on XP (f8de32761c1e4a15d1695a20efceac44)] -> xpath: //span[contains(text(),'基础数据维护')]]之后执行...
2019-11-15 09:52:30,310 [main] DEBUG cn.ac.base.DriverBase [WebEventListener.java : 23] - Before navigating to: 'http://wzg02.shineway-soft.com/public/saas/sam/admin/main/html/main.html'
2019-11-15 09:52:30,520 [main] DEBUG cn.ac.base.DriverBase [WebEventListener.java : 27] - Navigated to:'http://wzg02.shineway-soft.com/public/saas/sam/admin/main/html/main.html'
2019-11-15 09:52:30,521 [main] DEBUG cn.ac.base.DriverBase [WebEventListener.java : 67] - 找到标签前 : By.name: login_user
2019-11-15 09:52:30,773 [main] DEBUG cn.ac.base.DriverBase [WebEventListener.java : 71] - 找到标签后 : By.name: login_user
2019-11-15 09:52:30,832 [main] DEBUG cn.ac.base.DriverBase [WebEventListener.java : 67] - 找到标签前 : By.name: login_pas
2019-11-15 09:52:30,846 [main] DEBUG cn.ac.base.DriverBase [WebEventListener.java : 71] - 找到标签后 : By.name: login_pas
2019-11-15 09:52:30,915 [main] DEBUG cn.ac.base.DriverBase [WebEventListener.java : 67] - 找到标签前 : By.xpath: //div[@class='login-sub']
2019-11-15 09:52:30,928 [main] DEBUG cn.ac.base.DriverBase [WebEventListener.java : 71] - 找到标签后 : By.xpath: //div[@class='login-sub']
2019-11-15 09:52:30,929 [main] DEBUG cn.ac.base.DriverBase [WebEventListener.java : 39] - 点击标签: [[ChromeDriver: chrome on XP (14a639854e303c1041734238b47b423e)] -> xpath: //div[@class='login-sub']]之前执行...
2019-11-15 09:52:30,958 [main] DEBUG cn.ac.base.DriverBase [WebEventListener.java : 43] - 点击标签之后: [[ChromeDriver: chrome on XP (14a639854e303c1041734238b47b423e)] -> xpath: //div[@class='login-sub']]之后执行...
2019-11-15 09:52:30,958 [main] DEBUG cn.ac.base.DriverBase [WebEventListener.java : 67] - 找到标签前 : By.cssSelector: .platformmune-list > li:nth-child(3) > span
2019-11-15 09:52:32,028 [main] DEBUG cn.ac.base.DriverBase [WebEventListener.java : 71] - 找到标签后 : By.cssSelector: .platformmune-list > li:nth-child(3) > span
2019-11-15 09:52:32,028 [main] DEBUG cn.ac.base.DriverBase [WebEventListener.java : 39] - 点击标签: [[ChromeDriver: chrome on XP (14a639854e303c1041734238b47b423e)] -> css selector: .platformmune-list > li:nth-child(3) > span]之前执行...
2019-11-15 09:52:32,072 [main] DEBUG cn.ac.base.DriverBase [WebEventListener.java : 43] - 点击标签之后: [[ChromeDriver: chrome on XP (14a639854e303c1041734238b47b423e)] -> css selector: .platformmune-list > li:nth-child(3) > span]之后执行...
2019-11-15 09:52:32,073 [main] DEBUG cn.ac.base.DriverBase [WebEventListener.java : 67] - 找到标签前 : By.xpath: //span[contains(text(),'基础数据维护')]
2019-11-15 09:52:32,084 [main] DEBUG cn.ac.base.DriverBase [WebEventListener.java : 71] - 找到标签后 : By.xpath: //span[contains(text(),'基础数据维护')]
2019-11-15 09:52:32,084 [main] DEBUG cn.ac.base.DriverBase [WebEventListener.java : 39] - 点击标签: [[ChromeDriver: chrome on XP (14a639854e303c1041734238b47b423e)] -> xpath: //span[contains(text(),'基础数据维护')]]之前执行...
2019-11-15 09:52:32,119 [main] DEBUG cn.ac.base.DriverBase [WebEventListener.java : 43] - 点击标签之后: [[ChromeDriver: chrome on XP (14a639854e303c1041734238b47b423e)] -> xpath: //span[contains(text(),'基础数据维护')]]之后执行...
2019-11-15 09:53:26,797 [main] DEBUG cn.ac.base.DriverBase [WebEventListener.java : 23] - Before navigating to: 'http://wzg02.shineway-soft.com/public/saas/sam/admin/main/html/main.html'
2019-11-15 09:53:27,006 [main] DEBUG cn.ac.base.DriverBase [WebEventListener.java : 27] - Navigated to:'http://wzg02.shineway-soft.com/public/saas/sam/admin/main/html/main.html'
2019-11-15 09:53:27,007 [main] DEBUG cn.ac.base.DriverBase [WebEventListener.java : 67] - 找到标签前 : By.name: login_user
2019-11-15 09:53:27,287 [main] DEBUG cn.ac.base.DriverBase [WebEventListener.java : 71] - 找到标签后 : By.name: login_user
2019-11-15 09:53:27,336 [main] DEBUG cn.ac.base.DriverBase [WebEventListener.java : 67] - 找到标签前 : By.name: login_pas
2019-11-15 09:53:27,350 [main] DEBUG cn.ac.base.DriverBase [WebEventListener.java : 71] - 找到标签后 : By.name: login_pas
2019-11-15 09:53:27,408 [main] DEBUG cn.ac.base.DriverBase [WebEventListener.java : 67] - 找到标签前 : By.xpath: //div[@class='login-sub']
2019-11-15 09:53:27,419 [main] DEBUG cn.ac.base.DriverBase [WebEventListener.java : 71] - 找到标签后 : By.xpath: //div[@class='login-sub']
2019-11-15 09:53:27,420 [main] DEBUG cn.ac.base.DriverBase [WebEventListener.java : 39] - 点击标签: [[ChromeDriver: chrome on XP (673c05305e84b3dcb872dd6d72c8629a)] -> xpath: //div[@class='login-sub']]之前执行...
2019-11-15 09:53:27,465 [main] DEBUG cn.ac.base.DriverBase [WebEventListener.java : 43] - 点击标签之后: [[ChromeDriver: chrome on XP (673c05305e84b3dcb872dd6d72c8629a)] -> xpath: //div[@class='login-sub']]之后执行...
2019-11-15 09:53:27,465 [main] DEBUG cn.ac.base.DriverBase [WebEventListener.java : 67] - 找到标签前 : By.cssSelector: .platformmune-list > li:nth-child(3) > span
2019-11-15 09:53:28,480 [main] DEBUG cn.ac.base.DriverBase [WebEventListener.java : 71] - 找到标签后 : By.cssSelector: .platformmune-list > li:nth-child(3) > span
2019-11-15 09:53:28,481 [main] DEBUG cn.ac.base.DriverBase [WebEventListener.java : 39] - 点击标签: [[ChromeDriver: chrome on XP (673c05305e84b3dcb872dd6d72c8629a)] -> css selector: .platformmune-list > li:nth-child(3) > span]之前执行...
2019-11-15 09:53:28,511 [main] DEBUG cn.ac.base.DriverBase [WebEventListener.java : 43] - 点击标签之后: [[ChromeDriver: chrome on XP (673c05305e84b3dcb872dd6d72c8629a)] -> css selector: .platformmune-list > li:nth-child(3) > span]之后执行...
2019-11-15 09:53:28,511 [main] DEBUG cn.ac.base.DriverBase [WebEventListener.java : 67] - 找到标签前 : By.xpath: //span[contains(text(),'基础数据维护')]
2019-11-15 09:53:28,521 [main] DEBUG cn.ac.base.DriverBase [WebEventListener.java : 71] - 找到标签后 : By.xpath: //span[contains(text(),'基础数据维护')]
2019-11-15 09:53:28,522 [main] DEBUG cn.ac.base.DriverBase [WebEventListener.java : 39] - 点击标签: [[ChromeDriver: chrome on XP (673c05305e84b3dcb872dd6d72c8629a)] -> xpath: //span[contains(text(),'基础数据维护')]]之前执行...
2019-11-15 09:53:28,558 [main] DEBUG cn.ac.base.DriverBase [WebEventListener.java : 43] - 点击标签之后: [[ChromeDriver: chrome on XP (673c05305e84b3dcb872dd6d72c8629a)] -> xpath: //span[contains(text(),'基础数据维护')]]之后执行...
