2020-09-11 10:41:15,173 [main] DEBUG cn.ac.util.WebEventListener [WebEventListener.java : 24] - Before navigating to: 'https://www.baidu.com/'
2020-09-11 10:41:26,360 [main] DEBUG cn.ac.util.WebEventListener [WebEventListener.java : 28] - Navigated to:'https://www.baidu.com/'
2020-09-11 10:41:26,584 [main] DEBUG cn.ac.util.WebEventListener [WebEventListener.java : 68] - 找到标签前 : By.id: kw
2020-09-11 10:41:26,594 [main] DEBUG cn.ac.util.WebEventListener [WebEventListener.java : 72] - 找到标签后 : By.id: kw
2020-09-11 10:41:26,598 [main] DEBUG cn.ac.util.WebEventListener [WebEventListener.java : 40] - 点击标签: [[ChromeDriver: chrome on WINDOWS (b0ee5b48f6e0ad0379f5a1818bf5f362)] -> id: kw]之前执行...
2020-09-11 10:41:26,628 [main] DEBUG cn.ac.util.WebEventListener [WebEventListener.java : 44] - 点击标签之后: [[ChromeDriver: chrome on WINDOWS (b0ee5b48f6e0ad0379f5a1818bf5f362)] -> id: kw]之后执行...
2020-09-11 10:41:26,629 [main] DEBUG cn.ac.util.WebEventListener [WebEventListener.java : 68] - 找到标签前 : By.id: kw
2020-09-11 10:41:26,650 [main] DEBUG cn.ac.util.WebEventListener [WebEventListener.java : 72] - 找到标签后 : By.id: kw
2020-09-11 10:41:26,683 [main] DEBUG cn.ac.util.WebEventListener [WebEventListener.java : 68] - 找到标签前 : By.id: su
2020-09-11 10:41:26,693 [main] DEBUG cn.ac.util.WebEventListener [WebEventListener.java : 72] - 找到标签后 : By.id: su
2020-09-11 10:41:26,693 [main] DEBUG cn.ac.util.WebEventListener [WebEventListener.java : 40] - 点击标签: [[ChromeDriver: chrome on WINDOWS (b0ee5b48f6e0ad0379f5a1818bf5f362)] -> id: su]之前执行...
2020-09-11 10:41:28,301 [main] DEBUG cn.ac.util.WebEventListener [WebEventListener.java : 44] - 点击标签之后: [[ChromeDriver: chrome on WINDOWS (b0ee5b48f6e0ad0379f5a1818bf5f362)] -> id: su]之后执行...
2020-09-11 10:43:54,786 [main] DEBUG cn.ac.util.WebEventListener [WebEventListener.java : 24] - Before navigating to: 'https://www.baidu.com/'
2020-09-11 10:43:55,100 [main] DEBUG cn.ac.util.WebEventListener [WebEventListener.java : 28] - Navigated to:'https://www.baidu.com/'
2020-09-11 10:43:55,320 [main] DEBUG cn.ac.util.WebEventListener [WebEventListener.java : 68] - 找到标签前 : By.id: kw
2020-09-11 10:43:55,330 [main] DEBUG cn.ac.util.WebEventListener [WebEventListener.java : 72] - 找到标签后 : By.id: kw
2020-09-11 10:43:55,334 [main] DEBUG cn.ac.util.WebEventListener [WebEventListener.java : 40] - 点击标签: [[ChromeDriver: chrome on WINDOWS (c72af4a49eb6699d55dd5b166d489121)] -> id: kw]之前执行...
2020-09-11 10:43:55,366 [main] DEBUG cn.ac.util.WebEventListener [WebEventListener.java : 44] - 点击标签之后: [[ChromeDriver: chrome on WINDOWS (c72af4a49eb6699d55dd5b166d489121)] -> id: kw]之后执行...
2020-09-11 10:43:55,366 [main] DEBUG cn.ac.util.WebEventListener [WebEventListener.java : 68] - 找到标签前 : By.id: kw
2020-09-11 10:43:55,373 [main] DEBUG cn.ac.util.WebEventListener [WebEventListener.java : 72] - 找到标签后 : By.id: kw
2020-09-11 10:43:55,445 [main] DEBUG cn.ac.util.WebEventListener [WebEventListener.java : 68] - 找到标签前 : By.id: su
2020-09-11 10:43:55,455 [main] DEBUG cn.ac.util.WebEventListener [WebEventListener.java : 72] - 找到标签后 : By.id: su
2020-09-11 10:43:55,456 [main] DEBUG cn.ac.util.WebEventListener [WebEventListener.java : 40] - 点击标签: [[ChromeDriver: chrome on WINDOWS (c72af4a49eb6699d55dd5b166d489121)] -> id: su]之前执行...
2020-09-11 10:43:55,500 [main] DEBUG cn.ac.util.WebEventListener [WebEventListener.java : 44] - 点击标签之后: [[ChromeDriver: chrome on WINDOWS (c72af4a49eb6699d55dd5b166d489121)] -> id: su]之后执行...
2020-09-11 10:59:07,362 [main] DEBUG cn.ac.util.WebEventListener [WebEventListener.java : 24] - Before navigating to: 'https://www.baidu.com/'
2020-09-11 10:59:07,684 [main] DEBUG cn.ac.util.WebEventListener [WebEventListener.java : 28] - Navigated to:'https://www.baidu.com/'
2020-09-11 10:59:07,902 [main] DEBUG cn.ac.util.WebEventListener [WebEventListener.java : 68] - 找到标签前 : By.id: kw
2020-09-11 10:59:07,913 [main] DEBUG cn.ac.util.WebEventListener [WebEventListener.java : 72] - 找到标签后 : By.id: kw
2020-09-11 10:59:07,917 [main] DEBUG cn.ac.util.WebEventListener [WebEventListener.java : 40] - 点击标签: [[ChromeDriver: chrome on WINDOWS (50f91064c0bf27b26f0630fb6881a07a)] -> id: kw]之前执行...
2020-09-11 10:59:07,947 [main] DEBUG cn.ac.util.WebEventListener [WebEventListener.java : 44] - 点击标签之后: [[ChromeDriver: chrome on WINDOWS (50f91064c0bf27b26f0630fb6881a07a)] -> id: kw]之后执行...
2020-09-11 10:59:07,947 [main] DEBUG cn.ac.util.WebEventListener [WebEventListener.java : 68] - 找到标签前 : By.id: kw
2020-09-11 10:59:07,954 [main] DEBUG cn.ac.util.WebEventListener [WebEventListener.java : 72] - 找到标签后 : By.id: kw
2020-09-11 10:59:08,007 [main] DEBUG cn.ac.util.WebEventListener [WebEventListener.java : 68] - 找到标签前 : By.id: su
2020-09-11 10:59:08,017 [main] DEBUG cn.ac.util.WebEventListener [WebEventListener.java : 72] - 找到标签后 : By.id: su
2020-09-11 10:59:08,017 [main] DEBUG cn.ac.util.WebEventListener [WebEventListener.java : 40] - 点击标签: [[ChromeDriver: chrome on WINDOWS (50f91064c0bf27b26f0630fb6881a07a)] -> id: su]之前执行...
2020-09-11 10:59:08,061 [main] DEBUG cn.ac.util.WebEventListener [WebEventListener.java : 44] - 点击标签之后: [[ChromeDriver: chrome on WINDOWS (50f91064c0bf27b26f0630fb6881a07a)] -> id: su]之后执行...
