2020-11-23 10:38:36,893 [main] INFO  cn.ac.base.propBase [propBase.java : 20] - 初始化配置文件...
2020-11-23 10:38:36,903 [main] INFO  cn.ac.base.DriverBase [DriverBase.java : 37] - 初始化chrome浏览器...
2020-11-23 10:38:45,261 [main] INFO  cn.ac.base.DriverBase [DriverBase.java : 100] - 关闭退出浏览器...
2020-11-23 10:39:24,681 [main] INFO  cn.ac.base.propBase [propBase.java : 20] - 初始化配置文件...
2020-11-23 10:39:24,686 [main] INFO  cn.ac.base.DriverBase [DriverBase.java : 37] - 初始化chrome浏览器...
2020-11-23 10:39:32,973 [main] INFO  cn.ac.base.DriverBase [DriverBase.java : 102] - 关闭退出浏览器...
2020-11-23 10:40:08,055 [main] INFO  cn.ac.base.propBase [propBase.java : 20] - 初始化配置文件...
2020-11-23 10:40:08,059 [main] INFO  cn.ac.base.DriverBase [DriverBase.java : 37] - 初始化chrome浏览器...
2020-11-23 10:40:16,091 [main] INFO  cn.ac.base.DriverBase [DriverBase.java : 103] - 关闭退出浏览器...
2020-11-23 10:40:36,407 [main] INFO  cn.ac.base.propBase [propBase.java : 20] - 初始化配置文件...
2020-11-23 10:40:36,414 [main] INFO  cn.ac.base.DriverBase [DriverBase.java : 37] - 初始化chrome浏览器...
2020-11-23 10:40:44,551 [main] INFO  cn.ac.base.DriverBase [DriverBase.java : 103] - 关闭退出浏览器...
2020-11-23 10:41:18,039 [main] INFO  cn.ac.base.propBase [propBase.java : 20] - 初始化配置文件...
2020-11-23 10:41:18,044 [main] INFO  cn.ac.base.DriverBase [DriverBase.java : 37] - 初始化chrome浏览器...
2020-11-23 10:41:30,898 [main] INFO  cn.ac.base.DriverBase [DriverBase.java : 103] - 关闭退出浏览器...
2020-11-23 10:43:10,867 [main] INFO  cn.ac.base.propBase [propBase.java : 20] - 初始化配置文件...
2020-11-23 10:43:10,872 [main] INFO  cn.ac.base.DriverBase [DriverBase.java : 37] - 初始化chrome浏览器...
2020-11-23 10:43:19,069 [main] INFO  cn.ac.base.DriverBase [DriverBase.java : 103] - 关闭退出浏览器...
2020-11-23 10:43:58,630 [main] INFO  cn.ac.base.propBase [propBase.java : 20] - 初始化配置文件...
2020-11-23 10:43:58,635 [main] INFO  cn.ac.base.DriverBase [DriverBase.java : 37] - 初始化chrome浏览器...
2020-11-23 10:44:06,419 [main] INFO  cn.ac.base.DriverBase [DriverBase.java : 103] - 关闭退出浏览器...
2020-11-23 10:47:38,429 [main] INFO  cn.ac.base.propBase [propBase.java : 20] - 初始化配置文件...
2020-11-23 10:47:38,433 [main] INFO  cn.ac.base.DriverBase [DriverBase.java : 37] - 初始化chrome浏览器...
2020-11-23 10:47:46,155 [main] INFO  cn.ac.base.DriverBase [FirefoxbaidutestcaseTest.java : 16] - 执行火狐百度测试用例
2020-11-23 10:47:46,988 [main] INFO  cn.ac.base.DriverBase [DriverBase.java : 103] - 关闭退出浏览器...
2020-11-23 10:49:05,941 [main] INFO  cn.ac.base.propBase [propBase.java : 20] - 初始化配置文件...
2020-11-23 10:49:05,945 [main] INFO  cn.ac.base.DriverBase [DriverBase.java : 37] - 初始化firefox浏览器...
2020-11-23 10:49:12,304 [main] INFO  cn.ac.base.DriverBase [FirefoxbaidutestcaseTest.java : 16] - 执行火狐百度测试用例
2020-11-23 10:49:14,317 [main] INFO  cn.ac.base.DriverBase [DriverBase.java : 103] - 关闭退出浏览器...
2020-11-23 10:49:37,248 [main] INFO  cn.ac.base.propBase [propBase.java : 20] - 初始化配置文件...
2020-11-23 10:49:37,254 [main] INFO  cn.ac.base.DriverBase [DriverBase.java : 37] - 初始化firefox浏览器...
2020-11-23 10:50:03,912 [main] INFO  cn.ac.base.DriverBase [DriverBase.java : 103] - 关闭退出浏览器...
2020-11-23 10:56:30,244 [main] INFO  cn.ac.base.propBase [propBase.java : 20] - 初始化配置文件...
2020-11-23 10:56:30,250 [main] INFO  cn.ac.base.DriverBase [DriverBase.java : 37] - 初始化chrome浏览器...
2020-11-23 10:56:38,205 [main] INFO  cn.ac.base.DriverBase [DriverBase.java : 103] - 关闭退出浏览器...
2020-11-23 10:58:01,059 [main] INFO  cn.ac.base.propBase [propBase.java : 20] - 初始化配置文件...
2020-11-23 10:58:01,063 [main] INFO  cn.ac.base.DriverBase [DriverBase.java : 37] - 初始化chrome浏览器...
2020-11-23 10:59:28,644 [main] INFO  cn.ac.base.propBase [propBase.java : 20] - 初始化配置文件...
2020-11-23 10:59:28,649 [main] INFO  cn.ac.base.DriverBase [DriverBase.java : 37] - 初始化chrome浏览器...
2020-11-23 10:59:36,172 [main] INFO  cn.ac.base.DriverBase [ChromebaidutestcaseTest.java : 13] - 执行谷歌百度测试用例
2020-11-23 10:59:36,693 [main] INFO  cn.ac.base.DriverBase [DriverBase.java : 103] - 关闭退出浏览器...
2020-11-23 10:59:50,137 [main] INFO  cn.ac.base.propBase [propBase.java : 20] - 初始化配置文件...
2020-11-23 10:59:50,143 [main] INFO  cn.ac.base.DriverBase [DriverBase.java : 37] - 初始化chrome浏览器...
2020-11-23 11:00:04,567 [main] INFO  cn.ac.base.DriverBase [DriverBase.java : 103] - 关闭退出浏览器...
