2019-11-15 17:04:48,354 [main] INFO  cn.ac.base.DriverBase [DriverBase.java : 29] - 初始化chrome浏览器...
2019-11-15 17:04:53,551 [main] INFO  cn.ac.base.DriverBase [DriverBase.java : 88] - 关闭退出浏览器...
2019-11-15 17:06:53,818 [main] INFO  cn.ac.base.DriverBase [DriverBase.java : 29] - 初始化chrome浏览器...
2019-11-15 17:07:19,950 [main] INFO  cn.ac.base.DriverBase [DriverBase.java : 88] - 关闭退出浏览器...
2019-11-15 17:08:39,811 [main] INFO  cn.ac.base.DriverBase [DriverBase.java : 29] - 初始化chrome浏览器...
2019-11-15 17:09:06,151 [main] INFO  cn.ac.base.DriverBase [DriverBase.java : 29] - 初始化chrome浏览器...
2019-11-15 17:09:32,353 [main] INFO  cn.ac.base.DriverBase [DriverBase.java : 88] - 关闭退出浏览器...
2019-11-15 17:12:25,251 [main] INFO  cn.ac.base.DriverBase [DriverBase.java : 29] - 初始化chrome浏览器...
2019-11-15 17:12:56,104 [main] INFO  cn.ac.base.DriverBase [DriverBase.java : 88] - 关闭退出浏览器...
2019-11-15 17:14:58,655 [main] INFO  cn.ac.base.DriverBase [DriverBase.java : 29] - 初始化chrome浏览器...
2019-11-15 17:15:16,026 [main] INFO  cn.ac.base.DriverBase [DriverBase.java : 88] - 关闭退出浏览器...
2019-11-15 17:15:39,986 [main] INFO  cn.ac.base.DriverBase [DriverBase.java : 29] - 初始化chrome浏览器...
2019-11-15 17:16:10,810 [main] INFO  cn.ac.base.DriverBase [DriverBase.java : 88] - 关闭退出浏览器...
2019-11-15 17:20:27,887 [main] INFO  cn.ac.base.DriverBase [DriverBase.java : 29] - 初始化chrome浏览器...
2019-11-15 17:20:32,134 [main] INFO  cn.ac.base.DriverBase [DriverBase.java : 29] - 初始化chrome浏览器...
2019-11-15 17:22:26,866 [main] INFO  cn.ac.base.DriverBase [DriverBase.java : 29] - 初始化chrome浏览器...
2019-11-15 17:22:31,100 [main] INFO  cn.ac.base.DriverBase [DriverBase.java : 29] - 初始化chrome浏览器...
2019-11-15 17:27:59,377 [main] INFO  cn.ac.base.DriverBase [DriverBase.java : 29] - 初始化chrome浏览器...
2019-11-15 17:28:04,079 [main] INFO  cn.ac.base.DriverBase [DriverBase.java : 29] - 初始化chrome浏览器...
2019-11-15 17:33:53,097 [main] INFO  cn.ac.base.DriverBase [DriverBase.java : 32] - 初始化chrome浏览器...
2019-11-15 17:34:23,955 [main] INFO  cn.ac.base.DriverBase [TaskPageTestByMyself.java : 20] - 执行断言title
2019-11-15 17:34:23,962 [main] INFO  cn.ac.base.DriverBase [TaskPageTestByMyself.java : 27] - 执行登录
2019-11-15 17:34:29,259 [main] INFO  cn.ac.base.DriverBase [TaskPageTestByMyself.java : 48] - 执行添加数据
2019-11-15 17:35:42,258 [main] INFO  cn.ac.base.propBase [propBase.java : 20] - 初始化配置文件...
2019-11-15 17:35:42,262 [main] INFO  cn.ac.base.DriverBase [DriverBase.java : 32] - 初始化chrome浏览器...
2019-11-15 17:36:13,214 [main] INFO  cn.ac.base.DriverBase [TaskPageTestByMyself.java : 20] - 执行断言title
2019-11-15 17:36:13,224 [main] INFO  cn.ac.base.DriverBase [TaskPageTestByMyself.java : 27] - 执行登录
2019-11-15 17:36:18,536 [main] INFO  cn.ac.base.DriverBase [TaskPageTestByMyself.java : 48] - 执行添加数据
2019-11-15 17:36:40,064 [main] INFO  cn.ac.base.DriverBase [DriverBase.java : 91] - 关闭退出浏览器...
2019-11-15 17:42:02,597 [main] INFO  cn.ac.base.propBase [propBase.java : 20] - 初始化配置文件...
2019-11-15 17:42:02,601 [main] INFO  cn.ac.base.DriverBase [DriverBase.java : 32] - 初始化chrome浏览器...
2019-11-15 17:42:35,990 [main] INFO  cn.ac.base.DriverBase [DriverBase.java : 91] - 关闭退出浏览器...
2019-11-15 17:43:12,096 [main] INFO  cn.ac.base.propBase [propBase.java : 20] - 初始化配置文件...
2019-11-15 17:43:12,099 [main] INFO  cn.ac.base.DriverBase [DriverBase.java : 32] - 初始化chrome浏览器...
2019-11-15 17:43:31,152 [main] INFO  cn.ac.base.DriverBase [DriverBase.java : 91] - 关闭退出浏览器...
2019-11-15 17:47:34,234 [main] INFO  cn.ac.base.propBase [propBase.java : 20] - 初始化配置文件...
2019-11-15 17:47:34,237 [main] INFO  cn.ac.base.DriverBase [DriverBase.java : 32] - 初始化chrome浏览器...
2019-11-15 17:47:56,921 [main] INFO  cn.ac.base.DriverBase [DriverBase.java : 91] - 关闭退出浏览器...
