2019-11-13 14:46:53,183 [main] DEBUG cn.ac.base.DriverBase [WebEventListener.java : 23] - Before navigating to: 'http://localhost:8010/public/saas/sam/admin/main/html/main.html'
2019-11-13 14:46:53,805 [main] DEBUG cn.ac.base.DriverBase [WebEventListener.java : 27] - Navigated to:'http://localhost:8010/public/saas/sam/admin/main/html/main.html'
2019-11-13 14:46:53,816 [main] DEBUG cn.ac.base.DriverBase [WebEventListener.java : 67] - 找到标签前 : By.name: login_user
2019-11-13 14:46:54,014 [main] DEBUG cn.ac.base.DriverBase [WebEventListener.java : 71] - 找到标签后 : By.name: login_user
2019-11-13 14:46:54,052 [main] DEBUG cn.ac.base.DriverBase [WebEventListener.java : 67] - 找到标签前 : By.name: login_pas
2019-11-13 14:46:54,064 [main] DEBUG cn.ac.base.DriverBase [WebEventListener.java : 71] - 找到标签后 : By.name: login_pas
2019-11-13 14:46:54,105 [main] DEBUG cn.ac.base.DriverBase [WebEventListener.java : 67] - 找到标签前 : By.xpath: //div[@class='login-sub']
2019-11-13 14:46:54,116 [main] DEBUG cn.ac.base.DriverBase [WebEventListener.java : 71] - 找到标签后 : By.xpath: //div[@class='login-sub']
2019-11-13 14:46:54,117 [main] DEBUG cn.ac.base.DriverBase [WebEventListener.java : 39] - 点击标签: [[ChromeDriver: chrome on XP (0223397d19e26859e1a60a99ad5a05dd)] -> xpath: //div[@class='login-sub']]之前执行...
2019-11-13 14:46:54,156 [main] DEBUG cn.ac.base.DriverBase [WebEventListener.java : 43] - 点击标签之后: [[ChromeDriver: chrome on XP (0223397d19e26859e1a60a99ad5a05dd)] -> xpath: //div[@class='login-sub']]之后执行...
2019-11-13 14:46:54,158 [main] DEBUG cn.ac.base.DriverBase [WebEventListener.java : 67] - 找到标签前 : By.cssSelector: .platformmune-list > li:nth-child(3) > span
2019-11-13 14:46:55,120 [main] DEBUG cn.ac.base.DriverBase [WebEventListener.java : 71] - 找到标签后 : By.cssSelector: .platformmune-list > li:nth-child(3) > span
2019-11-13 14:46:55,120 [main] DEBUG cn.ac.base.DriverBase [WebEventListener.java : 39] - 点击标签: [[ChromeDriver: chrome on XP (0223397d19e26859e1a60a99ad5a05dd)] -> css selector: .platformmune-list > li:nth-child(3) > span]之前执行...
2019-11-13 14:46:55,159 [main] DEBUG cn.ac.base.DriverBase [WebEventListener.java : 43] - 点击标签之后: [[ChromeDriver: chrome on XP (0223397d19e26859e1a60a99ad5a05dd)] -> css selector: .platformmune-list > li:nth-child(3) > span]之后执行...
2019-11-13 14:46:55,159 [main] DEBUG cn.ac.base.DriverBase [WebEventListener.java : 67] - 找到标签前 : By.xpath: //span[contains(text(),'基础数据维护')]
2019-11-13 14:46:55,171 [main] DEBUG cn.ac.base.DriverBase [WebEventListener.java : 71] - 找到标签后 : By.xpath: //span[contains(text(),'基础数据维护')]
2019-11-13 14:46:55,171 [main] DEBUG cn.ac.base.DriverBase [WebEventListener.java : 39] - 点击标签: [[ChromeDriver: chrome on XP (0223397d19e26859e1a60a99ad5a05dd)] -> xpath: //span[contains(text(),'基础数据维护')]]之前执行...
2019-11-13 14:46:55,209 [main] DEBUG cn.ac.base.DriverBase [WebEventListener.java : 43] - 点击标签之后: [[ChromeDriver: chrome on XP (0223397d19e26859e1a60a99ad5a05dd)] -> xpath: //span[contains(text(),'基础数据维护')]]之后执行...
2019-11-13 14:46:55,209 [main] DEBUG cn.ac.base.DriverBase [WebEventListener.java : 67] - 找到标签前 : By.xpath: //li[contains(text(),'协同定义')]
2019-11-13 14:46:55,219 [main] DEBUG cn.ac.base.DriverBase [WebEventListener.java : 71] - 找到标签后 : By.xpath: //li[contains(text(),'协同定义')]
2019-11-13 14:46:55,219 [main] DEBUG cn.ac.base.DriverBase [WebEventListener.java : 39] - 点击标签: [[ChromeDriver: chrome on XP (0223397d19e26859e1a60a99ad5a05dd)] -> xpath: //li[contains(text(),'协同定义')]]之前执行...
2019-11-13 14:46:55,260 [main] DEBUG cn.ac.base.DriverBase [WebEventListener.java : 43] - 点击标签之后: [[ChromeDriver: chrome on XP (0223397d19e26859e1a60a99ad5a05dd)] -> xpath: //li[contains(text(),'协同定义')]]之后执行...
2019-11-13 14:46:55,261 [main] DEBUG cn.ac.base.DriverBase [WebEventListener.java : 67] - 找到标签前 : By.xpath: //span[contains(text(),'查询')]
2019-11-13 14:46:55,273 [main] DEBUG cn.ac.base.DriverBase [WebEventListener.java : 71] - 找到标签后 : By.xpath: //span[contains(text(),'查询')]
2019-11-13 14:46:55,274 [main] DEBUG cn.ac.base.DriverBase [WebEventListener.java : 39] - 点击标签: [[ChromeDriver: chrome on XP (0223397d19e26859e1a60a99ad5a05dd)] -> xpath: //span[contains(text(),'查询')]]之前执行...
2019-11-13 14:46:55,310 [main] DEBUG cn.ac.base.DriverBase [WebEventListener.java : 43] - 点击标签之后: [[ChromeDriver: chrome on XP (0223397d19e26859e1a60a99ad5a05dd)] -> xpath: //span[contains(text(),'查询')]]之后执行...
2019-11-13 14:46:55,310 [main] DEBUG cn.ac.base.DriverBase [WebEventListener.java : 67] - 找到标签前 : By.xpath: //img[@class='searchtoolbar-batchAdd']
2019-11-13 14:46:55,490 [main] DEBUG cn.ac.base.DriverBase [WebEventListener.java : 71] - 找到标签后 : By.xpath: //img[@class='searchtoolbar-batchAdd']
2019-11-13 14:46:55,490 [main] DEBUG cn.ac.base.DriverBase [WebEventListener.java : 39] - 点击标签: [[ChromeDriver: chrome on XP (0223397d19e26859e1a60a99ad5a05dd)] -> xpath: //img[@class='searchtoolbar-batchAdd']]之前执行...
2019-11-13 14:46:55,534 [main] DEBUG cn.ac.base.DriverBase [WebEventListener.java : 43] - 点击标签之后: [[ChromeDriver: chrome on XP (0223397d19e26859e1a60a99ad5a05dd)] -> xpath: //img[@class='searchtoolbar-batchAdd']]之后执行...
2019-11-13 14:46:55,534 [main] DEBUG cn.ac.base.DriverBase [WebEventListener.java : 67] - 找到标签前 : By.xpath: //tbody[@class='showdatagrid-tbody']/tr[1]/td
2019-11-13 14:46:55,549 [main] DEBUG cn.ac.base.DriverBase [WebEventListener.java : 71] - 找到标签后 : By.xpath: //tbody[@class='showdatagrid-tbody']/tr[1]/td
2019-11-13 14:46:55,549 [main] DEBUG cn.ac.base.DriverBase [WebEventListener.java : 39] - 点击标签: [[ChromeDriver: chrome on XP (0223397d19e26859e1a60a99ad5a05dd)] -> xpath: //tbody[@class='showdatagrid-tbody']/tr[1]/td]之前执行...
2019-11-13 14:46:55,589 [main] DEBUG cn.ac.base.DriverBase [WebEventListener.java : 43] - 点击标签之后: [[ChromeDriver: chrome on XP (0223397d19e26859e1a60a99ad5a05dd)] -> xpath: //tbody[@class='showdatagrid-tbody']/tr[1]/td]之后执行...
2019-11-13 14:46:55,598 [main] DEBUG cn.ac.base.DriverBase [WebEventListener.java : 67] - 找到标签前 : By.xpath: //input[@name='coordinationcode']
2019-11-13 14:46:55,610 [main] DEBUG cn.ac.base.DriverBase [WebEventListener.java : 71] - 找到标签后 : By.xpath: //input[@name='coordinationcode']
2019-11-13 14:46:55,628 [main] DEBUG cn.ac.base.DriverBase [WebEventListener.java : 39] - 点击标签: [[ChromeDriver: chrome on XP (0223397d19e26859e1a60a99ad5a05dd)] -> xpath: //tbody[@class='showdatagrid-tbody']/tr[1]/td]之前执行...
2019-11-13 14:46:55,659 [main] DEBUG cn.ac.base.DriverBase [WebEventListener.java : 43] - 点击标签之后: [[ChromeDriver: chrome on XP (0223397d19e26859e1a60a99ad5a05dd)] -> xpath: //tbody[@class='showdatagrid-tbody']/tr[1]/td]之后执行...
2019-11-13 14:46:55,659 [main] DEBUG cn.ac.base.DriverBase [WebEventListener.java : 67] - 找到标签前 : By.xpath: //input[@name='coordinationdesc']
2019-11-13 14:46:55,671 [main] DEBUG cn.ac.base.DriverBase [WebEventListener.java : 71] - 找到标签后 : By.xpath: //input[@name='coordinationdesc']
2019-11-13 14:46:55,684 [main] DEBUG cn.ac.base.DriverBase [WebEventListener.java : 39] - 点击标签: [[ChromeDriver: chrome on XP (0223397d19e26859e1a60a99ad5a05dd)] -> xpath: //tbody[@class='showdatagrid-tbody']/tr[1]/td]之前执行...
2019-11-13 14:46:55,715 [main] DEBUG cn.ac.base.DriverBase [WebEventListener.java : 43] - 点击标签之后: [[ChromeDriver: chrome on XP (0223397d19e26859e1a60a99ad5a05dd)] -> xpath: //tbody[@class='showdatagrid-tbody']/tr[1]/td]之后执行...
2019-11-13 14:46:55,716 [main] DEBUG cn.ac.base.DriverBase [WebEventListener.java : 67] - 找到标签前 : By.xpath: //ul/li[contains(text(),'企业间')]
2019-11-13 14:46:55,726 [main] DEBUG cn.ac.base.DriverBase [WebEventListener.java : 71] - 找到标签后 : By.xpath: //ul/li[contains(text(),'企业间')]
2019-11-13 14:46:55,726 [main] DEBUG cn.ac.base.DriverBase [WebEventListener.java : 39] - 点击标签: [[[[ChromeDriver: chrome on XP (0223397d19e26859e1a60a99ad5a05dd)] -> xpath: //tbody[@class='showdatagrid-tbody']/tr[1]/td]] -> xpath: //ul/li[contains(text(),'企业间')]]之前执行...
2019-11-13 14:46:55,758 [main] DEBUG cn.ac.base.DriverBase [WebEventListener.java : 43] - 点击标签之后: [[[[ChromeDriver: chrome on XP (0223397d19e26859e1a60a99ad5a05dd)] -> xpath: //tbody[@class='showdatagrid-tbody']/tr[1]/td]] -> xpath: //ul/li[contains(text(),'企业间')]]之后执行...
2019-11-13 14:46:55,759 [main] DEBUG cn.ac.base.DriverBase [WebEventListener.java : 39] - 点击标签: [[ChromeDriver: chrome on XP (0223397d19e26859e1a60a99ad5a05dd)] -> xpath: //tbody[@class='showdatagrid-tbody']/tr[1]/td]之前执行...
2019-11-13 14:46:55,794 [main] DEBUG cn.ac.base.DriverBase [WebEventListener.java : 43] - 点击标签之后: [[ChromeDriver: chrome on XP (0223397d19e26859e1a60a99ad5a05dd)] -> xpath: //tbody[@class='showdatagrid-tbody']/tr[1]/td]之后执行...
2019-11-13 14:46:55,795 [main] DEBUG cn.ac.base.DriverBase [WebEventListener.java : 67] - 找到标签前 : By.xpath: //input[@name='sourceclassname']
2019-11-13 14:46:55,806 [main] DEBUG cn.ac.base.DriverBase [WebEventListener.java : 71] - 找到标签后 : By.xpath: //input[@name='sourceclassname']
2019-11-13 14:46:55,821 [main] DEBUG cn.ac.base.DriverBase [WebEventListener.java : 39] - 点击标签: [[ChromeDriver: chrome on XP (0223397d19e26859e1a60a99ad5a05dd)] -> xpath: //tbody[@class='showdatagrid-tbody']/tr[1]/td]之前执行...
2019-11-13 14:46:55,858 [main] DEBUG cn.ac.base.DriverBase [WebEventListener.java : 43] - 点击标签之后: [[ChromeDriver: chrome on XP (0223397d19e26859e1a60a99ad5a05dd)] -> xpath: //tbody[@class='showdatagrid-tbody']/tr[1]/td]之后执行...
2019-11-13 14:46:55,858 [main] DEBUG cn.ac.base.DriverBase [WebEventListener.java : 67] - 找到标签前 : By.xpath: //input[@name='sourcemethodname']
2019-11-13 14:46:55,869 [main] DEBUG cn.ac.base.DriverBase [WebEventListener.java : 71] - 找到标签后 : By.xpath: //input[@name='sourcemethodname']
2019-11-13 14:46:55,883 [main] DEBUG cn.ac.base.DriverBase [WebEventListener.java : 39] - 点击标签: [[ChromeDriver: chrome on XP (0223397d19e26859e1a60a99ad5a05dd)] -> xpath: //tbody[@class='showdatagrid-tbody']/tr[1]/td]之前执行...
2019-11-13 14:46:55,930 [main] DEBUG cn.ac.base.DriverBase [WebEventListener.java : 43] - 点击标签之后: [[ChromeDriver: chrome on XP (0223397d19e26859e1a60a99ad5a05dd)] -> xpath: //tbody[@class='showdatagrid-tbody']/tr[1]/td]之后执行...
2019-11-13 14:46:55,931 [main] DEBUG cn.ac.base.DriverBase [WebEventListener.java : 67] - 找到标签前 : By.xpath: //input[@name='destclassname']
2019-11-13 14:46:55,941 [main] DEBUG cn.ac.base.DriverBase [WebEventListener.java : 71] - 找到标签后 : By.xpath: //input[@name='destclassname']
2019-11-13 14:46:55,953 [main] DEBUG cn.ac.base.DriverBase [WebEventListener.java : 39] - 点击标签: [[ChromeDriver: chrome on XP (0223397d19e26859e1a60a99ad5a05dd)] -> xpath: //tbody[@class='showdatagrid-tbody']/tr[1]/td]之前执行...
2019-11-13 14:46:55,992 [main] DEBUG cn.ac.base.DriverBase [WebEventListener.java : 43] - 点击标签之后: [[ChromeDriver: chrome on XP (0223397d19e26859e1a60a99ad5a05dd)] -> xpath: //tbody[@class='showdatagrid-tbody']/tr[1]/td]之后执行...
2019-11-13 14:46:55,993 [main] DEBUG cn.ac.base.DriverBase [WebEventListener.java : 67] - 找到标签前 : By.xpath: //input[@name='destmethodname']
2019-11-13 14:46:56,029 [main] DEBUG cn.ac.base.DriverBase [WebEventListener.java : 71] - 找到标签后 : By.xpath: //input[@name='destmethodname']
2019-11-13 14:46:56,044 [main] DEBUG cn.ac.base.DriverBase [WebEventListener.java : 39] - 点击标签: [[ChromeDriver: chrome on XP (0223397d19e26859e1a60a99ad5a05dd)] -> xpath: //tbody[@class='showdatagrid-tbody']/tr[1]/td]之前执行...
2019-11-13 14:46:56,076 [main] DEBUG cn.ac.base.DriverBase [WebEventListener.java : 43] - 点击标签之后: [[ChromeDriver: chrome on XP (0223397d19e26859e1a60a99ad5a05dd)] -> xpath: //tbody[@class='showdatagrid-tbody']/tr[1]/td]之后执行...
2019-11-13 14:46:56,076 [main] DEBUG cn.ac.base.DriverBase [WebEventListener.java : 67] - 找到标签前 : By.xpath: //input[@name='operationdirection']
2019-11-13 14:46:56,088 [main] DEBUG cn.ac.base.DriverBase [WebEventListener.java : 71] - 找到标签后 : By.xpath: //input[@name='operationdirection']
2019-11-13 14:46:56,105 [main] DEBUG cn.ac.base.DriverBase [WebEventListener.java : 39] - 点击标签: [[ChromeDriver: chrome on XP (0223397d19e26859e1a60a99ad5a05dd)] -> xpath: //tbody[@class='showdatagrid-tbody']/tr[1]/td]之前执行...
2019-11-13 14:46:56,141 [main] DEBUG cn.ac.base.DriverBase [WebEventListener.java : 43] - 点击标签之后: [[ChromeDriver: chrome on XP (0223397d19e26859e1a60a99ad5a05dd)] -> xpath: //tbody[@class='showdatagrid-tbody']/tr[1]/td]之后执行...
2019-11-13 14:46:56,142 [main] DEBUG cn.ac.base.DriverBase [WebEventListener.java : 67] - 找到标签前 : By.xpath: //input[@name='beginopportune']
2019-11-13 14:46:56,153 [main] DEBUG cn.ac.base.DriverBase [WebEventListener.java : 71] - 找到标签后 : By.xpath: //input[@name='beginopportune']
2019-11-13 14:46:56,169 [main] DEBUG cn.ac.base.DriverBase [WebEventListener.java : 67] - 找到标签前 : By.xpath: //img[@class='searchtoolbar-hold']
2019-11-13 14:46:56,180 [main] DEBUG cn.ac.base.DriverBase [WebEventListener.java : 71] - 找到标签后 : By.xpath: //img[@class='searchtoolbar-hold']
2019-11-13 14:46:56,180 [main] DEBUG cn.ac.base.DriverBase [WebEventListener.java : 39] - 点击标签: [[ChromeDriver: chrome on XP (0223397d19e26859e1a60a99ad5a05dd)] -> xpath: //img[@class='searchtoolbar-hold']]之前执行...
2019-11-13 14:46:56,230 [main] DEBUG cn.ac.base.DriverBase [WebEventListener.java : 43] - 点击标签之后: [[ChromeDriver: chrome on XP (0223397d19e26859e1a60a99ad5a05dd)] -> xpath: //img[@class='searchtoolbar-hold']]之后执行...
2019-11-13 14:46:56,230 [main] DEBUG cn.ac.base.DriverBase [WebEventListener.java : 67] - 找到标签前 : By.xpath: //div[@class='mainModel-alert-submit clearfix']/span[@class='mainModel-alert-sure']
2019-11-13 14:46:56,243 [main] DEBUG cn.ac.base.DriverBase [WebEventListener.java : 71] - 找到标签后 : By.xpath: //div[@class='mainModel-alert-submit clearfix']/span[@class='mainModel-alert-sure']
2019-11-13 14:46:56,243 [main] DEBUG cn.ac.base.DriverBase [WebEventListener.java : 39] - 点击标签: [[ChromeDriver: chrome on XP (0223397d19e26859e1a60a99ad5a05dd)] -> xpath: //div[@class='mainModel-alert-submit clearfix']/span[@class='mainModel-alert-sure']]之前执行...
2019-11-13 14:46:56,273 [main] DEBUG cn.ac.base.DriverBase [WebEventListener.java : 43] - 点击标签之后: [[ChromeDriver: chrome on XP (0223397d19e26859e1a60a99ad5a05dd)] -> xpath: //div[@class='mainModel-alert-submit clearfix']/span[@class='mainModel-alert-sure']]之后执行...
2019-11-13 14:46:56,287 [main] DEBUG cn.ac.base.DriverBase [WebEventListener.java : 23] - Before navigating to: 'http://localhost:8010/public/saas/sam/admin/main/html/main.html'
2019-11-13 14:46:56,322 [main] DEBUG cn.ac.base.DriverBase [WebEventListener.java : 27] - Navigated to:'http://localhost:8010/public/saas/sam/admin/main/html/main.html'
2019-11-13 14:46:56,531 [main] DEBUG cn.ac.base.DriverBase [WebEventListener.java : 67] - 找到标签前 : By.name: login_user
2019-11-13 14:46:56,541 [main] DEBUG cn.ac.base.DriverBase [WebEventListener.java : 71] - 找到标签后 : By.name: login_user
2019-11-13 14:46:56,541 [main] DEBUG cn.ac.base.DriverBase [WebEventListener.java : 39] - 点击标签: [[ChromeDriver: chrome on XP (0223397d19e26859e1a60a99ad5a05dd)] -> name: login_user]之前执行...
2019-11-13 14:46:56,569 [main] DEBUG cn.ac.base.DriverBase [WebEventListener.java : 43] - 点击标签之后: [[ChromeDriver: chrome on XP (0223397d19e26859e1a60a99ad5a05dd)] -> name: login_user]之后执行...
2019-11-13 14:46:56,569 [main] DEBUG cn.ac.base.DriverBase [WebEventListener.java : 67] - 找到标签前 : By.name: login_user
2019-11-13 14:46:56,577 [main] DEBUG cn.ac.base.DriverBase [WebEventListener.java : 71] - 找到标签后 : By.name: login_user
2019-11-13 14:46:56,597 [main] DEBUG cn.ac.base.DriverBase [WebEventListener.java : 67] - 找到标签前 : By.name: login_pas
2019-11-13 14:46:56,605 [main] DEBUG cn.ac.base.DriverBase [WebEventListener.java : 71] - 找到标签后 : By.name: login_pas
2019-11-13 14:46:56,605 [main] DEBUG cn.ac.base.DriverBase [WebEventListener.java : 39] - 点击标签: [[ChromeDriver: chrome on XP (0223397d19e26859e1a60a99ad5a05dd)] -> name: login_pas]之前执行...
2019-11-13 14:46:56,637 [main] DEBUG cn.ac.base.DriverBase [WebEventListener.java : 43] - 点击标签之后: [[ChromeDriver: chrome on XP (0223397d19e26859e1a60a99ad5a05dd)] -> name: login_pas]之后执行...
2019-11-13 14:46:56,638 [main] DEBUG cn.ac.base.DriverBase [WebEventListener.java : 67] - 找到标签前 : By.name: login_pas
2019-11-13 14:46:56,645 [main] DEBUG cn.ac.base.DriverBase [WebEventListener.java : 71] - 找到标签后 : By.name: login_pas
2019-11-13 14:46:56,664 [main] DEBUG cn.ac.base.DriverBase [WebEventListener.java : 67] - 找到标签前 : By.cssSelector: .login-sub
2019-11-13 14:46:56,673 [main] DEBUG cn.ac.base.DriverBase [WebEventListener.java : 71] - 找到标签后 : By.cssSelector: .login-sub
2019-11-13 14:46:56,674 [main] DEBUG cn.ac.base.DriverBase [WebEventListener.java : 39] - 点击标签: [[ChromeDriver: chrome on XP (0223397d19e26859e1a60a99ad5a05dd)] -> css selector: .login-sub]之前执行...
2019-11-13 14:46:56,702 [main] DEBUG cn.ac.base.DriverBase [WebEventListener.java : 43] - 点击标签之后: [[ChromeDriver: chrome on XP (0223397d19e26859e1a60a99ad5a05dd)] -> css selector: .login-sub]之后执行...
2019-11-13 14:46:56,702 [main] DEBUG cn.ac.base.DriverBase [WebEventListener.java : 67] - 找到标签前 : By.cssSelector: .platformmune-list > li:nth-child(3) > span
2019-11-13 14:46:57,474 [main] DEBUG cn.ac.base.DriverBase [WebEventListener.java : 71] - 找到标签后 : By.cssSelector: .platformmune-list > li:nth-child(3) > span
2019-11-13 14:46:57,474 [main] DEBUG cn.ac.base.DriverBase [WebEventListener.java : 39] - 点击标签: [[ChromeDriver: chrome on XP (0223397d19e26859e1a60a99ad5a05dd)] -> css selector: .platformmune-list > li:nth-child(3) > span]之前执行...
2019-11-13 14:46:57,504 [main] DEBUG cn.ac.base.DriverBase [WebEventListener.java : 43] - 点击标签之后: [[ChromeDriver: chrome on XP (0223397d19e26859e1a60a99ad5a05dd)] -> css selector: .platformmune-list > li:nth-child(3) > span]之后执行...
2019-11-13 14:46:57,504 [main] DEBUG cn.ac.base.DriverBase [WebEventListener.java : 67] - 找到标签前 : By.xpath: //span[contains(.,'基础数据维护')]
2019-11-13 14:46:57,518 [main] DEBUG cn.ac.base.DriverBase [WebEventListener.java : 71] - 找到标签后 : By.xpath: //span[contains(.,'基础数据维护')]
2019-11-13 14:46:57,643 [main] DEBUG cn.ac.base.DriverBase [WebEventListener.java : 67] - 找到标签前 : By.xpath: //li[3]/ul/li/ul/li
2019-11-13 14:46:57,658 [main] DEBUG cn.ac.base.DriverBase [WebEventListener.java : 71] - 找到标签后 : By.xpath: //li[3]/ul/li/ul/li
2019-11-13 14:46:57,659 [main] DEBUG cn.ac.base.DriverBase [WebEventListener.java : 39] - 点击标签: [[ChromeDriver: chrome on XP (0223397d19e26859e1a60a99ad5a05dd)] -> xpath: //li[3]/ul/li/ul/li]之前执行...
2019-11-13 14:46:57,693 [main] DEBUG cn.ac.base.DriverBase [WebEventListener.java : 43] - 点击标签之后: [[ChromeDriver: chrome on XP (0223397d19e26859e1a60a99ad5a05dd)] -> xpath: //li[3]/ul/li/ul/li]之后执行...
2019-11-13 14:46:57,693 [main] DEBUG cn.ac.base.DriverBase [WebEventListener.java : 67] - 找到标签前 : By.xpath: //div[2]/div[2]/div/div/div/div/span
2019-11-13 14:46:58,039 [main] DEBUG cn.ac.base.DriverBase [WebEventListener.java : 71] - 找到标签后 : By.xpath: //div[2]/div[2]/div/div/div/div/span
2019-11-13 14:46:58,040 [main] DEBUG cn.ac.base.DriverBase [WebEventListener.java : 39] - 点击标签: [[ChromeDriver: chrome on XP (0223397d19e26859e1a60a99ad5a05dd)] -> xpath: //div[2]/div[2]/div/div/div/div/span]之前执行...
2019-11-13 14:46:58,074 [main] DEBUG cn.ac.base.DriverBase [WebEventListener.java : 43] - 点击标签之后: [[ChromeDriver: chrome on XP (0223397d19e26859e1a60a99ad5a05dd)] -> xpath: //div[2]/div[2]/div/div/div/div/span]之后执行...
2019-11-13 14:46:58,088 [main] DEBUG cn.ac.base.DriverBase [WebEventListener.java : 23] - Before navigating to: 'http://localhost:8010/public/saas/sam/admin/main/html/main.html'
2019-11-13 14:46:58,118 [main] DEBUG cn.ac.base.DriverBase [WebEventListener.java : 27] - Navigated to:'http://localhost:8010/public/saas/sam/admin/main/html/main.html'
2019-11-13 14:46:58,227 [main] DEBUG cn.ac.base.DriverBase [WebEventListener.java : 67] - 找到标签前 : By.name: login_user
2019-11-13 14:46:58,290 [main] DEBUG cn.ac.base.DriverBase [WebEventListener.java : 71] - 找到标签后 : By.name: login_user
2019-11-13 14:46:58,290 [main] DEBUG cn.ac.base.DriverBase [WebEventListener.java : 39] - 点击标签: [[ChromeDriver: chrome on XP (0223397d19e26859e1a60a99ad5a05dd)] -> name: login_user]之前执行...
2019-11-13 14:46:58,321 [main] DEBUG cn.ac.base.DriverBase [WebEventListener.java : 43] - 点击标签之后: [[ChromeDriver: chrome on XP (0223397d19e26859e1a60a99ad5a05dd)] -> name: login_user]之后执行...
2019-11-13 14:46:58,322 [main] DEBUG cn.ac.base.DriverBase [WebEventListener.java : 67] - 找到标签前 : By.name: login_user
2019-11-13 14:46:58,329 [main] DEBUG cn.ac.base.DriverBase [WebEventListener.java : 71] - 找到标签后 : By.name: login_user
2019-11-13 14:46:58,347 [main] DEBUG cn.ac.base.DriverBase [WebEventListener.java : 67] - 找到标签前 : By.name: login_pas
2019-11-13 14:46:58,354 [main] DEBUG cn.ac.base.DriverBase [WebEventListener.java : 71] - 找到标签后 : By.name: login_pas
2019-11-13 14:46:58,389 [main] DEBUG cn.ac.base.DriverBase [WebEventListener.java : 67] - 找到标签前 : By.name: login_pas
2019-11-13 14:46:58,396 [main] DEBUG cn.ac.base.DriverBase [WebEventListener.java : 71] - 找到标签后 : By.name: login_pas
2019-11-13 14:46:58,411 [main] DEBUG cn.ac.base.DriverBase [WebEventListener.java : 67] - 找到标签前 : By.cssSelector: .platformmune-list > li:nth-child(3) > span
2019-11-13 14:46:59,139 [main] DEBUG cn.ac.base.DriverBase [WebEventListener.java : 71] - 找到标签后 : By.cssSelector: .platformmune-list > li:nth-child(3) > span
2019-11-13 14:46:59,139 [main] DEBUG cn.ac.base.DriverBase [WebEventListener.java : 39] - 点击标签: [[ChromeDriver: chrome on XP (0223397d19e26859e1a60a99ad5a05dd)] -> css selector: .platformmune-list > li:nth-child(3) > span]之前执行...
2019-11-13 14:46:59,175 [main] DEBUG cn.ac.base.DriverBase [WebEventListener.java : 43] - 点击标签之后: [[ChromeDriver: chrome on XP (0223397d19e26859e1a60a99ad5a05dd)] -> css selector: .platformmune-list > li:nth-child(3) > span]之后执行...
2019-11-13 14:46:59,175 [main] DEBUG cn.ac.base.DriverBase [WebEventListener.java : 67] - 找到标签前 : By.xpath: //span[contains(.,'基础数据维护')]
2019-11-13 14:46:59,183 [main] DEBUG cn.ac.base.DriverBase [WebEventListener.java : 71] - 找到标签后 : By.xpath: //span[contains(.,'基础数据维护')]
2019-11-13 14:46:59,307 [main] DEBUG cn.ac.base.DriverBase [WebEventListener.java : 67] - 找到标签前 : By.xpath: //li[23]
2019-11-13 14:46:59,319 [main] DEBUG cn.ac.base.DriverBase [WebEventListener.java : 71] - 找到标签后 : By.xpath: //li[23]
2019-11-13 14:46:59,319 [main] DEBUG cn.ac.base.DriverBase [WebEventListener.java : 39] - 点击标签: [[ChromeDriver: chrome on XP (0223397d19e26859e1a60a99ad5a05dd)] -> xpath: //li[23]]之前执行...
2019-11-13 14:46:59,349 [main] DEBUG cn.ac.base.DriverBase [WebEventListener.java : 43] - 点击标签之后: [[ChromeDriver: chrome on XP (0223397d19e26859e1a60a99ad5a05dd)] -> xpath: //li[23]]之后执行...
2019-11-13 14:46:59,349 [main] DEBUG cn.ac.base.DriverBase [WebEventListener.java : 67] - 找到标签前 : By.cssSelector: .searchtoolbar-search-span
2019-11-13 14:46:59,523 [main] DEBUG cn.ac.base.DriverBase [WebEventListener.java : 71] - 找到标签后 : By.cssSelector: .searchtoolbar-search-span
2019-11-13 14:46:59,524 [main] DEBUG cn.ac.base.DriverBase [WebEventListener.java : 39] - 点击标签: [[ChromeDriver: chrome on XP (0223397d19e26859e1a60a99ad5a05dd)] -> css selector: .searchtoolbar-search-span]之前执行...
2019-11-13 14:46:59,557 [main] DEBUG cn.ac.base.DriverBase [WebEventListener.java : 43] - 点击标签之后: [[ChromeDriver: chrome on XP (0223397d19e26859e1a60a99ad5a05dd)] -> css selector: .searchtoolbar-search-span]之后执行...
2019-11-13 14:46:59,557 [main] DEBUG cn.ac.base.DriverBase [WebEventListener.java : 67] - 找到标签前 : By.cssSelector: .searchtoolbar-batchAdd
2019-11-13 14:46:59,566 [main] DEBUG cn.ac.base.DriverBase [WebEventListener.java : 71] - 找到标签后 : By.cssSelector: .searchtoolbar-batchAdd
2019-11-13 14:46:59,583 [main] DEBUG cn.ac.base.DriverBase [WebEventListener.java : 67] - 找到标签前 : By.cssSelector: tr:nth-child(1) > td:nth-child(2)
2019-11-13 14:46:59,597 [main] DEBUG cn.ac.base.DriverBase [WebEventListener.java : 71] - 找到标签后 : By.cssSelector: tr:nth-child(1) > td:nth-child(2)
2019-11-13 14:46:59,602 [main] DEBUG cn.ac.base.DriverBase [WebEventListener.java : 67] - 找到标签前 : By.xpath: //input[@name='coordinationcode']
2019-11-13 14:46:59,613 [main] DEBUG cn.ac.base.DriverBase [WebEventListener.java : 71] - 找到标签后 : By.xpath: //input[@name='coordinationcode']
2019-11-13 14:46:59,629 [main] DEBUG cn.ac.base.DriverBase [WebEventListener.java : 67] - 找到标签前 : By.cssSelector: tr:nth-child(1) > td:nth-child(3)
2019-11-13 14:46:59,640 [main] DEBUG cn.ac.base.DriverBase [WebEventListener.java : 71] - 找到标签后 : By.cssSelector: tr:nth-child(1) > td:nth-child(3)
2019-11-13 14:46:59,650 [main] DEBUG cn.ac.base.DriverBase [WebEventListener.java : 67] - 找到标签前 : By.xpath: //input[@name='coordinationdesc']
2019-11-13 14:46:59,659 [main] DEBUG cn.ac.base.DriverBase [WebEventListener.java : 71] - 找到标签后 : By.xpath: //input[@name='coordinationdesc']
2019-11-13 14:46:59,688 [main] DEBUG cn.ac.base.DriverBase [WebEventListener.java : 23] - Before navigating to: 'http://localhost:8010/public/saas/sam/admin/main/html/main.html'
2019-11-13 14:46:59,714 [main] DEBUG cn.ac.base.DriverBase [WebEventListener.java : 27] - Navigated to:'http://localhost:8010/public/saas/sam/admin/main/html/main.html'
2019-11-13 14:46:59,818 [main] DEBUG cn.ac.base.DriverBase [WebEventListener.java : 67] - 找到标签前 : By.name: login_user
2019-11-13 14:46:59,881 [main] DEBUG cn.ac.base.DriverBase [WebEventListener.java : 71] - 找到标签后 : By.name: login_user
2019-11-13 14:46:59,881 [main] DEBUG cn.ac.base.DriverBase [WebEventListener.java : 39] - 点击标签: [[ChromeDriver: chrome on XP (0223397d19e26859e1a60a99ad5a05dd)] -> name: login_user]之前执行...
2019-11-13 14:46:59,910 [main] DEBUG cn.ac.base.DriverBase [WebEventListener.java : 43] - 点击标签之后: [[ChromeDriver: chrome on XP (0223397d19e26859e1a60a99ad5a05dd)] -> name: login_user]之后执行...
2019-11-13 14:46:59,910 [main] DEBUG cn.ac.base.DriverBase [WebEventListener.java : 67] - 找到标签前 : By.name: login_user
2019-11-13 14:46:59,917 [main] DEBUG cn.ac.base.DriverBase [WebEventListener.java : 71] - 找到标签后 : By.name: login_user
2019-11-13 14:46:59,935 [main] DEBUG cn.ac.base.DriverBase [WebEventListener.java : 67] - 找到标签前 : By.name: login_pas
2019-11-13 14:46:59,942 [main] DEBUG cn.ac.base.DriverBase [WebEventListener.java : 71] - 找到标签后 : By.name: login_pas
2019-11-13 14:46:59,974 [main] DEBUG cn.ac.base.DriverBase [WebEventListener.java : 67] - 找到标签前 : By.cssSelector: .login-sub
2019-11-13 14:46:59,981 [main] DEBUG cn.ac.base.DriverBase [WebEventListener.java : 71] - 找到标签后 : By.cssSelector: .login-sub
2019-11-13 14:46:59,982 [main] DEBUG cn.ac.base.DriverBase [WebEventListener.java : 39] - 点击标签: [[ChromeDriver: chrome on XP (0223397d19e26859e1a60a99ad5a05dd)] -> css selector: .login-sub]之前执行...
2019-11-13 14:47:00,011 [main] DEBUG cn.ac.base.DriverBase [WebEventListener.java : 43] - 点击标签之后: [[ChromeDriver: chrome on XP (0223397d19e26859e1a60a99ad5a05dd)] -> css selector: .login-sub]之后执行...
2019-11-13 14:47:00,011 [main] DEBUG cn.ac.base.DriverBase [WebEventListener.java : 67] - 找到标签前 : By.cssSelector: .platformmune-list > li:nth-child(3) > span
2019-11-13 14:47:00,813 [main] DEBUG cn.ac.base.DriverBase [WebEventListener.java : 71] - 找到标签后 : By.cssSelector: .platformmune-list > li:nth-child(3) > span
2019-11-13 14:47:00,813 [main] DEBUG cn.ac.base.DriverBase [WebEventListener.java : 39] - 点击标签: [[ChromeDriver: chrome on XP (0223397d19e26859e1a60a99ad5a05dd)] -> css selector: .platformmune-list > li:nth-child(3) > span]之前执行...
2019-11-13 14:47:00,842 [main] DEBUG cn.ac.base.DriverBase [WebEventListener.java : 43] - 点击标签之后: [[ChromeDriver: chrome on XP (0223397d19e26859e1a60a99ad5a05dd)] -> css selector: .platformmune-list > li:nth-child(3) > span]之后执行...
2019-11-13 14:47:00,843 [main] DEBUG cn.ac.base.DriverBase [WebEventListener.java : 67] - 找到标签前 : By.xpath: //span[contains(.,'基础数据维护')]
2019-11-13 14:47:00,856 [main] DEBUG cn.ac.base.DriverBase [WebEventListener.java : 71] - 找到标签后 : By.xpath: //span[contains(.,'基础数据维护')]
2019-11-13 14:47:00,979 [main] DEBUG cn.ac.base.DriverBase [WebEventListener.java : 67] - 找到标签前 : By.xpath: //li[23]
2019-11-13 14:47:00,987 [main] DEBUG cn.ac.base.DriverBase [WebEventListener.java : 71] - 找到标签后 : By.xpath: //li[23]
2019-11-13 14:47:00,988 [main] DEBUG cn.ac.base.DriverBase [WebEventListener.java : 39] - 点击标签: [[ChromeDriver: chrome on XP (0223397d19e26859e1a60a99ad5a05dd)] -> xpath: //li[23]]之前执行...
2019-11-13 14:47:01,018 [main] DEBUG cn.ac.base.DriverBase [WebEventListener.java : 43] - 点击标签之后: [[ChromeDriver: chrome on XP (0223397d19e26859e1a60a99ad5a05dd)] -> xpath: //li[23]]之后执行...
2019-11-13 14:47:01,018 [main] DEBUG cn.ac.base.DriverBase [WebEventListener.java : 67] - 找到标签前 : By.cssSelector: .searchtoolbar-search-span
2019-11-13 14:47:01,193 [main] DEBUG cn.ac.base.DriverBase [WebEventListener.java : 71] - 找到标签后 : By.cssSelector: .searchtoolbar-search-span
2019-11-13 14:47:01,193 [main] DEBUG cn.ac.base.DriverBase [WebEventListener.java : 39] - 点击标签: [[ChromeDriver: chrome on XP (0223397d19e26859e1a60a99ad5a05dd)] -> css selector: .searchtoolbar-search-span]之前执行...
2019-11-13 14:47:01,223 [main] DEBUG cn.ac.base.DriverBase [WebEventListener.java : 43] - 点击标签之后: [[ChromeDriver: chrome on XP (0223397d19e26859e1a60a99ad5a05dd)] -> css selector: .searchtoolbar-search-span]之后执行...
2019-11-13 14:47:01,225 [main] DEBUG cn.ac.base.DriverBase [WebEventListener.java : 23] - Before navigating to: 'https://www.baidu.com/'
2019-11-13 14:47:01,946 [main] DEBUG cn.ac.base.DriverBase [WebEventListener.java : 27] - Navigated to:'https://www.baidu.com/'
2019-11-13 14:47:02,054 [main] DEBUG cn.ac.base.DriverBase [WebEventListener.java : 67] - 找到标签前 : By.id: kw
2019-11-13 14:47:02,064 [main] DEBUG cn.ac.base.DriverBase [WebEventListener.java : 71] - 找到标签后 : By.id: kw
2019-11-13 14:47:02,064 [main] DEBUG cn.ac.base.DriverBase [WebEventListener.java : 39] - 点击标签: [[ChromeDriver: chrome on XP (0223397d19e26859e1a60a99ad5a05dd)] -> id: kw]之前执行...
2019-11-13 14:47:02,094 [main] DEBUG cn.ac.base.DriverBase [WebEventListener.java : 43] - 点击标签之后: [[ChromeDriver: chrome on XP (0223397d19e26859e1a60a99ad5a05dd)] -> id: kw]之后执行...
2019-11-13 14:47:02,094 [main] DEBUG cn.ac.base.DriverBase [WebEventListener.java : 67] - 找到标签前 : By.id: kw
2019-11-13 14:47:02,101 [main] DEBUG cn.ac.base.DriverBase [WebEventListener.java : 71] - 找到标签后 : By.id: kw
2019-11-13 14:47:02,159 [main] DEBUG cn.ac.base.DriverBase [WebEventListener.java : 67] - 找到标签前 : By.id: su
2019-11-13 14:47:02,168 [main] DEBUG cn.ac.base.DriverBase [WebEventListener.java : 71] - 找到标签后 : By.id: su
2019-11-13 14:47:02,169 [main] DEBUG cn.ac.base.DriverBase [WebEventListener.java : 39] - 点击标签: [[ChromeDriver: chrome on XP (0223397d19e26859e1a60a99ad5a05dd)] -> id: su]之前执行...
2019-11-13 14:47:02,200 [main] DEBUG cn.ac.base.DriverBase [WebEventListener.java : 43] - 点击标签之后: [[ChromeDriver: chrome on XP (0223397d19e26859e1a60a99ad5a05dd)] -> id: su]之后执行...
2019-11-13 14:47:02,238 [main] DEBUG cn.ac.base.DriverBase [WebEventListener.java : 23] - Before navigating to: 'https://www.baidu.com/'
2019-11-13 14:47:02,356 [main] DEBUG cn.ac.base.DriverBase [WebEventListener.java : 27] - Navigated to:'https://www.baidu.com/'
2019-11-13 14:47:02,460 [main] DEBUG cn.ac.base.DriverBase [WebEventListener.java : 67] - 找到标签前 : By.id: kw
2019-11-13 14:47:02,468 [main] DEBUG cn.ac.base.DriverBase [WebEventListener.java : 71] - 找到标签后 : By.id: kw
2019-11-13 14:47:02,468 [main] DEBUG cn.ac.base.DriverBase [WebEventListener.java : 39] - 点击标签: [[ChromeDriver: chrome on XP (0223397d19e26859e1a60a99ad5a05dd)] -> id: kw]之前执行...
2019-11-13 14:47:02,497 [main] DEBUG cn.ac.base.DriverBase [WebEventListener.java : 43] - 点击标签之后: [[ChromeDriver: chrome on XP (0223397d19e26859e1a60a99ad5a05dd)] -> id: kw]之后执行...
2019-11-13 14:47:02,498 [main] DEBUG cn.ac.base.DriverBase [WebEventListener.java : 67] - 找到标签前 : By.id: kw
2019-11-13 14:47:02,504 [main] DEBUG cn.ac.base.DriverBase [WebEventListener.java : 71] - 找到标签后 : By.id: kw
2019-11-13 14:47:02,544 [main] DEBUG cn.ac.base.DriverBase [WebEventListener.java : 67] - 找到标签前 : By.cssSelector: .bdsug-overflow
2019-11-13 14:47:02,662 [main] DEBUG cn.ac.base.DriverBase [WebEventListener.java : 71] - 找到标签后 : By.cssSelector: .bdsug-overflow
2019-11-13 14:47:02,662 [main] DEBUG cn.ac.base.DriverBase [WebEventListener.java : 39] - 点击标签: [[ChromeDriver: chrome on XP (0223397d19e26859e1a60a99ad5a05dd)] -> css selector: .bdsug-overflow]之前执行...
2019-11-13 14:47:02,691 [main] DEBUG cn.ac.base.DriverBase [WebEventListener.java : 43] - 点击标签之后: [[ChromeDriver: chrome on XP (0223397d19e26859e1a60a99ad5a05dd)] -> css selector: .bdsug-overflow]之后执行...
2019-11-13 14:47:02,691 [main] DEBUG cn.ac.base.DriverBase [WebEventListener.java : 67] - 找到标签前 : By.id: su
2019-11-13 14:47:02,697 [main] DEBUG cn.ac.base.DriverBase [WebEventListener.java : 71] - 找到标签后 : By.id: su
2019-11-13 14:47:02,698 [main] DEBUG cn.ac.base.DriverBase [WebEventListener.java : 39] - 点击标签: [[ChromeDriver: chrome on XP (0223397d19e26859e1a60a99ad5a05dd)] -> id: su]之前执行...
2019-11-13 14:47:02,728 [main] DEBUG cn.ac.base.DriverBase [WebEventListener.java : 43] - 点击标签之后: [[ChromeDriver: chrome on XP (0223397d19e26859e1a60a99ad5a05dd)] -> id: su]之后执行...
2019-11-13 14:47:02,728 [main] DEBUG cn.ac.base.DriverBase [WebEventListener.java : 67] - 找到标签前 : By.id: su
2019-11-13 14:47:02,735 [main] DEBUG cn.ac.base.DriverBase [WebEventListener.java : 71] - 找到标签后 : By.id: su
2019-11-13 14:47:02,854 [main] DEBUG cn.ac.base.DriverBase [WebEventListener.java : 67] - 找到标签前 : By.tagName: body
2019-11-13 14:47:02,863 [main] DEBUG cn.ac.base.DriverBase [WebEventListener.java : 71] - 找到标签后 : By.tagName: body
2019-11-13 14:47:02,976 [main] DEBUG cn.ac.base.DriverBase [WebEventListener.java : 23] - Before navigating to: 'http://localhost:8010/public/saas/sam/admin/main/html/main.html'
2019-11-13 14:47:03,087 [main] DEBUG cn.ac.base.DriverBase [WebEventListener.java : 27] - Navigated to:'http://localhost:8010/public/saas/sam/admin/main/html/main.html'
2019-11-13 14:47:03,193 [main] DEBUG cn.ac.base.DriverBase [WebEventListener.java : 67] - 找到标签前 : By.name: login_user
2019-11-13 14:47:03,287 [main] DEBUG cn.ac.base.DriverBase [WebEventListener.java : 71] - 找到标签后 : By.name: login_user
2019-11-13 14:47:03,288 [main] DEBUG cn.ac.base.DriverBase [WebEventListener.java : 39] - 点击标签: [[ChromeDriver: chrome on XP (0223397d19e26859e1a60a99ad5a05dd)] -> name: login_user]之前执行...
2019-11-13 14:47:03,324 [main] DEBUG cn.ac.base.DriverBase [WebEventListener.java : 43] - 点击标签之后: [[ChromeDriver: chrome on XP (0223397d19e26859e1a60a99ad5a05dd)] -> name: login_user]之后执行...
2019-11-13 14:47:03,324 [main] DEBUG cn.ac.base.DriverBase [WebEventListener.java : 67] - 找到标签前 : By.name: login_user
2019-11-13 14:47:03,331 [main] DEBUG cn.ac.base.DriverBase [WebEventListener.java : 71] - 找到标签后 : By.name: login_user
2019-11-13 14:47:03,353 [main] DEBUG cn.ac.base.DriverBase [WebEventListener.java : 67] - 找到标签前 : By.name: login_pas
2019-11-13 14:47:03,364 [main] DEBUG cn.ac.base.DriverBase [WebEventListener.java : 71] - 找到标签后 : By.name: login_pas
2019-11-13 14:47:03,397 [main] DEBUG cn.ac.base.DriverBase [WebEventListener.java : 67] - 找到标签前 : By.name: login_pas
2019-11-13 14:47:03,404 [main] DEBUG cn.ac.base.DriverBase [WebEventListener.java : 71] - 找到标签后 : By.name: login_pas
2019-11-13 14:47:03,417 [main] DEBUG cn.ac.base.DriverBase [WebEventListener.java : 67] - 找到标签前 : By.cssSelector: .platformmune-list > li:nth-child(3) > span
2019-11-13 14:47:04,645 [main] DEBUG cn.ac.base.DriverBase [WebEventListener.java : 71] - 找到标签后 : By.cssSelector: .platformmune-list > li:nth-child(3) > span
2019-11-13 14:47:04,646 [main] DEBUG cn.ac.base.DriverBase [WebEventListener.java : 39] - 点击标签: [[ChromeDriver: chrome on XP (0223397d19e26859e1a60a99ad5a05dd)] -> css selector: .platformmune-list > li:nth-child(3) > span]之前执行...
2019-11-13 14:47:04,675 [main] DEBUG cn.ac.base.DriverBase [WebEventListener.java : 43] - 点击标签之后: [[ChromeDriver: chrome on XP (0223397d19e26859e1a60a99ad5a05dd)] -> css selector: .platformmune-list > li:nth-child(3) > span]之后执行...
2019-11-13 14:47:04,676 [main] DEBUG cn.ac.base.DriverBase [WebEventListener.java : 67] - 找到标签前 : By.xpath: //span[contains(.,'基础数据维护')]
2019-11-13 14:47:04,688 [main] DEBUG cn.ac.base.DriverBase [WebEventListener.java : 71] - 找到标签后 : By.xpath: //span[contains(.,'基础数据维护')]
2019-11-13 14:47:04,812 [main] DEBUG cn.ac.base.DriverBase [WebEventListener.java : 67] - 找到标签前 : By.xpath: //li[23]
2019-11-13 14:47:04,825 [main] DEBUG cn.ac.base.DriverBase [WebEventListener.java : 71] - 找到标签后 : By.xpath: //li[23]
2019-11-13 14:47:04,825 [main] DEBUG cn.ac.base.DriverBase [WebEventListener.java : 39] - 点击标签: [[ChromeDriver: chrome on XP (0223397d19e26859e1a60a99ad5a05dd)] -> xpath: //li[23]]之前执行...
2019-11-13 14:47:04,857 [main] DEBUG cn.ac.base.DriverBase [WebEventListener.java : 43] - 点击标签之后: [[ChromeDriver: chrome on XP (0223397d19e26859e1a60a99ad5a05dd)] -> xpath: //li[23]]之后执行...
2019-11-13 14:47:04,857 [main] DEBUG cn.ac.base.DriverBase [WebEventListener.java : 67] - 找到标签前 : By.cssSelector: .searchtoolbar-search-div
2019-11-13 14:47:05,053 [main] DEBUG cn.ac.base.DriverBase [WebEventListener.java : 71] - 找到标签后 : By.cssSelector: .searchtoolbar-search-div
2019-11-13 14:47:05,053 [main] DEBUG cn.ac.base.DriverBase [WebEventListener.java : 39] - 点击标签: [[ChromeDriver: chrome on XP (0223397d19e26859e1a60a99ad5a05dd)] -> css selector: .searchtoolbar-search-div]之前执行...
2019-11-13 14:47:05,079 [main] DEBUG cn.ac.base.DriverBase [WebEventListener.java : 43] - 点击标签之后: [[ChromeDriver: chrome on XP (0223397d19e26859e1a60a99ad5a05dd)] -> css selector: .searchtoolbar-search-div]之后执行...
2019-11-13 14:47:05,079 [main] DEBUG cn.ac.base.DriverBase [WebEventListener.java : 67] - 找到标签前 : By.cssSelector: .searchtoolbar-search-span
2019-11-13 14:47:05,089 [main] DEBUG cn.ac.base.DriverBase [WebEventListener.java : 71] - 找到标签后 : By.cssSelector: .searchtoolbar-search-span
2019-11-13 14:47:05,090 [main] DEBUG cn.ac.base.DriverBase [WebEventListener.java : 39] - 点击标签: [[ChromeDriver: chrome on XP (0223397d19e26859e1a60a99ad5a05dd)] -> css selector: .searchtoolbar-search-span]之前执行...
2019-11-13 14:47:05,116 [main] DEBUG cn.ac.base.DriverBase [WebEventListener.java : 43] - 点击标签之后: [[ChromeDriver: chrome on XP (0223397d19e26859e1a60a99ad5a05dd)] -> css selector: .searchtoolbar-search-span]之后执行...
2019-11-13 14:47:05,116 [main] DEBUG cn.ac.base.DriverBase [WebEventListener.java : 67] - 找到标签前 : By.cssSelector: .searchtoolbar-search-span
2019-11-13 14:47:05,125 [main] DEBUG cn.ac.base.DriverBase [WebEventListener.java : 71] - 找到标签后 : By.cssSelector: .searchtoolbar-search-span
2019-11-13 14:47:45,362 [main] DEBUG cn.ac.base.DriverBase [WebEventListener.java : 23] - Before navigating to: 'http://localhost:8010/public/saas/sam/admin/main/html/main.html'
2019-11-13 14:47:45,961 [main] DEBUG cn.ac.base.DriverBase [WebEventListener.java : 27] - Navigated to:'http://localhost:8010/public/saas/sam/admin/main/html/main.html'
2019-11-13 14:47:45,971 [main] DEBUG cn.ac.base.DriverBase [WebEventListener.java : 67] - 找到标签前 : By.name: login_user
2019-11-13 14:47:46,211 [main] DEBUG cn.ac.base.DriverBase [WebEventListener.java : 71] - 找到标签后 : By.name: login_user
2019-11-13 14:47:46,240 [main] DEBUG cn.ac.base.DriverBase [WebEventListener.java : 67] - 找到标签前 : By.name: login_pas
2019-11-13 14:47:46,251 [main] DEBUG cn.ac.base.DriverBase [WebEventListener.java : 71] - 找到标签后 : By.name: login_pas
2019-11-13 14:47:46,288 [main] DEBUG cn.ac.base.DriverBase [WebEventListener.java : 67] - 找到标签前 : By.xpath: //div[@class='login-sub']
2019-11-13 14:47:46,299 [main] DEBUG cn.ac.base.DriverBase [WebEventListener.java : 71] - 找到标签后 : By.xpath: //div[@class='login-sub']
2019-11-13 14:47:46,300 [main] DEBUG cn.ac.base.DriverBase [WebEventListener.java : 39] - 点击标签: [[ChromeDriver: chrome on XP (26cc52ee2aadc7630383f7bea217029d)] -> xpath: //div[@class='login-sub']]之前执行...
2019-11-13 14:47:46,337 [main] DEBUG cn.ac.base.DriverBase [WebEventListener.java : 43] - 点击标签之后: [[ChromeDriver: chrome on XP (26cc52ee2aadc7630383f7bea217029d)] -> xpath: //div[@class='login-sub']]之后执行...
2019-11-13 14:47:46,339 [main] DEBUG cn.ac.base.DriverBase [WebEventListener.java : 67] - 找到标签前 : By.cssSelector: .platformmune-list > li:nth-child(3) > span
2019-11-13 14:47:47,231 [main] DEBUG cn.ac.base.DriverBase [WebEventListener.java : 71] - 找到标签后 : By.cssSelector: .platformmune-list > li:nth-child(3) > span
2019-11-13 14:47:47,231 [main] DEBUG cn.ac.base.DriverBase [WebEventListener.java : 39] - 点击标签: [[ChromeDriver: chrome on XP (26cc52ee2aadc7630383f7bea217029d)] -> css selector: .platformmune-list > li:nth-child(3) > span]之前执行...
2019-11-13 14:47:47,274 [main] DEBUG cn.ac.base.DriverBase [WebEventListener.java : 43] - 点击标签之后: [[ChromeDriver: chrome on XP (26cc52ee2aadc7630383f7bea217029d)] -> css selector: .platformmune-list > li:nth-child(3) > span]之后执行...
2019-11-13 14:47:47,275 [main] DEBUG cn.ac.base.DriverBase [WebEventListener.java : 67] - 找到标签前 : By.xpath: //span[contains(text(),'基础数据维护')]
2019-11-13 14:47:47,286 [main] DEBUG cn.ac.base.DriverBase [WebEventListener.java : 71] - 找到标签后 : By.xpath: //span[contains(text(),'基础数据维护')]
2019-11-13 14:47:47,286 [main] DEBUG cn.ac.base.DriverBase [WebEventListener.java : 39] - 点击标签: [[ChromeDriver: chrome on XP (26cc52ee2aadc7630383f7bea217029d)] -> xpath: //span[contains(text(),'基础数据维护')]]之前执行...
2019-11-13 14:47:47,321 [main] DEBUG cn.ac.base.DriverBase [WebEventListener.java : 43] - 点击标签之后: [[ChromeDriver: chrome on XP (26cc52ee2aadc7630383f7bea217029d)] -> xpath: //span[contains(text(),'基础数据维护')]]之后执行...
2019-11-13 14:47:47,321 [main] DEBUG cn.ac.base.DriverBase [WebEventListener.java : 67] - 找到标签前 : By.xpath: //li[contains(text(),'协同定义')]
2019-11-13 14:47:47,333 [main] DEBUG cn.ac.base.DriverBase [WebEventListener.java : 71] - 找到标签后 : By.xpath: //li[contains(text(),'协同定义')]
2019-11-13 14:47:47,333 [main] DEBUG cn.ac.base.DriverBase [WebEventListener.java : 39] - 点击标签: [[ChromeDriver: chrome on XP (26cc52ee2aadc7630383f7bea217029d)] -> xpath: //li[contains(text(),'协同定义')]]之前执行...
2019-11-13 14:47:47,374 [main] DEBUG cn.ac.base.DriverBase [WebEventListener.java : 43] - 点击标签之后: [[ChromeDriver: chrome on XP (26cc52ee2aadc7630383f7bea217029d)] -> xpath: //li[contains(text(),'协同定义')]]之后执行...
2019-11-13 14:47:47,375 [main] DEBUG cn.ac.base.DriverBase [WebEventListener.java : 67] - 找到标签前 : By.xpath: //span[contains(text(),'查询')]
2019-11-13 14:47:47,386 [main] DEBUG cn.ac.base.DriverBase [WebEventListener.java : 71] - 找到标签后 : By.xpath: //span[contains(text(),'查询')]
2019-11-13 14:47:47,387 [main] DEBUG cn.ac.base.DriverBase [WebEventListener.java : 39] - 点击标签: [[ChromeDriver: chrome on XP (26cc52ee2aadc7630383f7bea217029d)] -> xpath: //span[contains(text(),'查询')]]之前执行...
2019-11-13 14:47:47,421 [main] DEBUG cn.ac.base.DriverBase [WebEventListener.java : 43] - 点击标签之后: [[ChromeDriver: chrome on XP (26cc52ee2aadc7630383f7bea217029d)] -> xpath: //span[contains(text(),'查询')]]之后执行...
2019-11-13 14:47:47,421 [main] DEBUG cn.ac.base.DriverBase [WebEventListener.java : 67] - 找到标签前 : By.xpath: //img[@class='searchtoolbar-batchAdd']
2019-11-13 14:47:47,600 [main] DEBUG cn.ac.base.DriverBase [WebEventListener.java : 71] - 找到标签后 : By.xpath: //img[@class='searchtoolbar-batchAdd']
2019-11-13 14:47:47,600 [main] DEBUG cn.ac.base.DriverBase [WebEventListener.java : 39] - 点击标签: [[ChromeDriver: chrome on XP (26cc52ee2aadc7630383f7bea217029d)] -> xpath: //img[@class='searchtoolbar-batchAdd']]之前执行...
2019-11-13 14:47:47,648 [main] DEBUG cn.ac.base.DriverBase [WebEventListener.java : 43] - 点击标签之后: [[ChromeDriver: chrome on XP (26cc52ee2aadc7630383f7bea217029d)] -> xpath: //img[@class='searchtoolbar-batchAdd']]之后执行...
2019-11-13 14:47:47,648 [main] DEBUG cn.ac.base.DriverBase [WebEventListener.java : 67] - 找到标签前 : By.xpath: //tbody[@class='showdatagrid-tbody']/tr[1]/td
2019-11-13 14:47:47,661 [main] DEBUG cn.ac.base.DriverBase [WebEventListener.java : 71] - 找到标签后 : By.xpath: //tbody[@class='showdatagrid-tbody']/tr[1]/td
2019-11-13 14:47:47,662 [main] DEBUG cn.ac.base.DriverBase [WebEventListener.java : 39] - 点击标签: [[ChromeDriver: chrome on XP (26cc52ee2aadc7630383f7bea217029d)] -> xpath: //tbody[@class='showdatagrid-tbody']/tr[1]/td]之前执行...
2019-11-13 14:47:47,705 [main] DEBUG cn.ac.base.DriverBase [WebEventListener.java : 43] - 点击标签之后: [[ChromeDriver: chrome on XP (26cc52ee2aadc7630383f7bea217029d)] -> xpath: //tbody[@class='showdatagrid-tbody']/tr[1]/td]之后执行...
2019-11-13 14:47:47,713 [main] DEBUG cn.ac.base.DriverBase [WebEventListener.java : 67] - 找到标签前 : By.xpath: //input[@name='coordinationcode']
2019-11-13 14:47:47,724 [main] DEBUG cn.ac.base.DriverBase [WebEventListener.java : 71] - 找到标签后 : By.xpath: //input[@name='coordinationcode']
2019-11-13 14:47:47,744 [main] DEBUG cn.ac.base.DriverBase [WebEventListener.java : 39] - 点击标签: [[ChromeDriver: chrome on XP (26cc52ee2aadc7630383f7bea217029d)] -> xpath: //tbody[@class='showdatagrid-tbody']/tr[1]/td]之前执行...
2019-11-13 14:47:47,775 [main] DEBUG cn.ac.base.DriverBase [WebEventListener.java : 43] - 点击标签之后: [[ChromeDriver: chrome on XP (26cc52ee2aadc7630383f7bea217029d)] -> xpath: //tbody[@class='showdatagrid-tbody']/tr[1]/td]之后执行...
2019-11-13 14:47:47,776 [main] DEBUG cn.ac.base.DriverBase [WebEventListener.java : 67] - 找到标签前 : By.xpath: //input[@name='coordinationdesc']
2019-11-13 14:47:47,787 [main] DEBUG cn.ac.base.DriverBase [WebEventListener.java : 71] - 找到标签后 : By.xpath: //input[@name='coordinationdesc']
2019-11-13 14:47:47,801 [main] DEBUG cn.ac.base.DriverBase [WebEventListener.java : 39] - 点击标签: [[ChromeDriver: chrome on XP (26cc52ee2aadc7630383f7bea217029d)] -> xpath: //tbody[@class='showdatagrid-tbody']/tr[1]/td]之前执行...
2019-11-13 14:47:47,830 [main] DEBUG cn.ac.base.DriverBase [WebEventListener.java : 43] - 点击标签之后: [[ChromeDriver: chrome on XP (26cc52ee2aadc7630383f7bea217029d)] -> xpath: //tbody[@class='showdatagrid-tbody']/tr[1]/td]之后执行...
2019-11-13 14:47:47,830 [main] DEBUG cn.ac.base.DriverBase [WebEventListener.java : 67] - 找到标签前 : By.xpath: //ul/li[contains(text(),'企业间')]
2019-11-13 14:47:47,842 [main] DEBUG cn.ac.base.DriverBase [WebEventListener.java : 71] - 找到标签后 : By.xpath: //ul/li[contains(text(),'企业间')]
2019-11-13 14:47:47,842 [main] DEBUG cn.ac.base.DriverBase [WebEventListener.java : 39] - 点击标签: [[[[ChromeDriver: chrome on XP (26cc52ee2aadc7630383f7bea217029d)] -> xpath: //tbody[@class='showdatagrid-tbody']/tr[1]/td]] -> xpath: //ul/li[contains(text(),'企业间')]]之前执行...
2019-11-13 14:47:47,871 [main] DEBUG cn.ac.base.DriverBase [WebEventListener.java : 43] - 点击标签之后: [[[[ChromeDriver: chrome on XP (26cc52ee2aadc7630383f7bea217029d)] -> xpath: //tbody[@class='showdatagrid-tbody']/tr[1]/td]] -> xpath: //ul/li[contains(text(),'企业间')]]之后执行...
2019-11-13 14:47:47,871 [main] DEBUG cn.ac.base.DriverBase [WebEventListener.java : 39] - 点击标签: [[ChromeDriver: chrome on XP (26cc52ee2aadc7630383f7bea217029d)] -> xpath: //tbody[@class='showdatagrid-tbody']/tr[1]/td]之前执行...
2019-11-13 14:47:47,906 [main] DEBUG cn.ac.base.DriverBase [WebEventListener.java : 43] - 点击标签之后: [[ChromeDriver: chrome on XP (26cc52ee2aadc7630383f7bea217029d)] -> xpath: //tbody[@class='showdatagrid-tbody']/tr[1]/td]之后执行...
2019-11-13 14:47:47,906 [main] DEBUG cn.ac.base.DriverBase [WebEventListener.java : 67] - 找到标签前 : By.xpath: //input[@name='sourceclassname']
2019-11-13 14:47:47,918 [main] DEBUG cn.ac.base.DriverBase [WebEventListener.java : 71] - 找到标签后 : By.xpath: //input[@name='sourceclassname']
2019-11-13 14:47:47,936 [main] DEBUG cn.ac.base.DriverBase [WebEventListener.java : 39] - 点击标签: [[ChromeDriver: chrome on XP (26cc52ee2aadc7630383f7bea217029d)] -> xpath: //tbody[@class='showdatagrid-tbody']/tr[1]/td]之前执行...
2019-11-13 14:47:47,974 [main] DEBUG cn.ac.base.DriverBase [WebEventListener.java : 43] - 点击标签之后: [[ChromeDriver: chrome on XP (26cc52ee2aadc7630383f7bea217029d)] -> xpath: //tbody[@class='showdatagrid-tbody']/tr[1]/td]之后执行...
2019-11-13 14:47:47,974 [main] DEBUG cn.ac.base.DriverBase [WebEventListener.java : 67] - 找到标签前 : By.xpath: //input[@name='sourcemethodname']
2019-11-13 14:47:47,985 [main] DEBUG cn.ac.base.DriverBase [WebEventListener.java : 71] - 找到标签后 : By.xpath: //input[@name='sourcemethodname']
2019-11-13 14:47:47,999 [main] DEBUG cn.ac.base.DriverBase [WebEventListener.java : 39] - 点击标签: [[ChromeDriver: chrome on XP (26cc52ee2aadc7630383f7bea217029d)] -> xpath: //tbody[@class='showdatagrid-tbody']/tr[1]/td]之前执行...
2019-11-13 14:47:48,041 [main] DEBUG cn.ac.base.DriverBase [WebEventListener.java : 43] - 点击标签之后: [[ChromeDriver: chrome on XP (26cc52ee2aadc7630383f7bea217029d)] -> xpath: //tbody[@class='showdatagrid-tbody']/tr[1]/td]之后执行...
2019-11-13 14:47:48,041 [main] DEBUG cn.ac.base.DriverBase [WebEventListener.java : 67] - 找到标签前 : By.xpath: //input[@name='destclassname']
2019-11-13 14:47:48,053 [main] DEBUG cn.ac.base.DriverBase [WebEventListener.java : 71] - 找到标签后 : By.xpath: //input[@name='destclassname']
2019-11-13 14:47:48,069 [main] DEBUG cn.ac.base.DriverBase [WebEventListener.java : 39] - 点击标签: [[ChromeDriver: chrome on XP (26cc52ee2aadc7630383f7bea217029d)] -> xpath: //tbody[@class='showdatagrid-tbody']/tr[1]/td]之前执行...
2019-11-13 14:47:48,104 [main] DEBUG cn.ac.base.DriverBase [WebEventListener.java : 43] - 点击标签之后: [[ChromeDriver: chrome on XP (26cc52ee2aadc7630383f7bea217029d)] -> xpath: //tbody[@class='showdatagrid-tbody']/tr[1]/td]之后执行...
2019-11-13 14:47:48,105 [main] DEBUG cn.ac.base.DriverBase [WebEventListener.java : 67] - 找到标签前 : By.xpath: //input[@name='destmethodname']
2019-11-13 14:47:48,116 [main] DEBUG cn.ac.base.DriverBase [WebEventListener.java : 71] - 找到标签后 : By.xpath: //input[@name='destmethodname']
2019-11-13 14:47:48,130 [main] DEBUG cn.ac.base.DriverBase [WebEventListener.java : 39] - 点击标签: [[ChromeDriver: chrome on XP (26cc52ee2aadc7630383f7bea217029d)] -> xpath: //tbody[@class='showdatagrid-tbody']/tr[1]/td]之前执行...
2019-11-13 14:47:48,174 [main] DEBUG cn.ac.base.DriverBase [WebEventListener.java : 43] - 点击标签之后: [[ChromeDriver: chrome on XP (26cc52ee2aadc7630383f7bea217029d)] -> xpath: //tbody[@class='showdatagrid-tbody']/tr[1]/td]之后执行...
2019-11-13 14:47:48,174 [main] DEBUG cn.ac.base.DriverBase [WebEventListener.java : 67] - 找到标签前 : By.xpath: //input[@name='operationdirection']
2019-11-13 14:47:48,184 [main] DEBUG cn.ac.base.DriverBase [WebEventListener.java : 71] - 找到标签后 : By.xpath: //input[@name='operationdirection']
2019-11-13 14:47:48,200 [main] DEBUG cn.ac.base.DriverBase [WebEventListener.java : 39] - 点击标签: [[ChromeDriver: chrome on XP (26cc52ee2aadc7630383f7bea217029d)] -> xpath: //tbody[@class='showdatagrid-tbody']/tr[1]/td]之前执行...
2019-11-13 14:47:48,282 [main] DEBUG cn.ac.base.DriverBase [WebEventListener.java : 43] - 点击标签之后: [[ChromeDriver: chrome on XP (26cc52ee2aadc7630383f7bea217029d)] -> xpath: //tbody[@class='showdatagrid-tbody']/tr[1]/td]之后执行...
2019-11-13 14:47:48,282 [main] DEBUG cn.ac.base.DriverBase [WebEventListener.java : 67] - 找到标签前 : By.xpath: //input[@name='beginopportune']
2019-11-13 14:47:48,294 [main] DEBUG cn.ac.base.DriverBase [WebEventListener.java : 71] - 找到标签后 : By.xpath: //input[@name='beginopportune']
2019-11-13 14:47:48,309 [main] DEBUG cn.ac.base.DriverBase [WebEventListener.java : 67] - 找到标签前 : By.xpath: //img[@class='searchtoolbar-hold']
2019-11-13 14:47:48,318 [main] DEBUG cn.ac.base.DriverBase [WebEventListener.java : 71] - 找到标签后 : By.xpath: //img[@class='searchtoolbar-hold']
2019-11-13 14:47:48,319 [main] DEBUG cn.ac.base.DriverBase [WebEventListener.java : 39] - 点击标签: [[ChromeDriver: chrome on XP (26cc52ee2aadc7630383f7bea217029d)] -> xpath: //img[@class='searchtoolbar-hold']]之前执行...
2019-11-13 14:47:48,361 [main] DEBUG cn.ac.base.DriverBase [WebEventListener.java : 43] - 点击标签之后: [[ChromeDriver: chrome on XP (26cc52ee2aadc7630383f7bea217029d)] -> xpath: //img[@class='searchtoolbar-hold']]之后执行...
2019-11-13 14:47:48,361 [main] DEBUG cn.ac.base.DriverBase [WebEventListener.java : 67] - 找到标签前 : By.xpath: //div[@class='mainModel-alert-submit clearfix']/span[@class='mainModel-alert-sure']
2019-11-13 14:47:48,372 [main] DEBUG cn.ac.base.DriverBase [WebEventListener.java : 71] - 找到标签后 : By.xpath: //div[@class='mainModel-alert-submit clearfix']/span[@class='mainModel-alert-sure']
2019-11-13 14:47:48,373 [main] DEBUG cn.ac.base.DriverBase [WebEventListener.java : 39] - 点击标签: [[ChromeDriver: chrome on XP (26cc52ee2aadc7630383f7bea217029d)] -> xpath: //div[@class='mainModel-alert-submit clearfix']/span[@class='mainModel-alert-sure']]之前执行...
2019-11-13 14:47:48,399 [main] DEBUG cn.ac.base.DriverBase [WebEventListener.java : 43] - 点击标签之后: [[ChromeDriver: chrome on XP (26cc52ee2aadc7630383f7bea217029d)] -> xpath: //div[@class='mainModel-alert-submit clearfix']/span[@class='mainModel-alert-sure']]之后执行...
2019-11-13 14:47:48,410 [main] DEBUG cn.ac.base.DriverBase [WebEventListener.java : 23] - Before navigating to: 'http://localhost:8010/public/saas/sam/admin/main/html/main.html'
2019-11-13 14:47:48,440 [main] DEBUG cn.ac.base.DriverBase [WebEventListener.java : 27] - Navigated to:'http://localhost:8010/public/saas/sam/admin/main/html/main.html'
2019-11-13 14:47:48,648 [main] DEBUG cn.ac.base.DriverBase [WebEventListener.java : 67] - 找到标签前 : By.name: login_user
2019-11-13 14:47:48,655 [main] DEBUG cn.ac.base.DriverBase [WebEventListener.java : 71] - 找到标签后 : By.name: login_user
2019-11-13 14:47:48,655 [main] DEBUG cn.ac.base.DriverBase [WebEventListener.java : 39] - 点击标签: [[ChromeDriver: chrome on XP (26cc52ee2aadc7630383f7bea217029d)] -> name: login_user]之前执行...
2019-11-13 14:47:48,687 [main] DEBUG cn.ac.base.DriverBase [WebEventListener.java : 43] - 点击标签之后: [[ChromeDriver: chrome on XP (26cc52ee2aadc7630383f7bea217029d)] -> name: login_user]之后执行...
2019-11-13 14:47:48,687 [main] DEBUG cn.ac.base.DriverBase [WebEventListener.java : 67] - 找到标签前 : By.name: login_user
2019-11-13 14:47:48,694 [main] DEBUG cn.ac.base.DriverBase [WebEventListener.java : 71] - 找到标签后 : By.name: login_user
2019-11-13 14:47:48,713 [main] DEBUG cn.ac.base.DriverBase [WebEventListener.java : 67] - 找到标签前 : By.name: login_pas
2019-11-13 14:47:48,721 [main] DEBUG cn.ac.base.DriverBase [WebEventListener.java : 71] - 找到标签后 : By.name: login_pas
2019-11-13 14:47:48,721 [main] DEBUG cn.ac.base.DriverBase [WebEventListener.java : 39] - 点击标签: [[ChromeDriver: chrome on XP (26cc52ee2aadc7630383f7bea217029d)] -> name: login_pas]之前执行...
2019-11-13 14:47:48,750 [main] DEBUG cn.ac.base.DriverBase [WebEventListener.java : 43] - 点击标签之后: [[ChromeDriver: chrome on XP (26cc52ee2aadc7630383f7bea217029d)] -> name: login_pas]之后执行...
2019-11-13 14:47:48,751 [main] DEBUG cn.ac.base.DriverBase [WebEventListener.java : 67] - 找到标签前 : By.name: login_pas
2019-11-13 14:47:48,758 [main] DEBUG cn.ac.base.DriverBase [WebEventListener.java : 71] - 找到标签后 : By.name: login_pas
2019-11-13 14:47:48,776 [main] DEBUG cn.ac.base.DriverBase [WebEventListener.java : 67] - 找到标签前 : By.cssSelector: .login-sub
2019-11-13 14:47:48,786 [main] DEBUG cn.ac.base.DriverBase [WebEventListener.java : 71] - 找到标签后 : By.cssSelector: .login-sub
2019-11-13 14:47:48,787 [main] DEBUG cn.ac.base.DriverBase [WebEventListener.java : 39] - 点击标签: [[ChromeDriver: chrome on XP (26cc52ee2aadc7630383f7bea217029d)] -> css selector: .login-sub]之前执行...
2019-11-13 14:47:48,814 [main] DEBUG cn.ac.base.DriverBase [WebEventListener.java : 43] - 点击标签之后: [[ChromeDriver: chrome on XP (26cc52ee2aadc7630383f7bea217029d)] -> css selector: .login-sub]之后执行...
2019-11-13 14:47:48,814 [main] DEBUG cn.ac.base.DriverBase [WebEventListener.java : 67] - 找到标签前 : By.cssSelector: .platformmune-list > li:nth-child(3) > span
2019-11-13 14:47:49,632 [main] DEBUG cn.ac.base.DriverBase [WebEventListener.java : 71] - 找到标签后 : By.cssSelector: .platformmune-list > li:nth-child(3) > span
2019-11-13 14:47:49,633 [main] DEBUG cn.ac.base.DriverBase [WebEventListener.java : 39] - 点击标签: [[ChromeDriver: chrome on XP (26cc52ee2aadc7630383f7bea217029d)] -> css selector: .platformmune-list > li:nth-child(3) > span]之前执行...
2019-11-13 14:47:49,662 [main] DEBUG cn.ac.base.DriverBase [WebEventListener.java : 43] - 点击标签之后: [[ChromeDriver: chrome on XP (26cc52ee2aadc7630383f7bea217029d)] -> css selector: .platformmune-list > li:nth-child(3) > span]之后执行...
2019-11-13 14:47:49,662 [main] DEBUG cn.ac.base.DriverBase [WebEventListener.java : 67] - 找到标签前 : By.xpath: //span[contains(.,'基础数据维护')]
2019-11-13 14:47:49,675 [main] DEBUG cn.ac.base.DriverBase [WebEventListener.java : 71] - 找到标签后 : By.xpath: //span[contains(.,'基础数据维护')]
2019-11-13 14:47:49,805 [main] DEBUG cn.ac.base.DriverBase [WebEventListener.java : 67] - 找到标签前 : By.xpath: //li[3]/ul/li/ul/li
2019-11-13 14:47:49,815 [main] DEBUG cn.ac.base.DriverBase [WebEventListener.java : 71] - 找到标签后 : By.xpath: //li[3]/ul/li/ul/li
2019-11-13 14:47:49,815 [main] DEBUG cn.ac.base.DriverBase [WebEventListener.java : 39] - 点击标签: [[ChromeDriver: chrome on XP (26cc52ee2aadc7630383f7bea217029d)] -> xpath: //li[3]/ul/li/ul/li]之前执行...
2019-11-13 14:47:49,847 [main] DEBUG cn.ac.base.DriverBase [WebEventListener.java : 43] - 点击标签之后: [[ChromeDriver: chrome on XP (26cc52ee2aadc7630383f7bea217029d)] -> xpath: //li[3]/ul/li/ul/li]之后执行...
2019-11-13 14:47:49,848 [main] DEBUG cn.ac.base.DriverBase [WebEventListener.java : 67] - 找到标签前 : By.xpath: //div[2]/div[2]/div/div/div/div/span
2019-11-13 14:47:50,187 [main] DEBUG cn.ac.base.DriverBase [WebEventListener.java : 71] - 找到标签后 : By.xpath: //div[2]/div[2]/div/div/div/div/span
2019-11-13 14:47:50,187 [main] DEBUG cn.ac.base.DriverBase [WebEventListener.java : 39] - 点击标签: [[ChromeDriver: chrome on XP (26cc52ee2aadc7630383f7bea217029d)] -> xpath: //div[2]/div[2]/div/div/div/div/span]之前执行...
2019-11-13 14:47:50,221 [main] DEBUG cn.ac.base.DriverBase [WebEventListener.java : 43] - 点击标签之后: [[ChromeDriver: chrome on XP (26cc52ee2aadc7630383f7bea217029d)] -> xpath: //div[2]/div[2]/div/div/div/div/span]之后执行...
2019-11-13 14:47:50,230 [main] DEBUG cn.ac.base.DriverBase [WebEventListener.java : 23] - Before navigating to: 'http://localhost:8010/public/saas/sam/admin/main/html/main.html'
2019-11-13 14:47:50,257 [main] DEBUG cn.ac.base.DriverBase [WebEventListener.java : 27] - Navigated to:'http://localhost:8010/public/saas/sam/admin/main/html/main.html'
2019-11-13 14:47:50,365 [main] DEBUG cn.ac.base.DriverBase [WebEventListener.java : 67] - 找到标签前 : By.name: login_user
2019-11-13 14:47:50,429 [main] DEBUG cn.ac.base.DriverBase [WebEventListener.java : 71] - 找到标签后 : By.name: login_user
2019-11-13 14:47:50,429 [main] DEBUG cn.ac.base.DriverBase [WebEventListener.java : 39] - 点击标签: [[ChromeDriver: chrome on XP (26cc52ee2aadc7630383f7bea217029d)] -> name: login_user]之前执行...
2019-11-13 14:47:50,459 [main] DEBUG cn.ac.base.DriverBase [WebEventListener.java : 43] - 点击标签之后: [[ChromeDriver: chrome on XP (26cc52ee2aadc7630383f7bea217029d)] -> name: login_user]之后执行...
2019-11-13 14:47:50,459 [main] DEBUG cn.ac.base.DriverBase [WebEventListener.java : 67] - 找到标签前 : By.name: login_user
2019-11-13 14:47:50,467 [main] DEBUG cn.ac.base.DriverBase [WebEventListener.java : 71] - 找到标签后 : By.name: login_user
2019-11-13 14:47:50,483 [main] DEBUG cn.ac.base.DriverBase [WebEventListener.java : 67] - 找到标签前 : By.name: login_pas
2019-11-13 14:47:50,489 [main] DEBUG cn.ac.base.DriverBase [WebEventListener.java : 71] - 找到标签后 : By.name: login_pas
2019-11-13 14:47:50,523 [main] DEBUG cn.ac.base.DriverBase [WebEventListener.java : 67] - 找到标签前 : By.name: login_pas
2019-11-13 14:47:50,530 [main] DEBUG cn.ac.base.DriverBase [WebEventListener.java : 71] - 找到标签后 : By.name: login_pas
2019-11-13 14:47:50,544 [main] DEBUG cn.ac.base.DriverBase [WebEventListener.java : 67] - 找到标签前 : By.cssSelector: .platformmune-list > li:nth-child(3) > span
2019-11-13 14:47:51,355 [main] DEBUG cn.ac.base.DriverBase [WebEventListener.java : 71] - 找到标签后 : By.cssSelector: .platformmune-list > li:nth-child(3) > span
2019-11-13 14:47:51,356 [main] DEBUG cn.ac.base.DriverBase [WebEventListener.java : 39] - 点击标签: [[ChromeDriver: chrome on XP (26cc52ee2aadc7630383f7bea217029d)] -> css selector: .platformmune-list > li:nth-child(3) > span]之前执行...
2019-11-13 14:47:51,391 [main] DEBUG cn.ac.base.DriverBase [WebEventListener.java : 43] - 点击标签之后: [[ChromeDriver: chrome on XP (26cc52ee2aadc7630383f7bea217029d)] -> css selector: .platformmune-list > li:nth-child(3) > span]之后执行...
2019-11-13 14:47:51,392 [main] DEBUG cn.ac.base.DriverBase [WebEventListener.java : 67] - 找到标签前 : By.xpath: //span[contains(.,'基础数据维护')]
2019-11-13 14:47:51,406 [main] DEBUG cn.ac.base.DriverBase [WebEventListener.java : 71] - 找到标签后 : By.xpath: //span[contains(.,'基础数据维护')]
2019-11-13 14:47:51,521 [main] DEBUG cn.ac.base.DriverBase [WebEventListener.java : 67] - 找到标签前 : By.xpath: //li[23]
2019-11-13 14:47:51,532 [main] DEBUG cn.ac.base.DriverBase [WebEventListener.java : 71] - 找到标签后 : By.xpath: //li[23]
2019-11-13 14:47:51,532 [main] DEBUG cn.ac.base.DriverBase [WebEventListener.java : 39] - 点击标签: [[ChromeDriver: chrome on XP (26cc52ee2aadc7630383f7bea217029d)] -> xpath: //li[23]]之前执行...
2019-11-13 14:47:51,562 [main] DEBUG cn.ac.base.DriverBase [WebEventListener.java : 43] - 点击标签之后: [[ChromeDriver: chrome on XP (26cc52ee2aadc7630383f7bea217029d)] -> xpath: //li[23]]之后执行...
2019-11-13 14:47:51,562 [main] DEBUG cn.ac.base.DriverBase [WebEventListener.java : 67] - 找到标签前 : By.cssSelector: .searchtoolbar-search-span
2019-11-13 14:47:51,736 [main] DEBUG cn.ac.base.DriverBase [WebEventListener.java : 71] - 找到标签后 : By.cssSelector: .searchtoolbar-search-span
2019-11-13 14:47:51,736 [main] DEBUG cn.ac.base.DriverBase [WebEventListener.java : 39] - 点击标签: [[ChromeDriver: chrome on XP (26cc52ee2aadc7630383f7bea217029d)] -> css selector: .searchtoolbar-search-span]之前执行...
2019-11-13 14:47:51,771 [main] DEBUG cn.ac.base.DriverBase [WebEventListener.java : 43] - 点击标签之后: [[ChromeDriver: chrome on XP (26cc52ee2aadc7630383f7bea217029d)] -> css selector: .searchtoolbar-search-span]之后执行...
2019-11-13 14:47:51,771 [main] DEBUG cn.ac.base.DriverBase [WebEventListener.java : 67] - 找到标签前 : By.cssSelector: .searchtoolbar-batchAdd
2019-11-13 14:47:51,780 [main] DEBUG cn.ac.base.DriverBase [WebEventListener.java : 71] - 找到标签后 : By.cssSelector: .searchtoolbar-batchAdd
2019-11-13 14:47:51,797 [main] DEBUG cn.ac.base.DriverBase [WebEventListener.java : 67] - 找到标签前 : By.cssSelector: tr:nth-child(1) > td:nth-child(2)
2019-11-13 14:47:51,807 [main] DEBUG cn.ac.base.DriverBase [WebEventListener.java : 71] - 找到标签后 : By.cssSelector: tr:nth-child(1) > td:nth-child(2)
2019-11-13 14:47:51,814 [main] DEBUG cn.ac.base.DriverBase [WebEventListener.java : 67] - 找到标签前 : By.xpath: //input[@name='coordinationcode']
2019-11-13 14:47:51,824 [main] DEBUG cn.ac.base.DriverBase [WebEventListener.java : 71] - 找到标签后 : By.xpath: //input[@name='coordinationcode']
2019-11-13 14:47:51,840 [main] DEBUG cn.ac.base.DriverBase [WebEventListener.java : 67] - 找到标签前 : By.cssSelector: tr:nth-child(1) > td:nth-child(3)
2019-11-13 14:47:51,849 [main] DEBUG cn.ac.base.DriverBase [WebEventListener.java : 71] - 找到标签后 : By.cssSelector: tr:nth-child(1) > td:nth-child(3)
2019-11-13 14:47:51,857 [main] DEBUG cn.ac.base.DriverBase [WebEventListener.java : 67] - 找到标签前 : By.xpath: //input[@name='coordinationdesc']
2019-11-13 14:47:51,866 [main] DEBUG cn.ac.base.DriverBase [WebEventListener.java : 71] - 找到标签后 : By.xpath: //input[@name='coordinationdesc']
2019-11-13 14:47:51,891 [main] DEBUG cn.ac.base.DriverBase [WebEventListener.java : 23] - Before navigating to: 'http://localhost:8010/public/saas/sam/admin/main/html/main.html'
2019-11-13 14:47:51,915 [main] DEBUG cn.ac.base.DriverBase [WebEventListener.java : 27] - Navigated to:'http://localhost:8010/public/saas/sam/admin/main/html/main.html'
2019-11-13 14:47:52,023 [main] DEBUG cn.ac.base.DriverBase [WebEventListener.java : 67] - 找到标签前 : By.name: login_user
2019-11-13 14:47:52,083 [main] DEBUG cn.ac.base.DriverBase [WebEventListener.java : 71] - 找到标签后 : By.name: login_user
2019-11-13 14:47:52,084 [main] DEBUG cn.ac.base.DriverBase [WebEventListener.java : 39] - 点击标签: [[ChromeDriver: chrome on XP (26cc52ee2aadc7630383f7bea217029d)] -> name: login_user]之前执行...
2019-11-13 14:47:52,121 [main] DEBUG cn.ac.base.DriverBase [WebEventListener.java : 43] - 点击标签之后: [[ChromeDriver: chrome on XP (26cc52ee2aadc7630383f7bea217029d)] -> name: login_user]之后执行...
2019-11-13 14:47:52,121 [main] DEBUG cn.ac.base.DriverBase [WebEventListener.java : 67] - 找到标签前 : By.name: login_user
2019-11-13 14:47:52,128 [main] DEBUG cn.ac.base.DriverBase [WebEventListener.java : 71] - 找到标签后 : By.name: login_user
2019-11-13 14:47:52,146 [main] DEBUG cn.ac.base.DriverBase [WebEventListener.java : 67] - 找到标签前 : By.name: login_pas
2019-11-13 14:47:52,152 [main] DEBUG cn.ac.base.DriverBase [WebEventListener.java : 71] - 找到标签后 : By.name: login_pas
2019-11-13 14:47:52,189 [main] DEBUG cn.ac.base.DriverBase [WebEventListener.java : 67] - 找到标签前 : By.cssSelector: .login-sub
2019-11-13 14:47:52,197 [main] DEBUG cn.ac.base.DriverBase [WebEventListener.java : 71] - 找到标签后 : By.cssSelector: .login-sub
2019-11-13 14:47:52,197 [main] DEBUG cn.ac.base.DriverBase [WebEventListener.java : 39] - 点击标签: [[ChromeDriver: chrome on XP (26cc52ee2aadc7630383f7bea217029d)] -> css selector: .login-sub]之前执行...
2019-11-13 14:47:52,225 [main] DEBUG cn.ac.base.DriverBase [WebEventListener.java : 43] - 点击标签之后: [[ChromeDriver: chrome on XP (26cc52ee2aadc7630383f7bea217029d)] -> css selector: .login-sub]之后执行...
2019-11-13 14:47:52,226 [main] DEBUG cn.ac.base.DriverBase [WebEventListener.java : 67] - 找到标签前 : By.cssSelector: .platformmune-list > li:nth-child(3) > span
2019-11-13 14:47:53,053 [main] DEBUG cn.ac.base.DriverBase [WebEventListener.java : 71] - 找到标签后 : By.cssSelector: .platformmune-list > li:nth-child(3) > span
2019-11-13 14:47:53,054 [main] DEBUG cn.ac.base.DriverBase [WebEventListener.java : 39] - 点击标签: [[ChromeDriver: chrome on XP (26cc52ee2aadc7630383f7bea217029d)] -> css selector: .platformmune-list > li:nth-child(3) > span]之前执行...
2019-11-13 14:47:53,083 [main] DEBUG cn.ac.base.DriverBase [WebEventListener.java : 43] - 点击标签之后: [[ChromeDriver: chrome on XP (26cc52ee2aadc7630383f7bea217029d)] -> css selector: .platformmune-list > li:nth-child(3) > span]之后执行...
2019-11-13 14:47:53,083 [main] DEBUG cn.ac.base.DriverBase [WebEventListener.java : 67] - 找到标签前 : By.xpath: //span[contains(.,'基础数据维护')]
2019-11-13 14:47:53,092 [main] DEBUG cn.ac.base.DriverBase [WebEventListener.java : 71] - 找到标签后 : By.xpath: //span[contains(.,'基础数据维护')]
2019-11-13 14:47:53,204 [main] DEBUG cn.ac.base.DriverBase [WebEventListener.java : 67] - 找到标签前 : By.xpath: //li[23]
2019-11-13 14:47:53,211 [main] DEBUG cn.ac.base.DriverBase [WebEventListener.java : 71] - 找到标签后 : By.xpath: //li[23]
2019-11-13 14:47:53,212 [main] DEBUG cn.ac.base.DriverBase [WebEventListener.java : 39] - 点击标签: [[ChromeDriver: chrome on XP (26cc52ee2aadc7630383f7bea217029d)] -> xpath: //li[23]]之前执行...
2019-11-13 14:47:53,242 [main] DEBUG cn.ac.base.DriverBase [WebEventListener.java : 43] - 点击标签之后: [[ChromeDriver: chrome on XP (26cc52ee2aadc7630383f7bea217029d)] -> xpath: //li[23]]之后执行...
2019-11-13 14:47:53,243 [main] DEBUG cn.ac.base.DriverBase [WebEventListener.java : 67] - 找到标签前 : By.cssSelector: .searchtoolbar-search-span
2019-11-13 14:47:53,410 [main] DEBUG cn.ac.base.DriverBase [WebEventListener.java : 71] - 找到标签后 : By.cssSelector: .searchtoolbar-search-span
2019-11-13 14:47:53,410 [main] DEBUG cn.ac.base.DriverBase [WebEventListener.java : 39] - 点击标签: [[ChromeDriver: chrome on XP (26cc52ee2aadc7630383f7bea217029d)] -> css selector: .searchtoolbar-search-span]之前执行...
2019-11-13 14:47:53,437 [main] DEBUG cn.ac.base.DriverBase [WebEventListener.java : 43] - 点击标签之后: [[ChromeDriver: chrome on XP (26cc52ee2aadc7630383f7bea217029d)] -> css selector: .searchtoolbar-search-span]之后执行...
2019-11-13 14:47:53,439 [main] DEBUG cn.ac.base.DriverBase [WebEventListener.java : 23] - Before navigating to: 'https://www.baidu.com/'
2019-11-13 14:47:54,374 [main] DEBUG cn.ac.base.DriverBase [WebEventListener.java : 27] - Navigated to:'https://www.baidu.com/'
2019-11-13 14:47:54,481 [main] DEBUG cn.ac.base.DriverBase [WebEventListener.java : 67] - 找到标签前 : By.id: kw
2019-11-13 14:47:54,493 [main] DEBUG cn.ac.base.DriverBase [WebEventListener.java : 71] - 找到标签后 : By.id: kw
2019-11-13 14:47:54,493 [main] DEBUG cn.ac.base.DriverBase [WebEventListener.java : 39] - 点击标签: [[ChromeDriver: chrome on XP (26cc52ee2aadc7630383f7bea217029d)] -> id: kw]之前执行...
2019-11-13 14:47:54,524 [main] DEBUG cn.ac.base.DriverBase [WebEventListener.java : 43] - 点击标签之后: [[ChromeDriver: chrome on XP (26cc52ee2aadc7630383f7bea217029d)] -> id: kw]之后执行...
2019-11-13 14:47:54,524 [main] DEBUG cn.ac.base.DriverBase [WebEventListener.java : 67] - 找到标签前 : By.id: kw
2019-11-13 14:47:54,532 [main] DEBUG cn.ac.base.DriverBase [WebEventListener.java : 71] - 找到标签后 : By.id: kw
2019-11-13 14:47:54,593 [main] DEBUG cn.ac.base.DriverBase [WebEventListener.java : 67] - 找到标签前 : By.id: su
2019-11-13 14:47:54,601 [main] DEBUG cn.ac.base.DriverBase [WebEventListener.java : 71] - 找到标签后 : By.id: su
2019-11-13 14:47:54,601 [main] DEBUG cn.ac.base.DriverBase [WebEventListener.java : 39] - 点击标签: [[ChromeDriver: chrome on XP (26cc52ee2aadc7630383f7bea217029d)] -> id: su]之前执行...
2019-11-13 14:47:54,642 [main] DEBUG cn.ac.base.DriverBase [WebEventListener.java : 43] - 点击标签之后: [[ChromeDriver: chrome on XP (26cc52ee2aadc7630383f7bea217029d)] -> id: su]之后执行...
2019-11-13 14:47:54,674 [main] DEBUG cn.ac.base.DriverBase [WebEventListener.java : 23] - Before navigating to: 'https://www.baidu.com/'
2019-11-13 14:47:54,859 [main] DEBUG cn.ac.base.DriverBase [WebEventListener.java : 27] - Navigated to:'https://www.baidu.com/'
2019-11-13 14:47:54,972 [main] DEBUG cn.ac.base.DriverBase [WebEventListener.java : 67] - 找到标签前 : By.id: kw
2019-11-13 14:47:54,982 [main] DEBUG cn.ac.base.DriverBase [WebEventListener.java : 71] - 找到标签后 : By.id: kw
2019-11-13 14:47:54,982 [main] DEBUG cn.ac.base.DriverBase [WebEventListener.java : 39] - 点击标签: [[ChromeDriver: chrome on XP (26cc52ee2aadc7630383f7bea217029d)] -> id: kw]之前执行...
2019-11-13 14:47:55,010 [main] DEBUG cn.ac.base.DriverBase [WebEventListener.java : 43] - 点击标签之后: [[ChromeDriver: chrome on XP (26cc52ee2aadc7630383f7bea217029d)] -> id: kw]之后执行...
2019-11-13 14:47:55,010 [main] DEBUG cn.ac.base.DriverBase [WebEventListener.java : 67] - 找到标签前 : By.id: kw
2019-11-13 14:47:55,018 [main] DEBUG cn.ac.base.DriverBase [WebEventListener.java : 71] - 找到标签后 : By.id: kw
2019-11-13 14:47:55,058 [main] DEBUG cn.ac.base.DriverBase [WebEventListener.java : 67] - 找到标签前 : By.cssSelector: .bdsug-overflow
2019-11-13 14:47:55,178 [main] DEBUG cn.ac.base.DriverBase [WebEventListener.java : 71] - 找到标签后 : By.cssSelector: .bdsug-overflow
2019-11-13 14:47:55,178 [main] DEBUG cn.ac.base.DriverBase [WebEventListener.java : 39] - 点击标签: [[ChromeDriver: chrome on XP (26cc52ee2aadc7630383f7bea217029d)] -> css selector: .bdsug-overflow]之前执行...
2019-11-13 14:47:55,209 [main] DEBUG cn.ac.base.DriverBase [WebEventListener.java : 43] - 点击标签之后: [[ChromeDriver: chrome on XP (26cc52ee2aadc7630383f7bea217029d)] -> css selector: .bdsug-overflow]之后执行...
2019-11-13 14:47:55,209 [main] DEBUG cn.ac.base.DriverBase [WebEventListener.java : 67] - 找到标签前 : By.id: su
2019-11-13 14:47:55,216 [main] DEBUG cn.ac.base.DriverBase [WebEventListener.java : 71] - 找到标签后 : By.id: su
2019-11-13 14:47:55,217 [main] DEBUG cn.ac.base.DriverBase [WebEventListener.java : 39] - 点击标签: [[ChromeDriver: chrome on XP (26cc52ee2aadc7630383f7bea217029d)] -> id: su]之前执行...
2019-11-13 14:47:55,250 [main] DEBUG cn.ac.base.DriverBase [WebEventListener.java : 43] - 点击标签之后: [[ChromeDriver: chrome on XP (26cc52ee2aadc7630383f7bea217029d)] -> id: su]之后执行...
2019-11-13 14:47:55,250 [main] DEBUG cn.ac.base.DriverBase [WebEventListener.java : 67] - 找到标签前 : By.id: su
2019-11-13 14:47:55,258 [main] DEBUG cn.ac.base.DriverBase [WebEventListener.java : 71] - 找到标签后 : By.id: su
2019-11-13 14:47:55,370 [main] DEBUG cn.ac.base.DriverBase [WebEventListener.java : 67] - 找到标签前 : By.tagName: body
2019-11-13 14:47:55,381 [main] DEBUG cn.ac.base.DriverBase [WebEventListener.java : 71] - 找到标签后 : By.tagName: body
2019-11-13 14:47:55,492 [main] DEBUG cn.ac.base.DriverBase [WebEventListener.java : 23] - Before navigating to: 'http://localhost:8010/public/saas/sam/admin/main/html/main.html'
2019-11-13 14:47:55,599 [main] DEBUG cn.ac.base.DriverBase [WebEventListener.java : 27] - Navigated to:'http://localhost:8010/public/saas/sam/admin/main/html/main.html'
2019-11-13 14:47:55,705 [main] DEBUG cn.ac.base.DriverBase [WebEventListener.java : 67] - 找到标签前 : By.name: login_user
2019-11-13 14:47:55,808 [main] DEBUG cn.ac.base.DriverBase [WebEventListener.java : 71] - 找到标签后 : By.name: login_user
2019-11-13 14:47:55,808 [main] DEBUG cn.ac.base.DriverBase [WebEventListener.java : 39] - 点击标签: [[ChromeDriver: chrome on XP (26cc52ee2aadc7630383f7bea217029d)] -> name: login_user]之前执行...
2019-11-13 14:47:55,852 [main] DEBUG cn.ac.base.DriverBase [WebEventListener.java : 43] - 点击标签之后: [[ChromeDriver: chrome on XP (26cc52ee2aadc7630383f7bea217029d)] -> name: login_user]之后执行...
2019-11-13 14:47:55,852 [main] DEBUG cn.ac.base.DriverBase [WebEventListener.java : 67] - 找到标签前 : By.name: login_user
2019-11-13 14:47:55,860 [main] DEBUG cn.ac.base.DriverBase [WebEventListener.java : 71] - 找到标签后 : By.name: login_user
2019-11-13 14:47:55,880 [main] DEBUG cn.ac.base.DriverBase [WebEventListener.java : 67] - 找到标签前 : By.name: login_pas
2019-11-13 14:47:55,890 [main] DEBUG cn.ac.base.DriverBase [WebEventListener.java : 71] - 找到标签后 : By.name: login_pas
2019-11-13 14:47:55,924 [main] DEBUG cn.ac.base.DriverBase [WebEventListener.java : 67] - 找到标签前 : By.name: login_pas
2019-11-13 14:47:55,932 [main] DEBUG cn.ac.base.DriverBase [WebEventListener.java : 71] - 找到标签后 : By.name: login_pas
2019-11-13 14:47:55,943 [main] DEBUG cn.ac.base.DriverBase [WebEventListener.java : 67] - 找到标签前 : By.cssSelector: .platformmune-list > li:nth-child(3) > span
2019-11-13 14:47:56,939 [main] DEBUG cn.ac.base.DriverBase [WebEventListener.java : 71] - 找到标签后 : By.cssSelector: .platformmune-list > li:nth-child(3) > span
2019-11-13 14:47:56,940 [main] DEBUG cn.ac.base.DriverBase [WebEventListener.java : 39] - 点击标签: [[ChromeDriver: chrome on XP (26cc52ee2aadc7630383f7bea217029d)] -> css selector: .platformmune-list > li:nth-child(3) > span]之前执行...
2019-11-13 14:47:56,969 [main] DEBUG cn.ac.base.DriverBase [WebEventListener.java : 43] - 点击标签之后: [[ChromeDriver: chrome on XP (26cc52ee2aadc7630383f7bea217029d)] -> css selector: .platformmune-list > li:nth-child(3) > span]之后执行...
2019-11-13 14:47:56,969 [main] DEBUG cn.ac.base.DriverBase [WebEventListener.java : 67] - 找到标签前 : By.xpath: //span[contains(.,'基础数据维护')]
2019-11-13 14:47:56,981 [main] DEBUG cn.ac.base.DriverBase [WebEventListener.java : 71] - 找到标签后 : By.xpath: //span[contains(.,'基础数据维护')]
2019-11-13 14:47:57,100 [main] DEBUG cn.ac.base.DriverBase [WebEventListener.java : 67] - 找到标签前 : By.xpath: //li[23]
2019-11-13 14:47:57,112 [main] DEBUG cn.ac.base.DriverBase [WebEventListener.java : 71] - 找到标签后 : By.xpath: //li[23]
2019-11-13 14:47:57,112 [main] DEBUG cn.ac.base.DriverBase [WebEventListener.java : 39] - 点击标签: [[ChromeDriver: chrome on XP (26cc52ee2aadc7630383f7bea217029d)] -> xpath: //li[23]]之前执行...
2019-11-13 14:47:57,147 [main] DEBUG cn.ac.base.DriverBase [WebEventListener.java : 43] - 点击标签之后: [[ChromeDriver: chrome on XP (26cc52ee2aadc7630383f7bea217029d)] -> xpath: //li[23]]之后执行...
2019-11-13 14:47:57,147 [main] DEBUG cn.ac.base.DriverBase [WebEventListener.java : 67] - 找到标签前 : By.cssSelector: .searchtoolbar-search-div
2019-11-13 14:47:57,319 [main] DEBUG cn.ac.base.DriverBase [WebEventListener.java : 71] - 找到标签后 : By.cssSelector: .searchtoolbar-search-div
2019-11-13 14:47:57,319 [main] DEBUG cn.ac.base.DriverBase [WebEventListener.java : 39] - 点击标签: [[ChromeDriver: chrome on XP (26cc52ee2aadc7630383f7bea217029d)] -> css selector: .searchtoolbar-search-div]之前执行...
2019-11-13 14:47:57,347 [main] DEBUG cn.ac.base.DriverBase [WebEventListener.java : 43] - 点击标签之后: [[ChromeDriver: chrome on XP (26cc52ee2aadc7630383f7bea217029d)] -> css selector: .searchtoolbar-search-div]之后执行...
2019-11-13 14:47:57,347 [main] DEBUG cn.ac.base.DriverBase [WebEventListener.java : 67] - 找到标签前 : By.cssSelector: .searchtoolbar-search-span
2019-11-13 14:47:57,357 [main] DEBUG cn.ac.base.DriverBase [WebEventListener.java : 71] - 找到标签后 : By.cssSelector: .searchtoolbar-search-span
2019-11-13 14:47:57,357 [main] DEBUG cn.ac.base.DriverBase [WebEventListener.java : 39] - 点击标签: [[ChromeDriver: chrome on XP (26cc52ee2aadc7630383f7bea217029d)] -> css selector: .searchtoolbar-search-span]之前执行...
2019-11-13 14:47:57,388 [main] DEBUG cn.ac.base.DriverBase [WebEventListener.java : 43] - 点击标签之后: [[ChromeDriver: chrome on XP (26cc52ee2aadc7630383f7bea217029d)] -> css selector: .searchtoolbar-search-span]之后执行...
2019-11-13 14:47:57,388 [main] DEBUG cn.ac.base.DriverBase [WebEventListener.java : 67] - 找到标签前 : By.cssSelector: .searchtoolbar-search-span
2019-11-13 14:47:57,396 [main] DEBUG cn.ac.base.DriverBase [WebEventListener.java : 71] - 找到标签后 : By.cssSelector: .searchtoolbar-search-span
