2020-11-23 15:29:53,902 [main] DEBUG cn.ac.util.WebEventListener [WebEventListener.java : 24] - Before navigating to: 'https://www.maersk.com.cn/tracking/#tracking/'
2020-11-23 15:29:53,906 [main] DEBUG cn.ac.util.WebEventListener [WebEventListener.java : 28] - Navigated to:'https://www.maersk.com.cn/tracking/#tracking/'
2020-11-23 15:29:54,169 [main] DEBUG cn.ac.util.WebEventListener [WebEventListener.java : 68] - 找到标签前 : By.id: trackShipmentSearch
2020-11-23 15:29:58,258 [main] DEBUG cn.ac.util.WebEventListener [WebEventListener.java : 72] - 找到标签后 : By.id: trackShipmentSearch
2020-11-23 15:29:58,262 [main] DEBUG cn.ac.util.WebEventListener [WebEventListener.java : 40] - 点击标签: [[ChromeDriver: chrome on WINDOWS (6fc32ba54eb16195695fce0e8c6e1ed5)] -> id: trackShipmentSearch]之前执行...
2020-11-23 15:29:58,298 [main] DEBUG cn.ac.util.WebEventListener [WebEventListener.java : 44] - 点击标签之后: [[ChromeDriver: chrome on WINDOWS (6fc32ba54eb16195695fce0e8c6e1ed5)] -> id: trackShipmentSearch]之后执行...
2020-11-23 15:29:58,299 [main] DEBUG cn.ac.util.WebEventListener [WebEventListener.java : 68] - 找到标签前 : By.id: trackShipmentSearch
2020-11-23 15:29:58,305 [main] DEBUG cn.ac.util.WebEventListener [WebEventListener.java : 72] - 找到标签后 : By.id: trackShipmentSearch
2020-11-23 15:29:58,339 [main] DEBUG cn.ac.util.WebEventListener [WebEventListener.java : 68] - 找到标签前 : By.cssSelector: .button
2020-11-23 15:29:58,348 [main] DEBUG cn.ac.util.WebEventListener [WebEventListener.java : 72] - 找到标签后 : By.cssSelector: .button
2020-11-23 15:29:58,348 [main] DEBUG cn.ac.util.WebEventListener [WebEventListener.java : 40] - 点击标签: [[ChromeDriver: chrome on WINDOWS (6fc32ba54eb16195695fce0e8c6e1ed5)] -> css selector: .button]之前执行...
2020-11-23 15:29:58,390 [main] DEBUG cn.ac.util.WebEventListener [WebEventListener.java : 44] - 点击标签之后: [[ChromeDriver: chrome on WINDOWS (6fc32ba54eb16195695fce0e8c6e1ed5)] -> css selector: .button]之后执行...
2020-11-23 15:29:58,390 [main] DEBUG cn.ac.util.WebEventListener [WebEventListener.java : 68] - 找到标签前 : By.xpath: //span[@class='pseudo-header--data-key']
2020-11-23 15:30:00,746 [main] DEBUG cn.ac.util.WebEventListener [WebEventListener.java : 72] - 找到标签后 : By.xpath: //span[@class='pseudo-header--data-key']
2020-11-23 15:30:50,183 [main] DEBUG cn.ac.util.WebEventListener [WebEventListener.java : 24] - Before navigating to: 'https://moc.oocl.com/party/cargotracking/ct_search_from_other_domain.jsf?ANONYMOUS_BEHAVIOR=BUILD_UP&domainName=PARTY_DOMAIN&ENTRY_TYPE=OOCL&ENTRY=MCC&ctSearchType=BC&ctShipmentNumber='
2020-11-23 15:30:50,191 [main] DEBUG cn.ac.util.WebEventListener [WebEventListener.java : 28] - Navigated to:'https://moc.oocl.com/party/cargotracking/ct_search_from_other_domain.jsf?ANONYMOUS_BEHAVIOR=BUILD_UP&domainName=PARTY_DOMAIN&ENTRY_TYPE=OOCL&ENTRY=MCC&ctSearchType=BC&ctShipmentNumber='
2020-11-23 15:31:20,494 [main] DEBUG cn.ac.util.WebEventListener [WebEventListener.java : 68] - 找到标签前 : By.id: nc_1_n1z
2020-11-23 15:31:20,505 [main] DEBUG cn.ac.util.WebEventListener [WebEventListener.java : 72] - 找到标签后 : By.id: nc_1_n1z
2020-11-23 15:31:20,984 [main] DEBUG cn.ac.util.WebEventListener [WebEventListener.java : 68] - 找到标签前 : By.id: nc_1_n1z
2020-11-23 15:31:20,989 [main] DEBUG cn.ac.util.WebEventListener [WebEventListener.java : 72] - 找到标签后 : By.id: nc_1_n1z
2020-11-23 15:31:20,990 [main] DEBUG cn.ac.util.WebEventListener [WebEventListener.java : 40] - 点击标签: [[ChromeDriver: chrome on WINDOWS (35d83f2c0990df39ae5abe2ea140bac1)] -> id: nc_1_n1z]之前执行...
2020-11-23 15:31:21,074 [main] DEBUG cn.ac.util.WebEventListener [WebEventListener.java : 44] - 点击标签之后: [[ChromeDriver: chrome on WINDOWS (35d83f2c0990df39ae5abe2ea140bac1)] -> id: nc_1_n1z]之后执行...
2020-11-23 15:41:10,539 [main] DEBUG cn.ac.util.WebEventListener [WebEventListener.java : 24] - Before navigating to: 'https://www.maersk.com.cn/tracking/#tracking/'
2020-11-23 15:41:12,836 [main] DEBUG cn.ac.util.WebEventListener [WebEventListener.java : 28] - Navigated to:'https://www.maersk.com.cn/tracking/#tracking/'
2020-11-23 15:42:15,444 [main] DEBUG cn.ac.util.WebEventListener [WebEventListener.java : 24] - Before navigating to: 'https://www.maersk.com.cn/tracking/#tracking/'
2020-11-23 15:42:18,999 [main] DEBUG cn.ac.util.WebEventListener [WebEventListener.java : 28] - Navigated to:'https://www.maersk.com.cn/tracking/#tracking/'
2020-11-23 15:42:21,422 [main] DEBUG cn.ac.util.WebEventListener [WebEventListener.java : 68] - 找到标签前 : By.id: trackShipmentSearch
2020-11-23 15:42:21,440 [main] DEBUG cn.ac.util.WebEventListener [WebEventListener.java : 72] - 找到标签后 : By.id: trackShipmentSearch
2020-11-23 15:42:21,446 [main] DEBUG cn.ac.util.WebEventListener [WebEventListener.java : 40] - 点击标签: [[ChromeDriver: chrome on WINDOWS (b8c0ebe98aac572954d8738de709ca1a)] -> id: trackShipmentSearch]之前执行...
2020-11-23 15:42:22,520 [main] DEBUG cn.ac.util.WebEventListener [WebEventListener.java : 64] - Exception occured: org.openqa.selenium.ElementClickInterceptedException: element click intercepted: Element <input type="text" value="" class="search-form__input" id="trackShipmentSearch" name="Search" required="" placeholder="Container/transport document no" maxlength="11" minlength="9" data-validation-message="true" data-validation-message-required="ao.track.search.validation.required" data-validation-message-minlength="ao.track.search.validation.minlength" data-validation-message-bolorcontainernumber="ao.track.search.validation.number" aria-label="_SEARCH" role="search" autocomplete="on" no-validate="" aria-required="true"> is not clickable at point (346, 263). Other element would receive the click: <div id="coiOverlay" role="banner" aria-hidden="false" style="display: flex;">...</div>
  (Session info: chrome=87.0.4280.66)
Build info: version: '4.0.0-alpha-1', revision: 'd1d3728cae', time: '2019-04-24T13:42:21'
System info: host: 'DESKTOP-16V47TI', ip: '192.168.0.176', os.name: 'Windows 10', os.arch: 'amd64', os.version: '10.0', java.version: '1.8.0_144'
Driver info: org.openqa.selenium.chrome.ChromeDriver
Capabilities {acceptInsecureCerts: false, browserName: chrome, browserVersion: 87.0.4280.66, chrome: {chromedriverVersion: 87.0.4280.20 (c99e81631faa0..., userDataDir: C:\Users\sybcheck\AppData\L...}, goog:chromeOptions: {debuggerAddress: localhost:10160}, javascriptEnabled: true, networkConnectionEnabled: false, pageLoadStrategy: normal, platform: WINDOWS, platformName: WINDOWS, proxy: Proxy(), setWindowRect: true, strictFileInteractability: false, timeouts: {implicit: 0, pageLoad: 300000, script: 30000}, unhandledPromptBehavior: dismiss and notify, webauthn:virtualAuthenticators: true}
Session ID: b8c0ebe98aac572954d8738de709ca1a
2020-11-23 15:44:03,823 [main] DEBUG cn.ac.util.WebEventListener [WebEventListener.java : 24] - Before navigating to: 'https://www.maersk.com.cn/tracking/#tracking/'
2020-11-23 15:44:06,586 [main] DEBUG cn.ac.util.WebEventListener [WebEventListener.java : 28] - Navigated to:'https://www.maersk.com.cn/tracking/#tracking/'
2020-11-23 15:44:08,818 [main] DEBUG cn.ac.util.WebEventListener [WebEventListener.java : 68] - 找到标签前 : By.id: trackShipmentSearch
2020-11-23 15:44:08,834 [main] DEBUG cn.ac.util.WebEventListener [WebEventListener.java : 72] - 找到标签后 : By.id: trackShipmentSearch
2020-11-23 15:44:08,839 [main] DEBUG cn.ac.util.WebEventListener [WebEventListener.java : 40] - 点击标签: [[ChromeDriver: chrome on WINDOWS (31324b9d596c2d8c564e891ca0b9b46d)] -> id: trackShipmentSearch]之前执行...
2020-11-23 15:44:09,910 [main] DEBUG cn.ac.util.WebEventListener [WebEventListener.java : 64] - Exception occured: org.openqa.selenium.ElementClickInterceptedException: element click intercepted: Element <input type="text" value="" class="search-form__input" id="trackShipmentSearch" name="Search" required="" placeholder="Container/transport document no" maxlength="11" minlength="9" data-validation-message="true" data-validation-message-required="ao.track.search.validation.required" data-validation-message-minlength="ao.track.search.validation.minlength" data-validation-message-bolorcontainernumber="ao.track.search.validation.number" aria-label="_SEARCH" role="search" autocomplete="on" no-validate="" aria-required="true"> is not clickable at point (346, 263). Other element would receive the click: <div id="coiOverlay" role="banner" aria-hidden="false" style="display: flex;">...</div>
  (Session info: chrome=87.0.4280.66)
Build info: version: '4.0.0-alpha-1', revision: 'd1d3728cae', time: '2019-04-24T13:42:21'
System info: host: 'DESKTOP-16V47TI', ip: '192.168.0.176', os.name: 'Windows 10', os.arch: 'amd64', os.version: '10.0', java.version: '1.8.0_144'
Driver info: org.openqa.selenium.chrome.ChromeDriver
Capabilities {acceptInsecureCerts: false, browserName: chrome, browserVersion: 87.0.4280.66, chrome: {chromedriverVersion: 87.0.4280.20 (c99e81631faa0..., userDataDir: C:\Users\sybcheck\AppData\L...}, goog:chromeOptions: {debuggerAddress: localhost:10431}, javascriptEnabled: true, networkConnectionEnabled: false, pageLoadStrategy: normal, platform: WINDOWS, platformName: WINDOWS, proxy: Proxy(), setWindowRect: true, strictFileInteractability: false, timeouts: {implicit: 0, pageLoad: 300000, script: 30000}, unhandledPromptBehavior: dismiss and notify, webauthn:virtualAuthenticators: true}
Session ID: 31324b9d596c2d8c564e891ca0b9b46d
2020-11-23 15:45:39,601 [main] DEBUG cn.ac.util.WebEventListener [WebEventListener.java : 24] - Before navigating to: 'https://www.maersk.com.cn/tracking/#tracking/'
2020-11-23 15:45:42,688 [main] DEBUG cn.ac.util.WebEventListener [WebEventListener.java : 28] - Navigated to:'https://www.maersk.com.cn/tracking/#tracking/'
2020-11-23 15:45:44,919 [main] DEBUG cn.ac.util.WebEventListener [WebEventListener.java : 68] - 找到标签前 : By.id: trackShipmentSearch
2020-11-23 15:45:44,935 [main] DEBUG cn.ac.util.WebEventListener [WebEventListener.java : 72] - 找到标签后 : By.id: trackShipmentSearch
2020-11-23 15:45:44,938 [main] DEBUG cn.ac.util.WebEventListener [WebEventListener.java : 40] - 点击标签: [[ChromeDriver: chrome on WINDOWS (3df2cd3279da9eddee0af1fadf27fe4d)] -> id: trackShipmentSearch]之前执行...
2020-11-23 15:45:46,037 [main] DEBUG cn.ac.util.WebEventListener [WebEventListener.java : 64] - Exception occured: org.openqa.selenium.ElementClickInterceptedException: element click intercepted: Element <input type="text" value="" class="search-form__input" id="trackShipmentSearch" name="Search" required="" placeholder="Container/transport document no" maxlength="11" minlength="9" data-validation-message="true" data-validation-message-required="ao.track.search.validation.required" data-validation-message-minlength="ao.track.search.validation.minlength" data-validation-message-bolorcontainernumber="ao.track.search.validation.number" aria-label="_SEARCH" role="search" autocomplete="on" no-validate="" aria-required="true"> is not clickable at point (346, 263). Other element would receive the click: <div id="coiOverlay" role="banner" aria-hidden="false" style="display: flex;">...</div>
  (Session info: chrome=87.0.4280.66)
Build info: version: '4.0.0-alpha-1', revision: 'd1d3728cae', time: '2019-04-24T13:42:21'
System info: host: 'DESKTOP-16V47TI', ip: '192.168.0.176', os.name: 'Windows 10', os.arch: 'amd64', os.version: '10.0', java.version: '1.8.0_144'
Driver info: org.openqa.selenium.chrome.ChromeDriver
Capabilities {acceptInsecureCerts: false, browserName: chrome, browserVersion: 87.0.4280.66, chrome: {chromedriverVersion: 87.0.4280.20 (c99e81631faa0..., userDataDir: C:\Users\sybcheck\AppData\L...}, goog:chromeOptions: {debuggerAddress: localhost:10755}, javascriptEnabled: true, networkConnectionEnabled: false, pageLoadStrategy: normal, platform: WINDOWS, platformName: WINDOWS, proxy: Proxy(), setWindowRect: true, strictFileInteractability: false, timeouts: {implicit: 0, pageLoad: 300000, script: 30000}, unhandledPromptBehavior: dismiss and notify, webauthn:virtualAuthenticators: true}
Session ID: 3df2cd3279da9eddee0af1fadf27fe4d
2020-11-23 15:46:05,910 [main] DEBUG cn.ac.util.WebEventListener [WebEventListener.java : 24] - Before navigating to: 'https://www.maersk.com.cn/tracking/#tracking/'
2020-11-23 15:46:07,608 [main] DEBUG cn.ac.util.WebEventListener [WebEventListener.java : 28] - Navigated to:'https://www.maersk.com.cn/tracking/#tracking/'
2020-11-23 15:46:09,833 [main] DEBUG cn.ac.util.WebEventListener [WebEventListener.java : 68] - 找到标签前 : By.id: trackShipmentSearch
2020-11-23 15:46:09,845 [main] DEBUG cn.ac.util.WebEventListener [WebEventListener.java : 72] - 找到标签后 : By.id: trackShipmentSearch
2020-11-23 15:46:09,850 [main] DEBUG cn.ac.util.WebEventListener [WebEventListener.java : 40] - 点击标签: [[ChromeDriver: chrome on WINDOWS (ca4dc1d2a8208bdac9ef01b3c5f43694)] -> id: trackShipmentSearch]之前执行...
2020-11-23 15:46:10,931 [main] DEBUG cn.ac.util.WebEventListener [WebEventListener.java : 64] - Exception occured: org.openqa.selenium.ElementClickInterceptedException: element click intercepted: Element <input type="text" value="" class="search-form__input" id="trackShipmentSearch" name="Search" required="" placeholder="Container/transport document no" maxlength="11" minlength="9" data-validation-message="true" data-validation-message-required="ao.track.search.validation.required" data-validation-message-minlength="ao.track.search.validation.minlength" data-validation-message-bolorcontainernumber="ao.track.search.validation.number" aria-label="_SEARCH" role="search" autocomplete="on" no-validate="" aria-required="true"> is not clickable at point (346, 263). Other element would receive the click: <div id="coiOverlay" role="banner" aria-hidden="false" style="display: flex;">...</div>
  (Session info: chrome=87.0.4280.66)
Build info: version: '4.0.0-alpha-1', revision: 'd1d3728cae', time: '2019-04-24T13:42:21'
System info: host: 'DESKTOP-16V47TI', ip: '192.168.0.176', os.name: 'Windows 10', os.arch: 'amd64', os.version: '10.0', java.version: '1.8.0_144'
Driver info: org.openqa.selenium.chrome.ChromeDriver
Capabilities {acceptInsecureCerts: false, browserName: chrome, browserVersion: 87.0.4280.66, chrome: {chromedriverVersion: 87.0.4280.20 (c99e81631faa0..., userDataDir: C:\Users\sybcheck\AppData\L...}, goog:chromeOptions: {debuggerAddress: localhost:10824}, javascriptEnabled: true, networkConnectionEnabled: false, pageLoadStrategy: normal, platform: WINDOWS, platformName: WINDOWS, proxy: Proxy(), setWindowRect: true, strictFileInteractability: false, timeouts: {implicit: 0, pageLoad: 300000, script: 30000}, unhandledPromptBehavior: dismiss and notify, webauthn:virtualAuthenticators: true}
Session ID: ca4dc1d2a8208bdac9ef01b3c5f43694
2020-11-23 15:48:54,184 [main] DEBUG cn.ac.util.WebEventListener [WebEventListener.java : 24] - Before navigating to: 'https://www.maersk.com.cn/tracking/#tracking/'
2020-11-23 15:48:55,624 [main] DEBUG cn.ac.util.WebEventListener [WebEventListener.java : 28] - Navigated to:'https://www.maersk.com.cn/tracking/#tracking/'
2020-11-23 15:48:57,809 [main] DEBUG cn.ac.util.WebEventListener [WebEventListener.java : 68] - 找到标签前 : By.id: trackShipmentSearch
2020-11-23 15:48:57,819 [main] DEBUG cn.ac.util.WebEventListener [WebEventListener.java : 72] - 找到标签后 : By.id: trackShipmentSearch
2020-11-23 15:48:57,874 [main] DEBUG cn.ac.util.WebEventListener [WebEventListener.java : 68] - 找到标签前 : By.cssSelector: .button
2020-11-23 15:48:57,883 [main] DEBUG cn.ac.util.WebEventListener [WebEventListener.java : 72] - 找到标签后 : By.cssSelector: .button
2020-11-23 15:48:57,884 [main] DEBUG cn.ac.util.WebEventListener [WebEventListener.java : 40] - 点击标签: [[ChromeDriver: chrome on WINDOWS (2dcc7ed97e9ca70248b2fe31984e2279)] -> css selector: .button]之前执行...
2020-11-23 15:48:58,944 [main] DEBUG cn.ac.util.WebEventListener [WebEventListener.java : 64] - Exception occured: org.openqa.selenium.ElementClickInterceptedException: element click intercepted: Element <button class="button button--primary button--right">...</button> is not clickable at point (678, 263). Other element would receive the click: <div class="coi-banner__header">...</div>
  (Session info: chrome=87.0.4280.66)
Build info: version: '4.0.0-alpha-1', revision: 'd1d3728cae', time: '2019-04-24T13:42:21'
System info: host: 'DESKTOP-16V47TI', ip: '192.168.0.176', os.name: 'Windows 10', os.arch: 'amd64', os.version: '10.0', java.version: '1.8.0_144'
Driver info: org.openqa.selenium.chrome.ChromeDriver
Capabilities {acceptInsecureCerts: false, browserName: chrome, browserVersion: 87.0.4280.66, chrome: {chromedriverVersion: 87.0.4280.20 (c99e81631faa0..., userDataDir: C:\Users\sybcheck\AppData\L...}, goog:chromeOptions: {debuggerAddress: localhost:11103}, javascriptEnabled: true, networkConnectionEnabled: false, pageLoadStrategy: normal, platform: WINDOWS, platformName: WINDOWS, proxy: Proxy(), setWindowRect: true, strictFileInteractability: false, timeouts: {implicit: 0, pageLoad: 300000, script: 30000}, unhandledPromptBehavior: dismiss and notify, webauthn:virtualAuthenticators: true}
Session ID: 2dcc7ed97e9ca70248b2fe31984e2279
2020-11-23 15:50:00,897 [main] DEBUG cn.ac.util.WebEventListener [WebEventListener.java : 24] - Before navigating to: 'https://www.maersk.com.cn/tracking/#tracking/'
2020-11-23 15:50:02,630 [main] DEBUG cn.ac.util.WebEventListener [WebEventListener.java : 28] - Navigated to:'https://www.maersk.com.cn/tracking/#tracking/'
2020-11-23 15:50:04,865 [main] DEBUG cn.ac.util.WebEventListener [WebEventListener.java : 68] - 找到标签前 : By.id: trackShipmentSearch
2020-11-23 15:50:04,879 [main] DEBUG cn.ac.util.WebEventListener [WebEventListener.java : 72] - 找到标签后 : By.id: trackShipmentSearch
2020-11-23 15:50:04,933 [main] DEBUG cn.ac.util.WebEventListener [WebEventListener.java : 68] - 找到标签前 : By.id: .button
2020-11-23 15:50:24,961 [main] DEBUG cn.ac.util.WebEventListener [WebEventListener.java : 64] - Exception occured: org.openqa.selenium.NoSuchElementException: no such element: Unable to locate element: {"method":"css selector","selector":"#\.button"}
  (Session info: chrome=87.0.4280.66)
For documentation on this error, please visit: https://www.seleniumhq.org/exceptions/no_such_element.html
Build info: version: '4.0.0-alpha-1', revision: 'd1d3728cae', time: '2019-04-24T13:42:21'
System info: host: 'DESKTOP-16V47TI', ip: '192.168.0.176', os.name: 'Windows 10', os.arch: 'amd64', os.version: '10.0', java.version: '1.8.0_144'
Driver info: org.openqa.selenium.chrome.ChromeDriver
Capabilities {acceptInsecureCerts: false, browserName: chrome, browserVersion: 87.0.4280.66, chrome: {chromedriverVersion: 87.0.4280.20 (c99e81631faa0..., userDataDir: C:\Users\sybcheck\AppData\L...}, goog:chromeOptions: {debuggerAddress: localhost:11222}, javascriptEnabled: true, networkConnectionEnabled: false, pageLoadStrategy: normal, platform: WINDOWS, platformName: WINDOWS, proxy: Proxy(), setWindowRect: true, strictFileInteractability: false, timeouts: {implicit: 0, pageLoad: 300000, script: 30000}, unhandledPromptBehavior: dismiss and notify, webauthn:virtualAuthenticators: true}
Session ID: 34c628e0bbc7ba0940971222d89fd341
*** Element info: {Using=id, value=.button}
2020-11-23 15:51:01,254 [main] DEBUG cn.ac.util.WebEventListener [WebEventListener.java : 24] - Before navigating to: 'https://www.maersk.com.cn/tracking/#tracking/'
2020-11-23 15:51:03,439 [main] DEBUG cn.ac.util.WebEventListener [WebEventListener.java : 28] - Navigated to:'https://www.maersk.com.cn/tracking/#tracking/'
2020-11-23 15:51:05,679 [main] DEBUG cn.ac.util.WebEventListener [WebEventListener.java : 68] - 找到标签前 : By.id: trackShipmentSearch
2020-11-23 15:51:05,691 [main] DEBUG cn.ac.util.WebEventListener [WebEventListener.java : 72] - 找到标签后 : By.id: trackShipmentSearch
2020-11-23 15:51:05,745 [main] DEBUG cn.ac.util.WebEventListener [WebEventListener.java : 68] - 找到标签前 : By.id: button
2020-11-23 15:51:25,796 [main] DEBUG cn.ac.util.WebEventListener [WebEventListener.java : 64] - Exception occured: org.openqa.selenium.NoSuchElementException: no such element: Unable to locate element: {"method":"css selector","selector":"#button"}
  (Session info: chrome=87.0.4280.66)
For documentation on this error, please visit: https://www.seleniumhq.org/exceptions/no_such_element.html
Build info: version: '4.0.0-alpha-1', revision: 'd1d3728cae', time: '2019-04-24T13:42:21'
System info: host: 'DESKTOP-16V47TI', ip: '192.168.0.176', os.name: 'Windows 10', os.arch: 'amd64', os.version: '10.0', java.version: '1.8.0_144'
Driver info: org.openqa.selenium.chrome.ChromeDriver
Capabilities {acceptInsecureCerts: false, browserName: chrome, browserVersion: 87.0.4280.66, chrome: {chromedriverVersion: 87.0.4280.20 (c99e81631faa0..., userDataDir: C:\Users\sybcheck\AppData\L...}, goog:chromeOptions: {debuggerAddress: localhost:11317}, javascriptEnabled: true, networkConnectionEnabled: false, pageLoadStrategy: normal, platform: WINDOWS, platformName: WINDOWS, proxy: Proxy(), setWindowRect: true, strictFileInteractability: false, timeouts: {implicit: 0, pageLoad: 300000, script: 30000}, unhandledPromptBehavior: dismiss and notify, webauthn:virtualAuthenticators: true}
Session ID: ed8a2a54a9a75808386e9e81e52d7aab
*** Element info: {Using=id, value=button}
2020-11-23 15:53:13,800 [main] DEBUG cn.ac.util.WebEventListener [WebEventListener.java : 24] - Before navigating to: 'https://www.maersk.com.cn/tracking/#tracking/'
2020-11-23 15:53:15,986 [main] DEBUG cn.ac.util.WebEventListener [WebEventListener.java : 28] - Navigated to:'https://www.maersk.com.cn/tracking/#tracking/'
2020-11-23 15:53:18,210 [main] DEBUG cn.ac.util.WebEventListener [WebEventListener.java : 68] - 找到标签前 : By.id: trackShipmentSearch
2020-11-23 15:53:18,223 [main] DEBUG cn.ac.util.WebEventListener [WebEventListener.java : 72] - 找到标签后 : By.id: trackShipmentSearch
2020-11-23 15:53:18,275 [main] DEBUG cn.ac.util.WebEventListener [WebEventListener.java : 68] - 找到标签前 : By.xpath: //button[@class='button--primary']
2020-11-23 15:53:38,342 [main] DEBUG cn.ac.util.WebEventListener [WebEventListener.java : 64] - Exception occured: org.openqa.selenium.NoSuchElementException: no such element: Unable to locate element: {"method":"xpath","selector":"//button[@class='button--primary']"}
  (Session info: chrome=87.0.4280.66)
For documentation on this error, please visit: https://www.seleniumhq.org/exceptions/no_such_element.html
Build info: version: '4.0.0-alpha-1', revision: 'd1d3728cae', time: '2019-04-24T13:42:21'
System info: host: 'DESKTOP-16V47TI', ip: '192.168.0.176', os.name: 'Windows 10', os.arch: 'amd64', os.version: '10.0', java.version: '1.8.0_144'
Driver info: org.openqa.selenium.chrome.ChromeDriver
Capabilities {acceptInsecureCerts: false, browserName: chrome, browserVersion: 87.0.4280.66, chrome: {chromedriverVersion: 87.0.4280.20 (c99e81631faa0..., userDataDir: C:\Users\sybcheck\AppData\L...}, goog:chromeOptions: {debuggerAddress: localhost:11710}, javascriptEnabled: true, networkConnectionEnabled: false, pageLoadStrategy: normal, platform: WINDOWS, platformName: WINDOWS, proxy: Proxy(), setWindowRect: true, strictFileInteractability: false, timeouts: {implicit: 0, pageLoad: 300000, script: 30000}, unhandledPromptBehavior: dismiss and notify, webauthn:virtualAuthenticators: true}
Session ID: e3978a0c6c7c6626e0a70bfd3539c9a4
*** Element info: {Using=xpath, value=//button[@class='button--primary']}
2020-11-23 15:54:30,468 [main] DEBUG cn.ac.util.WebEventListener [WebEventListener.java : 24] - Before navigating to: 'https://www.maersk.com.cn/tracking/#tracking/'
2020-11-23 15:54:36,188 [main] DEBUG cn.ac.util.WebEventListener [WebEventListener.java : 28] - Navigated to:'https://www.maersk.com.cn/tracking/#tracking/'
2020-11-23 15:54:38,412 [main] DEBUG cn.ac.util.WebEventListener [WebEventListener.java : 68] - 找到标签前 : By.id: trackShipmentSearch
2020-11-23 15:54:38,426 [main] DEBUG cn.ac.util.WebEventListener [WebEventListener.java : 72] - 找到标签后 : By.id: trackShipmentSearch
2020-11-23 15:54:38,478 [main] DEBUG cn.ac.util.WebEventListener [WebEventListener.java : 68] - 找到标签前 : By.xpath: //button[@class='button button--primary button--right']
2020-11-23 15:54:38,490 [main] DEBUG cn.ac.util.WebEventListener [WebEventListener.java : 72] - 找到标签后 : By.xpath: //button[@class='button button--primary button--right']
2020-11-23 15:54:38,490 [main] DEBUG cn.ac.util.WebEventListener [WebEventListener.java : 40] - 点击标签: [[ChromeDriver: chrome on WINDOWS (9b2e17641ec1ad6fb73ae55c3b257f98)] -> xpath: //button[@class='button button--primary button--right']]之前执行...
2020-11-23 15:54:39,591 [main] DEBUG cn.ac.util.WebEventListener [WebEventListener.java : 64] - Exception occured: org.openqa.selenium.ElementClickInterceptedException: element click intercepted: Element <button class="button button--primary button--right">...</button> is not clickable at point (408, 240). Other element would receive the click: <div id="coiOverlay" role="banner" aria-hidden="false" style="display: flex;">...</div>
  (Session info: chrome=87.0.4280.66)
Build info: version: '4.0.0-alpha-1', revision: 'd1d3728cae', time: '2019-04-24T13:42:21'
System info: host: 'DESKTOP-16V47TI', ip: '192.168.0.176', os.name: 'Windows 10', os.arch: 'amd64', os.version: '10.0', java.version: '1.8.0_144'
Driver info: org.openqa.selenium.chrome.ChromeDriver
Capabilities {acceptInsecureCerts: false, browserName: chrome, browserVersion: 87.0.4280.66, chrome: {chromedriverVersion: 87.0.4280.20 (c99e81631faa0..., userDataDir: C:\Users\sybcheck\AppData\L...}, goog:chromeOptions: {debuggerAddress: localhost:11836}, javascriptEnabled: true, networkConnectionEnabled: false, pageLoadStrategy: normal, platform: WINDOWS, platformName: WINDOWS, proxy: Proxy(), setWindowRect: true, strictFileInteractability: false, timeouts: {implicit: 0, pageLoad: 300000, script: 30000}, unhandledPromptBehavior: dismiss and notify, webauthn:virtualAuthenticators: true}
Session ID: 9b2e17641ec1ad6fb73ae55c3b257f98
2020-11-23 15:55:59,264 [main] DEBUG cn.ac.util.WebEventListener [WebEventListener.java : 24] - Before navigating to: 'https://www.maersk.com.cn/tracking/#tracking/'
2020-11-23 15:56:02,522 [main] DEBUG cn.ac.util.WebEventListener [WebEventListener.java : 28] - Navigated to:'https://www.maersk.com.cn/tracking/#tracking/'
2020-11-23 15:56:04,765 [main] DEBUG cn.ac.util.WebEventListener [WebEventListener.java : 68] - 找到标签前 : By.id: trackShipmentSearch
2020-11-23 15:56:04,777 [main] DEBUG cn.ac.util.WebEventListener [WebEventListener.java : 72] - 找到标签后 : By.id: trackShipmentSearch
2020-11-23 15:56:04,954 [main] DEBUG cn.ac.util.WebEventListener [WebEventListener.java : 68] - 找到标签前 : By.xpath: //button[@class='button button--primary button--right']
2020-11-23 15:56:04,966 [main] DEBUG cn.ac.util.WebEventListener [WebEventListener.java : 72] - 找到标签后 : By.xpath: //button[@class='button button--primary button--right']
2020-11-23 15:56:04,966 [main] DEBUG cn.ac.util.WebEventListener [WebEventListener.java : 40] - 点击标签: [[ChromeDriver: chrome on WINDOWS (4c5472c5c2c552474d4de4ff7ad3940e)] -> xpath: //button[@class='button button--primary button--right']]之前执行...
2020-11-23 15:56:06,030 [main] DEBUG cn.ac.util.WebEventListener [WebEventListener.java : 64] - Exception occured: org.openqa.selenium.ElementClickInterceptedException: element click intercepted: Element <button class="button button--primary button--right">...</button> is not clickable at point (678, 263). Other element would receive the click: <div class="coi-banner__header">...</div>
  (Session info: chrome=87.0.4280.66)
Build info: version: '4.0.0-alpha-1', revision: 'd1d3728cae', time: '2019-04-24T13:42:21'
System info: host: 'DESKTOP-16V47TI', ip: '192.168.0.176', os.name: 'Windows 10', os.arch: 'amd64', os.version: '10.0', java.version: '1.8.0_144'
Driver info: org.openqa.selenium.chrome.ChromeDriver
Capabilities {acceptInsecureCerts: false, browserName: chrome, browserVersion: 87.0.4280.66, chrome: {chromedriverVersion: 87.0.4280.20 (c99e81631faa0..., userDataDir: C:\Users\sybcheck\AppData\L...}, goog:chromeOptions: {debuggerAddress: localhost:12006}, javascriptEnabled: true, networkConnectionEnabled: false, pageLoadStrategy: normal, platform: WINDOWS, platformName: WINDOWS, proxy: Proxy(), setWindowRect: true, strictFileInteractability: false, timeouts: {implicit: 0, pageLoad: 300000, script: 30000}, unhandledPromptBehavior: dismiss and notify, webauthn:virtualAuthenticators: true}
Session ID: 4c5472c5c2c552474d4de4ff7ad3940e
2020-11-23 15:56:50,410 [main] DEBUG cn.ac.util.WebEventListener [WebEventListener.java : 24] - Before navigating to: 'https://www.maersk.com.cn/tracking/#tracking/'
2020-11-23 15:56:52,518 [main] DEBUG cn.ac.util.WebEventListener [WebEventListener.java : 28] - Navigated to:'https://www.maersk.com.cn/tracking/#tracking/'
2020-11-23 15:56:54,757 [main] DEBUG cn.ac.util.WebEventListener [WebEventListener.java : 68] - 找到标签前 : By.id: trackShipmentSearch
2020-11-23 15:56:54,792 [main] DEBUG cn.ac.util.WebEventListener [WebEventListener.java : 72] - 找到标签后 : By.id: trackShipmentSearch
2020-11-23 15:56:54,840 [main] DEBUG cn.ac.util.WebEventListener [WebEventListener.java : 68] - 找到标签前 : By.xpath: //button[@class='button button--primary button--right']
2020-11-23 15:56:54,854 [main] DEBUG cn.ac.util.WebEventListener [WebEventListener.java : 72] - 找到标签后 : By.xpath: //button[@class='button button--primary button--right']
2020-11-23 15:56:54,855 [main] DEBUG cn.ac.util.WebEventListener [WebEventListener.java : 40] - 点击标签: [[ChromeDriver: chrome on WINDOWS (2ff1f26f2622ad7fb0c20779b6dd79bc)] -> xpath: //button[@class='button button--primary button--right']]之前执行...
2020-11-23 15:56:55,910 [main] DEBUG cn.ac.util.WebEventListener [WebEventListener.java : 64] - Exception occured: org.openqa.selenium.ElementClickInterceptedException: element click intercepted: Element <button class="button button--primary button--right">...</button> is not clickable at point (678, 263). Other element would receive the click: <div class="coi-banner__header">...</div>
  (Session info: chrome=87.0.4280.66)
Build info: version: '4.0.0-alpha-1', revision: 'd1d3728cae', time: '2019-04-24T13:42:21'
System info: host: 'DESKTOP-16V47TI', ip: '192.168.0.176', os.name: 'Windows 10', os.arch: 'amd64', os.version: '10.0', java.version: '1.8.0_144'
Driver info: org.openqa.selenium.chrome.ChromeDriver
Capabilities {acceptInsecureCerts: false, browserName: chrome, browserVersion: 87.0.4280.66, chrome: {chromedriverVersion: 87.0.4280.20 (c99e81631faa0..., userDataDir: C:\Users\sybcheck\AppData\L...}, goog:chromeOptions: {debuggerAddress: localhost:12110}, javascriptEnabled: true, networkConnectionEnabled: false, pageLoadStrategy: normal, platform: WINDOWS, platformName: WINDOWS, proxy: Proxy(), setWindowRect: true, strictFileInteractability: false, timeouts: {implicit: 0, pageLoad: 300000, script: 30000}, unhandledPromptBehavior: dismiss and notify, webauthn:virtualAuthenticators: true}
Session ID: 2ff1f26f2622ad7fb0c20779b6dd79bc
2020-11-23 15:58:09,092 [main] DEBUG cn.ac.util.WebEventListener [WebEventListener.java : 24] - Before navigating to: 'https://www.maersk.com.cn/tracking/#tracking/'
2020-11-23 15:58:13,632 [main] DEBUG cn.ac.util.WebEventListener [WebEventListener.java : 28] - Navigated to:'https://www.maersk.com.cn/tracking/#tracking/'
2020-11-23 15:58:15,875 [main] DEBUG cn.ac.util.WebEventListener [WebEventListener.java : 68] - 找到标签前 : By.id: trackShipmentSearch
2020-11-23 15:58:15,887 [main] DEBUG cn.ac.util.WebEventListener [WebEventListener.java : 72] - 找到标签后 : By.id: trackShipmentSearch
2020-11-23 15:58:16,077 [main] DEBUG cn.ac.util.WebEventListener [WebEventListener.java : 68] - 找到标签前 : By.xpath: //button[@class='button--primary']
2020-11-23 15:58:36,117 [main] DEBUG cn.ac.util.WebEventListener [WebEventListener.java : 64] - Exception occured: org.openqa.selenium.NoSuchElementException: no such element: Unable to locate element: {"method":"xpath","selector":"//button[@class='button--primary']"}
  (Session info: chrome=87.0.4280.66)
For documentation on this error, please visit: https://www.seleniumhq.org/exceptions/no_such_element.html
Build info: version: '4.0.0-alpha-1', revision: 'd1d3728cae', time: '2019-04-24T13:42:21'
System info: host: 'DESKTOP-16V47TI', ip: '192.168.0.176', os.name: 'Windows 10', os.arch: 'amd64', os.version: '10.0', java.version: '1.8.0_144'
Driver info: org.openqa.selenium.chrome.ChromeDriver
Capabilities {acceptInsecureCerts: false, browserName: chrome, browserVersion: 87.0.4280.66, chrome: {chromedriverVersion: 87.0.4280.20 (c99e81631faa0..., userDataDir: C:\Users\sybcheck\AppData\L...}, goog:chromeOptions: {debuggerAddress: localhost:12263}, javascriptEnabled: true, networkConnectionEnabled: false, pageLoadStrategy: normal, platform: WINDOWS, platformName: WINDOWS, proxy: Proxy(), setWindowRect: true, strictFileInteractability: false, timeouts: {implicit: 0, pageLoad: 300000, script: 30000}, unhandledPromptBehavior: dismiss and notify, webauthn:virtualAuthenticators: true}
Session ID: eaf59c131f53fab60fb69161fa28037e
*** Element info: {Using=xpath, value=//button[@class='button--primary']}
2020-11-23 15:59:30,825 [main] DEBUG cn.ac.util.WebEventListener [WebEventListener.java : 24] - Before navigating to: 'https://www.maersk.com.cn/tracking/#tracking/'
2020-11-23 15:59:35,230 [main] DEBUG cn.ac.util.WebEventListener [WebEventListener.java : 28] - Navigated to:'https://www.maersk.com.cn/tracking/#tracking/'
2020-11-23 15:59:37,463 [main] DEBUG cn.ac.util.WebEventListener [WebEventListener.java : 68] - 找到标签前 : By.id: trackShipmentSearch
2020-11-23 15:59:37,475 [main] DEBUG cn.ac.util.WebEventListener [WebEventListener.java : 72] - 找到标签后 : By.id: trackShipmentSearch
2020-11-23 15:59:37,654 [main] DEBUG cn.ac.util.WebEventListener [WebEventListener.java : 68] - 找到标签前 : By.xpath: //button[@class='coi-banner__accept']
2020-11-23 15:59:37,667 [main] DEBUG cn.ac.util.WebEventListener [WebEventListener.java : 72] - 找到标签后 : By.xpath: //button[@class='coi-banner__accept']
2020-11-23 15:59:37,667 [main] DEBUG cn.ac.util.WebEventListener [WebEventListener.java : 40] - 点击标签: [[ChromeDriver: chrome on WINDOWS (5d45a1d7269bcbaf2d7a7d0d3be1e93d)] -> xpath: //button[@class='coi-banner__accept']]之前执行...
2020-11-23 15:59:37,722 [main] DEBUG cn.ac.util.WebEventListener [WebEventListener.java : 44] - 点击标签之后: [[ChromeDriver: chrome on WINDOWS (5d45a1d7269bcbaf2d7a7d0d3be1e93d)] -> xpath: //button[@class='coi-banner__accept']]之后执行...
2020-11-23 15:59:37,722 [main] DEBUG cn.ac.util.WebEventListener [WebEventListener.java : 68] - 找到标签前 : By.xpath: //button[@class='button button--primary button--right']
2020-11-23 15:59:37,736 [main] DEBUG cn.ac.util.WebEventListener [WebEventListener.java : 72] - 找到标签后 : By.xpath: //button[@class='button button--primary button--right']
2020-11-23 15:59:37,736 [main] DEBUG cn.ac.util.WebEventListener [WebEventListener.java : 40] - 点击标签: [[ChromeDriver: chrome on WINDOWS (5d45a1d7269bcbaf2d7a7d0d3be1e93d)] -> xpath: //button[@class='button button--primary button--right']]之前执行...
2020-11-23 15:59:37,788 [main] DEBUG cn.ac.util.WebEventListener [WebEventListener.java : 44] - 点击标签之后: [[ChromeDriver: chrome on WINDOWS (5d45a1d7269bcbaf2d7a7d0d3be1e93d)] -> xpath: //button[@class='button button--primary button--right']]之后执行...
2020-11-23 15:59:37,789 [main] DEBUG cn.ac.util.WebEventListener [WebEventListener.java : 68] - 找到标签前 : By.xpath: //span[@class='pseudo-header--data-key']
2020-11-23 15:59:39,082 [main] DEBUG cn.ac.util.WebEventListener [WebEventListener.java : 72] - 找到标签后 : By.xpath: //span[@class='pseudo-header--data-key']
