2020-11-23 10:38:44,793 [main] DEBUG cn.ac.util.WebEventListener [WebEventListener.java : 24] - Before navigating to: 'https://moc.oocl.com/party/cargotracking/ct_search_from_other_domain.jsf?ANONYMOUS_BEHAVIOR=BUILD_UP&domainName=PARTY_DOMAIN&ENTRY_TYPE=OOCL&ENTRY=MCC&ctSearchType=BC&ctShipmentNumber='
2020-11-23 10:38:44,803 [main] DEBUG cn.ac.util.WebEventListener [WebEventListener.java : 28] - Navigated to:'https://moc.oocl.com/party/cargotracking/ct_search_from_other_domain.jsf?ANONYMOUS_BEHAVIOR=BUILD_UP&domainName=PARTY_DOMAIN&ENTRY_TYPE=OOCL&ENTRY=MCC&ctSearchType=BC&ctShipmentNumber='
2020-11-23 10:38:45,250 [main] DEBUG cn.ac.util.WebEventListener [WebEventListener.java : 64] - Exception occured: org.openqa.selenium.JavascriptException: javascript error: Cannot read property 'outerHTML' of null
  (Session info: headless chrome=88.0.4315.5)
Build info: version: '4.0.0-alpha-1', revision: 'd1d3728cae', time: '2019-04-24T13:42:21'
System info: host: 'DESKTOP-16V47TI', ip: '192.168.0.176', os.name: 'Windows 10', os.arch: 'amd64', os.version: '10.0', java.version: '1.8.0_144'
Driver info: org.openqa.selenium.chrome.ChromeDriver
Capabilities {acceptInsecureCerts: false, browserName: chrome, browserVersion: 88.0.4315.5, chrome: {chromedriverVersion: 87.0.4280.20 (c99e81631faa0..., userDataDir: C:\Users\sybcheck\AppData\L...}, goog:chromeOptions: {debuggerAddress: localhost:6478}, javascriptEnabled: true, networkConnectionEnabled: false, pageLoadStrategy: none, platform: WINDOWS, platformName: WINDOWS, proxy: Proxy(), setWindowRect: true, strictFileInteractability: false, timeouts: {implicit: 0, pageLoad: 300000, script: 30000}, unhandledPromptBehavior: dismiss and notify, webauthn:virtualAuthenticators: true}
Session ID: 5d9c831fa37a02ed237269d885b0fff3
2020-11-23 10:39:32,258 [main] DEBUG cn.ac.util.WebEventListener [WebEventListener.java : 24] - Before navigating to: 'https://moc.oocl.com/party/cargotracking/ct_search_from_other_domain.jsf?ANONYMOUS_BEHAVIOR=BUILD_UP&domainName=PARTY_DOMAIN&ENTRY_TYPE=OOCL&ENTRY=MCC&ctSearchType=BC&ctShipmentNumber='
2020-11-23 10:39:32,261 [main] DEBUG cn.ac.util.WebEventListener [WebEventListener.java : 28] - Navigated to:'https://moc.oocl.com/party/cargotracking/ct_search_from_other_domain.jsf?ANONYMOUS_BEHAVIOR=BUILD_UP&domainName=PARTY_DOMAIN&ENTRY_TYPE=OOCL&ENTRY=MCC&ctSearchType=BC&ctShipmentNumber='
2020-11-23 10:39:32,962 [main] DEBUG cn.ac.util.WebEventListener [WebEventListener.java : 64] - Exception occured: org.openqa.selenium.JavascriptException: javascript error: Cannot read property 'outerHTML' of null
  (Session info: headless chrome=88.0.4315.5)
Build info: version: '4.0.0-alpha-1', revision: 'd1d3728cae', time: '2019-04-24T13:42:21'
System info: host: 'DESKTOP-16V47TI', ip: '192.168.0.176', os.name: 'Windows 10', os.arch: 'amd64', os.version: '10.0', java.version: '1.8.0_144'
Driver info: org.openqa.selenium.chrome.ChromeDriver
Capabilities {acceptInsecureCerts: false, browserName: chrome, browserVersion: 88.0.4315.5, chrome: {chromedriverVersion: 87.0.4280.20 (c99e81631faa0..., userDataDir: C:\Users\sybcheck\AppData\L...}, goog:chromeOptions: {debuggerAddress: localhost:6551}, javascriptEnabled: true, networkConnectionEnabled: false, pageLoadStrategy: none, platform: WINDOWS, platformName: WINDOWS, proxy: Proxy(), setWindowRect: true, strictFileInteractability: false, timeouts: {implicit: 0, pageLoad: 300000, script: 30000}, unhandledPromptBehavior: dismiss and notify, webauthn:virtualAuthenticators: true}
Session ID: 7620cfcd749ac0500e9f342697661445
2020-11-23 10:40:15,696 [main] DEBUG cn.ac.util.WebEventListener [WebEventListener.java : 24] - Before navigating to: 'https://moc.oocl.com/party/cargotracking/ct_search_from_other_domain.jsf?ANONYMOUS_BEHAVIOR=BUILD_UP&domainName=PARTY_DOMAIN&ENTRY_TYPE=OOCL&ENTRY=MCC&ctSearchType=BC&ctShipmentNumber='
2020-11-23 10:40:15,701 [main] DEBUG cn.ac.util.WebEventListener [WebEventListener.java : 28] - Navigated to:'https://moc.oocl.com/party/cargotracking/ct_search_from_other_domain.jsf?ANONYMOUS_BEHAVIOR=BUILD_UP&domainName=PARTY_DOMAIN&ENTRY_TYPE=OOCL&ENTRY=MCC&ctSearchType=BC&ctShipmentNumber='
2020-11-23 10:40:16,083 [main] DEBUG cn.ac.util.WebEventListener [WebEventListener.java : 64] - Exception occured: org.openqa.selenium.JavascriptException: javascript error: Cannot read property 'outerHTML' of null
  (Session info: headless chrome=88.0.4315.5)
Build info: version: '4.0.0-alpha-1', revision: 'd1d3728cae', time: '2019-04-24T13:42:21'
System info: host: 'DESKTOP-16V47TI', ip: '192.168.0.176', os.name: 'Windows 10', os.arch: 'amd64', os.version: '10.0', java.version: '1.8.0_144'
Driver info: org.openqa.selenium.chrome.ChromeDriver
Capabilities {acceptInsecureCerts: false, browserName: chrome, browserVersion: 88.0.4315.5, chrome: {chromedriverVersion: 87.0.4280.20 (c99e81631faa0..., userDataDir: C:\Users\sybcheck\AppData\L...}, goog:chromeOptions: {debuggerAddress: localhost:6628}, javascriptEnabled: true, networkConnectionEnabled: false, pageLoadStrategy: none, platform: WINDOWS, platformName: WINDOWS, proxy: Proxy(), setWindowRect: true, strictFileInteractability: false, timeouts: {implicit: 0, pageLoad: 300000, script: 30000}, unhandledPromptBehavior: dismiss and notify, webauthn:virtualAuthenticators: true}
Session ID: a889bc2843d4313affab918bd8bceeee
2020-11-23 10:40:44,128 [main] DEBUG cn.ac.util.WebEventListener [WebEventListener.java : 24] - Before navigating to: 'https://www.maersk.com.cn/tracking/#tracking/'
2020-11-23 10:40:44,133 [main] DEBUG cn.ac.util.WebEventListener [WebEventListener.java : 28] - Navigated to:'https://www.maersk.com.cn/tracking/#tracking/'
2020-11-23 10:40:44,544 [main] DEBUG cn.ac.util.WebEventListener [WebEventListener.java : 64] - Exception occured: org.openqa.selenium.JavascriptException: javascript error: Cannot read property 'outerHTML' of null
  (Session info: headless chrome=88.0.4315.5)
Build info: version: '4.0.0-alpha-1', revision: 'd1d3728cae', time: '2019-04-24T13:42:21'
System info: host: 'DESKTOP-16V47TI', ip: '192.168.0.176', os.name: 'Windows 10', os.arch: 'amd64', os.version: '10.0', java.version: '1.8.0_144'
Driver info: org.openqa.selenium.chrome.ChromeDriver
Capabilities {acceptInsecureCerts: false, browserName: chrome, browserVersion: 88.0.4315.5, chrome: {chromedriverVersion: 87.0.4280.20 (c99e81631faa0..., userDataDir: C:\Users\sybcheck\AppData\L...}, goog:chromeOptions: {debuggerAddress: localhost:6695}, javascriptEnabled: true, networkConnectionEnabled: false, pageLoadStrategy: none, platform: WINDOWS, platformName: WINDOWS, proxy: Proxy(), setWindowRect: true, strictFileInteractability: false, timeouts: {implicit: 0, pageLoad: 300000, script: 30000}, unhandledPromptBehavior: dismiss and notify, webauthn:virtualAuthenticators: true}
Session ID: 207f7b1afede82cd7d86ae611e31aebd
2020-11-23 10:41:30,551 [main] DEBUG cn.ac.util.WebEventListener [WebEventListener.java : 24] - Before navigating to: 'https://www.maersk.com.cn/tracking/#tracking/'
2020-11-23 10:41:30,555 [main] DEBUG cn.ac.util.WebEventListener [WebEventListener.java : 28] - Navigated to:'https://www.maersk.com.cn/tracking/#tracking/'
2020-11-23 10:41:30,890 [main] DEBUG cn.ac.util.WebEventListener [WebEventListener.java : 64] - Exception occured: org.openqa.selenium.JavascriptException: javascript error: Cannot read property 'outerHTML' of null
  (Session info: headless chrome=88.0.4315.5)
Build info: version: '4.0.0-alpha-1', revision: 'd1d3728cae', time: '2019-04-24T13:42:21'
System info: host: 'DESKTOP-16V47TI', ip: '192.168.0.176', os.name: 'Windows 10', os.arch: 'amd64', os.version: '10.0', java.version: '1.8.0_144'
Driver info: org.openqa.selenium.chrome.ChromeDriver
Capabilities {acceptInsecureCerts: false, browserName: chrome, browserVersion: 88.0.4315.5, chrome: {chromedriverVersion: 87.0.4280.20 (c99e81631faa0..., userDataDir: C:\Users\sybcheck\AppData\L...}, goog:chromeOptions: {debuggerAddress: localhost:6770}, javascriptEnabled: true, networkConnectionEnabled: false, pageLoadStrategy: none, platform: WINDOWS, platformName: WINDOWS, proxy: Proxy(), setWindowRect: true, strictFileInteractability: false, timeouts: {implicit: 0, pageLoad: 300000, script: 30000}, unhandledPromptBehavior: dismiss and notify, webauthn:virtualAuthenticators: true}
Session ID: 5b0f71c2909eb55fd411ce2add7ce2c8
2020-11-23 10:43:18,856 [main] DEBUG cn.ac.util.WebEventListener [WebEventListener.java : 24] - Before navigating to: 'https://www.baidu.com/'
2020-11-23 10:43:18,861 [main] DEBUG cn.ac.util.WebEventListener [WebEventListener.java : 28] - Navigated to:'https://www.baidu.com/'
2020-11-23 10:43:19,058 [main] DEBUG cn.ac.util.WebEventListener [WebEventListener.java : 64] - Exception occured: org.openqa.selenium.JavascriptException: javascript error: Cannot read property 'outerHTML' of null
  (Session info: headless chrome=88.0.4315.5)
Build info: version: '4.0.0-alpha-1', revision: 'd1d3728cae', time: '2019-04-24T13:42:21'
System info: host: 'DESKTOP-16V47TI', ip: '192.168.0.176', os.name: 'Windows 10', os.arch: 'amd64', os.version: '10.0', java.version: '1.8.0_144'
Driver info: org.openqa.selenium.chrome.ChromeDriver
Capabilities {acceptInsecureCerts: false, browserName: chrome, browserVersion: 88.0.4315.5, chrome: {chromedriverVersion: 87.0.4280.20 (c99e81631faa0..., userDataDir: C:\Users\sybcheck\AppData\L...}, goog:chromeOptions: {debuggerAddress: localhost:6940}, javascriptEnabled: true, networkConnectionEnabled: false, pageLoadStrategy: none, platform: WINDOWS, platformName: WINDOWS, proxy: Proxy(), setWindowRect: true, strictFileInteractability: false, timeouts: {implicit: 0, pageLoad: 300000, script: 30000}, unhandledPromptBehavior: dismiss and notify, webauthn:virtualAuthenticators: true}
Session ID: 2cff3978aadb24e5a0276430859c748c
2020-11-23 10:44:06,242 [main] DEBUG cn.ac.util.WebEventListener [WebEventListener.java : 24] - Before navigating to: 'https://www.baidu.com/'
2020-11-23 10:44:06,247 [main] DEBUG cn.ac.util.WebEventListener [WebEventListener.java : 28] - Navigated to:'https://www.baidu.com/'
2020-11-23 10:44:06,410 [main] DEBUG cn.ac.util.WebEventListener [WebEventListener.java : 64] - Exception occured: org.openqa.selenium.JavascriptException: javascript error: Cannot read property 'outerHTML' of null
  (Session info: headless chrome=88.0.4315.5)
Build info: version: '4.0.0-alpha-1', revision: 'd1d3728cae', time: '2019-04-24T13:42:21'
System info: host: 'DESKTOP-16V47TI', ip: '192.168.0.176', os.name: 'Windows 10', os.arch: 'amd64', os.version: '10.0', java.version: '1.8.0_144'
Driver info: org.openqa.selenium.chrome.ChromeDriver
Capabilities {acceptInsecureCerts: false, browserName: chrome, browserVersion: 88.0.4315.5, chrome: {chromedriverVersion: 87.0.4280.20 (c99e81631faa0..., userDataDir: C:\Users\sybcheck\AppData\L...}, goog:chromeOptions: {debuggerAddress: localhost:7036}, javascriptEnabled: true, networkConnectionEnabled: false, pageLoadStrategy: none, platform: WINDOWS, platformName: WINDOWS, proxy: Proxy(), setWindowRect: true, strictFileInteractability: false, timeouts: {implicit: 0, pageLoad: 300000, script: 30000}, unhandledPromptBehavior: dismiss and notify, webauthn:virtualAuthenticators: true}
Session ID: 88e2954b123bb1ae4244482dbf0a7ebd
2020-11-23 10:47:46,156 [main] DEBUG cn.ac.util.WebEventListener [WebEventListener.java : 24] - Before navigating to: 'https://www.baidu.com/'
2020-11-23 10:47:46,160 [main] DEBUG cn.ac.util.WebEventListener [WebEventListener.java : 28] - Navigated to:'https://www.baidu.com/'
2020-11-23 10:47:46,367 [main] DEBUG cn.ac.util.WebEventListener [WebEventListener.java : 68] - 找到标签前 : By.id: kw
2020-11-23 10:47:46,388 [main] DEBUG cn.ac.util.WebEventListener [WebEventListener.java : 72] - 找到标签后 : By.id: kw
2020-11-23 10:47:46,392 [main] DEBUG cn.ac.util.WebEventListener [WebEventListener.java : 40] - 点击标签: [[ChromeDriver: chrome on WINDOWS (c551395b939a2f8be64d64d1720f3529)] -> id: kw]之前执行...
2020-11-23 10:47:46,425 [main] DEBUG cn.ac.util.WebEventListener [WebEventListener.java : 44] - 点击标签之后: [[ChromeDriver: chrome on WINDOWS (c551395b939a2f8be64d64d1720f3529)] -> id: kw]之后执行...
2020-11-23 10:47:46,426 [main] DEBUG cn.ac.util.WebEventListener [WebEventListener.java : 68] - 找到标签前 : By.id: kw
2020-11-23 10:47:46,434 [main] DEBUG cn.ac.util.WebEventListener [WebEventListener.java : 72] - 找到标签后 : By.id: kw
2020-11-23 10:47:46,579 [main] DEBUG cn.ac.util.WebEventListener [WebEventListener.java : 68] - 找到标签前 : By.cssSelector: .bdsug-overflow
2020-11-23 10:47:46,653 [main] DEBUG cn.ac.util.WebEventListener [WebEventListener.java : 72] - 找到标签后 : By.cssSelector: .bdsug-overflow
2020-11-23 10:47:46,654 [main] DEBUG cn.ac.util.WebEventListener [WebEventListener.java : 40] - 点击标签: [[ChromeDriver: chrome on WINDOWS (c551395b939a2f8be64d64d1720f3529)] -> css selector: .bdsug-overflow]之前执行...
2020-11-23 10:47:46,694 [main] DEBUG cn.ac.util.WebEventListener [WebEventListener.java : 44] - 点击标签之后: [[ChromeDriver: chrome on WINDOWS (c551395b939a2f8be64d64d1720f3529)] -> css selector: .bdsug-overflow]之后执行...
2020-11-23 10:47:46,695 [main] DEBUG cn.ac.util.WebEventListener [WebEventListener.java : 68] - 找到标签前 : By.id: su
2020-11-23 10:47:46,704 [main] DEBUG cn.ac.util.WebEventListener [WebEventListener.java : 72] - 找到标签后 : By.id: su
2020-11-23 10:47:46,705 [main] DEBUG cn.ac.util.WebEventListener [WebEventListener.java : 40] - 点击标签: [[ChromeDriver: chrome on WINDOWS (c551395b939a2f8be64d64d1720f3529)] -> id: su]之前执行...
2020-11-23 10:47:46,736 [main] DEBUG cn.ac.util.WebEventListener [WebEventListener.java : 44] - 点击标签之后: [[ChromeDriver: chrome on WINDOWS (c551395b939a2f8be64d64d1720f3529)] -> id: su]之后执行...
2020-11-23 10:47:46,737 [main] DEBUG cn.ac.util.WebEventListener [WebEventListener.java : 68] - 找到标签前 : By.id: su
2020-11-23 10:47:46,742 [main] DEBUG cn.ac.util.WebEventListener [WebEventListener.java : 72] - 找到标签后 : By.id: su
2020-11-23 10:47:46,866 [main] DEBUG cn.ac.util.WebEventListener [WebEventListener.java : 68] - 找到标签前 : By.tagName: body
2020-11-23 10:47:46,876 [main] DEBUG cn.ac.util.WebEventListener [WebEventListener.java : 72] - 找到标签后 : By.tagName: body
2020-11-23 10:49:12,304 [main] DEBUG cn.ac.util.WebEventListener [WebEventListener.java : 24] - Before navigating to: 'https://www.baidu.com/'
2020-11-23 10:49:13,049 [main] DEBUG cn.ac.util.WebEventListener [WebEventListener.java : 28] - Navigated to:'https://www.baidu.com/'
2020-11-23 10:49:13,186 [main] DEBUG cn.ac.util.WebEventListener [WebEventListener.java : 68] - 找到标签前 : By.id: kw
2020-11-23 10:49:13,209 [main] DEBUG cn.ac.util.WebEventListener [WebEventListener.java : 72] - 找到标签后 : By.id: kw
2020-11-23 10:49:13,219 [main] DEBUG cn.ac.util.WebEventListener [WebEventListener.java : 40] - 点击标签: [[FirefoxDriver: firefox on WINDOWS (2a931638-34e0-45b6-86b4-479f60868265)] -> id: kw]之前执行...
2020-11-23 10:49:13,442 [main] DEBUG cn.ac.util.WebEventListener [WebEventListener.java : 44] - 点击标签之后: [[FirefoxDriver: firefox on WINDOWS (2a931638-34e0-45b6-86b4-479f60868265)] -> id: kw]之后执行...
2020-11-23 10:49:13,443 [main] DEBUG cn.ac.util.WebEventListener [WebEventListener.java : 68] - 找到标签前 : By.id: kw
2020-11-23 10:49:13,451 [main] DEBUG cn.ac.util.WebEventListener [WebEventListener.java : 72] - 找到标签后 : By.id: kw
2020-11-23 10:49:13,524 [main] DEBUG cn.ac.util.WebEventListener [WebEventListener.java : 68] - 找到标签前 : By.cssSelector: .bdsug-overflow
2020-11-23 10:49:13,569 [main] DEBUG cn.ac.util.WebEventListener [WebEventListener.java : 72] - 找到标签后 : By.cssSelector: .bdsug-overflow
2020-11-23 10:49:13,570 [main] DEBUG cn.ac.util.WebEventListener [WebEventListener.java : 40] - 点击标签: [[FirefoxDriver: firefox on WINDOWS (2a931638-34e0-45b6-86b4-479f60868265)] -> css selector: .bdsug-overflow]之前执行...
2020-11-23 10:49:13,795 [main] DEBUG cn.ac.util.WebEventListener [WebEventListener.java : 44] - 点击标签之后: [[FirefoxDriver: firefox on WINDOWS (2a931638-34e0-45b6-86b4-479f60868265)] -> css selector: .bdsug-overflow]之后执行...
2020-11-23 10:49:13,796 [main] DEBUG cn.ac.util.WebEventListener [WebEventListener.java : 68] - 找到标签前 : By.id: su
2020-11-23 10:49:13,803 [main] DEBUG cn.ac.util.WebEventListener [WebEventListener.java : 72] - 找到标签后 : By.id: su
2020-11-23 10:49:13,804 [main] DEBUG cn.ac.util.WebEventListener [WebEventListener.java : 40] - 点击标签: [[FirefoxDriver: firefox on WINDOWS (2a931638-34e0-45b6-86b4-479f60868265)] -> id: su]之前执行...
2020-11-23 10:49:14,059 [main] DEBUG cn.ac.util.WebEventListener [WebEventListener.java : 44] - 点击标签之后: [[FirefoxDriver: firefox on WINDOWS (2a931638-34e0-45b6-86b4-479f60868265)] -> id: su]之后执行...
2020-11-23 10:49:14,059 [main] DEBUG cn.ac.util.WebEventListener [WebEventListener.java : 68] - 找到标签前 : By.id: su
2020-11-23 10:49:14,067 [main] DEBUG cn.ac.util.WebEventListener [WebEventListener.java : 72] - 找到标签后 : By.id: su
2020-11-23 10:49:14,192 [main] DEBUG cn.ac.util.WebEventListener [WebEventListener.java : 68] - 找到标签前 : By.tagName: body
2020-11-23 10:49:14,197 [main] DEBUG cn.ac.util.WebEventListener [WebEventListener.java : 72] - 找到标签后 : By.tagName: body
2020-11-23 10:49:43,187 [main] DEBUG cn.ac.util.WebEventListener [WebEventListener.java : 24] - Before navigating to: 'https://www.baidu.com/'
2020-11-23 10:49:43,712 [main] DEBUG cn.ac.util.WebEventListener [WebEventListener.java : 28] - Navigated to:'https://www.baidu.com/'
2020-11-23 10:49:43,876 [main] DEBUG cn.ac.util.WebEventListener [WebEventListener.java : 68] - 找到标签前 : By.id: trackShipmentSearch
2020-11-23 10:50:03,903 [main] DEBUG cn.ac.util.WebEventListener [WebEventListener.java : 64] - Exception occured: org.openqa.selenium.NoSuchElementException: Unable to locate element: #trackShipmentSearch
For documentation on this error, please visit: https://www.seleniumhq.org/exceptions/no_such_element.html
Build info: version: '4.0.0-alpha-1', revision: 'd1d3728cae', time: '2019-04-24T13:42:21'
System info: host: 'DESKTOP-16V47TI', ip: '192.168.0.176', os.name: 'Windows 10', os.arch: 'amd64', os.version: '10.0', java.version: '1.8.0_144'
Driver info: org.openqa.selenium.firefox.FirefoxDriver
Capabilities {acceptInsecureCerts: true, browserName: firefox, browserVersion: 83.0, javascriptEnabled: true, moz:accessibilityChecks: false, moz:buildID: 20201112153044, moz:geckodriverVersion: 0.26.0, moz:headless: false, moz:processID: 20752, moz:profile: C:\Users\sybcheck\AppData\L..., moz:shutdownTimeout: 60000, moz:useNonSpecCompliantPointerOrigin: false, moz:webdriverClick: true, pageLoadStrategy: normal, platform: WINDOWS, platformName: WINDOWS, platformVersion: 10.0, rotatable: false, setWindowRect: true, strictFileInteractability: false, timeouts: {implicit: 0, pageLoad: 300000, script: 30000}, unhandledPromptBehavior: dismiss and notify}
Session ID: 3c7ad02a-c028-43ac-918a-2088111941d9
*** Element info: {Using=id, value=trackShipmentSearch}
2020-11-23 10:56:37,887 [main] DEBUG cn.ac.util.WebEventListener [WebEventListener.java : 24] - Before navigating to: 'https://www.maersk.com.cn/tracking/#tracking/'
2020-11-23 10:56:37,891 [main] DEBUG cn.ac.util.WebEventListener [WebEventListener.java : 28] - Navigated to:'https://www.maersk.com.cn/tracking/#tracking/'
2020-11-23 10:56:38,193 [main] DEBUG cn.ac.util.WebEventListener [WebEventListener.java : 64] - Exception occured: org.openqa.selenium.JavascriptException: javascript error: Cannot read property 'outerHTML' of null
  (Session info: headless chrome=87.0.4280.66)
Build info: version: '4.0.0-alpha-1', revision: 'd1d3728cae', time: '2019-04-24T13:42:21'
System info: host: 'DESKTOP-16V47TI', ip: '192.168.0.176', os.name: 'Windows 10', os.arch: 'amd64', os.version: '10.0', java.version: '1.8.0_144'
Driver info: org.openqa.selenium.chrome.ChromeDriver
Capabilities {acceptInsecureCerts: false, browserName: chrome, browserVersion: 87.0.4280.66, chrome: {chromedriverVersion: 87.0.4280.20 (c99e81631faa0..., userDataDir: C:\Users\sybcheck\AppData\L...}, goog:chromeOptions: {debuggerAddress: localhost:8277}, javascriptEnabled: true, networkConnectionEnabled: false, pageLoadStrategy: none, platform: WINDOWS, platformName: WINDOWS, proxy: Proxy(), setWindowRect: true, strictFileInteractability: false, timeouts: {implicit: 0, pageLoad: 300000, script: 30000}, unhandledPromptBehavior: dismiss and notify, webauthn:virtualAuthenticators: true}
Session ID: 8afc50ab353cbc389930ef500e08aef6
2020-11-23 10:59:36,172 [main] DEBUG cn.ac.util.WebEventListener [WebEventListener.java : 24] - Before navigating to: 'https://www.baidu.com/'
2020-11-23 10:59:36,176 [main] DEBUG cn.ac.util.WebEventListener [WebEventListener.java : 28] - Navigated to:'https://www.baidu.com/'
2020-11-23 10:59:36,385 [main] DEBUG cn.ac.util.WebEventListener [WebEventListener.java : 68] - 找到标签前 : By.id: kw
2020-11-23 10:59:36,411 [main] DEBUG cn.ac.util.WebEventListener [WebEventListener.java : 72] - 找到标签后 : By.id: kw
2020-11-23 10:59:36,415 [main] DEBUG cn.ac.util.WebEventListener [WebEventListener.java : 40] - 点击标签: [[ChromeDriver: chrome on WINDOWS (5cb5628040645d03f6e5ea123a28b282)] -> id: kw]之前执行...
2020-11-23 10:59:36,445 [main] DEBUG cn.ac.util.WebEventListener [WebEventListener.java : 44] - 点击标签之后: [[ChromeDriver: chrome on WINDOWS (5cb5628040645d03f6e5ea123a28b282)] -> id: kw]之后执行...
2020-11-23 10:59:36,445 [main] DEBUG cn.ac.util.WebEventListener [WebEventListener.java : 68] - 找到标签前 : By.id: kw
2020-11-23 10:59:36,530 [main] DEBUG cn.ac.util.WebEventListener [WebEventListener.java : 72] - 找到标签后 : By.id: kw
2020-11-23 10:59:36,628 [main] DEBUG cn.ac.util.WebEventListener [WebEventListener.java : 68] - 找到标签前 : By.id: su
2020-11-23 10:59:36,643 [main] DEBUG cn.ac.util.WebEventListener [WebEventListener.java : 72] - 找到标签后 : By.id: su
2020-11-23 10:59:36,643 [main] DEBUG cn.ac.util.WebEventListener [WebEventListener.java : 40] - 点击标签: [[ChromeDriver: chrome on WINDOWS (5cb5628040645d03f6e5ea123a28b282)] -> id: su]之前执行...
2020-11-23 10:59:36,689 [main] DEBUG cn.ac.util.WebEventListener [WebEventListener.java : 44] - 点击标签之后: [[ChromeDriver: chrome on WINDOWS (5cb5628040645d03f6e5ea123a28b282)] -> id: su]之后执行...
2020-11-23 10:59:57,768 [main] DEBUG cn.ac.util.WebEventListener [WebEventListener.java : 24] - Before navigating to: 'https://www.maersk.com.cn/tracking/#tracking/'
2020-11-23 10:59:57,772 [main] DEBUG cn.ac.util.WebEventListener [WebEventListener.java : 28] - Navigated to:'https://www.maersk.com.cn/tracking/#tracking/'
2020-11-23 10:59:58,060 [main] DEBUG cn.ac.util.WebEventListener [WebEventListener.java : 68] - 找到标签前 : By.id: trackShipmentSearch
2020-11-23 11:00:01,584 [main] DEBUG cn.ac.util.WebEventListener [WebEventListener.java : 72] - 找到标签后 : By.id: trackShipmentSearch
2020-11-23 11:00:01,589 [main] DEBUG cn.ac.util.WebEventListener [WebEventListener.java : 40] - 点击标签: [[ChromeDriver: chrome on WINDOWS (b7a9fcdabbcb1825f81e202d3f3dd494)] -> id: trackShipmentSearch]之前执行...
2020-11-23 11:00:01,689 [main] DEBUG cn.ac.util.WebEventListener [WebEventListener.java : 44] - 点击标签之后: [[ChromeDriver: chrome on WINDOWS (b7a9fcdabbcb1825f81e202d3f3dd494)] -> id: trackShipmentSearch]之后执行...
2020-11-23 11:00:01,690 [main] DEBUG cn.ac.util.WebEventListener [WebEventListener.java : 68] - 找到标签前 : By.id: trackShipmentSearch
2020-11-23 11:00:01,698 [main] DEBUG cn.ac.util.WebEventListener [WebEventListener.java : 72] - 找到标签后 : By.id: trackShipmentSearch
2020-11-23 11:00:01,742 [main] DEBUG cn.ac.util.WebEventListener [WebEventListener.java : 68] - 找到标签前 : By.cssSelector: .button
2020-11-23 11:00:01,754 [main] DEBUG cn.ac.util.WebEventListener [WebEventListener.java : 72] - 找到标签后 : By.cssSelector: .button
2020-11-23 11:00:01,754 [main] DEBUG cn.ac.util.WebEventListener [WebEventListener.java : 40] - 点击标签: [[ChromeDriver: chrome on WINDOWS (b7a9fcdabbcb1825f81e202d3f3dd494)] -> css selector: .button]之前执行...
2020-11-23 11:00:01,804 [main] DEBUG cn.ac.util.WebEventListener [WebEventListener.java : 44] - 点击标签之后: [[ChromeDriver: chrome on WINDOWS (b7a9fcdabbcb1825f81e202d3f3dd494)] -> css selector: .button]之后执行...
2020-11-23 11:00:01,804 [main] DEBUG cn.ac.util.WebEventListener [WebEventListener.java : 68] - 找到标签前 : By.xpath: //span[@class='pseudo-header--data-key']
2020-11-23 11:00:04,542 [main] DEBUG cn.ac.util.WebEventListener [WebEventListener.java : 72] - 找到标签后 : By.xpath: //span[@class='pseudo-header--data-key']
