2019-11-14 15:34:34,151 [main] DEBUG cn.ac.base.DriverBase [WebEventListener.java : 23] - Before navigating to: 'http://wzg02.shineway-soft.com/public/saas/sam/admin/main/html/main.html'
2019-11-14 15:34:34,820 [main] DEBUG cn.ac.base.DriverBase [WebEventListener.java : 27] - Navigated to:'http://wzg02.shineway-soft.com/public/saas/sam/admin/main/html/main.html'
2019-11-14 15:34:34,821 [main] DEBUG cn.ac.base.DriverBase [WebEventListener.java : 67] - 找到标签前 : By.name: login_user
2019-11-14 15:34:35,050 [main] DEBUG cn.ac.base.DriverBase [WebEventListener.java : 71] - 找到标签后 : By.name: login_user
2019-11-14 15:34:35,077 [main] DEBUG cn.ac.base.DriverBase [WebEventListener.java : 67] - 找到标签前 : By.name: login_pas
2019-11-14 15:34:35,087 [main] DEBUG cn.ac.base.DriverBase [WebEventListener.java : 71] - 找到标签后 : By.name: login_pas
2019-11-14 15:34:35,125 [main] DEBUG cn.ac.base.DriverBase [WebEventListener.java : 67] - 找到标签前 : By.xpath: //div[@class='login-sub']
2019-11-14 15:34:35,137 [main] DEBUG cn.ac.base.DriverBase [WebEventListener.java : 71] - 找到标签后 : By.xpath: //div[@class='login-sub']
2019-11-14 15:34:35,137 [main] DEBUG cn.ac.base.DriverBase [WebEventListener.java : 39] - 点击标签: [[ChromeDriver: chrome on XP (8754857a1cb11323c79597ce93be69d7)] -> xpath: //div[@class='login-sub']]之前执行...
2019-11-14 15:34:35,167 [main] DEBUG cn.ac.base.DriverBase [WebEventListener.java : 43] - 点击标签之后: [[ChromeDriver: chrome on XP (8754857a1cb11323c79597ce93be69d7)] -> xpath: //div[@class='login-sub']]之后执行...
2019-11-14 15:34:35,167 [main] DEBUG cn.ac.base.DriverBase [WebEventListener.java : 67] - 找到标签前 : By.cssSelector: .platformmune-list > li:nth-child(3) > span
2019-11-14 15:34:36,267 [main] DEBUG cn.ac.base.DriverBase [WebEventListener.java : 71] - 找到标签后 : By.cssSelector: .platformmune-list > li:nth-child(3) > span
2019-11-14 15:34:36,267 [main] DEBUG cn.ac.base.DriverBase [WebEventListener.java : 39] - 点击标签: [[ChromeDriver: chrome on XP (8754857a1cb11323c79597ce93be69d7)] -> css selector: .platformmune-list > li:nth-child(3) > span]之前执行...
2019-11-14 15:34:36,307 [main] DEBUG cn.ac.base.DriverBase [WebEventListener.java : 43] - 点击标签之后: [[ChromeDriver: chrome on XP (8754857a1cb11323c79597ce93be69d7)] -> css selector: .platformmune-list > li:nth-child(3) > span]之后执行...
2019-11-14 15:34:36,307 [main] DEBUG cn.ac.base.DriverBase [WebEventListener.java : 67] - 找到标签前 : By.xpath: //span[contains(text(),'基础数据维护')]
2019-11-14 15:34:36,319 [main] DEBUG cn.ac.base.DriverBase [WebEventListener.java : 71] - 找到标签后 : By.xpath: //span[contains(text(),'基础数据维护')]
2019-11-14 15:34:36,320 [main] DEBUG cn.ac.base.DriverBase [WebEventListener.java : 39] - 点击标签: [[ChromeDriver: chrome on XP (8754857a1cb11323c79597ce93be69d7)] -> xpath: //span[contains(text(),'基础数据维护')]]之前执行...
2019-11-14 15:34:36,355 [main] DEBUG cn.ac.base.DriverBase [WebEventListener.java : 43] - 点击标签之后: [[ChromeDriver: chrome on XP (8754857a1cb11323c79597ce93be69d7)] -> xpath: //span[contains(text(),'基础数据维护')]]之后执行...
2019-11-14 15:35:49,984 [main] DEBUG cn.ac.base.DriverBase [WebEventListener.java : 23] - Before navigating to: 'http://wzg02.shineway-soft.com/public/saas/sam/admin/main/html/main.html'
2019-11-14 15:35:50,150 [main] DEBUG cn.ac.base.DriverBase [WebEventListener.java : 27] - Navigated to:'http://wzg02.shineway-soft.com/public/saas/sam/admin/main/html/main.html'
2019-11-14 15:35:50,151 [main] DEBUG cn.ac.base.DriverBase [WebEventListener.java : 67] - 找到标签前 : By.name: login_user
2019-11-14 15:35:50,395 [main] DEBUG cn.ac.base.DriverBase [WebEventListener.java : 71] - 找到标签后 : By.name: login_user
2019-11-14 15:35:50,423 [main] DEBUG cn.ac.base.DriverBase [WebEventListener.java : 67] - 找到标签前 : By.name: login_pas
2019-11-14 15:35:50,435 [main] DEBUG cn.ac.base.DriverBase [WebEventListener.java : 71] - 找到标签后 : By.name: login_pas
2019-11-14 15:35:50,469 [main] DEBUG cn.ac.base.DriverBase [WebEventListener.java : 67] - 找到标签前 : By.xpath: //div[@class='login-sub']
2019-11-14 15:35:50,480 [main] DEBUG cn.ac.base.DriverBase [WebEventListener.java : 71] - 找到标签后 : By.xpath: //div[@class='login-sub']
2019-11-14 15:35:50,481 [main] DEBUG cn.ac.base.DriverBase [WebEventListener.java : 39] - 点击标签: [[ChromeDriver: chrome on XP (6df3c7c07b4c7cc44e430a5d5c423cf7)] -> xpath: //div[@class='login-sub']]之前执行...
2019-11-14 15:35:50,512 [main] DEBUG cn.ac.base.DriverBase [WebEventListener.java : 43] - 点击标签之后: [[ChromeDriver: chrome on XP (6df3c7c07b4c7cc44e430a5d5c423cf7)] -> xpath: //div[@class='login-sub']]之后执行...
2019-11-14 15:35:50,512 [main] DEBUG cn.ac.base.DriverBase [WebEventListener.java : 67] - 找到标签前 : By.cssSelector: .platformmune-list > li:nth-child(3) > span
2019-11-14 15:35:51,620 [main] DEBUG cn.ac.base.DriverBase [WebEventListener.java : 71] - 找到标签后 : By.cssSelector: .platformmune-list > li:nth-child(3) > span
2019-11-14 15:35:51,621 [main] DEBUG cn.ac.base.DriverBase [WebEventListener.java : 39] - 点击标签: [[ChromeDriver: chrome on XP (6df3c7c07b4c7cc44e430a5d5c423cf7)] -> css selector: .platformmune-list > li:nth-child(3) > span]之前执行...
2019-11-14 15:35:51,667 [main] DEBUG cn.ac.base.DriverBase [WebEventListener.java : 43] - 点击标签之后: [[ChromeDriver: chrome on XP (6df3c7c07b4c7cc44e430a5d5c423cf7)] -> css selector: .platformmune-list > li:nth-child(3) > span]之后执行...
2019-11-14 15:35:51,667 [main] DEBUG cn.ac.base.DriverBase [WebEventListener.java : 67] - 找到标签前 : By.xpath: //span[contains(text(),'基础数据维护')]
2019-11-14 15:35:51,679 [main] DEBUG cn.ac.base.DriverBase [WebEventListener.java : 71] - 找到标签后 : By.xpath: //span[contains(text(),'基础数据维护')]
2019-11-14 15:35:51,680 [main] DEBUG cn.ac.base.DriverBase [WebEventListener.java : 39] - 点击标签: [[ChromeDriver: chrome on XP (6df3c7c07b4c7cc44e430a5d5c423cf7)] -> xpath: //span[contains(text(),'基础数据维护')]]之前执行...
2019-11-14 15:35:51,715 [main] DEBUG cn.ac.base.DriverBase [WebEventListener.java : 43] - 点击标签之后: [[ChromeDriver: chrome on XP (6df3c7c07b4c7cc44e430a5d5c423cf7)] -> xpath: //span[contains(text(),'基础数据维护')]]之后执行...
2019-11-14 15:35:51,715 [main] DEBUG cn.ac.base.DriverBase [WebEventListener.java : 67] - 找到标签前 : By.xpath: //li[contains(text(),'帮助文档管理')]
2019-11-14 15:35:51,726 [main] DEBUG cn.ac.base.DriverBase [WebEventListener.java : 71] - 找到标签后 : By.xpath: //li[contains(text(),'帮助文档管理')]
2019-11-14 15:35:51,727 [main] DEBUG cn.ac.base.DriverBase [WebEventListener.java : 39] - 点击标签: [[ChromeDriver: chrome on XP (6df3c7c07b4c7cc44e430a5d5c423cf7)] -> xpath: //li[contains(text(),'帮助文档管理')]]之前执行...
2019-11-14 15:35:51,767 [main] DEBUG cn.ac.base.DriverBase [WebEventListener.java : 43] - 点击标签之后: [[ChromeDriver: chrome on XP (6df3c7c07b4c7cc44e430a5d5c423cf7)] -> xpath: //li[contains(text(),'帮助文档管理')]]之后执行...
2019-11-14 15:35:51,768 [main] DEBUG cn.ac.base.DriverBase [WebEventListener.java : 67] - 找到标签前 : By.xpath: //span[contains(text(),'查询')]
2019-11-14 15:35:51,779 [main] DEBUG cn.ac.base.DriverBase [WebEventListener.java : 71] - 找到标签后 : By.xpath: //span[contains(text(),'查询')]
2019-11-14 15:35:51,780 [main] DEBUG cn.ac.base.DriverBase [WebEventListener.java : 39] - 点击标签: [[ChromeDriver: chrome on XP (6df3c7c07b4c7cc44e430a5d5c423cf7)] -> xpath: //span[contains(text(),'查询')]]之前执行...
2019-11-14 15:35:51,814 [main] DEBUG cn.ac.base.DriverBase [WebEventListener.java : 43] - 点击标签之后: [[ChromeDriver: chrome on XP (6df3c7c07b4c7cc44e430a5d5c423cf7)] -> xpath: //span[contains(text(),'查询')]]之后执行...
2019-11-14 15:36:40,128 [main] DEBUG cn.ac.base.DriverBase [WebEventListener.java : 23] - Before navigating to: 'http://wzg02.shineway-soft.com/public/saas/sam/admin/main/html/main.html'
2019-11-14 15:36:40,323 [main] DEBUG cn.ac.base.DriverBase [WebEventListener.java : 27] - Navigated to:'http://wzg02.shineway-soft.com/public/saas/sam/admin/main/html/main.html'
2019-11-14 15:36:40,324 [main] DEBUG cn.ac.base.DriverBase [WebEventListener.java : 67] - 找到标签前 : By.name: login_user
2019-11-14 15:36:40,563 [main] DEBUG cn.ac.base.DriverBase [WebEventListener.java : 71] - 找到标签后 : By.name: login_user
2019-11-14 15:36:40,607 [main] DEBUG cn.ac.base.DriverBase [WebEventListener.java : 67] - 找到标签前 : By.name: login_pas
2019-11-14 15:36:40,621 [main] DEBUG cn.ac.base.DriverBase [WebEventListener.java : 71] - 找到标签后 : By.name: login_pas
2019-11-14 15:36:40,671 [main] DEBUG cn.ac.base.DriverBase [WebEventListener.java : 67] - 找到标签前 : By.xpath: //div[@class='login-sub']
2019-11-14 15:36:40,683 [main] DEBUG cn.ac.base.DriverBase [WebEventListener.java : 71] - 找到标签后 : By.xpath: //div[@class='login-sub']
2019-11-14 15:36:40,683 [main] DEBUG cn.ac.base.DriverBase [WebEventListener.java : 39] - 点击标签: [[ChromeDriver: chrome on XP (c76321a100947a18861ac0253a34362a)] -> xpath: //div[@class='login-sub']]之前执行...
2019-11-14 15:36:40,746 [main] DEBUG cn.ac.base.DriverBase [WebEventListener.java : 43] - 点击标签之后: [[ChromeDriver: chrome on XP (c76321a100947a18861ac0253a34362a)] -> xpath: //div[@class='login-sub']]之后执行...
2019-11-14 15:36:40,746 [main] DEBUG cn.ac.base.DriverBase [WebEventListener.java : 67] - 找到标签前 : By.cssSelector: .platformmune-list > li:nth-child(3) > span
2019-11-14 15:36:41,850 [main] DEBUG cn.ac.base.DriverBase [WebEventListener.java : 71] - 找到标签后 : By.cssSelector: .platformmune-list > li:nth-child(3) > span
2019-11-14 15:36:41,851 [main] DEBUG cn.ac.base.DriverBase [WebEventListener.java : 39] - 点击标签: [[ChromeDriver: chrome on XP (c76321a100947a18861ac0253a34362a)] -> css selector: .platformmune-list > li:nth-child(3) > span]之前执行...
2019-11-14 15:36:41,889 [main] DEBUG cn.ac.base.DriverBase [WebEventListener.java : 43] - 点击标签之后: [[ChromeDriver: chrome on XP (c76321a100947a18861ac0253a34362a)] -> css selector: .platformmune-list > li:nth-child(3) > span]之后执行...
2019-11-14 15:36:41,889 [main] DEBUG cn.ac.base.DriverBase [WebEventListener.java : 67] - 找到标签前 : By.xpath: //span[contains(text(),'基础数据维护')]
2019-11-14 15:36:41,900 [main] DEBUG cn.ac.base.DriverBase [WebEventListener.java : 71] - 找到标签后 : By.xpath: //span[contains(text(),'基础数据维护')]
2019-11-14 15:36:41,900 [main] DEBUG cn.ac.base.DriverBase [WebEventListener.java : 39] - 点击标签: [[ChromeDriver: chrome on XP (c76321a100947a18861ac0253a34362a)] -> xpath: //span[contains(text(),'基础数据维护')]]之前执行...
2019-11-14 15:36:41,936 [main] DEBUG cn.ac.base.DriverBase [WebEventListener.java : 43] - 点击标签之后: [[ChromeDriver: chrome on XP (c76321a100947a18861ac0253a34362a)] -> xpath: //span[contains(text(),'基础数据维护')]]之后执行...
2019-11-14 15:36:41,936 [main] DEBUG cn.ac.base.DriverBase [WebEventListener.java : 67] - 找到标签前 : By.xpath: //li[contains(text(),'帮助文档管理')]
2019-11-14 15:36:41,949 [main] DEBUG cn.ac.base.DriverBase [WebEventListener.java : 71] - 找到标签后 : By.xpath: //li[contains(text(),'帮助文档管理')]
2019-11-14 15:36:41,949 [main] DEBUG cn.ac.base.DriverBase [WebEventListener.java : 39] - 点击标签: [[ChromeDriver: chrome on XP (c76321a100947a18861ac0253a34362a)] -> xpath: //li[contains(text(),'帮助文档管理')]]之前执行...
2019-11-14 15:36:41,992 [main] DEBUG cn.ac.base.DriverBase [WebEventListener.java : 43] - 点击标签之后: [[ChromeDriver: chrome on XP (c76321a100947a18861ac0253a34362a)] -> xpath: //li[contains(text(),'帮助文档管理')]]之后执行...
2019-11-14 15:36:41,992 [main] DEBUG cn.ac.base.DriverBase [WebEventListener.java : 67] - 找到标签前 : By.xpath: //span[contains(text(),'查询')]
2019-11-14 15:36:42,002 [main] DEBUG cn.ac.base.DriverBase [WebEventListener.java : 71] - 找到标签后 : By.xpath: //span[contains(text(),'查询')]
2019-11-14 15:36:42,003 [main] DEBUG cn.ac.base.DriverBase [WebEventListener.java : 39] - 点击标签: [[ChromeDriver: chrome on XP (c76321a100947a18861ac0253a34362a)] -> xpath: //span[contains(text(),'查询')]]之前执行...
2019-11-14 15:36:42,038 [main] DEBUG cn.ac.base.DriverBase [WebEventListener.java : 43] - 点击标签之后: [[ChromeDriver: chrome on XP (c76321a100947a18861ac0253a34362a)] -> xpath: //span[contains(text(),'查询')]]之后执行...
2019-11-14 15:50:09,655 [main] DEBUG cn.ac.base.DriverBase [WebEventListener.java : 23] - Before navigating to: 'http://wzg02.shineway-soft.com/public/saas/sam/admin/main/html/main.html'
2019-11-14 15:50:09,859 [main] DEBUG cn.ac.base.DriverBase [WebEventListener.java : 27] - Navigated to:'http://wzg02.shineway-soft.com/public/saas/sam/admin/main/html/main.html'
2019-11-14 15:50:09,861 [main] DEBUG cn.ac.base.DriverBase [WebEventListener.java : 67] - 找到标签前 : By.name: login_user
2019-11-14 15:50:10,136 [main] DEBUG cn.ac.base.DriverBase [WebEventListener.java : 71] - 找到标签后 : By.name: login_user
2019-11-14 15:50:10,198 [main] DEBUG cn.ac.base.DriverBase [WebEventListener.java : 67] - 找到标签前 : By.name: login_pas
2019-11-14 15:50:10,212 [main] DEBUG cn.ac.base.DriverBase [WebEventListener.java : 71] - 找到标签后 : By.name: login_pas
2019-11-14 15:50:10,268 [main] DEBUG cn.ac.base.DriverBase [WebEventListener.java : 67] - 找到标签前 : By.xpath: //div[@class='login-sub']
2019-11-14 15:50:10,280 [main] DEBUG cn.ac.base.DriverBase [WebEventListener.java : 71] - 找到标签后 : By.xpath: //div[@class='login-sub']
2019-11-14 15:50:10,281 [main] DEBUG cn.ac.base.DriverBase [WebEventListener.java : 39] - 点击标签: [[ChromeDriver: chrome on XP (eb5dd1cb473d4d3d11ba664123c62aaa)] -> xpath: //div[@class='login-sub']]之前执行...
2019-11-14 15:50:10,318 [main] DEBUG cn.ac.base.DriverBase [WebEventListener.java : 43] - 点击标签之后: [[ChromeDriver: chrome on XP (eb5dd1cb473d4d3d11ba664123c62aaa)] -> xpath: //div[@class='login-sub']]之后执行...
2019-11-14 15:50:10,318 [main] DEBUG cn.ac.base.DriverBase [WebEventListener.java : 67] - 找到标签前 : By.cssSelector: .platformmune-list > li:nth-child(3) > span
2019-11-14 15:50:11,421 [main] DEBUG cn.ac.base.DriverBase [WebEventListener.java : 71] - 找到标签后 : By.cssSelector: .platformmune-list > li:nth-child(3) > span
2019-11-14 15:50:11,421 [main] DEBUG cn.ac.base.DriverBase [WebEventListener.java : 39] - 点击标签: [[ChromeDriver: chrome on XP (eb5dd1cb473d4d3d11ba664123c62aaa)] -> css selector: .platformmune-list > li:nth-child(3) > span]之前执行...
2019-11-14 15:50:11,465 [main] DEBUG cn.ac.base.DriverBase [WebEventListener.java : 43] - 点击标签之后: [[ChromeDriver: chrome on XP (eb5dd1cb473d4d3d11ba664123c62aaa)] -> css selector: .platformmune-list > li:nth-child(3) > span]之后执行...
2019-11-14 15:50:11,466 [main] DEBUG cn.ac.base.DriverBase [WebEventListener.java : 67] - 找到标签前 : By.xpath: //span[contains(text(),'基础数据维护')]
2019-11-14 15:50:11,478 [main] DEBUG cn.ac.base.DriverBase [WebEventListener.java : 71] - 找到标签后 : By.xpath: //span[contains(text(),'基础数据维护')]
2019-11-14 15:50:11,478 [main] DEBUG cn.ac.base.DriverBase [WebEventListener.java : 39] - 点击标签: [[ChromeDriver: chrome on XP (eb5dd1cb473d4d3d11ba664123c62aaa)] -> xpath: //span[contains(text(),'基础数据维护')]]之前执行...
2019-11-14 15:50:11,514 [main] DEBUG cn.ac.base.DriverBase [WebEventListener.java : 43] - 点击标签之后: [[ChromeDriver: chrome on XP (eb5dd1cb473d4d3d11ba664123c62aaa)] -> xpath: //span[contains(text(),'基础数据维护')]]之后执行...
2019-11-14 15:50:11,514 [main] DEBUG cn.ac.base.DriverBase [WebEventListener.java : 67] - 找到标签前 : By.xpath: //li[contains(text(),'帮助文档管理')]
2019-11-14 15:50:11,527 [main] DEBUG cn.ac.base.DriverBase [WebEventListener.java : 71] - 找到标签后 : By.xpath: //li[contains(text(),'帮助文档管理')]
2019-11-14 15:50:11,527 [main] DEBUG cn.ac.base.DriverBase [WebEventListener.java : 39] - 点击标签: [[ChromeDriver: chrome on XP (eb5dd1cb473d4d3d11ba664123c62aaa)] -> xpath: //li[contains(text(),'帮助文档管理')]]之前执行...
2019-11-14 15:50:11,562 [main] DEBUG cn.ac.base.DriverBase [WebEventListener.java : 43] - 点击标签之后: [[ChromeDriver: chrome on XP (eb5dd1cb473d4d3d11ba664123c62aaa)] -> xpath: //li[contains(text(),'帮助文档管理')]]之后执行...
2019-11-14 15:50:11,562 [main] DEBUG cn.ac.base.DriverBase [WebEventListener.java : 67] - 找到标签前 : By.xpath: //span[contains(text(),'查询')]
2019-11-14 15:50:11,572 [main] DEBUG cn.ac.base.DriverBase [WebEventListener.java : 71] - 找到标签后 : By.xpath: //span[contains(text(),'查询')]
2019-11-14 15:50:11,572 [main] DEBUG cn.ac.base.DriverBase [WebEventListener.java : 39] - 点击标签: [[ChromeDriver: chrome on XP (eb5dd1cb473d4d3d11ba664123c62aaa)] -> xpath: //span[contains(text(),'查询')]]之前执行...
2019-11-14 15:50:11,614 [main] DEBUG cn.ac.base.DriverBase [WebEventListener.java : 43] - 点击标签之后: [[ChromeDriver: chrome on XP (eb5dd1cb473d4d3d11ba664123c62aaa)] -> xpath: //span[contains(text(),'查询')]]之后执行...
2019-11-14 15:54:27,397 [main] DEBUG cn.ac.base.DriverBase [WebEventListener.java : 23] - Before navigating to: 'http://wzg02.shineway-soft.com/public/saas/sam/admin/main/html/main.html'
2019-11-14 15:54:27,607 [main] DEBUG cn.ac.base.DriverBase [WebEventListener.java : 27] - Navigated to:'http://wzg02.shineway-soft.com/public/saas/sam/admin/main/html/main.html'
2019-11-14 15:54:27,608 [main] DEBUG cn.ac.base.DriverBase [WebEventListener.java : 67] - 找到标签前 : By.name: login_user
2019-11-14 15:54:28,269 [main] DEBUG cn.ac.base.DriverBase [WebEventListener.java : 71] - 找到标签后 : By.name: login_user
2019-11-14 15:54:28,316 [main] DEBUG cn.ac.base.DriverBase [WebEventListener.java : 67] - 找到标签前 : By.name: login_pas
2019-11-14 15:54:28,328 [main] DEBUG cn.ac.base.DriverBase [WebEventListener.java : 71] - 找到标签后 : By.name: login_pas
2019-11-14 15:54:28,379 [main] DEBUG cn.ac.base.DriverBase [WebEventListener.java : 67] - 找到标签前 : By.xpath: //div[@class='login-sub']
2019-11-14 15:54:28,391 [main] DEBUG cn.ac.base.DriverBase [WebEventListener.java : 71] - 找到标签后 : By.xpath: //div[@class='login-sub']
2019-11-14 15:54:28,392 [main] DEBUG cn.ac.base.DriverBase [WebEventListener.java : 39] - 点击标签: [[ChromeDriver: chrome on XP (3dbb7cec1ee3f265fc018339f30521b9)] -> xpath: //div[@class='login-sub']]之前执行...
2019-11-14 15:54:28,439 [main] DEBUG cn.ac.base.DriverBase [WebEventListener.java : 43] - 点击标签之后: [[ChromeDriver: chrome on XP (3dbb7cec1ee3f265fc018339f30521b9)] -> xpath: //div[@class='login-sub']]之后执行...
2019-11-14 15:54:28,439 [main] DEBUG cn.ac.base.DriverBase [WebEventListener.java : 67] - 找到标签前 : By.cssSelector: .platformmune-list > li:nth-child(3) > span
2019-11-14 15:54:29,582 [main] DEBUG cn.ac.base.DriverBase [WebEventListener.java : 71] - 找到标签后 : By.cssSelector: .platformmune-list > li:nth-child(3) > span
2019-11-14 15:54:29,582 [main] DEBUG cn.ac.base.DriverBase [WebEventListener.java : 39] - 点击标签: [[ChromeDriver: chrome on XP (3dbb7cec1ee3f265fc018339f30521b9)] -> css selector: .platformmune-list > li:nth-child(3) > span]之前执行...
2019-11-14 15:54:29,625 [main] DEBUG cn.ac.base.DriverBase [WebEventListener.java : 43] - 点击标签之后: [[ChromeDriver: chrome on XP (3dbb7cec1ee3f265fc018339f30521b9)] -> css selector: .platformmune-list > li:nth-child(3) > span]之后执行...
2019-11-14 15:54:29,625 [main] DEBUG cn.ac.base.DriverBase [WebEventListener.java : 67] - 找到标签前 : By.xpath: //span[contains(text(),'基础数据维护')]
2019-11-14 15:54:29,636 [main] DEBUG cn.ac.base.DriverBase [WebEventListener.java : 71] - 找到标签后 : By.xpath: //span[contains(text(),'基础数据维护')]
2019-11-14 15:54:29,637 [main] DEBUG cn.ac.base.DriverBase [WebEventListener.java : 39] - 点击标签: [[ChromeDriver: chrome on XP (3dbb7cec1ee3f265fc018339f30521b9)] -> xpath: //span[contains(text(),'基础数据维护')]]之前执行...
2019-11-14 15:54:29,675 [main] DEBUG cn.ac.base.DriverBase [WebEventListener.java : 43] - 点击标签之后: [[ChromeDriver: chrome on XP (3dbb7cec1ee3f265fc018339f30521b9)] -> xpath: //span[contains(text(),'基础数据维护')]]之后执行...
2019-11-14 15:54:29,675 [main] DEBUG cn.ac.base.DriverBase [WebEventListener.java : 67] - 找到标签前 : By.xpath: //li[contains(text(),'帮助文档管理')]
2019-11-14 15:54:29,686 [main] DEBUG cn.ac.base.DriverBase [WebEventListener.java : 71] - 找到标签后 : By.xpath: //li[contains(text(),'帮助文档管理')]
2019-11-14 15:54:29,687 [main] DEBUG cn.ac.base.DriverBase [WebEventListener.java : 39] - 点击标签: [[ChromeDriver: chrome on XP (3dbb7cec1ee3f265fc018339f30521b9)] -> xpath: //li[contains(text(),'帮助文档管理')]]之前执行...
2019-11-14 15:54:29,725 [main] DEBUG cn.ac.base.DriverBase [WebEventListener.java : 43] - 点击标签之后: [[ChromeDriver: chrome on XP (3dbb7cec1ee3f265fc018339f30521b9)] -> xpath: //li[contains(text(),'帮助文档管理')]]之后执行...
2019-11-14 15:54:29,726 [main] DEBUG cn.ac.base.DriverBase [WebEventListener.java : 67] - 找到标签前 : By.xpath: //span[contains(text(),'查询')]
2019-11-14 15:54:29,738 [main] DEBUG cn.ac.base.DriverBase [WebEventListener.java : 71] - 找到标签后 : By.xpath: //span[contains(text(),'查询')]
2019-11-14 15:54:29,738 [main] DEBUG cn.ac.base.DriverBase [WebEventListener.java : 39] - 点击标签: [[ChromeDriver: chrome on XP (3dbb7cec1ee3f265fc018339f30521b9)] -> xpath: //span[contains(text(),'查询')]]之前执行...
2019-11-14 15:54:29,772 [main] DEBUG cn.ac.base.DriverBase [WebEventListener.java : 43] - 点击标签之后: [[ChromeDriver: chrome on XP (3dbb7cec1ee3f265fc018339f30521b9)] -> xpath: //span[contains(text(),'查询')]]之后执行...
2019-11-14 15:57:19,585 [main] DEBUG cn.ac.base.DriverBase [WebEventListener.java : 23] - Before navigating to: 'http://wzg02.shineway-soft.com/public/saas/sam/admin/main/html/main.html'
2019-11-14 15:57:19,815 [main] DEBUG cn.ac.base.DriverBase [WebEventListener.java : 27] - Navigated to:'http://wzg02.shineway-soft.com/public/saas/sam/admin/main/html/main.html'
2019-11-14 15:57:19,816 [main] DEBUG cn.ac.base.DriverBase [WebEventListener.java : 67] - 找到标签前 : By.name: login_user
2019-11-14 15:57:20,096 [main] DEBUG cn.ac.base.DriverBase [WebEventListener.java : 71] - 找到标签后 : By.name: login_user
2019-11-14 15:57:20,149 [main] DEBUG cn.ac.base.DriverBase [WebEventListener.java : 67] - 找到标签前 : By.name: login_pas
2019-11-14 15:57:20,165 [main] DEBUG cn.ac.base.DriverBase [WebEventListener.java : 71] - 找到标签后 : By.name: login_pas
2019-11-14 15:57:20,220 [main] DEBUG cn.ac.base.DriverBase [WebEventListener.java : 67] - 找到标签前 : By.xpath: //div[@class='login-sub']
2019-11-14 15:57:20,235 [main] DEBUG cn.ac.base.DriverBase [WebEventListener.java : 71] - 找到标签后 : By.xpath: //div[@class='login-sub']
2019-11-14 15:57:20,236 [main] DEBUG cn.ac.base.DriverBase [WebEventListener.java : 39] - 点击标签: [[ChromeDriver: chrome on XP (33251ee2e4d9ebe5560094a58fa5707c)] -> xpath: //div[@class='login-sub']]之前执行...
2019-11-14 15:57:20,274 [main] DEBUG cn.ac.base.DriverBase [WebEventListener.java : 43] - 点击标签之后: [[ChromeDriver: chrome on XP (33251ee2e4d9ebe5560094a58fa5707c)] -> xpath: //div[@class='login-sub']]之后执行...
2019-11-14 15:57:20,274 [main] DEBUG cn.ac.base.DriverBase [WebEventListener.java : 67] - 找到标签前 : By.cssSelector: .platformmune-list > li:nth-child(3) > span
2019-11-14 15:57:21,297 [main] DEBUG cn.ac.base.DriverBase [WebEventListener.java : 71] - 找到标签后 : By.cssSelector: .platformmune-list > li:nth-child(3) > span
2019-11-14 15:57:21,298 [main] DEBUG cn.ac.base.DriverBase [WebEventListener.java : 39] - 点击标签: [[ChromeDriver: chrome on XP (33251ee2e4d9ebe5560094a58fa5707c)] -> css selector: .platformmune-list > li:nth-child(3) > span]之前执行...
2019-11-14 15:57:21,355 [main] DEBUG cn.ac.base.DriverBase [WebEventListener.java : 43] - 点击标签之后: [[ChromeDriver: chrome on XP (33251ee2e4d9ebe5560094a58fa5707c)] -> css selector: .platformmune-list > li:nth-child(3) > span]之后执行...
2019-11-14 15:57:21,355 [main] DEBUG cn.ac.base.DriverBase [WebEventListener.java : 67] - 找到标签前 : By.xpath: //span[contains(text(),'基础数据维护')]
2019-11-14 15:57:21,368 [main] DEBUG cn.ac.base.DriverBase [WebEventListener.java : 71] - 找到标签后 : By.xpath: //span[contains(text(),'基础数据维护')]
2019-11-14 15:57:21,369 [main] DEBUG cn.ac.base.DriverBase [WebEventListener.java : 39] - 点击标签: [[ChromeDriver: chrome on XP (33251ee2e4d9ebe5560094a58fa5707c)] -> xpath: //span[contains(text(),'基础数据维护')]]之前执行...
2019-11-14 15:57:21,419 [main] DEBUG cn.ac.base.DriverBase [WebEventListener.java : 43] - 点击标签之后: [[ChromeDriver: chrome on XP (33251ee2e4d9ebe5560094a58fa5707c)] -> xpath: //span[contains(text(),'基础数据维护')]]之后执行...
2019-11-14 15:57:21,419 [main] DEBUG cn.ac.base.DriverBase [WebEventListener.java : 67] - 找到标签前 : By.xpath: //li[contains(text(),'帮助文档管理')]
2019-11-14 15:57:21,430 [main] DEBUG cn.ac.base.DriverBase [WebEventListener.java : 71] - 找到标签后 : By.xpath: //li[contains(text(),'帮助文档管理')]
2019-11-14 15:57:21,431 [main] DEBUG cn.ac.base.DriverBase [WebEventListener.java : 39] - 点击标签: [[ChromeDriver: chrome on XP (33251ee2e4d9ebe5560094a58fa5707c)] -> xpath: //li[contains(text(),'帮助文档管理')]]之前执行...
2019-11-14 15:57:21,465 [main] DEBUG cn.ac.base.DriverBase [WebEventListener.java : 43] - 点击标签之后: [[ChromeDriver: chrome on XP (33251ee2e4d9ebe5560094a58fa5707c)] -> xpath: //li[contains(text(),'帮助文档管理')]]之后执行...
2019-11-14 15:57:21,465 [main] DEBUG cn.ac.base.DriverBase [WebEventListener.java : 67] - 找到标签前 : By.xpath: //span[@class='searchtoolbar-search-span']
2019-11-14 15:57:21,794 [main] DEBUG cn.ac.base.DriverBase [WebEventListener.java : 71] - 找到标签后 : By.xpath: //span[@class='searchtoolbar-search-span']
2019-11-14 15:57:21,795 [main] DEBUG cn.ac.base.DriverBase [WebEventListener.java : 39] - 点击标签: [[ChromeDriver: chrome on XP (33251ee2e4d9ebe5560094a58fa5707c)] -> xpath: //span[@class='searchtoolbar-search-span']]之前执行...
2019-11-14 15:57:21,826 [main] DEBUG cn.ac.base.DriverBase [WebEventListener.java : 43] - 点击标签之后: [[ChromeDriver: chrome on XP (33251ee2e4d9ebe5560094a58fa5707c)] -> xpath: //span[@class='searchtoolbar-search-span']]之后执行...
