2019-11-14 09:16:25,496 [main] DEBUG cn.ac.base.DriverBase [WebEventListener.java : 23] - Before navigating to: 'http://localhost:8010/public/saas/sam/admin/main/html/main.html'
2019-11-14 09:16:26,202 [main] DEBUG cn.ac.base.DriverBase [WebEventListener.java : 27] - Navigated to:'http://localhost:8010/public/saas/sam/admin/main/html/main.html'
2019-11-14 09:16:26,213 [main] DEBUG cn.ac.base.DriverBase [WebEventListener.java : 67] - 找到标签前 : By.name: login_user
2019-11-14 09:16:26,565 [main] DEBUG cn.ac.base.DriverBase [WebEventListener.java : 71] - 找到标签后 : By.name: login_user
2019-11-14 09:16:26,602 [main] DEBUG cn.ac.base.DriverBase [WebEventListener.java : 67] - 找到标签前 : By.name: login_pas
2019-11-14 09:16:26,615 [main] DEBUG cn.ac.base.DriverBase [WebEventListener.java : 71] - 找到标签后 : By.name: login_pas
2019-11-14 09:16:26,654 [main] DEBUG cn.ac.base.DriverBase [WebEventListener.java : 67] - 找到标签前 : By.xpath: //div[@class='login-sub']
2019-11-14 09:16:26,666 [main] DEBUG cn.ac.base.DriverBase [WebEventListener.java : 71] - 找到标签后 : By.xpath: //div[@class='login-sub']
2019-11-14 09:16:26,667 [main] DEBUG cn.ac.base.DriverBase [WebEventListener.java : 39] - 点击标签: [[ChromeDriver: chrome on XP (ac775331ca856021ac1295c86a830256)] -> xpath: //div[@class='login-sub']]之前执行...
2019-11-14 09:16:26,706 [main] DEBUG cn.ac.base.DriverBase [WebEventListener.java : 43] - 点击标签之后: [[ChromeDriver: chrome on XP (ac775331ca856021ac1295c86a830256)] -> xpath: //div[@class='login-sub']]之后执行...
2019-11-14 09:16:26,709 [main] DEBUG cn.ac.base.DriverBase [WebEventListener.java : 67] - 找到标签前 : By.cssSelector: .platformmune-list > li:nth-child(3) > span
2019-11-14 09:16:27,744 [main] DEBUG cn.ac.base.DriverBase [WebEventListener.java : 71] - 找到标签后 : By.cssSelector: .platformmune-list > li:nth-child(3) > span
2019-11-14 09:16:27,744 [main] DEBUG cn.ac.base.DriverBase [WebEventListener.java : 39] - 点击标签: [[ChromeDriver: chrome on XP (ac775331ca856021ac1295c86a830256)] -> css selector: .platformmune-list > li:nth-child(3) > span]之前执行...
2019-11-14 09:16:27,776 [main] DEBUG cn.ac.base.DriverBase [WebEventListener.java : 43] - 点击标签之后: [[ChromeDriver: chrome on XP (ac775331ca856021ac1295c86a830256)] -> css selector: .platformmune-list > li:nth-child(3) > span]之后执行...
2019-11-14 09:16:27,776 [main] DEBUG cn.ac.base.DriverBase [WebEventListener.java : 67] - 找到标签前 : By.xpath: //span[contains(text(),'基础数据维护')]
2019-11-14 09:16:27,786 [main] DEBUG cn.ac.base.DriverBase [WebEventListener.java : 71] - 找到标签后 : By.xpath: //span[contains(text(),'基础数据维护')]
2019-11-14 09:16:27,787 [main] DEBUG cn.ac.base.DriverBase [WebEventListener.java : 39] - 点击标签: [[ChromeDriver: chrome on XP (ac775331ca856021ac1295c86a830256)] -> xpath: //span[contains(text(),'基础数据维护')]]之前执行...
2019-11-14 09:16:27,821 [main] DEBUG cn.ac.base.DriverBase [WebEventListener.java : 43] - 点击标签之后: [[ChromeDriver: chrome on XP (ac775331ca856021ac1295c86a830256)] -> xpath: //span[contains(text(),'基础数据维护')]]之后执行...
2019-11-14 09:16:27,821 [main] DEBUG cn.ac.base.DriverBase [WebEventListener.java : 67] - 找到标签前 : By.xpath: //li[contains(text(),'协同定义')]
2019-11-14 09:16:27,831 [main] DEBUG cn.ac.base.DriverBase [WebEventListener.java : 71] - 找到标签后 : By.xpath: //li[contains(text(),'协同定义')]
2019-11-14 09:16:27,831 [main] DEBUG cn.ac.base.DriverBase [WebEventListener.java : 39] - 点击标签: [[ChromeDriver: chrome on XP (ac775331ca856021ac1295c86a830256)] -> xpath: //li[contains(text(),'协同定义')]]之前执行...
2019-11-14 09:16:27,862 [main] DEBUG cn.ac.base.DriverBase [WebEventListener.java : 43] - 点击标签之后: [[ChromeDriver: chrome on XP (ac775331ca856021ac1295c86a830256)] -> xpath: //li[contains(text(),'协同定义')]]之后执行...
2019-11-14 09:16:27,862 [main] DEBUG cn.ac.base.DriverBase [WebEventListener.java : 67] - 找到标签前 : By.xpath: //span[contains(text(),'查询')]
2019-11-14 09:16:27,878 [main] DEBUG cn.ac.base.DriverBase [WebEventListener.java : 71] - 找到标签后 : By.xpath: //span[contains(text(),'查询')]
2019-11-14 09:16:27,879 [main] DEBUG cn.ac.base.DriverBase [WebEventListener.java : 39] - 点击标签: [[ChromeDriver: chrome on XP (ac775331ca856021ac1295c86a830256)] -> xpath: //span[contains(text(),'查询')]]之前执行...
2019-11-14 09:16:27,907 [main] DEBUG cn.ac.base.DriverBase [WebEventListener.java : 43] - 点击标签之后: [[ChromeDriver: chrome on XP (ac775331ca856021ac1295c86a830256)] -> xpath: //span[contains(text(),'查询')]]之后执行...
2019-11-14 09:16:27,908 [main] DEBUG cn.ac.base.DriverBase [WebEventListener.java : 67] - 找到标签前 : By.xpath: //img[@class='searchtoolbar-batchAdd']
2019-11-14 09:16:28,080 [main] DEBUG cn.ac.base.DriverBase [WebEventListener.java : 71] - 找到标签后 : By.xpath: //img[@class='searchtoolbar-batchAdd']
2019-11-14 09:16:28,081 [main] DEBUG cn.ac.base.DriverBase [WebEventListener.java : 39] - 点击标签: [[ChromeDriver: chrome on XP (ac775331ca856021ac1295c86a830256)] -> xpath: //img[@class='searchtoolbar-batchAdd']]之前执行...
2019-11-14 09:16:28,134 [main] DEBUG cn.ac.base.DriverBase [WebEventListener.java : 43] - 点击标签之后: [[ChromeDriver: chrome on XP (ac775331ca856021ac1295c86a830256)] -> xpath: //img[@class='searchtoolbar-batchAdd']]之后执行...
2019-11-14 09:16:28,134 [main] DEBUG cn.ac.base.DriverBase [WebEventListener.java : 67] - 找到标签前 : By.xpath: //tbody[@class='showdatagrid-tbody']/tr[1]/td
2019-11-14 09:16:28,151 [main] DEBUG cn.ac.base.DriverBase [WebEventListener.java : 71] - 找到标签后 : By.xpath: //tbody[@class='showdatagrid-tbody']/tr[1]/td
2019-11-14 09:16:28,152 [main] DEBUG cn.ac.base.DriverBase [WebEventListener.java : 39] - 点击标签: [[ChromeDriver: chrome on XP (ac775331ca856021ac1295c86a830256)] -> xpath: //tbody[@class='showdatagrid-tbody']/tr[1]/td]之前执行...
2019-11-14 09:16:28,191 [main] DEBUG cn.ac.base.DriverBase [WebEventListener.java : 43] - 点击标签之后: [[ChromeDriver: chrome on XP (ac775331ca856021ac1295c86a830256)] -> xpath: //tbody[@class='showdatagrid-tbody']/tr[1]/td]之后执行...
2019-11-14 09:16:28,201 [main] DEBUG cn.ac.base.DriverBase [WebEventListener.java : 67] - 找到标签前 : By.xpath: //input[@name='coordinationcode']
2019-11-14 09:16:28,215 [main] DEBUG cn.ac.base.DriverBase [WebEventListener.java : 71] - 找到标签后 : By.xpath: //input[@name='coordinationcode']
2019-11-14 09:16:28,240 [main] DEBUG cn.ac.base.DriverBase [WebEventListener.java : 39] - 点击标签: [[ChromeDriver: chrome on XP (ac775331ca856021ac1295c86a830256)] -> xpath: //tbody[@class='showdatagrid-tbody']/tr[1]/td]之前执行...
2019-11-14 09:16:28,276 [main] DEBUG cn.ac.base.DriverBase [WebEventListener.java : 43] - 点击标签之后: [[ChromeDriver: chrome on XP (ac775331ca856021ac1295c86a830256)] -> xpath: //tbody[@class='showdatagrid-tbody']/tr[1]/td]之后执行...
2019-11-14 09:16:28,277 [main] DEBUG cn.ac.base.DriverBase [WebEventListener.java : 67] - 找到标签前 : By.xpath: //input[@name='coordinationdesc']
2019-11-14 09:16:28,288 [main] DEBUG cn.ac.base.DriverBase [WebEventListener.java : 71] - 找到标签后 : By.xpath: //input[@name='coordinationdesc']
2019-11-14 09:16:28,304 [main] DEBUG cn.ac.base.DriverBase [WebEventListener.java : 39] - 点击标签: [[ChromeDriver: chrome on XP (ac775331ca856021ac1295c86a830256)] -> xpath: //tbody[@class='showdatagrid-tbody']/tr[1]/td]之前执行...
2019-11-14 09:16:28,337 [main] DEBUG cn.ac.base.DriverBase [WebEventListener.java : 43] - 点击标签之后: [[ChromeDriver: chrome on XP (ac775331ca856021ac1295c86a830256)] -> xpath: //tbody[@class='showdatagrid-tbody']/tr[1]/td]之后执行...
2019-11-14 09:16:28,337 [main] DEBUG cn.ac.base.DriverBase [WebEventListener.java : 67] - 找到标签前 : By.xpath: //ul/li[contains(text(),'企业间')]
2019-11-14 09:16:28,349 [main] DEBUG cn.ac.base.DriverBase [WebEventListener.java : 71] - 找到标签后 : By.xpath: //ul/li[contains(text(),'企业间')]
2019-11-14 09:16:28,350 [main] DEBUG cn.ac.base.DriverBase [WebEventListener.java : 39] - 点击标签: [[[[ChromeDriver: chrome on XP (ac775331ca856021ac1295c86a830256)] -> xpath: //tbody[@class='showdatagrid-tbody']/tr[1]/td]] -> xpath: //ul/li[contains(text(),'企业间')]]之前执行...
2019-11-14 09:16:28,386 [main] DEBUG cn.ac.base.DriverBase [WebEventListener.java : 43] - 点击标签之后: [[[[ChromeDriver: chrome on XP (ac775331ca856021ac1295c86a830256)] -> xpath: //tbody[@class='showdatagrid-tbody']/tr[1]/td]] -> xpath: //ul/li[contains(text(),'企业间')]]之后执行...
2019-11-14 09:16:28,386 [main] DEBUG cn.ac.base.DriverBase [WebEventListener.java : 39] - 点击标签: [[ChromeDriver: chrome on XP (ac775331ca856021ac1295c86a830256)] -> xpath: //tbody[@class='showdatagrid-tbody']/tr[1]/td]之前执行...
2019-11-14 09:16:28,418 [main] DEBUG cn.ac.base.DriverBase [WebEventListener.java : 43] - 点击标签之后: [[ChromeDriver: chrome on XP (ac775331ca856021ac1295c86a830256)] -> xpath: //tbody[@class='showdatagrid-tbody']/tr[1]/td]之后执行...
2019-11-14 09:16:28,418 [main] DEBUG cn.ac.base.DriverBase [WebEventListener.java : 67] - 找到标签前 : By.xpath: //input[@name='sourceclassname']
2019-11-14 09:16:28,430 [main] DEBUG cn.ac.base.DriverBase [WebEventListener.java : 71] - 找到标签后 : By.xpath: //input[@name='sourceclassname']
2019-11-14 09:16:28,444 [main] DEBUG cn.ac.base.DriverBase [WebEventListener.java : 39] - 点击标签: [[ChromeDriver: chrome on XP (ac775331ca856021ac1295c86a830256)] -> xpath: //tbody[@class='showdatagrid-tbody']/tr[1]/td]之前执行...
2019-11-14 09:16:28,476 [main] DEBUG cn.ac.base.DriverBase [WebEventListener.java : 43] - 点击标签之后: [[ChromeDriver: chrome on XP (ac775331ca856021ac1295c86a830256)] -> xpath: //tbody[@class='showdatagrid-tbody']/tr[1]/td]之后执行...
2019-11-14 09:16:28,476 [main] DEBUG cn.ac.base.DriverBase [WebEventListener.java : 67] - 找到标签前 : By.xpath: //input[@name='sourcemethodname']
2019-11-14 09:16:28,487 [main] DEBUG cn.ac.base.DriverBase [WebEventListener.java : 71] - 找到标签后 : By.xpath: //input[@name='sourcemethodname']
2019-11-14 09:16:28,499 [main] DEBUG cn.ac.base.DriverBase [WebEventListener.java : 39] - 点击标签: [[ChromeDriver: chrome on XP (ac775331ca856021ac1295c86a830256)] -> xpath: //tbody[@class='showdatagrid-tbody']/tr[1]/td]之前执行...
2019-11-14 09:16:28,542 [main] DEBUG cn.ac.base.DriverBase [WebEventListener.java : 43] - 点击标签之后: [[ChromeDriver: chrome on XP (ac775331ca856021ac1295c86a830256)] -> xpath: //tbody[@class='showdatagrid-tbody']/tr[1]/td]之后执行...
2019-11-14 09:16:28,543 [main] DEBUG cn.ac.base.DriverBase [WebEventListener.java : 67] - 找到标签前 : By.xpath: //input[@name='destclassname']
2019-11-14 09:16:28,552 [main] DEBUG cn.ac.base.DriverBase [WebEventListener.java : 71] - 找到标签后 : By.xpath: //input[@name='destclassname']
2019-11-14 09:16:28,564 [main] DEBUG cn.ac.base.DriverBase [WebEventListener.java : 39] - 点击标签: [[ChromeDriver: chrome on XP (ac775331ca856021ac1295c86a830256)] -> xpath: //tbody[@class='showdatagrid-tbody']/tr[1]/td]之前执行...
2019-11-14 09:16:28,609 [main] DEBUG cn.ac.base.DriverBase [WebEventListener.java : 43] - 点击标签之后: [[ChromeDriver: chrome on XP (ac775331ca856021ac1295c86a830256)] -> xpath: //tbody[@class='showdatagrid-tbody']/tr[1]/td]之后执行...
2019-11-14 09:16:28,609 [main] DEBUG cn.ac.base.DriverBase [WebEventListener.java : 67] - 找到标签前 : By.xpath: //input[@name='destmethodname']
2019-11-14 09:16:28,620 [main] DEBUG cn.ac.base.DriverBase [WebEventListener.java : 71] - 找到标签后 : By.xpath: //input[@name='destmethodname']
2019-11-14 09:16:28,659 [main] DEBUG cn.ac.base.DriverBase [WebEventListener.java : 39] - 点击标签: [[ChromeDriver: chrome on XP (ac775331ca856021ac1295c86a830256)] -> xpath: //tbody[@class='showdatagrid-tbody']/tr[1]/td]之前执行...
2019-11-14 09:16:28,693 [main] DEBUG cn.ac.base.DriverBase [WebEventListener.java : 43] - 点击标签之后: [[ChromeDriver: chrome on XP (ac775331ca856021ac1295c86a830256)] -> xpath: //tbody[@class='showdatagrid-tbody']/tr[1]/td]之后执行...
2019-11-14 09:16:28,693 [main] DEBUG cn.ac.base.DriverBase [WebEventListener.java : 67] - 找到标签前 : By.xpath: //input[@name='operationdirection']
2019-11-14 09:16:28,705 [main] DEBUG cn.ac.base.DriverBase [WebEventListener.java : 71] - 找到标签后 : By.xpath: //input[@name='operationdirection']
2019-11-14 09:16:28,718 [main] DEBUG cn.ac.base.DriverBase [WebEventListener.java : 39] - 点击标签: [[ChromeDriver: chrome on XP (ac775331ca856021ac1295c86a830256)] -> xpath: //tbody[@class='showdatagrid-tbody']/tr[1]/td]之前执行...
2019-11-14 09:16:28,760 [main] DEBUG cn.ac.base.DriverBase [WebEventListener.java : 43] - 点击标签之后: [[ChromeDriver: chrome on XP (ac775331ca856021ac1295c86a830256)] -> xpath: //tbody[@class='showdatagrid-tbody']/tr[1]/td]之后执行...
2019-11-14 09:16:28,760 [main] DEBUG cn.ac.base.DriverBase [WebEventListener.java : 67] - 找到标签前 : By.xpath: //input[@name='beginopportune']
2019-11-14 09:16:28,771 [main] DEBUG cn.ac.base.DriverBase [WebEventListener.java : 71] - 找到标签后 : By.xpath: //input[@name='beginopportune']
2019-11-14 09:16:28,783 [main] DEBUG cn.ac.base.DriverBase [WebEventListener.java : 67] - 找到标签前 : By.xpath: //img[@class='searchtoolbar-hold']
2019-11-14 09:16:28,793 [main] DEBUG cn.ac.base.DriverBase [WebEventListener.java : 71] - 找到标签后 : By.xpath: //img[@class='searchtoolbar-hold']
2019-11-14 09:16:28,793 [main] DEBUG cn.ac.base.DriverBase [WebEventListener.java : 39] - 点击标签: [[ChromeDriver: chrome on XP (ac775331ca856021ac1295c86a830256)] -> xpath: //img[@class='searchtoolbar-hold']]之前执行...
2019-11-14 09:16:28,829 [main] DEBUG cn.ac.base.DriverBase [WebEventListener.java : 43] - 点击标签之后: [[ChromeDriver: chrome on XP (ac775331ca856021ac1295c86a830256)] -> xpath: //img[@class='searchtoolbar-hold']]之后执行...
2019-11-14 09:16:28,829 [main] DEBUG cn.ac.base.DriverBase [WebEventListener.java : 67] - 找到标签前 : By.xpath: //div[@class='mainModel-alert-submit clearfix']/span[@class='mainModel-alert-sure']
2019-11-14 09:16:28,840 [main] DEBUG cn.ac.base.DriverBase [WebEventListener.java : 71] - 找到标签后 : By.xpath: //div[@class='mainModel-alert-submit clearfix']/span[@class='mainModel-alert-sure']
2019-11-14 09:16:28,840 [main] DEBUG cn.ac.base.DriverBase [WebEventListener.java : 39] - 点击标签: [[ChromeDriver: chrome on XP (ac775331ca856021ac1295c86a830256)] -> xpath: //div[@class='mainModel-alert-submit clearfix']/span[@class='mainModel-alert-sure']]之前执行...
2019-11-14 09:16:28,874 [main] DEBUG cn.ac.base.DriverBase [WebEventListener.java : 43] - 点击标签之后: [[ChromeDriver: chrome on XP (ac775331ca856021ac1295c86a830256)] -> xpath: //div[@class='mainModel-alert-submit clearfix']/span[@class='mainModel-alert-sure']]之后执行...
2019-11-14 09:16:28,885 [main] DEBUG cn.ac.base.DriverBase [WebEventListener.java : 23] - Before navigating to: 'http://localhost:8010/public/saas/sam/admin/main/html/main.html'
2019-11-14 09:16:28,917 [main] DEBUG cn.ac.base.DriverBase [WebEventListener.java : 27] - Navigated to:'http://localhost:8010/public/saas/sam/admin/main/html/main.html'
2019-11-14 09:16:29,125 [main] DEBUG cn.ac.base.DriverBase [WebEventListener.java : 67] - 找到标签前 : By.name: login_user
2019-11-14 09:16:29,134 [main] DEBUG cn.ac.base.DriverBase [WebEventListener.java : 71] - 找到标签后 : By.name: login_user
2019-11-14 09:16:29,134 [main] DEBUG cn.ac.base.DriverBase [WebEventListener.java : 39] - 点击标签: [[ChromeDriver: chrome on XP (ac775331ca856021ac1295c86a830256)] -> name: login_user]之前执行...
2019-11-14 09:16:29,161 [main] DEBUG cn.ac.base.DriverBase [WebEventListener.java : 43] - 点击标签之后: [[ChromeDriver: chrome on XP (ac775331ca856021ac1295c86a830256)] -> name: login_user]之后执行...
2019-11-14 09:16:29,162 [main] DEBUG cn.ac.base.DriverBase [WebEventListener.java : 67] - 找到标签前 : By.name: login_user
2019-11-14 09:16:29,169 [main] DEBUG cn.ac.base.DriverBase [WebEventListener.java : 71] - 找到标签后 : By.name: login_user
2019-11-14 09:16:29,189 [main] DEBUG cn.ac.base.DriverBase [WebEventListener.java : 67] - 找到标签前 : By.name: login_pas
2019-11-14 09:16:29,197 [main] DEBUG cn.ac.base.DriverBase [WebEventListener.java : 71] - 找到标签后 : By.name: login_pas
2019-11-14 09:16:29,197 [main] DEBUG cn.ac.base.DriverBase [WebEventListener.java : 39] - 点击标签: [[ChromeDriver: chrome on XP (ac775331ca856021ac1295c86a830256)] -> name: login_pas]之前执行...
2019-11-14 09:16:29,227 [main] DEBUG cn.ac.base.DriverBase [WebEventListener.java : 43] - 点击标签之后: [[ChromeDriver: chrome on XP (ac775331ca856021ac1295c86a830256)] -> name: login_pas]之后执行...
2019-11-14 09:16:29,227 [main] DEBUG cn.ac.base.DriverBase [WebEventListener.java : 67] - 找到标签前 : By.name: login_pas
2019-11-14 09:16:29,235 [main] DEBUG cn.ac.base.DriverBase [WebEventListener.java : 71] - 找到标签后 : By.name: login_pas
2019-11-14 09:16:29,254 [main] DEBUG cn.ac.base.DriverBase [WebEventListener.java : 67] - 找到标签前 : By.cssSelector: .login-sub
2019-11-14 09:16:29,264 [main] DEBUG cn.ac.base.DriverBase [WebEventListener.java : 71] - 找到标签后 : By.cssSelector: .login-sub
2019-11-14 09:16:29,265 [main] DEBUG cn.ac.base.DriverBase [WebEventListener.java : 39] - 点击标签: [[ChromeDriver: chrome on XP (ac775331ca856021ac1295c86a830256)] -> css selector: .login-sub]之前执行...
2019-11-14 09:16:29,292 [main] DEBUG cn.ac.base.DriverBase [WebEventListener.java : 43] - 点击标签之后: [[ChromeDriver: chrome on XP (ac775331ca856021ac1295c86a830256)] -> css selector: .login-sub]之后执行...
2019-11-14 09:16:29,293 [main] DEBUG cn.ac.base.DriverBase [WebEventListener.java : 67] - 找到标签前 : By.cssSelector: .platformmune-list > li:nth-child(3) > span
2019-11-14 09:16:30,078 [main] DEBUG cn.ac.base.DriverBase [WebEventListener.java : 71] - 找到标签后 : By.cssSelector: .platformmune-list > li:nth-child(3) > span
2019-11-14 09:16:30,079 [main] DEBUG cn.ac.base.DriverBase [WebEventListener.java : 39] - 点击标签: [[ChromeDriver: chrome on XP (ac775331ca856021ac1295c86a830256)] -> css selector: .platformmune-list > li:nth-child(3) > span]之前执行...
2019-11-14 09:16:30,126 [main] DEBUG cn.ac.base.DriverBase [WebEventListener.java : 43] - 点击标签之后: [[ChromeDriver: chrome on XP (ac775331ca856021ac1295c86a830256)] -> css selector: .platformmune-list > li:nth-child(3) > span]之后执行...
2019-11-14 09:16:30,127 [main] DEBUG cn.ac.base.DriverBase [WebEventListener.java : 67] - 找到标签前 : By.xpath: //span[contains(.,'基础数据维护')]
2019-11-14 09:16:30,148 [main] DEBUG cn.ac.base.DriverBase [WebEventListener.java : 71] - 找到标签后 : By.xpath: //span[contains(.,'基础数据维护')]
2019-11-14 09:16:30,274 [main] DEBUG cn.ac.base.DriverBase [WebEventListener.java : 67] - 找到标签前 : By.xpath: //li[3]/ul/li/ul/li
2019-11-14 09:16:30,284 [main] DEBUG cn.ac.base.DriverBase [WebEventListener.java : 71] - 找到标签后 : By.xpath: //li[3]/ul/li/ul/li
2019-11-14 09:16:30,284 [main] DEBUG cn.ac.base.DriverBase [WebEventListener.java : 39] - 点击标签: [[ChromeDriver: chrome on XP (ac775331ca856021ac1295c86a830256)] -> xpath: //li[3]/ul/li/ul/li]之前执行...
2019-11-14 09:16:30,315 [main] DEBUG cn.ac.base.DriverBase [WebEventListener.java : 43] - 点击标签之后: [[ChromeDriver: chrome on XP (ac775331ca856021ac1295c86a830256)] -> xpath: //li[3]/ul/li/ul/li]之后执行...
2019-11-14 09:16:30,315 [main] DEBUG cn.ac.base.DriverBase [WebEventListener.java : 67] - 找到标签前 : By.xpath: //div[2]/div[2]/div/div/div/div/span
2019-11-14 09:16:30,731 [main] DEBUG cn.ac.base.DriverBase [WebEventListener.java : 71] - 找到标签后 : By.xpath: //div[2]/div[2]/div/div/div/div/span
2019-11-14 09:16:30,731 [main] DEBUG cn.ac.base.DriverBase [WebEventListener.java : 39] - 点击标签: [[ChromeDriver: chrome on XP (ac775331ca856021ac1295c86a830256)] -> xpath: //div[2]/div[2]/div/div/div/div/span]之前执行...
2019-11-14 09:16:30,775 [main] DEBUG cn.ac.base.DriverBase [WebEventListener.java : 43] - 点击标签之后: [[ChromeDriver: chrome on XP (ac775331ca856021ac1295c86a830256)] -> xpath: //div[2]/div[2]/div/div/div/div/span]之后执行...
2019-11-14 09:16:30,785 [main] DEBUG cn.ac.base.DriverBase [WebEventListener.java : 23] - Before navigating to: 'http://localhost:8010/public/saas/sam/admin/main/html/main.html'
2019-11-14 09:16:30,817 [main] DEBUG cn.ac.base.DriverBase [WebEventListener.java : 27] - Navigated to:'http://localhost:8010/public/saas/sam/admin/main/html/main.html'
2019-11-14 09:16:30,924 [main] DEBUG cn.ac.base.DriverBase [WebEventListener.java : 67] - 找到标签前 : By.name: login_user
2019-11-14 09:16:31,000 [main] DEBUG cn.ac.base.DriverBase [WebEventListener.java : 71] - 找到标签后 : By.name: login_user
2019-11-14 09:16:31,000 [main] DEBUG cn.ac.base.DriverBase [WebEventListener.java : 39] - 点击标签: [[ChromeDriver: chrome on XP (ac775331ca856021ac1295c86a830256)] -> name: login_user]之前执行...
2019-11-14 09:16:31,030 [main] DEBUG cn.ac.base.DriverBase [WebEventListener.java : 43] - 点击标签之后: [[ChromeDriver: chrome on XP (ac775331ca856021ac1295c86a830256)] -> name: login_user]之后执行...
2019-11-14 09:16:31,030 [main] DEBUG cn.ac.base.DriverBase [WebEventListener.java : 67] - 找到标签前 : By.name: login_user
2019-11-14 09:16:31,037 [main] DEBUG cn.ac.base.DriverBase [WebEventListener.java : 71] - 找到标签后 : By.name: login_user
2019-11-14 09:16:31,056 [main] DEBUG cn.ac.base.DriverBase [WebEventListener.java : 67] - 找到标签前 : By.name: login_pas
2019-11-14 09:16:31,069 [main] DEBUG cn.ac.base.DriverBase [WebEventListener.java : 71] - 找到标签后 : By.name: login_pas
2019-11-14 09:16:31,104 [main] DEBUG cn.ac.base.DriverBase [WebEventListener.java : 67] - 找到标签前 : By.name: login_pas
2019-11-14 09:16:31,109 [main] DEBUG cn.ac.base.DriverBase [WebEventListener.java : 71] - 找到标签后 : By.name: login_pas
2019-11-14 09:16:31,128 [main] DEBUG cn.ac.base.DriverBase [WebEventListener.java : 67] - 找到标签前 : By.cssSelector: .platformmune-list > li:nth-child(3) > span
2019-11-14 09:16:31,934 [main] DEBUG cn.ac.base.DriverBase [WebEventListener.java : 71] - 找到标签后 : By.cssSelector: .platformmune-list > li:nth-child(3) > span
2019-11-14 09:16:31,934 [main] DEBUG cn.ac.base.DriverBase [WebEventListener.java : 39] - 点击标签: [[ChromeDriver: chrome on XP (ac775331ca856021ac1295c86a830256)] -> css selector: .platformmune-list > li:nth-child(3) > span]之前执行...
2019-11-14 09:16:31,975 [main] DEBUG cn.ac.base.DriverBase [WebEventListener.java : 43] - 点击标签之后: [[ChromeDriver: chrome on XP (ac775331ca856021ac1295c86a830256)] -> css selector: .platformmune-list > li:nth-child(3) > span]之后执行...
2019-11-14 09:16:31,976 [main] DEBUG cn.ac.base.DriverBase [WebEventListener.java : 67] - 找到标签前 : By.xpath: //span[contains(.,'基础数据维护')]
2019-11-14 09:16:31,988 [main] DEBUG cn.ac.base.DriverBase [WebEventListener.java : 71] - 找到标签后 : By.xpath: //span[contains(.,'基础数据维护')]
2019-11-14 09:16:32,107 [main] DEBUG cn.ac.base.DriverBase [WebEventListener.java : 67] - 找到标签前 : By.xpath: //li[23]
2019-11-14 09:16:32,116 [main] DEBUG cn.ac.base.DriverBase [WebEventListener.java : 71] - 找到标签后 : By.xpath: //li[23]
2019-11-14 09:16:32,116 [main] DEBUG cn.ac.base.DriverBase [WebEventListener.java : 39] - 点击标签: [[ChromeDriver: chrome on XP (ac775331ca856021ac1295c86a830256)] -> xpath: //li[23]]之前执行...
2019-11-14 09:16:32,147 [main] DEBUG cn.ac.base.DriverBase [WebEventListener.java : 43] - 点击标签之后: [[ChromeDriver: chrome on XP (ac775331ca856021ac1295c86a830256)] -> xpath: //li[23]]之后执行...
2019-11-14 09:16:32,147 [main] DEBUG cn.ac.base.DriverBase [WebEventListener.java : 67] - 找到标签前 : By.cssSelector: .searchtoolbar-search-span
2019-11-14 09:16:32,347 [main] DEBUG cn.ac.base.DriverBase [WebEventListener.java : 71] - 找到标签后 : By.cssSelector: .searchtoolbar-search-span
2019-11-14 09:16:32,348 [main] DEBUG cn.ac.base.DriverBase [WebEventListener.java : 39] - 点击标签: [[ChromeDriver: chrome on XP (ac775331ca856021ac1295c86a830256)] -> css selector: .searchtoolbar-search-span]之前执行...
2019-11-14 09:16:32,390 [main] DEBUG cn.ac.base.DriverBase [WebEventListener.java : 43] - 点击标签之后: [[ChromeDriver: chrome on XP (ac775331ca856021ac1295c86a830256)] -> css selector: .searchtoolbar-search-span]之后执行...
2019-11-14 09:16:32,391 [main] DEBUG cn.ac.base.DriverBase [WebEventListener.java : 67] - 找到标签前 : By.cssSelector: .searchtoolbar-batchAdd
2019-11-14 09:16:42,444 [main] DEBUG cn.ac.base.DriverBase [WebEventListener.java : 63] - Exception occured: org.openqa.selenium.NoSuchElementException: no such element: Unable to locate element: {"method":"css selector","selector":".searchtoolbar-batchAdd"}
  (Session info: headless chrome=79.0.3941.4)
For documentation on this error, please visit: https://www.seleniumhq.org/exceptions/no_such_element.html
Build info: version: '4.0.0-alpha-1', revision: 'd1d3728cae', time: '2019-04-24T13:42:21'
System info: host: 'DESKTOP-16V47TI', ip: '192.168.229.1', os.name: 'Windows 10', os.arch: 'amd64', os.version: '10.0', java.version: '1.8.0_144'
Driver info: org.openqa.selenium.chrome.ChromeDriver
Capabilities {acceptInsecureCerts: false, browserName: chrome, browserVersion: 79.0.3941.4, chrome: {chromedriverVersion: 78.0.3904.70 (edb9c9f3de024..., userDataDir: C:\Users\sybcheck\AppData\L...}, goog:chromeOptions: {debuggerAddress: localhost:51243}, javascriptEnabled: true, networkConnectionEnabled: false, pageLoadStrategy: normal, platform: XP, platformName: XP, proxy: Proxy(), setWindowRect: true, strictFileInteractability: false, timeouts: {implicit: 0, pageLoad: 300000, script: 30000}, unhandledPromptBehavior: dismiss and notify}
Session ID: ac775331ca856021ac1295c86a830256
*** Element info: {Using=css selector, value=.searchtoolbar-batchAdd}
2019-11-14 09:16:42,703 [main] DEBUG cn.ac.base.DriverBase [WebEventListener.java : 23] - Before navigating to: 'http://localhost:8010/public/saas/sam/admin/main/html/main.html'
2019-11-14 09:16:42,730 [main] DEBUG cn.ac.base.DriverBase [WebEventListener.java : 27] - Navigated to:'http://localhost:8010/public/saas/sam/admin/main/html/main.html'
2019-11-14 09:16:42,836 [main] DEBUG cn.ac.base.DriverBase [WebEventListener.java : 67] - 找到标签前 : By.name: login_user
2019-11-14 09:16:42,901 [main] DEBUG cn.ac.base.DriverBase [WebEventListener.java : 71] - 找到标签后 : By.name: login_user
2019-11-14 09:16:42,902 [main] DEBUG cn.ac.base.DriverBase [WebEventListener.java : 39] - 点击标签: [[ChromeDriver: chrome on XP (ac775331ca856021ac1295c86a830256)] -> name: login_user]之前执行...
2019-11-14 09:16:42,931 [main] DEBUG cn.ac.base.DriverBase [WebEventListener.java : 43] - 点击标签之后: [[ChromeDriver: chrome on XP (ac775331ca856021ac1295c86a830256)] -> name: login_user]之后执行...
2019-11-14 09:16:42,931 [main] DEBUG cn.ac.base.DriverBase [WebEventListener.java : 67] - 找到标签前 : By.name: login_user
2019-11-14 09:16:42,938 [main] DEBUG cn.ac.base.DriverBase [WebEventListener.java : 71] - 找到标签后 : By.name: login_user
2019-11-14 09:16:42,958 [main] DEBUG cn.ac.base.DriverBase [WebEventListener.java : 67] - 找到标签前 : By.name: login_pas
2019-11-14 09:16:42,967 [main] DEBUG cn.ac.base.DriverBase [WebEventListener.java : 71] - 找到标签后 : By.name: login_pas
2019-11-14 09:16:43,000 [main] DEBUG cn.ac.base.DriverBase [WebEventListener.java : 67] - 找到标签前 : By.cssSelector: .login-sub
2019-11-14 09:16:43,010 [main] DEBUG cn.ac.base.DriverBase [WebEventListener.java : 71] - 找到标签后 : By.cssSelector: .login-sub
2019-11-14 09:16:43,010 [main] DEBUG cn.ac.base.DriverBase [WebEventListener.java : 39] - 点击标签: [[ChromeDriver: chrome on XP (ac775331ca856021ac1295c86a830256)] -> css selector: .login-sub]之前执行...
2019-11-14 09:16:43,039 [main] DEBUG cn.ac.base.DriverBase [WebEventListener.java : 43] - 点击标签之后: [[ChromeDriver: chrome on XP (ac775331ca856021ac1295c86a830256)] -> css selector: .login-sub]之后执行...
2019-11-14 09:16:43,040 [main] DEBUG cn.ac.base.DriverBase [WebEventListener.java : 67] - 找到标签前 : By.cssSelector: .platformmune-list > li:nth-child(3) > span
2019-11-14 09:16:43,788 [main] DEBUG cn.ac.base.DriverBase [WebEventListener.java : 71] - 找到标签后 : By.cssSelector: .platformmune-list > li:nth-child(3) > span
2019-11-14 09:16:43,788 [main] DEBUG cn.ac.base.DriverBase [WebEventListener.java : 39] - 点击标签: [[ChromeDriver: chrome on XP (ac775331ca856021ac1295c86a830256)] -> css selector: .platformmune-list > li:nth-child(3) > span]之前执行...
2019-11-14 09:16:43,824 [main] DEBUG cn.ac.base.DriverBase [WebEventListener.java : 43] - 点击标签之后: [[ChromeDriver: chrome on XP (ac775331ca856021ac1295c86a830256)] -> css selector: .platformmune-list > li:nth-child(3) > span]之后执行...
2019-11-14 09:16:43,824 [main] DEBUG cn.ac.base.DriverBase [WebEventListener.java : 67] - 找到标签前 : By.xpath: //span[contains(.,'基础数据维护')]
2019-11-14 09:16:43,835 [main] DEBUG cn.ac.base.DriverBase [WebEventListener.java : 71] - 找到标签后 : By.xpath: //span[contains(.,'基础数据维护')]
2019-11-14 09:16:43,956 [main] DEBUG cn.ac.base.DriverBase [WebEventListener.java : 67] - 找到标签前 : By.xpath: //li[23]
2019-11-14 09:16:43,966 [main] DEBUG cn.ac.base.DriverBase [WebEventListener.java : 71] - 找到标签后 : By.xpath: //li[23]
2019-11-14 09:16:43,966 [main] DEBUG cn.ac.base.DriverBase [WebEventListener.java : 39] - 点击标签: [[ChromeDriver: chrome on XP (ac775331ca856021ac1295c86a830256)] -> xpath: //li[23]]之前执行...
2019-11-14 09:16:43,998 [main] DEBUG cn.ac.base.DriverBase [WebEventListener.java : 43] - 点击标签之后: [[ChromeDriver: chrome on XP (ac775331ca856021ac1295c86a830256)] -> xpath: //li[23]]之后执行...
2019-11-14 09:16:43,998 [main] DEBUG cn.ac.base.DriverBase [WebEventListener.java : 67] - 找到标签前 : By.cssSelector: .searchtoolbar-search-span
2019-11-14 09:16:44,170 [main] DEBUG cn.ac.base.DriverBase [WebEventListener.java : 71] - 找到标签后 : By.cssSelector: .searchtoolbar-search-span
2019-11-14 09:16:44,170 [main] DEBUG cn.ac.base.DriverBase [WebEventListener.java : 39] - 点击标签: [[ChromeDriver: chrome on XP (ac775331ca856021ac1295c86a830256)] -> css selector: .searchtoolbar-search-span]之前执行...
2019-11-14 09:16:44,197 [main] DEBUG cn.ac.base.DriverBase [WebEventListener.java : 43] - 点击标签之后: [[ChromeDriver: chrome on XP (ac775331ca856021ac1295c86a830256)] -> css selector: .searchtoolbar-search-span]之后执行...
2019-11-14 09:16:44,201 [main] DEBUG cn.ac.base.DriverBase [WebEventListener.java : 23] - Before navigating to: 'https://www.baidu.com/'
2019-11-14 09:16:44,469 [main] DEBUG cn.ac.base.DriverBase [WebEventListener.java : 27] - Navigated to:'https://www.baidu.com/'
2019-11-14 09:16:44,574 [main] DEBUG cn.ac.base.DriverBase [WebEventListener.java : 67] - 找到标签前 : By.id: kw
2019-11-14 09:16:44,585 [main] DEBUG cn.ac.base.DriverBase [WebEventListener.java : 71] - 找到标签后 : By.id: kw
2019-11-14 09:16:44,586 [main] DEBUG cn.ac.base.DriverBase [WebEventListener.java : 39] - 点击标签: [[ChromeDriver: chrome on XP (ac775331ca856021ac1295c86a830256)] -> id: kw]之前执行...
2019-11-14 09:16:44,615 [main] DEBUG cn.ac.base.DriverBase [WebEventListener.java : 43] - 点击标签之后: [[ChromeDriver: chrome on XP (ac775331ca856021ac1295c86a830256)] -> id: kw]之后执行...
2019-11-14 09:16:44,615 [main] DEBUG cn.ac.base.DriverBase [WebEventListener.java : 67] - 找到标签前 : By.id: kw
2019-11-14 09:16:44,623 [main] DEBUG cn.ac.base.DriverBase [WebEventListener.java : 71] - 找到标签后 : By.id: kw
2019-11-14 09:16:44,683 [main] DEBUG cn.ac.base.DriverBase [WebEventListener.java : 67] - 找到标签前 : By.id: su
2019-11-14 09:16:44,694 [main] DEBUG cn.ac.base.DriverBase [WebEventListener.java : 71] - 找到标签后 : By.id: su
2019-11-14 09:16:44,694 [main] DEBUG cn.ac.base.DriverBase [WebEventListener.java : 39] - 点击标签: [[ChromeDriver: chrome on XP (ac775331ca856021ac1295c86a830256)] -> id: su]之前执行...
2019-11-14 09:16:44,732 [main] DEBUG cn.ac.base.DriverBase [WebEventListener.java : 43] - 点击标签之后: [[ChromeDriver: chrome on XP (ac775331ca856021ac1295c86a830256)] -> id: su]之后执行...
2019-11-14 09:16:44,772 [main] DEBUG cn.ac.base.DriverBase [WebEventListener.java : 23] - Before navigating to: 'https://www.baidu.com/'
2019-11-14 09:16:44,830 [main] DEBUG cn.ac.base.DriverBase [WebEventListener.java : 27] - Navigated to:'https://www.baidu.com/'
2019-11-14 09:16:44,936 [main] DEBUG cn.ac.base.DriverBase [WebEventListener.java : 67] - 找到标签前 : By.id: kw
2019-11-14 09:16:44,943 [main] DEBUG cn.ac.base.DriverBase [WebEventListener.java : 71] - 找到标签后 : By.id: kw
2019-11-14 09:16:44,943 [main] DEBUG cn.ac.base.DriverBase [WebEventListener.java : 39] - 点击标签: [[ChromeDriver: chrome on XP (ac775331ca856021ac1295c86a830256)] -> id: kw]之前执行...
2019-11-14 09:16:44,970 [main] DEBUG cn.ac.base.DriverBase [WebEventListener.java : 43] - 点击标签之后: [[ChromeDriver: chrome on XP (ac775331ca856021ac1295c86a830256)] -> id: kw]之后执行...
2019-11-14 09:16:44,971 [main] DEBUG cn.ac.base.DriverBase [WebEventListener.java : 67] - 找到标签前 : By.id: kw
2019-11-14 09:16:44,977 [main] DEBUG cn.ac.base.DriverBase [WebEventListener.java : 71] - 找到标签后 : By.id: kw
2019-11-14 09:16:45,016 [main] DEBUG cn.ac.base.DriverBase [WebEventListener.java : 67] - 找到标签前 : By.cssSelector: .bdsug-overflow
2019-11-14 09:16:55,052 [main] DEBUG cn.ac.base.DriverBase [WebEventListener.java : 63] - Exception occured: org.openqa.selenium.NoSuchElementException: no such element: Unable to locate element: {"method":"css selector","selector":".bdsug-overflow"}
  (Session info: headless chrome=79.0.3941.4)
For documentation on this error, please visit: https://www.seleniumhq.org/exceptions/no_such_element.html
Build info: version: '4.0.0-alpha-1', revision: 'd1d3728cae', time: '2019-04-24T13:42:21'
System info: host: 'DESKTOP-16V47TI', ip: '192.168.229.1', os.name: 'Windows 10', os.arch: 'amd64', os.version: '10.0', java.version: '1.8.0_144'
Driver info: org.openqa.selenium.chrome.ChromeDriver
Capabilities {acceptInsecureCerts: false, browserName: chrome, browserVersion: 79.0.3941.4, chrome: {chromedriverVersion: 78.0.3904.70 (edb9c9f3de024..., userDataDir: C:\Users\sybcheck\AppData\L...}, goog:chromeOptions: {debuggerAddress: localhost:51243}, javascriptEnabled: true, networkConnectionEnabled: false, pageLoadStrategy: normal, platform: XP, platformName: XP, proxy: Proxy(), setWindowRect: true, strictFileInteractability: false, timeouts: {implicit: 0, pageLoad: 300000, script: 30000}, unhandledPromptBehavior: dismiss and notify}
Session ID: ac775331ca856021ac1295c86a830256
*** Element info: {Using=css selector, value=.bdsug-overflow}
2019-11-14 09:16:55,302 [main] DEBUG cn.ac.base.DriverBase [WebEventListener.java : 23] - Before navigating to: 'http://localhost:8010/public/saas/sam/admin/main/html/main.html'
2019-11-14 09:16:55,401 [main] DEBUG cn.ac.base.DriverBase [WebEventListener.java : 27] - Navigated to:'http://localhost:8010/public/saas/sam/admin/main/html/main.html'
2019-11-14 09:16:55,508 [main] DEBUG cn.ac.base.DriverBase [WebEventListener.java : 67] - 找到标签前 : By.name: login_user
2019-11-14 09:16:55,627 [main] DEBUG cn.ac.base.DriverBase [WebEventListener.java : 71] - 找到标签后 : By.name: login_user
2019-11-14 09:16:55,628 [main] DEBUG cn.ac.base.DriverBase [WebEventListener.java : 39] - 点击标签: [[ChromeDriver: chrome on XP (ac775331ca856021ac1295c86a830256)] -> name: login_user]之前执行...
2019-11-14 09:16:55,672 [main] DEBUG cn.ac.base.DriverBase [WebEventListener.java : 43] - 点击标签之后: [[ChromeDriver: chrome on XP (ac775331ca856021ac1295c86a830256)] -> name: login_user]之后执行...
2019-11-14 09:16:55,672 [main] DEBUG cn.ac.base.DriverBase [WebEventListener.java : 67] - 找到标签前 : By.name: login_user
2019-11-14 09:16:55,680 [main] DEBUG cn.ac.base.DriverBase [WebEventListener.java : 71] - 找到标签后 : By.name: login_user
2019-11-14 09:16:55,700 [main] DEBUG cn.ac.base.DriverBase [WebEventListener.java : 67] - 找到标签前 : By.name: login_pas
2019-11-14 09:16:55,712 [main] DEBUG cn.ac.base.DriverBase [WebEventListener.java : 71] - 找到标签后 : By.name: login_pas
2019-11-14 09:16:55,744 [main] DEBUG cn.ac.base.DriverBase [WebEventListener.java : 67] - 找到标签前 : By.name: login_pas
2019-11-14 09:16:55,751 [main] DEBUG cn.ac.base.DriverBase [WebEventListener.java : 71] - 找到标签后 : By.name: login_pas
2019-11-14 09:16:55,763 [main] DEBUG cn.ac.base.DriverBase [WebEventListener.java : 67] - 找到标签前 : By.cssSelector: .platformmune-list > li:nth-child(3) > span
2019-11-14 09:16:56,803 [main] DEBUG cn.ac.base.DriverBase [WebEventListener.java : 71] - 找到标签后 : By.cssSelector: .platformmune-list > li:nth-child(3) > span
2019-11-14 09:16:56,804 [main] DEBUG cn.ac.base.DriverBase [WebEventListener.java : 39] - 点击标签: [[ChromeDriver: chrome on XP (ac775331ca856021ac1295c86a830256)] -> css selector: .platformmune-list > li:nth-child(3) > span]之前执行...
2019-11-14 09:16:56,856 [main] DEBUG cn.ac.base.DriverBase [WebEventListener.java : 43] - 点击标签之后: [[ChromeDriver: chrome on XP (ac775331ca856021ac1295c86a830256)] -> css selector: .platformmune-list > li:nth-child(3) > span]之后执行...
2019-11-14 09:16:56,856 [main] DEBUG cn.ac.base.DriverBase [WebEventListener.java : 67] - 找到标签前 : By.xpath: //span[contains(.,'基础数据维护')]
2019-11-14 09:16:56,866 [main] DEBUG cn.ac.base.DriverBase [WebEventListener.java : 71] - 找到标签后 : By.xpath: //span[contains(.,'基础数据维护')]
2019-11-14 09:16:56,996 [main] DEBUG cn.ac.base.DriverBase [WebEventListener.java : 67] - 找到标签前 : By.xpath: //li[23]
2019-11-14 09:16:57,008 [main] DEBUG cn.ac.base.DriverBase [WebEventListener.java : 71] - 找到标签后 : By.xpath: //li[23]
2019-11-14 09:16:57,008 [main] DEBUG cn.ac.base.DriverBase [WebEventListener.java : 39] - 点击标签: [[ChromeDriver: chrome on XP (ac775331ca856021ac1295c86a830256)] -> xpath: //li[23]]之前执行...
2019-11-14 09:16:57,040 [main] DEBUG cn.ac.base.DriverBase [WebEventListener.java : 43] - 点击标签之后: [[ChromeDriver: chrome on XP (ac775331ca856021ac1295c86a830256)] -> xpath: //li[23]]之后执行...
2019-11-14 09:16:57,040 [main] DEBUG cn.ac.base.DriverBase [WebEventListener.java : 67] - 找到标签前 : By.cssSelector: .searchtoolbar-search-div
2019-11-14 09:16:57,234 [main] DEBUG cn.ac.base.DriverBase [WebEventListener.java : 71] - 找到标签后 : By.cssSelector: .searchtoolbar-search-div
2019-11-14 09:16:57,234 [main] DEBUG cn.ac.base.DriverBase [WebEventListener.java : 39] - 点击标签: [[ChromeDriver: chrome on XP (ac775331ca856021ac1295c86a830256)] -> css selector: .searchtoolbar-search-div]之前执行...
2019-11-14 09:16:57,260 [main] DEBUG cn.ac.base.DriverBase [WebEventListener.java : 43] - 点击标签之后: [[ChromeDriver: chrome on XP (ac775331ca856021ac1295c86a830256)] -> css selector: .searchtoolbar-search-div]之后执行...
2019-11-14 09:16:57,260 [main] DEBUG cn.ac.base.DriverBase [WebEventListener.java : 67] - 找到标签前 : By.cssSelector: .searchtoolbar-search-span
2019-11-14 09:16:57,269 [main] DEBUG cn.ac.base.DriverBase [WebEventListener.java : 71] - 找到标签后 : By.cssSelector: .searchtoolbar-search-span
2019-11-14 09:16:57,269 [main] DEBUG cn.ac.base.DriverBase [WebEventListener.java : 39] - 点击标签: [[ChromeDriver: chrome on XP (ac775331ca856021ac1295c86a830256)] -> css selector: .searchtoolbar-search-span]之前执行...
2019-11-14 09:16:57,296 [main] DEBUG cn.ac.base.DriverBase [WebEventListener.java : 43] - 点击标签之后: [[ChromeDriver: chrome on XP (ac775331ca856021ac1295c86a830256)] -> css selector: .searchtoolbar-search-span]之后执行...
2019-11-14 09:16:57,296 [main] DEBUG cn.ac.base.DriverBase [WebEventListener.java : 67] - 找到标签前 : By.cssSelector: .searchtoolbar-search-span
2019-11-14 09:16:57,303 [main] DEBUG cn.ac.base.DriverBase [WebEventListener.java : 71] - 找到标签后 : By.cssSelector: .searchtoolbar-search-span
