2019-11-14 17:17:29,214 [main] DEBUG cn.ac.base.DriverBase [WebEventListener.java : 67] - 找到标签前 : By.name: login_user
2019-11-14 17:17:49,254 [main] DEBUG cn.ac.base.DriverBase [WebEventListener.java : 63] - Exception occured: org.openqa.selenium.NoSuchElementException: no such element: Unable to locate element: {"method":"css selector","selector":"*[name='login_user']"}
  (Session info: headless chrome=79.0.3941.4)
For documentation on this error, please visit: https://www.seleniumhq.org/exceptions/no_such_element.html
Build info: version: '4.0.0-alpha-1', revision: 'd1d3728cae', time: '2019-04-24T13:42:21'
System info: host: 'DESKTOP-16V47TI', ip: '192.168.229.1', os.name: 'Windows 10', os.arch: 'amd64', os.version: '10.0', java.version: '1.8.0_144'
Driver info: org.openqa.selenium.chrome.ChromeDriver
Capabilities {acceptInsecureCerts: false, browserName: chrome, browserVersion: 79.0.3941.4, chrome: {chromedriverVersion: 78.0.3904.70 (edb9c9f3de024..., userDataDir: C:\Users\sybcheck\AppData\L...}, goog:chromeOptions: {debuggerAddress: localhost:54574}, javascriptEnabled: true, networkConnectionEnabled: false, pageLoadStrategy: normal, platform: XP, platformName: XP, proxy: Proxy(), setWindowRect: true, strictFileInteractability: false, timeouts: {implicit: 0, pageLoad: 300000, script: 30000}, unhandledPromptBehavior: dismiss and notify}
Session ID: b37d81c98732f4b79aa93459889d3e72
*** Element info: {Using=name, value=login_user}
2019-11-14 17:18:53,382 [main] DEBUG cn.ac.base.DriverBase [WebEventListener.java : 23] - Before navigating to: 'http://wzg02.shineway-soft.com/public/saas/sam/admin/main/html/main.html'
2019-11-14 17:18:53,559 [main] DEBUG cn.ac.base.DriverBase [WebEventListener.java : 27] - Navigated to:'http://wzg02.shineway-soft.com/public/saas/sam/admin/main/html/main.html'
2019-11-14 17:18:53,560 [main] DEBUG cn.ac.base.DriverBase [WebEventListener.java : 67] - 找到标签前 : By.name: login_user
2019-11-14 17:18:53,842 [main] DEBUG cn.ac.base.DriverBase [WebEventListener.java : 71] - 找到标签后 : By.name: login_user
2019-11-14 17:18:53,873 [main] DEBUG cn.ac.base.DriverBase [WebEventListener.java : 67] - 找到标签前 : By.name: login_pas
2019-11-14 17:18:53,888 [main] DEBUG cn.ac.base.DriverBase [WebEventListener.java : 71] - 找到标签后 : By.name: login_pas
2019-11-14 17:18:53,923 [main] DEBUG cn.ac.base.DriverBase [WebEventListener.java : 67] - 找到标签前 : By.xpath: //div[@class='login-sub']
2019-11-14 17:18:53,933 [main] DEBUG cn.ac.base.DriverBase [WebEventListener.java : 71] - 找到标签后 : By.xpath: //div[@class='login-sub']
2019-11-14 17:18:53,933 [main] DEBUG cn.ac.base.DriverBase [WebEventListener.java : 39] - 点击标签: [[ChromeDriver: chrome on XP (faf33c7cc66c5191287f595630586d59)] -> xpath: //div[@class='login-sub']]之前执行...
2019-11-14 17:18:53,966 [main] DEBUG cn.ac.base.DriverBase [WebEventListener.java : 43] - 点击标签之后: [[ChromeDriver: chrome on XP (faf33c7cc66c5191287f595630586d59)] -> xpath: //div[@class='login-sub']]之后执行...
2019-11-14 17:18:53,966 [main] DEBUG cn.ac.base.DriverBase [WebEventListener.java : 67] - 找到标签前 : By.cssSelector: .platformmune-list > li:nth-child(3) > span
2019-11-14 17:18:55,102 [main] DEBUG cn.ac.base.DriverBase [WebEventListener.java : 71] - 找到标签后 : By.cssSelector: .platformmune-list > li:nth-child(3) > span
2019-11-14 17:18:55,103 [main] DEBUG cn.ac.base.DriverBase [WebEventListener.java : 39] - 点击标签: [[ChromeDriver: chrome on XP (faf33c7cc66c5191287f595630586d59)] -> css selector: .platformmune-list > li:nth-child(3) > span]之前执行...
2019-11-14 17:18:55,134 [main] DEBUG cn.ac.base.DriverBase [WebEventListener.java : 43] - 点击标签之后: [[ChromeDriver: chrome on XP (faf33c7cc66c5191287f595630586d59)] -> css selector: .platformmune-list > li:nth-child(3) > span]之后执行...
2019-11-14 17:18:55,135 [main] DEBUG cn.ac.base.DriverBase [WebEventListener.java : 67] - 找到标签前 : By.xpath: //span[contains(text(),'基础数据维护')]
2019-11-14 17:18:55,147 [main] DEBUG cn.ac.base.DriverBase [WebEventListener.java : 71] - 找到标签后 : By.xpath: //span[contains(text(),'基础数据维护')]
2019-11-14 17:18:55,148 [main] DEBUG cn.ac.base.DriverBase [WebEventListener.java : 39] - 点击标签: [[ChromeDriver: chrome on XP (faf33c7cc66c5191287f595630586d59)] -> xpath: //span[contains(text(),'基础数据维护')]]之前执行...
2019-11-14 17:18:55,183 [main] DEBUG cn.ac.base.DriverBase [WebEventListener.java : 43] - 点击标签之后: [[ChromeDriver: chrome on XP (faf33c7cc66c5191287f595630586d59)] -> xpath: //span[contains(text(),'基础数据维护')]]之后执行...
2019-11-14 17:18:55,183 [main] DEBUG cn.ac.base.DriverBase [WebEventListener.java : 67] - 找到标签前 : By.xpath: //li[contains(text(),'帮助文档管理')]
2019-11-14 17:18:55,195 [main] DEBUG cn.ac.base.DriverBase [WebEventListener.java : 71] - 找到标签后 : By.xpath: //li[contains(text(),'帮助文档管理')]
2019-11-14 17:18:55,196 [main] DEBUG cn.ac.base.DriverBase [WebEventListener.java : 39] - 点击标签: [[ChromeDriver: chrome on XP (faf33c7cc66c5191287f595630586d59)] -> xpath: //li[contains(text(),'帮助文档管理')]]之前执行...
2019-11-14 17:18:55,237 [main] DEBUG cn.ac.base.DriverBase [WebEventListener.java : 43] - 点击标签之后: [[ChromeDriver: chrome on XP (faf33c7cc66c5191287f595630586d59)] -> xpath: //li[contains(text(),'帮助文档管理')]]之后执行...
2019-11-14 17:18:55,237 [main] DEBUG cn.ac.base.DriverBase [WebEventListener.java : 67] - 找到标签前 : By.xpath: //span[@class='searchtoolbar-search-span']
2019-11-14 17:18:55,524 [main] DEBUG cn.ac.base.DriverBase [WebEventListener.java : 71] - 找到标签后 : By.xpath: //span[@class='searchtoolbar-search-span']
2019-11-14 17:18:55,524 [main] DEBUG cn.ac.base.DriverBase [WebEventListener.java : 39] - 点击标签: [[ChromeDriver: chrome on XP (faf33c7cc66c5191287f595630586d59)] -> xpath: //span[@class='searchtoolbar-search-span']]之前执行...
2019-11-14 17:18:55,566 [main] DEBUG cn.ac.base.DriverBase [WebEventListener.java : 43] - 点击标签之后: [[ChromeDriver: chrome on XP (faf33c7cc66c5191287f595630586d59)] -> xpath: //span[@class='searchtoolbar-search-span']]之后执行...
2019-11-14 17:18:57,567 [main] DEBUG cn.ac.base.DriverBase [WebEventListener.java : 67] - 找到标签前 : By.xpath: //img[@class='searchtoolbar-batchAdd']
2019-11-14 17:18:57,577 [main] DEBUG cn.ac.base.DriverBase [WebEventListener.java : 71] - 找到标签后 : By.xpath: //img[@class='searchtoolbar-batchAdd']
2019-11-14 17:18:57,577 [main] DEBUG cn.ac.base.DriverBase [WebEventListener.java : 39] - 点击标签: [[ChromeDriver: chrome on XP (faf33c7cc66c5191287f595630586d59)] -> xpath: //img[@class='searchtoolbar-batchAdd']]之前执行...
2019-11-14 17:18:57,622 [main] DEBUG cn.ac.base.DriverBase [WebEventListener.java : 43] - 点击标签之后: [[ChromeDriver: chrome on XP (faf33c7cc66c5191287f595630586d59)] -> xpath: //img[@class='searchtoolbar-batchAdd']]之后执行...
2019-11-14 17:18:57,622 [main] DEBUG cn.ac.base.DriverBase [WebEventListener.java : 67] - 找到标签前 : By.xpath: //input[@class='helpdoc-helpdocdesc']
2019-11-14 17:18:57,633 [main] DEBUG cn.ac.base.DriverBase [WebEventListener.java : 71] - 找到标签后 : By.xpath: //input[@class='helpdoc-helpdocdesc']
2019-11-14 17:18:57,662 [main] DEBUG cn.ac.base.DriverBase [WebEventListener.java : 67] - 找到标签前 : By.xpath: //input[@class='helpdoc-helpdocdir']
2019-11-14 17:18:57,672 [main] DEBUG cn.ac.base.DriverBase [WebEventListener.java : 71] - 找到标签后 : By.xpath: //input[@class='helpdoc-helpdocdir']
2019-11-14 17:18:57,700 [main] DEBUG cn.ac.base.DriverBase [WebEventListener.java : 67] - 找到标签前 : By.xpath: //input[@class='helpdoc-file']
2019-11-14 17:18:57,709 [main] DEBUG cn.ac.base.DriverBase [WebEventListener.java : 71] - 找到标签后 : By.xpath: //input[@class='helpdoc-file']
2019-11-14 17:18:57,727 [main] DEBUG cn.ac.base.DriverBase [WebEventListener.java : 67] - 找到标签前 : By.xpath: //button[@class='helpdoc-submit']
2019-11-14 17:18:57,736 [main] DEBUG cn.ac.base.DriverBase [WebEventListener.java : 71] - 找到标签后 : By.xpath: //button[@class='helpdoc-submit']
2019-11-14 17:18:57,736 [main] DEBUG cn.ac.base.DriverBase [WebEventListener.java : 39] - 点击标签: [[ChromeDriver: chrome on XP (faf33c7cc66c5191287f595630586d59)] -> xpath: //button[@class='helpdoc-submit']]之前执行...
2019-11-14 17:18:57,766 [main] DEBUG cn.ac.base.DriverBase [WebEventListener.java : 43] - 点击标签之后: [[ChromeDriver: chrome on XP (faf33c7cc66c5191287f595630586d59)] -> xpath: //button[@class='helpdoc-submit']]之后执行...
2019-11-14 17:20:15,371 [main] DEBUG cn.ac.base.DriverBase [WebEventListener.java : 23] - Before navigating to: 'http://wzg02.shineway-soft.com/public/saas/sam/admin/main/html/main.html'
2019-11-14 17:20:15,543 [main] DEBUG cn.ac.base.DriverBase [WebEventListener.java : 27] - Navigated to:'http://wzg02.shineway-soft.com/public/saas/sam/admin/main/html/main.html'
2019-11-14 17:20:15,545 [main] DEBUG cn.ac.base.DriverBase [WebEventListener.java : 67] - 找到标签前 : By.name: login_user
2019-11-14 17:20:15,810 [main] DEBUG cn.ac.base.DriverBase [WebEventListener.java : 71] - 找到标签后 : By.name: login_user
2019-11-14 17:20:15,838 [main] DEBUG cn.ac.base.DriverBase [WebEventListener.java : 67] - 找到标签前 : By.name: login_pas
2019-11-14 17:20:15,849 [main] DEBUG cn.ac.base.DriverBase [WebEventListener.java : 71] - 找到标签后 : By.name: login_pas
2019-11-14 17:20:15,886 [main] DEBUG cn.ac.base.DriverBase [WebEventListener.java : 67] - 找到标签前 : By.xpath: //div[@class='login-sub']
2019-11-14 17:20:15,896 [main] DEBUG cn.ac.base.DriverBase [WebEventListener.java : 71] - 找到标签后 : By.xpath: //div[@class='login-sub']
2019-11-14 17:20:15,897 [main] DEBUG cn.ac.base.DriverBase [WebEventListener.java : 39] - 点击标签: [[ChromeDriver: chrome on XP (9d698df45bb7011a3e967f22578ace99)] -> xpath: //div[@class='login-sub']]之前执行...
2019-11-14 17:20:15,931 [main] DEBUG cn.ac.base.DriverBase [WebEventListener.java : 43] - 点击标签之后: [[ChromeDriver: chrome on XP (9d698df45bb7011a3e967f22578ace99)] -> xpath: //div[@class='login-sub']]之后执行...
2019-11-14 17:20:15,931 [main] DEBUG cn.ac.base.DriverBase [WebEventListener.java : 67] - 找到标签前 : By.cssSelector: .platformmune-list > li:nth-child(3) > span
2019-11-14 17:20:17,024 [main] DEBUG cn.ac.base.DriverBase [WebEventListener.java : 71] - 找到标签后 : By.cssSelector: .platformmune-list > li:nth-child(3) > span
2019-11-14 17:20:17,024 [main] DEBUG cn.ac.base.DriverBase [WebEventListener.java : 39] - 点击标签: [[ChromeDriver: chrome on XP (9d698df45bb7011a3e967f22578ace99)] -> css selector: .platformmune-list > li:nth-child(3) > span]之前执行...
2019-11-14 17:20:17,065 [main] DEBUG cn.ac.base.DriverBase [WebEventListener.java : 43] - 点击标签之后: [[ChromeDriver: chrome on XP (9d698df45bb7011a3e967f22578ace99)] -> css selector: .platformmune-list > li:nth-child(3) > span]之后执行...
2019-11-14 17:20:17,066 [main] DEBUG cn.ac.base.DriverBase [WebEventListener.java : 67] - 找到标签前 : By.xpath: //span[contains(text(),'基础数据维护')]
2019-11-14 17:20:17,077 [main] DEBUG cn.ac.base.DriverBase [WebEventListener.java : 71] - 找到标签后 : By.xpath: //span[contains(text(),'基础数据维护')]
2019-11-14 17:20:17,077 [main] DEBUG cn.ac.base.DriverBase [WebEventListener.java : 39] - 点击标签: [[ChromeDriver: chrome on XP (9d698df45bb7011a3e967f22578ace99)] -> xpath: //span[contains(text(),'基础数据维护')]]之前执行...
2019-11-14 17:20:17,112 [main] DEBUG cn.ac.base.DriverBase [WebEventListener.java : 43] - 点击标签之后: [[ChromeDriver: chrome on XP (9d698df45bb7011a3e967f22578ace99)] -> xpath: //span[contains(text(),'基础数据维护')]]之后执行...
2019-11-14 17:20:17,112 [main] DEBUG cn.ac.base.DriverBase [WebEventListener.java : 67] - 找到标签前 : By.xpath: //li[contains(text(),'帮助文档管理')]
2019-11-14 17:20:17,123 [main] DEBUG cn.ac.base.DriverBase [WebEventListener.java : 71] - 找到标签后 : By.xpath: //li[contains(text(),'帮助文档管理')]
2019-11-14 17:20:17,123 [main] DEBUG cn.ac.base.DriverBase [WebEventListener.java : 39] - 点击标签: [[ChromeDriver: chrome on XP (9d698df45bb7011a3e967f22578ace99)] -> xpath: //li[contains(text(),'帮助文档管理')]]之前执行...
2019-11-14 17:20:17,166 [main] DEBUG cn.ac.base.DriverBase [WebEventListener.java : 43] - 点击标签之后: [[ChromeDriver: chrome on XP (9d698df45bb7011a3e967f22578ace99)] -> xpath: //li[contains(text(),'帮助文档管理')]]之后执行...
2019-11-14 17:20:17,166 [main] DEBUG cn.ac.base.DriverBase [WebEventListener.java : 67] - 找到标签前 : By.xpath: //span[@class='searchtoolbar-search-span']
2019-11-14 17:20:17,448 [main] DEBUG cn.ac.base.DriverBase [WebEventListener.java : 71] - 找到标签后 : By.xpath: //span[@class='searchtoolbar-search-span']
2019-11-14 17:20:17,449 [main] DEBUG cn.ac.base.DriverBase [WebEventListener.java : 39] - 点击标签: [[ChromeDriver: chrome on XP (9d698df45bb7011a3e967f22578ace99)] -> xpath: //span[@class='searchtoolbar-search-span']]之前执行...
2019-11-14 17:20:17,479 [main] DEBUG cn.ac.base.DriverBase [WebEventListener.java : 43] - 点击标签之后: [[ChromeDriver: chrome on XP (9d698df45bb7011a3e967f22578ace99)] -> xpath: //span[@class='searchtoolbar-search-span']]之后执行...
2019-11-14 17:20:19,479 [main] DEBUG cn.ac.base.DriverBase [WebEventListener.java : 67] - 找到标签前 : By.xpath: //img[@class='searchtoolbar-batchAdd']
2019-11-14 17:20:19,491 [main] DEBUG cn.ac.base.DriverBase [WebEventListener.java : 71] - 找到标签后 : By.xpath: //img[@class='searchtoolbar-batchAdd']
2019-11-14 17:20:19,491 [main] DEBUG cn.ac.base.DriverBase [WebEventListener.java : 39] - 点击标签: [[ChromeDriver: chrome on XP (9d698df45bb7011a3e967f22578ace99)] -> xpath: //img[@class='searchtoolbar-batchAdd']]之前执行...
2019-11-14 17:20:19,531 [main] DEBUG cn.ac.base.DriverBase [WebEventListener.java : 43] - 点击标签之后: [[ChromeDriver: chrome on XP (9d698df45bb7011a3e967f22578ace99)] -> xpath: //img[@class='searchtoolbar-batchAdd']]之后执行...
2019-11-14 17:20:19,531 [main] DEBUG cn.ac.base.DriverBase [WebEventListener.java : 67] - 找到标签前 : By.xpath: //input[@class='helpdoc-helpdocdesc']
2019-11-14 17:20:19,544 [main] DEBUG cn.ac.base.DriverBase [WebEventListener.java : 71] - 找到标签后 : By.xpath: //input[@class='helpdoc-helpdocdesc']
2019-11-14 17:20:19,576 [main] DEBUG cn.ac.base.DriverBase [WebEventListener.java : 67] - 找到标签前 : By.xpath: //input[@class='helpdoc-helpdocdir']
2019-11-14 17:20:19,587 [main] DEBUG cn.ac.base.DriverBase [WebEventListener.java : 71] - 找到标签后 : By.xpath: //input[@class='helpdoc-helpdocdir']
2019-11-14 17:20:19,616 [main] DEBUG cn.ac.base.DriverBase [WebEventListener.java : 67] - 找到标签前 : By.xpath: //input[@class='helpdoc-file']
2019-11-14 17:20:19,625 [main] DEBUG cn.ac.base.DriverBase [WebEventListener.java : 71] - 找到标签后 : By.xpath: //input[@class='helpdoc-file']
2019-11-14 17:20:19,642 [main] DEBUG cn.ac.base.DriverBase [WebEventListener.java : 67] - 找到标签前 : By.xpath: //button[@class='helpdoc-submit']
2019-11-14 17:20:19,653 [main] DEBUG cn.ac.base.DriverBase [WebEventListener.java : 71] - 找到标签后 : By.xpath: //button[@class='helpdoc-submit']
2019-11-14 17:20:19,654 [main] DEBUG cn.ac.base.DriverBase [WebEventListener.java : 39] - 点击标签: [[ChromeDriver: chrome on XP (9d698df45bb7011a3e967f22578ace99)] -> xpath: //button[@class='helpdoc-submit']]之前执行...
2019-11-14 17:20:19,683 [main] DEBUG cn.ac.base.DriverBase [WebEventListener.java : 43] - 点击标签之后: [[ChromeDriver: chrome on XP (9d698df45bb7011a3e967f22578ace99)] -> xpath: //button[@class='helpdoc-submit']]之后执行...
2019-11-14 17:21:59,743 [main] DEBUG cn.ac.base.DriverBase [WebEventListener.java : 23] - Before navigating to: 'http://wzg02.shineway-soft.com/public/saas/sam/admin/main/html/main.html'
2019-11-14 17:21:59,950 [main] DEBUG cn.ac.base.DriverBase [WebEventListener.java : 27] - Navigated to:'http://wzg02.shineway-soft.com/public/saas/sam/admin/main/html/main.html'
2019-11-14 17:21:59,951 [main] DEBUG cn.ac.base.DriverBase [WebEventListener.java : 67] - 找到标签前 : By.name: login_user
2019-11-14 17:22:00,212 [main] DEBUG cn.ac.base.DriverBase [WebEventListener.java : 71] - 找到标签后 : By.name: login_user
2019-11-14 17:22:00,254 [main] DEBUG cn.ac.base.DriverBase [WebEventListener.java : 67] - 找到标签前 : By.name: login_pas
2019-11-14 17:22:00,270 [main] DEBUG cn.ac.base.DriverBase [WebEventListener.java : 71] - 找到标签后 : By.name: login_pas
2019-11-14 17:22:00,321 [main] DEBUG cn.ac.base.DriverBase [WebEventListener.java : 67] - 找到标签前 : By.xpath: //div[@class='login-sub']
2019-11-14 17:22:00,332 [main] DEBUG cn.ac.base.DriverBase [WebEventListener.java : 71] - 找到标签后 : By.xpath: //div[@class='login-sub']
2019-11-14 17:22:00,333 [main] DEBUG cn.ac.base.DriverBase [WebEventListener.java : 39] - 点击标签: [[ChromeDriver: chrome on XP (151893a828b11222e84b9a4b34c02e86)] -> xpath: //div[@class='login-sub']]之前执行...
2019-11-14 17:22:00,374 [main] DEBUG cn.ac.base.DriverBase [WebEventListener.java : 43] - 点击标签之后: [[ChromeDriver: chrome on XP (151893a828b11222e84b9a4b34c02e86)] -> xpath: //div[@class='login-sub']]之后执行...
2019-11-14 17:22:00,374 [main] DEBUG cn.ac.base.DriverBase [WebEventListener.java : 67] - 找到标签前 : By.cssSelector: .platformmune-list > li:nth-child(3) > span
2019-11-14 17:22:01,439 [main] DEBUG cn.ac.base.DriverBase [WebEventListener.java : 71] - 找到标签后 : By.cssSelector: .platformmune-list > li:nth-child(3) > span
2019-11-14 17:22:01,440 [main] DEBUG cn.ac.base.DriverBase [WebEventListener.java : 39] - 点击标签: [[ChromeDriver: chrome on XP (151893a828b11222e84b9a4b34c02e86)] -> css selector: .platformmune-list > li:nth-child(3) > span]之前执行...
2019-11-14 17:22:01,475 [main] DEBUG cn.ac.base.DriverBase [WebEventListener.java : 43] - 点击标签之后: [[ChromeDriver: chrome on XP (151893a828b11222e84b9a4b34c02e86)] -> css selector: .platformmune-list > li:nth-child(3) > span]之后执行...
2019-11-14 17:22:01,475 [main] DEBUG cn.ac.base.DriverBase [WebEventListener.java : 67] - 找到标签前 : By.xpath: //span[contains(text(),'基础数据维护')]
2019-11-14 17:22:01,487 [main] DEBUG cn.ac.base.DriverBase [WebEventListener.java : 71] - 找到标签后 : By.xpath: //span[contains(text(),'基础数据维护')]
2019-11-14 17:22:01,487 [main] DEBUG cn.ac.base.DriverBase [WebEventListener.java : 39] - 点击标签: [[ChromeDriver: chrome on XP (151893a828b11222e84b9a4b34c02e86)] -> xpath: //span[contains(text(),'基础数据维护')]]之前执行...
2019-11-14 17:22:01,525 [main] DEBUG cn.ac.base.DriverBase [WebEventListener.java : 43] - 点击标签之后: [[ChromeDriver: chrome on XP (151893a828b11222e84b9a4b34c02e86)] -> xpath: //span[contains(text(),'基础数据维护')]]之后执行...
2019-11-14 17:22:01,525 [main] DEBUG cn.ac.base.DriverBase [WebEventListener.java : 67] - 找到标签前 : By.xpath: //li[contains(text(),'帮助文档管理')]
2019-11-14 17:22:01,537 [main] DEBUG cn.ac.base.DriverBase [WebEventListener.java : 71] - 找到标签后 : By.xpath: //li[contains(text(),'帮助文档管理')]
2019-11-14 17:22:01,537 [main] DEBUG cn.ac.base.DriverBase [WebEventListener.java : 39] - 点击标签: [[ChromeDriver: chrome on XP (151893a828b11222e84b9a4b34c02e86)] -> xpath: //li[contains(text(),'帮助文档管理')]]之前执行...
2019-11-14 17:22:01,576 [main] DEBUG cn.ac.base.DriverBase [WebEventListener.java : 43] - 点击标签之后: [[ChromeDriver: chrome on XP (151893a828b11222e84b9a4b34c02e86)] -> xpath: //li[contains(text(),'帮助文档管理')]]之后执行...
2019-11-14 17:22:01,576 [main] DEBUG cn.ac.base.DriverBase [WebEventListener.java : 67] - 找到标签前 : By.xpath: //span[@class='searchtoolbar-search-span']
2019-11-14 17:22:01,872 [main] DEBUG cn.ac.base.DriverBase [WebEventListener.java : 71] - 找到标签后 : By.xpath: //span[@class='searchtoolbar-search-span']
2019-11-14 17:22:01,873 [main] DEBUG cn.ac.base.DriverBase [WebEventListener.java : 39] - 点击标签: [[ChromeDriver: chrome on XP (151893a828b11222e84b9a4b34c02e86)] -> xpath: //span[@class='searchtoolbar-search-span']]之前执行...
2019-11-14 17:22:01,906 [main] DEBUG cn.ac.base.DriverBase [WebEventListener.java : 43] - 点击标签之后: [[ChromeDriver: chrome on XP (151893a828b11222e84b9a4b34c02e86)] -> xpath: //span[@class='searchtoolbar-search-span']]之后执行...
2019-11-14 17:22:03,906 [main] DEBUG cn.ac.base.DriverBase [WebEventListener.java : 67] - 找到标签前 : By.xpath: //img[@class='searchtoolbar-batchAdd']
2019-11-14 17:22:03,918 [main] DEBUG cn.ac.base.DriverBase [WebEventListener.java : 71] - 找到标签后 : By.xpath: //img[@class='searchtoolbar-batchAdd']
2019-11-14 17:22:03,918 [main] DEBUG cn.ac.base.DriverBase [WebEventListener.java : 39] - 点击标签: [[ChromeDriver: chrome on XP (151893a828b11222e84b9a4b34c02e86)] -> xpath: //img[@class='searchtoolbar-batchAdd']]之前执行...
2019-11-14 17:22:03,951 [main] DEBUG cn.ac.base.DriverBase [WebEventListener.java : 43] - 点击标签之后: [[ChromeDriver: chrome on XP (151893a828b11222e84b9a4b34c02e86)] -> xpath: //img[@class='searchtoolbar-batchAdd']]之后执行...
2019-11-14 17:22:03,951 [main] DEBUG cn.ac.base.DriverBase [WebEventListener.java : 67] - 找到标签前 : By.xpath: //input[@class='helpdoc-helpdocdesc']
2019-11-14 17:22:03,963 [main] DEBUG cn.ac.base.DriverBase [WebEventListener.java : 71] - 找到标签后 : By.xpath: //input[@class='helpdoc-helpdocdesc']
2019-11-14 17:22:04,014 [main] DEBUG cn.ac.base.DriverBase [WebEventListener.java : 67] - 找到标签前 : By.xpath: //input[@class='helpdoc-helpdocdir']
2019-11-14 17:22:04,027 [main] DEBUG cn.ac.base.DriverBase [WebEventListener.java : 71] - 找到标签后 : By.xpath: //input[@class='helpdoc-helpdocdir']
2019-11-14 17:22:04,064 [main] DEBUG cn.ac.base.DriverBase [WebEventListener.java : 67] - 找到标签前 : By.xpath: //input[@class='helpdoc-file']
2019-11-14 17:22:04,075 [main] DEBUG cn.ac.base.DriverBase [WebEventListener.java : 71] - 找到标签后 : By.xpath: //input[@class='helpdoc-file']
2019-11-14 17:22:04,093 [main] DEBUG cn.ac.base.DriverBase [WebEventListener.java : 67] - 找到标签前 : By.xpath: //button[@class='helpdoc-submit']
2019-11-14 17:22:04,104 [main] DEBUG cn.ac.base.DriverBase [WebEventListener.java : 71] - 找到标签后 : By.xpath: //button[@class='helpdoc-submit']
2019-11-14 17:22:04,104 [main] DEBUG cn.ac.base.DriverBase [WebEventListener.java : 39] - 点击标签: [[ChromeDriver: chrome on XP (151893a828b11222e84b9a4b34c02e86)] -> xpath: //button[@class='helpdoc-submit']]之前执行...
2019-11-14 17:22:04,147 [main] DEBUG cn.ac.base.DriverBase [WebEventListener.java : 43] - 点击标签之后: [[ChromeDriver: chrome on XP (151893a828b11222e84b9a4b34c02e86)] -> xpath: //button[@class='helpdoc-submit']]之后执行...
