2020-09-11 11:03:45,969 [main] INFO  cn.ac.base.propBase [propBase.java : 20] - 初始化配置文件...
2020-09-11 11:03:45,973 [main] INFO  cn.ac.base.DriverBase [DriverBase.java : 35] - 初始化chrome浏览器...
2020-09-11 11:03:52,091 [main] INFO  cn.ac.base.DriverBase [Shippingtestcase.java : 13] - 执行谷歌百度测试用例
2020-09-11 11:04:06,857 [main] INFO  cn.ac.base.DriverBase [DriverBase.java : 96] - 关闭退出浏览器...
2020-09-11 11:04:31,637 [main] INFO  cn.ac.base.propBase [propBase.java : 20] - 初始化配置文件...
2020-09-11 11:04:31,642 [main] INFO  cn.ac.base.DriverBase [DriverBase.java : 35] - 初始化chrome浏览器...
2020-09-11 11:04:37,904 [main] INFO  cn.ac.base.DriverBase [Shippingtestcase.java : 13] - 执行谷歌船务网站测试用例
2020-09-11 11:04:43,610 [main] INFO  cn.ac.base.DriverBase [DriverBase.java : 96] - 关闭退出浏览器...
2020-09-11 11:08:00,942 [main] INFO  cn.ac.base.propBase [propBase.java : 20] - 初始化配置文件...
2020-09-11 11:08:00,946 [main] INFO  cn.ac.base.DriverBase [DriverBase.java : 35] - 初始化chrome浏览器...
2020-09-11 11:08:07,078 [main] INFO  cn.ac.base.DriverBase [Shippingtestcase.java : 13] - 执行谷歌船务网站测试用例
2020-09-11 11:08:10,829 [main] INFO  cn.ac.base.DriverBase [DriverBase.java : 96] - 关闭退出浏览器...
2020-09-11 11:09:06,125 [main] INFO  cn.ac.base.propBase [propBase.java : 20] - 初始化配置文件...
2020-09-11 11:09:06,129 [main] INFO  cn.ac.base.DriverBase [DriverBase.java : 35] - 初始化chrome浏览器...
2020-09-11 11:09:12,289 [main] INFO  cn.ac.base.DriverBase [Shippingtestcase.java : 13] - 执行谷歌船务网站测试用例
2020-09-11 11:09:16,596 [main] INFO  cn.ac.base.DriverBase [DriverBase.java : 96] - 关闭退出浏览器...
2020-09-11 11:14:33,962 [main] INFO  cn.ac.base.propBase [propBase.java : 20] - 初始化配置文件...
2020-09-11 11:14:33,966 [main] INFO  cn.ac.base.DriverBase [DriverBase.java : 35] - 初始化chrome浏览器...
2020-09-11 11:14:40,102 [main] INFO  cn.ac.base.DriverBase [Shippingtestcase.java : 13] - 执行谷歌船务网站测试用例
2020-09-11 11:14:53,632 [main] INFO  cn.ac.base.DriverBase [DriverBase.java : 96] - 关闭退出浏览器...
2020-09-11 11:15:39,084 [main] INFO  cn.ac.base.propBase [propBase.java : 20] - 初始化配置文件...
2020-09-11 11:15:39,089 [main] INFO  cn.ac.base.DriverBase [DriverBase.java : 35] - 初始化chrome浏览器...
2020-09-11 11:15:45,309 [main] INFO  cn.ac.base.DriverBase [Shippingtestcase.java : 13] - 执行谷歌船务网站测试用例
2020-09-11 11:15:57,430 [main] INFO  cn.ac.base.DriverBase [DriverBase.java : 96] - 关闭退出浏览器...
2020-09-11 11:17:19,612 [main] INFO  cn.ac.base.propBase [propBase.java : 20] - 初始化配置文件...
2020-09-11 11:17:19,618 [main] INFO  cn.ac.base.DriverBase [DriverBase.java : 35] - 初始化chrome浏览器...
2020-09-11 11:17:25,883 [main] INFO  cn.ac.base.DriverBase [Shippingtestcase.java : 13] - 执行谷歌船务网站测试用例
2020-09-11 11:17:32,318 [main] INFO  cn.ac.base.DriverBase [DriverBase.java : 96] - 关闭退出浏览器...
2020-09-11 11:28:04,249 [main] INFO  cn.ac.base.propBase [propBase.java : 20] - 初始化配置文件...
2020-09-11 11:28:04,253 [main] INFO  cn.ac.base.DriverBase [DriverBase.java : 35] - 初始化chrome浏览器...
2020-09-11 11:28:10,410 [main] INFO  cn.ac.base.DriverBase [Shippingtestcase.java : 14] - 执行谷歌船务网站测试用例
2020-09-11 11:28:13,484 [main] INFO  cn.ac.base.DriverBase [DriverBase.java : 96] - 关闭退出浏览器...
2020-09-11 11:29:24,095 [main] INFO  cn.ac.base.propBase [propBase.java : 20] - 初始化配置文件...
2020-09-11 11:29:24,100 [main] INFO  cn.ac.base.DriverBase [DriverBase.java : 35] - 初始化chrome浏览器...
2020-09-11 11:29:30,304 [main] INFO  cn.ac.base.DriverBase [Shippingtestcase.java : 14] - 执行谷歌船务网站测试用例
2020-09-11 11:29:32,408 [main] INFO  cn.ac.base.DriverBase [DriverBase.java : 96] - 关闭退出浏览器...
2020-09-11 11:29:56,583 [main] INFO  cn.ac.base.propBase [propBase.java : 20] - 初始化配置文件...
2020-09-11 11:29:56,589 [main] INFO  cn.ac.base.DriverBase [DriverBase.java : 35] - 初始化chrome浏览器...
2020-09-11 11:30:02,814 [main] INFO  cn.ac.base.DriverBase [Shippingtestcase.java : 14] - 执行谷歌船务网站测试用例
2020-09-11 11:30:07,794 [main] INFO  cn.ac.base.DriverBase [DriverBase.java : 96] - 关闭退出浏览器...
2020-09-11 11:31:48,021 [main] INFO  cn.ac.base.propBase [propBase.java : 20] - 初始化配置文件...
2020-09-11 11:31:48,024 [main] INFO  cn.ac.base.DriverBase [DriverBase.java : 35] - 初始化chrome浏览器...
2020-09-11 11:31:54,175 [main] INFO  cn.ac.base.DriverBase [Shippingtestcase.java : 14] - 执行谷歌船务网站测试用例
2020-09-11 11:31:59,448 [main] INFO  cn.ac.base.DriverBase [DriverBase.java : 96] - 关闭退出浏览器...
2020-09-11 11:34:02,468 [main] INFO  cn.ac.base.propBase [propBase.java : 20] - 初始化配置文件...
2020-09-11 11:34:02,472 [main] INFO  cn.ac.base.DriverBase [DriverBase.java : 35] - 初始化chrome浏览器...
2020-09-11 11:34:08,694 [main] INFO  cn.ac.base.DriverBase [Shippingtestcase.java : 14] - 执行谷歌船务网站测试用例
2020-09-11 11:34:13,433 [main] INFO  cn.ac.base.DriverBase [DriverBase.java : 96] - 关闭退出浏览器...
2020-09-11 11:37:05,718 [main] INFO  cn.ac.base.propBase [propBase.java : 20] - 初始化配置文件...
2020-09-11 11:37:05,722 [main] INFO  cn.ac.base.DriverBase [DriverBase.java : 35] - 初始化chrome浏览器...
2020-09-11 11:37:11,957 [main] INFO  cn.ac.base.DriverBase [Shippingtestcase.java : 14] - 执行谷歌船务网站测试用例
2020-09-11 11:37:26,165 [main] INFO  cn.ac.base.DriverBase [DriverBase.java : 96] - 关闭退出浏览器...
