2020-09-12 15:02:30,372 [main] DEBUG cn.ac.util.WebEventListener [WebEventListener.java : 24] - Before navigating to: 'https://moc.oocl.com/party/cargotracking/ct_search_from_other_domain.jsf?ANONYMOUS_BEHAVIOR=BUILD_UP&domainName=PARTY_DOMAIN&ENTRY_TYPE=OOCL&ENTRY=MCC&ctSearchType=BC&ctShipmentNumber=OOLU2635249080'
2020-09-12 15:02:32,847 [main] DEBUG cn.ac.util.WebEventListener [WebEventListener.java : 28] - Navigated to:'https://moc.oocl.com/party/cargotracking/ct_search_from_other_domain.jsf?ANONYMOUS_BEHAVIOR=BUILD_UP&domainName=PARTY_DOMAIN&ENTRY_TYPE=OOCL&ENTRY=MCC&ctSearchType=BC&ctShipmentNumber=OOLU2635249080'
2020-09-12 15:02:32,848 [main] DEBUG cn.ac.util.WebEventListener [WebEventListener.java : 68] - 找到标签前 : By.id: nc_1_n1z
2020-09-12 15:02:33,869 [main] DEBUG cn.ac.util.WebEventListener [WebEventListener.java : 72] - 找到标签后 : By.id: nc_1_n1z
2020-09-12 15:02:37,395 [main] DEBUG cn.ac.util.WebEventListener [WebEventListener.java : 68] - 找到标签前 : By.xpath: //span[@class='nc-lang-cnt']/a
2020-09-12 15:02:37,408 [main] DEBUG cn.ac.util.WebEventListener [WebEventListener.java : 72] - 找到标签后 : By.xpath: //span[@class='nc-lang-cnt']/a
2020-09-12 15:02:37,408 [main] DEBUG cn.ac.util.WebEventListener [WebEventListener.java : 40] - 点击标签: [[ChromeDriver: chrome on WINDOWS (695d46a8d6297334e44cafb261606fdc)] -> xpath: //span[@class='nc-lang-cnt']/a]之前执行...
2020-09-12 15:02:37,445 [main] DEBUG cn.ac.util.WebEventListener [WebEventListener.java : 44] - 点击标签之后: [[ChromeDriver: chrome on WINDOWS (695d46a8d6297334e44cafb261606fdc)] -> xpath: //span[@class='nc-lang-cnt']/a]之后执行...
2020-09-12 15:02:37,446 [main] DEBUG cn.ac.util.WebEventListener [WebEventListener.java : 68] - 找到标签前 : By.id: nc_1_n1z
2020-09-12 15:02:37,453 [main] DEBUG cn.ac.util.WebEventListener [WebEventListener.java : 72] - 找到标签后 : By.id: nc_1_n1z
2020-09-12 15:02:40,117 [main] DEBUG cn.ac.util.WebEventListener [WebEventListener.java : 68] - 找到标签前 : By.xpath: //span[@class='nc-lang-cnt']/a
2020-09-12 15:02:40,124 [main] DEBUG cn.ac.util.WebEventListener [WebEventListener.java : 72] - 找到标签后 : By.xpath: //span[@class='nc-lang-cnt']/a
2020-09-12 15:02:40,125 [main] DEBUG cn.ac.util.WebEventListener [WebEventListener.java : 40] - 点击标签: [[ChromeDriver: chrome on WINDOWS (695d46a8d6297334e44cafb261606fdc)] -> xpath: //span[@class='nc-lang-cnt']/a]之前执行...
2020-09-12 15:02:40,149 [main] DEBUG cn.ac.util.WebEventListener [WebEventListener.java : 44] - 点击标签之后: [[ChromeDriver: chrome on WINDOWS (695d46a8d6297334e44cafb261606fdc)] -> xpath: //span[@class='nc-lang-cnt']/a]之后执行...
2020-09-12 15:02:40,150 [main] DEBUG cn.ac.util.WebEventListener [WebEventListener.java : 68] - 找到标签前 : By.id: nc_1_n1z
2020-09-12 15:02:40,157 [main] DEBUG cn.ac.util.WebEventListener [WebEventListener.java : 72] - 找到标签后 : By.id: nc_1_n1z
2020-09-12 15:02:42,818 [main] DEBUG cn.ac.util.WebEventListener [WebEventListener.java : 68] - 找到标签前 : By.xpath: //span[@class='nc-lang-cnt']/a
2020-09-12 15:02:42,825 [main] DEBUG cn.ac.util.WebEventListener [WebEventListener.java : 72] - 找到标签后 : By.xpath: //span[@class='nc-lang-cnt']/a
2020-09-12 15:02:42,826 [main] DEBUG cn.ac.util.WebEventListener [WebEventListener.java : 40] - 点击标签: [[ChromeDriver: chrome on WINDOWS (695d46a8d6297334e44cafb261606fdc)] -> xpath: //span[@class='nc-lang-cnt']/a]之前执行...
2020-09-12 15:02:42,850 [main] DEBUG cn.ac.util.WebEventListener [WebEventListener.java : 44] - 点击标签之后: [[ChromeDriver: chrome on WINDOWS (695d46a8d6297334e44cafb261606fdc)] -> xpath: //span[@class='nc-lang-cnt']/a]之后执行...
2020-09-12 15:02:42,851 [main] DEBUG cn.ac.util.WebEventListener [WebEventListener.java : 68] - 找到标签前 : By.id: nc_1_n1z
2020-09-12 15:02:42,857 [main] DEBUG cn.ac.util.WebEventListener [WebEventListener.java : 72] - 找到标签后 : By.id: nc_1_n1z
2020-09-12 15:02:45,518 [main] DEBUG cn.ac.util.WebEventListener [WebEventListener.java : 68] - 找到标签前 : By.xpath: //span[@class='nc-lang-cnt']/a
2020-09-12 15:02:45,526 [main] DEBUG cn.ac.util.WebEventListener [WebEventListener.java : 72] - 找到标签后 : By.xpath: //span[@class='nc-lang-cnt']/a
2020-09-12 15:02:45,526 [main] DEBUG cn.ac.util.WebEventListener [WebEventListener.java : 40] - 点击标签: [[ChromeDriver: chrome on WINDOWS (695d46a8d6297334e44cafb261606fdc)] -> xpath: //span[@class='nc-lang-cnt']/a]之前执行...
2020-09-12 15:02:45,552 [main] DEBUG cn.ac.util.WebEventListener [WebEventListener.java : 44] - 点击标签之后: [[ChromeDriver: chrome on WINDOWS (695d46a8d6297334e44cafb261606fdc)] -> xpath: //span[@class='nc-lang-cnt']/a]之后执行...
2020-09-12 15:02:45,552 [main] DEBUG cn.ac.util.WebEventListener [WebEventListener.java : 68] - 找到标签前 : By.id: nc_1_n1z
2020-09-12 15:02:45,560 [main] DEBUG cn.ac.util.WebEventListener [WebEventListener.java : 72] - 找到标签后 : By.id: nc_1_n1z
2020-09-12 15:02:48,222 [main] DEBUG cn.ac.util.WebEventListener [WebEventListener.java : 68] - 找到标签前 : By.xpath: //span[@class='nc-lang-cnt']/a
2020-09-12 15:02:48,234 [main] DEBUG cn.ac.util.WebEventListener [WebEventListener.java : 72] - 找到标签后 : By.xpath: //span[@class='nc-lang-cnt']/a
2020-09-12 15:02:48,235 [main] DEBUG cn.ac.util.WebEventListener [WebEventListener.java : 40] - 点击标签: [[ChromeDriver: chrome on WINDOWS (695d46a8d6297334e44cafb261606fdc)] -> xpath: //span[@class='nc-lang-cnt']/a]之前执行...
2020-09-12 15:02:48,261 [main] DEBUG cn.ac.util.WebEventListener [WebEventListener.java : 44] - 点击标签之后: [[ChromeDriver: chrome on WINDOWS (695d46a8d6297334e44cafb261606fdc)] -> xpath: //span[@class='nc-lang-cnt']/a]之后执行...
2020-09-12 15:05:08,859 [main] DEBUG cn.ac.util.WebEventListener [WebEventListener.java : 24] - Before navigating to: 'https://moc.oocl.com/party/cargotracking/ct_search_from_other_domain.jsf?ANONYMOUS_BEHAVIOR=BUILD_UP&domainName=PARTY_DOMAIN&ENTRY_TYPE=OOCL&ENTRY=MCC&ctSearchType=BC&ctShipmentNumber=OOLU2635249080'
2020-09-12 15:05:11,618 [main] DEBUG cn.ac.util.WebEventListener [WebEventListener.java : 28] - Navigated to:'https://moc.oocl.com/party/cargotracking/ct_search_from_other_domain.jsf?ANONYMOUS_BEHAVIOR=BUILD_UP&domainName=PARTY_DOMAIN&ENTRY_TYPE=OOCL&ENTRY=MCC&ctSearchType=BC&ctShipmentNumber=OOLU2635249080'
2020-09-12 15:05:11,619 [main] DEBUG cn.ac.util.WebEventListener [WebEventListener.java : 68] - 找到标签前 : By.id: nc_1_n1z
2020-09-12 15:05:12,429 [main] DEBUG cn.ac.util.WebEventListener [WebEventListener.java : 72] - 找到标签后 : By.id: nc_1_n1z
2020-09-12 15:05:15,385 [main] DEBUG cn.ac.util.WebEventListener [WebEventListener.java : 68] - 找到标签前 : By.xpath: //span[@class='nc-lang-cnt']/a
2020-09-12 15:05:15,397 [main] DEBUG cn.ac.util.WebEventListener [WebEventListener.java : 72] - 找到标签后 : By.xpath: //span[@class='nc-lang-cnt']/a
2020-09-12 15:05:15,397 [main] DEBUG cn.ac.util.WebEventListener [WebEventListener.java : 40] - 点击标签: [[ChromeDriver: chrome on WINDOWS (5004038f4a9778896aba0f982a833fc4)] -> xpath: //span[@class='nc-lang-cnt']/a]之前执行...
2020-09-12 15:05:15,424 [main] DEBUG cn.ac.util.WebEventListener [WebEventListener.java : 44] - 点击标签之后: [[ChromeDriver: chrome on WINDOWS (5004038f4a9778896aba0f982a833fc4)] -> xpath: //span[@class='nc-lang-cnt']/a]之后执行...
2020-09-12 15:05:15,425 [main] DEBUG cn.ac.util.WebEventListener [WebEventListener.java : 68] - 找到标签前 : By.id: nc_1_n1z
2020-09-12 15:05:15,432 [main] DEBUG cn.ac.util.WebEventListener [WebEventListener.java : 72] - 找到标签后 : By.id: nc_1_n1z
2020-09-12 15:05:18,095 [main] DEBUG cn.ac.util.WebEventListener [WebEventListener.java : 68] - 找到标签前 : By.xpath: //span[@class='nc-lang-cnt']/a
2020-09-12 15:05:18,103 [main] DEBUG cn.ac.util.WebEventListener [WebEventListener.java : 72] - 找到标签后 : By.xpath: //span[@class='nc-lang-cnt']/a
2020-09-12 15:05:18,104 [main] DEBUG cn.ac.util.WebEventListener [WebEventListener.java : 40] - 点击标签: [[ChromeDriver: chrome on WINDOWS (5004038f4a9778896aba0f982a833fc4)] -> xpath: //span[@class='nc-lang-cnt']/a]之前执行...
2020-09-12 15:05:18,129 [main] DEBUG cn.ac.util.WebEventListener [WebEventListener.java : 44] - 点击标签之后: [[ChromeDriver: chrome on WINDOWS (5004038f4a9778896aba0f982a833fc4)] -> xpath: //span[@class='nc-lang-cnt']/a]之后执行...
2020-09-12 15:05:18,129 [main] DEBUG cn.ac.util.WebEventListener [WebEventListener.java : 68] - 找到标签前 : By.id: nc_1_n1z
2020-09-12 15:05:18,136 [main] DEBUG cn.ac.util.WebEventListener [WebEventListener.java : 72] - 找到标签后 : By.id: nc_1_n1z
2020-09-12 15:05:20,793 [main] DEBUG cn.ac.util.WebEventListener [WebEventListener.java : 68] - 找到标签前 : By.xpath: //span[@class='nc-lang-cnt']/a
2020-09-12 15:05:20,801 [main] DEBUG cn.ac.util.WebEventListener [WebEventListener.java : 72] - 找到标签后 : By.xpath: //span[@class='nc-lang-cnt']/a
2020-09-12 15:05:20,801 [main] DEBUG cn.ac.util.WebEventListener [WebEventListener.java : 40] - 点击标签: [[ChromeDriver: chrome on WINDOWS (5004038f4a9778896aba0f982a833fc4)] -> xpath: //span[@class='nc-lang-cnt']/a]之前执行...
2020-09-12 15:05:20,827 [main] DEBUG cn.ac.util.WebEventListener [WebEventListener.java : 44] - 点击标签之后: [[ChromeDriver: chrome on WINDOWS (5004038f4a9778896aba0f982a833fc4)] -> xpath: //span[@class='nc-lang-cnt']/a]之后执行...
2020-09-12 15:05:20,828 [main] DEBUG cn.ac.util.WebEventListener [WebEventListener.java : 68] - 找到标签前 : By.id: nc_1_n1z
2020-09-12 15:05:20,835 [main] DEBUG cn.ac.util.WebEventListener [WebEventListener.java : 72] - 找到标签后 : By.id: nc_1_n1z
2020-09-12 15:05:23,494 [main] DEBUG cn.ac.util.WebEventListener [WebEventListener.java : 68] - 找到标签前 : By.xpath: //span[@class='nc-lang-cnt']/a
2020-09-12 15:05:23,502 [main] DEBUG cn.ac.util.WebEventListener [WebEventListener.java : 72] - 找到标签后 : By.xpath: //span[@class='nc-lang-cnt']/a
2020-09-12 15:05:23,502 [main] DEBUG cn.ac.util.WebEventListener [WebEventListener.java : 40] - 点击标签: [[ChromeDriver: chrome on WINDOWS (5004038f4a9778896aba0f982a833fc4)] -> xpath: //span[@class='nc-lang-cnt']/a]之前执行...
2020-09-12 15:05:23,528 [main] DEBUG cn.ac.util.WebEventListener [WebEventListener.java : 44] - 点击标签之后: [[ChromeDriver: chrome on WINDOWS (5004038f4a9778896aba0f982a833fc4)] -> xpath: //span[@class='nc-lang-cnt']/a]之后执行...
2020-09-12 15:05:23,528 [main] DEBUG cn.ac.util.WebEventListener [WebEventListener.java : 68] - 找到标签前 : By.id: nc_1_n1z
2020-09-12 15:05:23,535 [main] DEBUG cn.ac.util.WebEventListener [WebEventListener.java : 72] - 找到标签后 : By.id: nc_1_n1z
2020-09-12 15:05:26,202 [main] DEBUG cn.ac.util.WebEventListener [WebEventListener.java : 68] - 找到标签前 : By.xpath: //span[@class='nc-lang-cnt']/a
2020-09-12 15:05:26,211 [main] DEBUG cn.ac.util.WebEventListener [WebEventListener.java : 72] - 找到标签后 : By.xpath: //span[@class='nc-lang-cnt']/a
2020-09-12 15:05:26,212 [main] DEBUG cn.ac.util.WebEventListener [WebEventListener.java : 40] - 点击标签: [[ChromeDriver: chrome on WINDOWS (5004038f4a9778896aba0f982a833fc4)] -> xpath: //span[@class='nc-lang-cnt']/a]之前执行...
2020-09-12 15:05:26,243 [main] DEBUG cn.ac.util.WebEventListener [WebEventListener.java : 44] - 点击标签之后: [[ChromeDriver: chrome on WINDOWS (5004038f4a9778896aba0f982a833fc4)] -> xpath: //span[@class='nc-lang-cnt']/a]之后执行...
2020-09-12 15:05:48,081 [main] DEBUG cn.ac.util.WebEventListener [WebEventListener.java : 24] - Before navigating to: 'https://moc.oocl.com/party/cargotracking/ct_search_from_other_domain.jsf?ANONYMOUS_BEHAVIOR=BUILD_UP&domainName=PARTY_DOMAIN&ENTRY_TYPE=OOCL&ENTRY=MCC&ctSearchType=BC&ctShipmentNumber=OOLU2635249080'
2020-09-12 15:05:48,914 [main] DEBUG cn.ac.util.WebEventListener [WebEventListener.java : 28] - Navigated to:'https://moc.oocl.com/party/cargotracking/ct_search_from_other_domain.jsf?ANONYMOUS_BEHAVIOR=BUILD_UP&domainName=PARTY_DOMAIN&ENTRY_TYPE=OOCL&ENTRY=MCC&ctSearchType=BC&ctShipmentNumber=OOLU2635249080'
2020-09-12 15:05:58,915 [main] DEBUG cn.ac.util.WebEventListener [WebEventListener.java : 68] - 找到标签前 : By.id: nc_1_n1z
2020-09-12 15:05:58,929 [main] DEBUG cn.ac.util.WebEventListener [WebEventListener.java : 72] - 找到标签后 : By.id: nc_1_n1z
2020-09-12 15:06:01,756 [main] DEBUG cn.ac.util.WebEventListener [WebEventListener.java : 68] - 找到标签前 : By.xpath: //span[@class='nc-lang-cnt']/a
2020-09-12 15:06:01,768 [main] DEBUG cn.ac.util.WebEventListener [WebEventListener.java : 72] - 找到标签后 : By.xpath: //span[@class='nc-lang-cnt']/a
2020-09-12 15:06:01,769 [main] DEBUG cn.ac.util.WebEventListener [WebEventListener.java : 40] - 点击标签: [[ChromeDriver: chrome on WINDOWS (1782395dd5eeebe261b13c6b8fc0da9f)] -> xpath: //span[@class='nc-lang-cnt']/a]之前执行...
2020-09-12 15:06:01,807 [main] DEBUG cn.ac.util.WebEventListener [WebEventListener.java : 44] - 点击标签之后: [[ChromeDriver: chrome on WINDOWS (1782395dd5eeebe261b13c6b8fc0da9f)] -> xpath: //span[@class='nc-lang-cnt']/a]之后执行...
2020-09-12 15:06:01,807 [main] DEBUG cn.ac.util.WebEventListener [WebEventListener.java : 68] - 找到标签前 : By.id: nc_1_n1z
2020-09-12 15:06:01,814 [main] DEBUG cn.ac.util.WebEventListener [WebEventListener.java : 72] - 找到标签后 : By.id: nc_1_n1z
2020-09-12 15:06:04,472 [main] DEBUG cn.ac.util.WebEventListener [WebEventListener.java : 68] - 找到标签前 : By.xpath: //span[@class='nc-lang-cnt']/a
2020-09-12 15:06:04,479 [main] DEBUG cn.ac.util.WebEventListener [WebEventListener.java : 72] - 找到标签后 : By.xpath: //span[@class='nc-lang-cnt']/a
2020-09-12 15:06:04,480 [main] DEBUG cn.ac.util.WebEventListener [WebEventListener.java : 40] - 点击标签: [[ChromeDriver: chrome on WINDOWS (1782395dd5eeebe261b13c6b8fc0da9f)] -> xpath: //span[@class='nc-lang-cnt']/a]之前执行...
2020-09-12 15:06:04,504 [main] DEBUG cn.ac.util.WebEventListener [WebEventListener.java : 44] - 点击标签之后: [[ChromeDriver: chrome on WINDOWS (1782395dd5eeebe261b13c6b8fc0da9f)] -> xpath: //span[@class='nc-lang-cnt']/a]之后执行...
2020-09-12 15:06:04,505 [main] DEBUG cn.ac.util.WebEventListener [WebEventListener.java : 68] - 找到标签前 : By.id: nc_1_n1z
2020-09-12 15:06:04,511 [main] DEBUG cn.ac.util.WebEventListener [WebEventListener.java : 72] - 找到标签后 : By.id: nc_1_n1z
2020-09-12 15:06:07,181 [main] DEBUG cn.ac.util.WebEventListener [WebEventListener.java : 68] - 找到标签前 : By.xpath: //span[@class='nc-lang-cnt']/a
2020-09-12 15:06:07,220 [main] DEBUG cn.ac.util.WebEventListener [WebEventListener.java : 72] - 找到标签后 : By.xpath: //span[@class='nc-lang-cnt']/a
2020-09-12 15:06:07,220 [main] DEBUG cn.ac.util.WebEventListener [WebEventListener.java : 40] - 点击标签: [[ChromeDriver: chrome on WINDOWS (1782395dd5eeebe261b13c6b8fc0da9f)] -> xpath: //span[@class='nc-lang-cnt']/a]之前执行...
2020-09-12 15:06:07,258 [main] DEBUG cn.ac.util.WebEventListener [WebEventListener.java : 44] - 点击标签之后: [[ChromeDriver: chrome on WINDOWS (1782395dd5eeebe261b13c6b8fc0da9f)] -> xpath: //span[@class='nc-lang-cnt']/a]之后执行...
2020-09-12 15:06:07,258 [main] DEBUG cn.ac.util.WebEventListener [WebEventListener.java : 68] - 找到标签前 : By.id: nc_1_n1z
2020-09-12 15:06:07,269 [main] DEBUG cn.ac.util.WebEventListener [WebEventListener.java : 72] - 找到标签后 : By.id: nc_1_n1z
2020-09-12 15:06:09,896 [main] DEBUG cn.ac.util.WebEventListener [WebEventListener.java : 68] - 找到标签前 : By.xpath: //span[@class='nc-lang-cnt']/a
2020-09-12 15:06:09,908 [main] DEBUG cn.ac.util.WebEventListener [WebEventListener.java : 72] - 找到标签后 : By.xpath: //span[@class='nc-lang-cnt']/a
2020-09-12 15:06:09,908 [main] DEBUG cn.ac.util.WebEventListener [WebEventListener.java : 40] - 点击标签: [[ChromeDriver: chrome on WINDOWS (1782395dd5eeebe261b13c6b8fc0da9f)] -> xpath: //span[@class='nc-lang-cnt']/a]之前执行...
2020-09-12 15:06:09,941 [main] DEBUG cn.ac.util.WebEventListener [WebEventListener.java : 44] - 点击标签之后: [[ChromeDriver: chrome on WINDOWS (1782395dd5eeebe261b13c6b8fc0da9f)] -> xpath: //span[@class='nc-lang-cnt']/a]之后执行...
2020-09-12 15:06:09,941 [main] DEBUG cn.ac.util.WebEventListener [WebEventListener.java : 68] - 找到标签前 : By.id: nc_1_n1z
2020-09-12 15:06:09,952 [main] DEBUG cn.ac.util.WebEventListener [WebEventListener.java : 72] - 找到标签后 : By.id: nc_1_n1z
2020-09-12 15:06:12,604 [main] DEBUG cn.ac.util.WebEventListener [WebEventListener.java : 68] - 找到标签前 : By.xpath: //span[@class='nc-lang-cnt']/a
2020-09-12 15:06:12,616 [main] DEBUG cn.ac.util.WebEventListener [WebEventListener.java : 72] - 找到标签后 : By.xpath: //span[@class='nc-lang-cnt']/a
2020-09-12 15:06:12,617 [main] DEBUG cn.ac.util.WebEventListener [WebEventListener.java : 40] - 点击标签: [[ChromeDriver: chrome on WINDOWS (1782395dd5eeebe261b13c6b8fc0da9f)] -> xpath: //span[@class='nc-lang-cnt']/a]之前执行...
2020-09-12 15:06:12,647 [main] DEBUG cn.ac.util.WebEventListener [WebEventListener.java : 44] - 点击标签之后: [[ChromeDriver: chrome on WINDOWS (1782395dd5eeebe261b13c6b8fc0da9f)] -> xpath: //span[@class='nc-lang-cnt']/a]之后执行...
2020-09-12 15:12:04,830 [main] DEBUG cn.ac.util.WebEventListener [WebEventListener.java : 24] - Before navigating to: 'https://moc.oocl.com/party/cargotracking/ct_search_from_other_domain.jsf?ANONYMOUS_BEHAVIOR=BUILD_UP&domainName=PARTY_DOMAIN&ENTRY_TYPE=OOCL&ENTRY=MCC&ctSearchType=BC&ctShipmentNumber=OOLU2635249080'
2020-09-12 15:12:13,194 [main] DEBUG cn.ac.util.WebEventListener [WebEventListener.java : 28] - Navigated to:'https://moc.oocl.com/party/cargotracking/ct_search_from_other_domain.jsf?ANONYMOUS_BEHAVIOR=BUILD_UP&domainName=PARTY_DOMAIN&ENTRY_TYPE=OOCL&ENTRY=MCC&ctSearchType=BC&ctShipmentNumber=OOLU2635249080'
2020-09-12 15:12:33,195 [main] DEBUG cn.ac.util.WebEventListener [WebEventListener.java : 68] - 找到标签前 : By.id: nc_1_n1z
2020-09-12 15:12:33,208 [main] DEBUG cn.ac.util.WebEventListener [WebEventListener.java : 72] - 找到标签后 : By.id: nc_1_n1z
2020-09-12 15:12:36,053 [main] DEBUG cn.ac.util.WebEventListener [WebEventListener.java : 68] - 找到标签前 : By.xpath: //span[@class='nc-lang-cnt']/a
2020-09-12 15:12:36,066 [main] DEBUG cn.ac.util.WebEventListener [WebEventListener.java : 72] - 找到标签后 : By.xpath: //span[@class='nc-lang-cnt']/a
2020-09-12 15:12:36,067 [main] DEBUG cn.ac.util.WebEventListener [WebEventListener.java : 40] - 点击标签: [[ChromeDriver: chrome on WINDOWS (febabe1140ff4ca38f105031cae04b0c)] -> xpath: //span[@class='nc-lang-cnt']/a]之前执行...
2020-09-12 15:12:36,102 [main] DEBUG cn.ac.util.WebEventListener [WebEventListener.java : 44] - 点击标签之后: [[ChromeDriver: chrome on WINDOWS (febabe1140ff4ca38f105031cae04b0c)] -> xpath: //span[@class='nc-lang-cnt']/a]之后执行...
2020-09-12 15:12:36,102 [main] DEBUG cn.ac.util.WebEventListener [WebEventListener.java : 68] - 找到标签前 : By.id: nc_1_n1z
2020-09-12 15:12:36,114 [main] DEBUG cn.ac.util.WebEventListener [WebEventListener.java : 72] - 找到标签后 : By.id: nc_1_n1z
2020-09-12 15:12:38,782 [main] DEBUG cn.ac.util.WebEventListener [WebEventListener.java : 68] - 找到标签前 : By.xpath: //span[@class='nc-lang-cnt']/a
2020-09-12 15:12:38,789 [main] DEBUG cn.ac.util.WebEventListener [WebEventListener.java : 72] - 找到标签后 : By.xpath: //span[@class='nc-lang-cnt']/a
2020-09-12 15:12:38,789 [main] DEBUG cn.ac.util.WebEventListener [WebEventListener.java : 40] - 点击标签: [[ChromeDriver: chrome on WINDOWS (febabe1140ff4ca38f105031cae04b0c)] -> xpath: //span[@class='nc-lang-cnt']/a]之前执行...
2020-09-12 15:12:38,816 [main] DEBUG cn.ac.util.WebEventListener [WebEventListener.java : 44] - 点击标签之后: [[ChromeDriver: chrome on WINDOWS (febabe1140ff4ca38f105031cae04b0c)] -> xpath: //span[@class='nc-lang-cnt']/a]之后执行...
2020-09-12 15:12:38,817 [main] DEBUG cn.ac.util.WebEventListener [WebEventListener.java : 68] - 找到标签前 : By.id: nc_1_n1z
2020-09-12 15:12:38,824 [main] DEBUG cn.ac.util.WebEventListener [WebEventListener.java : 72] - 找到标签后 : By.id: nc_1_n1z
2020-09-12 15:12:41,490 [main] DEBUG cn.ac.util.WebEventListener [WebEventListener.java : 68] - 找到标签前 : By.xpath: //span[@class='nc-lang-cnt']/a
2020-09-12 15:12:41,500 [main] DEBUG cn.ac.util.WebEventListener [WebEventListener.java : 72] - 找到标签后 : By.xpath: //span[@class='nc-lang-cnt']/a
2020-09-12 15:12:41,500 [main] DEBUG cn.ac.util.WebEventListener [WebEventListener.java : 40] - 点击标签: [[ChromeDriver: chrome on WINDOWS (febabe1140ff4ca38f105031cae04b0c)] -> xpath: //span[@class='nc-lang-cnt']/a]之前执行...
2020-09-12 15:12:41,528 [main] DEBUG cn.ac.util.WebEventListener [WebEventListener.java : 44] - 点击标签之后: [[ChromeDriver: chrome on WINDOWS (febabe1140ff4ca38f105031cae04b0c)] -> xpath: //span[@class='nc-lang-cnt']/a]之后执行...
2020-09-12 15:12:41,529 [main] DEBUG cn.ac.util.WebEventListener [WebEventListener.java : 68] - 找到标签前 : By.id: nc_1_n1z
2020-09-12 15:12:41,538 [main] DEBUG cn.ac.util.WebEventListener [WebEventListener.java : 72] - 找到标签后 : By.id: nc_1_n1z
2020-09-12 15:12:44,209 [main] DEBUG cn.ac.util.WebEventListener [WebEventListener.java : 68] - 找到标签前 : By.xpath: //span[@class='nc-lang-cnt']/a
2020-09-12 15:12:44,218 [main] DEBUG cn.ac.util.WebEventListener [WebEventListener.java : 72] - 找到标签后 : By.xpath: //span[@class='nc-lang-cnt']/a
2020-09-12 15:12:44,219 [main] DEBUG cn.ac.util.WebEventListener [WebEventListener.java : 40] - 点击标签: [[ChromeDriver: chrome on WINDOWS (febabe1140ff4ca38f105031cae04b0c)] -> xpath: //span[@class='nc-lang-cnt']/a]之前执行...
2020-09-12 15:12:44,244 [main] DEBUG cn.ac.util.WebEventListener [WebEventListener.java : 44] - 点击标签之后: [[ChromeDriver: chrome on WINDOWS (febabe1140ff4ca38f105031cae04b0c)] -> xpath: //span[@class='nc-lang-cnt']/a]之后执行...
2020-09-12 15:12:44,245 [main] DEBUG cn.ac.util.WebEventListener [WebEventListener.java : 68] - 找到标签前 : By.id: nc_1_n1z
2020-09-12 15:12:44,253 [main] DEBUG cn.ac.util.WebEventListener [WebEventListener.java : 72] - 找到标签后 : By.id: nc_1_n1z
2020-09-12 15:12:46,907 [main] DEBUG cn.ac.util.WebEventListener [WebEventListener.java : 68] - 找到标签前 : By.xpath: //span[@class='nc-lang-cnt']/a
2020-09-12 15:12:46,918 [main] DEBUG cn.ac.util.WebEventListener [WebEventListener.java : 72] - 找到标签后 : By.xpath: //span[@class='nc-lang-cnt']/a
2020-09-12 15:12:46,919 [main] DEBUG cn.ac.util.WebEventListener [WebEventListener.java : 40] - 点击标签: [[ChromeDriver: chrome on WINDOWS (febabe1140ff4ca38f105031cae04b0c)] -> xpath: //span[@class='nc-lang-cnt']/a]之前执行...
2020-09-12 15:12:46,943 [main] DEBUG cn.ac.util.WebEventListener [WebEventListener.java : 44] - 点击标签之后: [[ChromeDriver: chrome on WINDOWS (febabe1140ff4ca38f105031cae04b0c)] -> xpath: //span[@class='nc-lang-cnt']/a]之后执行...
2020-09-12 15:15:35,648 [main] DEBUG cn.ac.util.WebEventListener [WebEventListener.java : 24] - Before navigating to: 'https://moc.oocl.com/party/cargotracking/ct_search_from_other_domain.jsf?ANONYMOUS_BEHAVIOR=BUILD_UP&domainName=PARTY_DOMAIN&ENTRY_TYPE=OOCL&ENTRY=MCC&ctSearchType=BC&ctShipmentNumber=OOLU2635249080'
2020-09-12 15:15:40,318 [main] DEBUG cn.ac.util.WebEventListener [WebEventListener.java : 28] - Navigated to:'https://moc.oocl.com/party/cargotracking/ct_search_from_other_domain.jsf?ANONYMOUS_BEHAVIOR=BUILD_UP&domainName=PARTY_DOMAIN&ENTRY_TYPE=OOCL&ENTRY=MCC&ctSearchType=BC&ctShipmentNumber=OOLU2635249080'
2020-09-12 15:16:00,318 [main] DEBUG cn.ac.util.WebEventListener [WebEventListener.java : 68] - 找到标签前 : By.id: nc_1_n1z
2020-09-12 15:16:00,325 [main] DEBUG cn.ac.util.WebEventListener [WebEventListener.java : 72] - 找到标签后 : By.id: nc_1_n1z
2020-09-12 15:16:02,996 [main] DEBUG cn.ac.util.WebEventListener [WebEventListener.java : 68] - 找到标签前 : By.xpath: //span[@class='nc-lang-cnt']/a
2020-09-12 15:16:03,001 [main] DEBUG cn.ac.util.WebEventListener [WebEventListener.java : 72] - 找到标签后 : By.xpath: //span[@class='nc-lang-cnt']/a
2020-09-12 15:16:03,002 [main] DEBUG cn.ac.util.WebEventListener [WebEventListener.java : 40] - 点击标签: [[FirefoxDriver: firefox on WINDOWS (bca187ad-53e5-462d-abeb-b3df67403167)] -> xpath: //span[@class='nc-lang-cnt']/a]之前执行...
2020-09-12 15:16:03,217 [main] DEBUG cn.ac.util.WebEventListener [WebEventListener.java : 44] - 点击标签之后: [[FirefoxDriver: firefox on WINDOWS (bca187ad-53e5-462d-abeb-b3df67403167)] -> xpath: //span[@class='nc-lang-cnt']/a]之后执行...
2020-09-12 15:16:03,217 [main] DEBUG cn.ac.util.WebEventListener [WebEventListener.java : 68] - 找到标签前 : By.id: nc_1_n1z
2020-09-12 15:16:03,222 [main] DEBUG cn.ac.util.WebEventListener [WebEventListener.java : 72] - 找到标签后 : By.id: nc_1_n1z
2020-09-12 15:16:05,810 [main] DEBUG cn.ac.util.WebEventListener [WebEventListener.java : 68] - 找到标签前 : By.xpath: //span[@class='nc-lang-cnt']/a
2020-09-12 15:16:05,814 [main] DEBUG cn.ac.util.WebEventListener [WebEventListener.java : 72] - 找到标签后 : By.xpath: //span[@class='nc-lang-cnt']/a
2020-09-12 15:16:05,815 [main] DEBUG cn.ac.util.WebEventListener [WebEventListener.java : 40] - 点击标签: [[FirefoxDriver: firefox on WINDOWS (bca187ad-53e5-462d-abeb-b3df67403167)] -> xpath: //span[@class='nc-lang-cnt']/a]之前执行...
2020-09-12 15:16:06,026 [main] DEBUG cn.ac.util.WebEventListener [WebEventListener.java : 44] - 点击标签之后: [[FirefoxDriver: firefox on WINDOWS (bca187ad-53e5-462d-abeb-b3df67403167)] -> xpath: //span[@class='nc-lang-cnt']/a]之后执行...
2020-09-12 15:16:06,027 [main] DEBUG cn.ac.util.WebEventListener [WebEventListener.java : 68] - 找到标签前 : By.id: nc_1_n1z
2020-09-12 15:16:06,031 [main] DEBUG cn.ac.util.WebEventListener [WebEventListener.java : 72] - 找到标签后 : By.id: nc_1_n1z
2020-09-12 15:16:08,634 [main] DEBUG cn.ac.util.WebEventListener [WebEventListener.java : 68] - 找到标签前 : By.xpath: //span[@class='nc-lang-cnt']/a
2020-09-12 15:16:08,645 [main] DEBUG cn.ac.util.WebEventListener [WebEventListener.java : 72] - 找到标签后 : By.xpath: //span[@class='nc-lang-cnt']/a
2020-09-12 15:16:08,645 [main] DEBUG cn.ac.util.WebEventListener [WebEventListener.java : 40] - 点击标签: [[FirefoxDriver: firefox on WINDOWS (bca187ad-53e5-462d-abeb-b3df67403167)] -> xpath: //span[@class='nc-lang-cnt']/a]之前执行...
2020-09-12 15:16:08,855 [main] DEBUG cn.ac.util.WebEventListener [WebEventListener.java : 44] - 点击标签之后: [[FirefoxDriver: firefox on WINDOWS (bca187ad-53e5-462d-abeb-b3df67403167)] -> xpath: //span[@class='nc-lang-cnt']/a]之后执行...
2020-09-12 15:16:08,856 [main] DEBUG cn.ac.util.WebEventListener [WebEventListener.java : 68] - 找到标签前 : By.id: nc_1_n1z
2020-09-12 15:16:08,862 [main] DEBUG cn.ac.util.WebEventListener [WebEventListener.java : 72] - 找到标签后 : By.id: nc_1_n1z
2020-09-12 15:16:11,469 [main] DEBUG cn.ac.util.WebEventListener [WebEventListener.java : 68] - 找到标签前 : By.xpath: //span[@class='nc-lang-cnt']/a
2020-09-12 15:16:11,483 [main] DEBUG cn.ac.util.WebEventListener [WebEventListener.java : 72] - 找到标签后 : By.xpath: //span[@class='nc-lang-cnt']/a
2020-09-12 15:16:11,485 [main] DEBUG cn.ac.util.WebEventListener [WebEventListener.java : 40] - 点击标签: [[FirefoxDriver: firefox on WINDOWS (bca187ad-53e5-462d-abeb-b3df67403167)] -> xpath: //span[@class='nc-lang-cnt']/a]之前执行...
2020-09-12 15:16:11,694 [main] DEBUG cn.ac.util.WebEventListener [WebEventListener.java : 44] - 点击标签之后: [[FirefoxDriver: firefox on WINDOWS (bca187ad-53e5-462d-abeb-b3df67403167)] -> xpath: //span[@class='nc-lang-cnt']/a]之后执行...
2020-09-12 15:16:11,694 [main] DEBUG cn.ac.util.WebEventListener [WebEventListener.java : 68] - 找到标签前 : By.id: nc_1_n1z
2020-09-12 15:16:11,698 [main] DEBUG cn.ac.util.WebEventListener [WebEventListener.java : 72] - 找到标签后 : By.id: nc_1_n1z
2020-09-12 15:16:14,320 [main] DEBUG cn.ac.util.WebEventListener [WebEventListener.java : 68] - 找到标签前 : By.xpath: //span[@class='nc-lang-cnt']/a
2020-09-12 15:16:14,328 [main] DEBUG cn.ac.util.WebEventListener [WebEventListener.java : 72] - 找到标签后 : By.xpath: //span[@class='nc-lang-cnt']/a
2020-09-12 15:16:14,328 [main] DEBUG cn.ac.util.WebEventListener [WebEventListener.java : 40] - 点击标签: [[FirefoxDriver: firefox on WINDOWS (bca187ad-53e5-462d-abeb-b3df67403167)] -> xpath: //span[@class='nc-lang-cnt']/a]之前执行...
2020-09-12 15:16:14,538 [main] DEBUG cn.ac.util.WebEventListener [WebEventListener.java : 44] - 点击标签之后: [[FirefoxDriver: firefox on WINDOWS (bca187ad-53e5-462d-abeb-b3df67403167)] -> xpath: //span[@class='nc-lang-cnt']/a]之后执行...
2020-09-12 15:17:08,642 [main] DEBUG cn.ac.util.WebEventListener [WebEventListener.java : 24] - Before navigating to: 'https://moc.oocl.com/party/cargotracking/ct_search_from_other_domain.jsf?ANONYMOUS_BEHAVIOR=BUILD_UP&domainName=PARTY_DOMAIN&ENTRY_TYPE=OOCL&ENTRY=MCC&ctSearchType=BC&ctShipmentNumber=OOLU2635249080'
2020-09-12 15:17:12,938 [main] DEBUG cn.ac.util.WebEventListener [WebEventListener.java : 28] - Navigated to:'https://moc.oocl.com/party/cargotracking/ct_search_from_other_domain.jsf?ANONYMOUS_BEHAVIOR=BUILD_UP&domainName=PARTY_DOMAIN&ENTRY_TYPE=OOCL&ENTRY=MCC&ctSearchType=BC&ctShipmentNumber=OOLU2635249080'
2020-09-12 15:17:32,940 [main] DEBUG cn.ac.util.WebEventListener [WebEventListener.java : 68] - 找到标签前 : By.id: nc_1_n1z
2020-09-12 15:17:32,948 [main] DEBUG cn.ac.util.WebEventListener [WebEventListener.java : 72] - 找到标签后 : By.id: nc_1_n1z
2020-09-12 15:17:35,615 [main] DEBUG cn.ac.util.WebEventListener [WebEventListener.java : 68] - 找到标签前 : By.xpath: //span[@class='nc-lang-cnt']/a
2020-09-12 15:17:35,621 [main] DEBUG cn.ac.util.WebEventListener [WebEventListener.java : 72] - 找到标签后 : By.xpath: //span[@class='nc-lang-cnt']/a
2020-09-12 15:17:35,621 [main] DEBUG cn.ac.util.WebEventListener [WebEventListener.java : 40] - 点击标签: [[FirefoxDriver: firefox on WINDOWS (42c72580-b009-4624-9842-15e215f516b9)] -> xpath: //span[@class='nc-lang-cnt']/a]之前执行...
2020-09-12 15:17:35,838 [main] DEBUG cn.ac.util.WebEventListener [WebEventListener.java : 44] - 点击标签之后: [[FirefoxDriver: firefox on WINDOWS (42c72580-b009-4624-9842-15e215f516b9)] -> xpath: //span[@class='nc-lang-cnt']/a]之后执行...
2020-09-12 15:17:35,839 [main] DEBUG cn.ac.util.WebEventListener [WebEventListener.java : 68] - 找到标签前 : By.id: nc_1_n1z
2020-09-12 15:17:35,845 [main] DEBUG cn.ac.util.WebEventListener [WebEventListener.java : 72] - 找到标签后 : By.id: nc_1_n1z
2020-09-12 15:17:38,456 [main] DEBUG cn.ac.util.WebEventListener [WebEventListener.java : 68] - 找到标签前 : By.xpath: //span[@class='nc-lang-cnt']/a
2020-09-12 15:17:38,460 [main] DEBUG cn.ac.util.WebEventListener [WebEventListener.java : 72] - 找到标签后 : By.xpath: //span[@class='nc-lang-cnt']/a
2020-09-12 15:17:38,461 [main] DEBUG cn.ac.util.WebEventListener [WebEventListener.java : 40] - 点击标签: [[FirefoxDriver: firefox on WINDOWS (42c72580-b009-4624-9842-15e215f516b9)] -> xpath: //span[@class='nc-lang-cnt']/a]之前执行...
2020-09-12 15:17:38,670 [main] DEBUG cn.ac.util.WebEventListener [WebEventListener.java : 44] - 点击标签之后: [[FirefoxDriver: firefox on WINDOWS (42c72580-b009-4624-9842-15e215f516b9)] -> xpath: //span[@class='nc-lang-cnt']/a]之后执行...
2020-09-12 15:17:38,670 [main] DEBUG cn.ac.util.WebEventListener [WebEventListener.java : 68] - 找到标签前 : By.id: nc_1_n1z
2020-09-12 15:17:38,675 [main] DEBUG cn.ac.util.WebEventListener [WebEventListener.java : 72] - 找到标签后 : By.id: nc_1_n1z
2020-09-12 15:17:41,284 [main] DEBUG cn.ac.util.WebEventListener [WebEventListener.java : 68] - 找到标签前 : By.xpath: //span[@class='nc-lang-cnt']/a
2020-09-12 15:17:41,289 [main] DEBUG cn.ac.util.WebEventListener [WebEventListener.java : 72] - 找到标签后 : By.xpath: //span[@class='nc-lang-cnt']/a
2020-09-12 15:17:41,289 [main] DEBUG cn.ac.util.WebEventListener [WebEventListener.java : 40] - 点击标签: [[FirefoxDriver: firefox on WINDOWS (42c72580-b009-4624-9842-15e215f516b9)] -> xpath: //span[@class='nc-lang-cnt']/a]之前执行...
2020-09-12 15:17:41,501 [main] DEBUG cn.ac.util.WebEventListener [WebEventListener.java : 44] - 点击标签之后: [[FirefoxDriver: firefox on WINDOWS (42c72580-b009-4624-9842-15e215f516b9)] -> xpath: //span[@class='nc-lang-cnt']/a]之后执行...
2020-09-12 15:17:41,501 [main] DEBUG cn.ac.util.WebEventListener [WebEventListener.java : 68] - 找到标签前 : By.id: nc_1_n1z
2020-09-12 15:17:41,506 [main] DEBUG cn.ac.util.WebEventListener [WebEventListener.java : 72] - 找到标签后 : By.id: nc_1_n1z
2020-09-12 15:17:44,110 [main] DEBUG cn.ac.util.WebEventListener [WebEventListener.java : 68] - 找到标签前 : By.xpath: //span[@class='nc-lang-cnt']/a
2020-09-12 15:17:44,116 [main] DEBUG cn.ac.util.WebEventListener [WebEventListener.java : 72] - 找到标签后 : By.xpath: //span[@class='nc-lang-cnt']/a
2020-09-12 15:17:44,117 [main] DEBUG cn.ac.util.WebEventListener [WebEventListener.java : 40] - 点击标签: [[FirefoxDriver: firefox on WINDOWS (42c72580-b009-4624-9842-15e215f516b9)] -> xpath: //span[@class='nc-lang-cnt']/a]之前执行...
2020-09-12 15:17:44,327 [main] DEBUG cn.ac.util.WebEventListener [WebEventListener.java : 44] - 点击标签之后: [[FirefoxDriver: firefox on WINDOWS (42c72580-b009-4624-9842-15e215f516b9)] -> xpath: //span[@class='nc-lang-cnt']/a]之后执行...
2020-09-12 15:17:44,327 [main] DEBUG cn.ac.util.WebEventListener [WebEventListener.java : 68] - 找到标签前 : By.id: nc_1_n1z
2020-09-12 15:17:44,331 [main] DEBUG cn.ac.util.WebEventListener [WebEventListener.java : 72] - 找到标签后 : By.id: nc_1_n1z
2020-09-12 15:17:46,935 [main] DEBUG cn.ac.util.WebEventListener [WebEventListener.java : 68] - 找到标签前 : By.xpath: //span[@class='nc-lang-cnt']/a
2020-09-12 15:17:46,939 [main] DEBUG cn.ac.util.WebEventListener [WebEventListener.java : 72] - 找到标签后 : By.xpath: //span[@class='nc-lang-cnt']/a
2020-09-12 15:17:46,939 [main] DEBUG cn.ac.util.WebEventListener [WebEventListener.java : 40] - 点击标签: [[FirefoxDriver: firefox on WINDOWS (42c72580-b009-4624-9842-15e215f516b9)] -> xpath: //span[@class='nc-lang-cnt']/a]之前执行...
2020-09-12 15:17:47,147 [main] DEBUG cn.ac.util.WebEventListener [WebEventListener.java : 44] - 点击标签之后: [[FirefoxDriver: firefox on WINDOWS (42c72580-b009-4624-9842-15e215f516b9)] -> xpath: //span[@class='nc-lang-cnt']/a]之后执行...
2020-09-12 15:18:27,135 [main] DEBUG cn.ac.util.WebEventListener [WebEventListener.java : 24] - Before navigating to: 'https://moc.oocl.com/party/cargotracking/ct_search_from_other_domain.jsf?ANONYMOUS_BEHAVIOR=BUILD_UP&domainName=PARTY_DOMAIN&ENTRY_TYPE=OOCL&ENTRY=MCC&ctSearchType=BC&ctShipmentNumber=OOLU2635249080'
2020-09-12 15:18:28,668 [main] DEBUG cn.ac.util.WebEventListener [WebEventListener.java : 28] - Navigated to:'https://moc.oocl.com/party/cargotracking/ct_search_from_other_domain.jsf?ANONYMOUS_BEHAVIOR=BUILD_UP&domainName=PARTY_DOMAIN&ENTRY_TYPE=OOCL&ENTRY=MCC&ctSearchType=BC&ctShipmentNumber=OOLU2635249080'
2020-09-12 15:18:33,670 [main] DEBUG cn.ac.util.WebEventListener [WebEventListener.java : 68] - 找到标签前 : By.id: nc_1_n1z
2020-09-12 15:18:33,683 [main] DEBUG cn.ac.util.WebEventListener [WebEventListener.java : 72] - 找到标签后 : By.id: nc_1_n1z
2020-09-12 15:18:36,494 [main] DEBUG cn.ac.util.WebEventListener [WebEventListener.java : 68] - 找到标签前 : By.xpath: //span[@class='nc-lang-cnt']/a
2020-09-12 15:18:36,505 [main] DEBUG cn.ac.util.WebEventListener [WebEventListener.java : 72] - 找到标签后 : By.xpath: //span[@class='nc-lang-cnt']/a
2020-09-12 15:18:36,505 [main] DEBUG cn.ac.util.WebEventListener [WebEventListener.java : 40] - 点击标签: [[ChromeDriver: chrome on WINDOWS (85a524acb51bd26a0d0da93bf1a64af0)] -> xpath: //span[@class='nc-lang-cnt']/a]之前执行...
2020-09-12 15:18:36,534 [main] DEBUG cn.ac.util.WebEventListener [WebEventListener.java : 44] - 点击标签之后: [[ChromeDriver: chrome on WINDOWS (85a524acb51bd26a0d0da93bf1a64af0)] -> xpath: //span[@class='nc-lang-cnt']/a]之后执行...
2020-09-12 15:18:36,535 [main] DEBUG cn.ac.util.WebEventListener [WebEventListener.java : 68] - 找到标签前 : By.id: nc_1_n1z
2020-09-12 15:18:36,543 [main] DEBUG cn.ac.util.WebEventListener [WebEventListener.java : 72] - 找到标签后 : By.id: nc_1_n1z
2020-09-12 15:18:39,222 [main] DEBUG cn.ac.util.WebEventListener [WebEventListener.java : 68] - 找到标签前 : By.xpath: //span[@class='nc-lang-cnt']/a
2020-09-12 15:18:39,230 [main] DEBUG cn.ac.util.WebEventListener [WebEventListener.java : 72] - 找到标签后 : By.xpath: //span[@class='nc-lang-cnt']/a
2020-09-12 15:18:39,230 [main] DEBUG cn.ac.util.WebEventListener [WebEventListener.java : 40] - 点击标签: [[ChromeDriver: chrome on WINDOWS (85a524acb51bd26a0d0da93bf1a64af0)] -> xpath: //span[@class='nc-lang-cnt']/a]之前执行...
2020-09-12 15:18:39,255 [main] DEBUG cn.ac.util.WebEventListener [WebEventListener.java : 44] - 点击标签之后: [[ChromeDriver: chrome on WINDOWS (85a524acb51bd26a0d0da93bf1a64af0)] -> xpath: //span[@class='nc-lang-cnt']/a]之后执行...
2020-09-12 15:18:39,256 [main] DEBUG cn.ac.util.WebEventListener [WebEventListener.java : 68] - 找到标签前 : By.id: nc_1_n1z
2020-09-12 15:18:39,261 [main] DEBUG cn.ac.util.WebEventListener [WebEventListener.java : 72] - 找到标签后 : By.id: nc_1_n1z
2020-09-12 15:18:41,935 [main] DEBUG cn.ac.util.WebEventListener [WebEventListener.java : 68] - 找到标签前 : By.xpath: //span[@class='nc-lang-cnt']/a
2020-09-12 15:18:41,945 [main] DEBUG cn.ac.util.WebEventListener [WebEventListener.java : 72] - 找到标签后 : By.xpath: //span[@class='nc-lang-cnt']/a
2020-09-12 15:18:41,945 [main] DEBUG cn.ac.util.WebEventListener [WebEventListener.java : 40] - 点击标签: [[ChromeDriver: chrome on WINDOWS (85a524acb51bd26a0d0da93bf1a64af0)] -> xpath: //span[@class='nc-lang-cnt']/a]之前执行...
2020-09-12 15:18:41,969 [main] DEBUG cn.ac.util.WebEventListener [WebEventListener.java : 44] - 点击标签之后: [[ChromeDriver: chrome on WINDOWS (85a524acb51bd26a0d0da93bf1a64af0)] -> xpath: //span[@class='nc-lang-cnt']/a]之后执行...
2020-09-12 15:18:41,970 [main] DEBUG cn.ac.util.WebEventListener [WebEventListener.java : 68] - 找到标签前 : By.id: nc_1_n1z
2020-09-12 15:18:41,978 [main] DEBUG cn.ac.util.WebEventListener [WebEventListener.java : 72] - 找到标签后 : By.id: nc_1_n1z
2020-09-12 15:18:44,634 [main] DEBUG cn.ac.util.WebEventListener [WebEventListener.java : 68] - 找到标签前 : By.xpath: //span[@class='nc-lang-cnt']/a
2020-09-12 15:18:44,642 [main] DEBUG cn.ac.util.WebEventListener [WebEventListener.java : 72] - 找到标签后 : By.xpath: //span[@class='nc-lang-cnt']/a
2020-09-12 15:18:44,643 [main] DEBUG cn.ac.util.WebEventListener [WebEventListener.java : 40] - 点击标签: [[ChromeDriver: chrome on WINDOWS (85a524acb51bd26a0d0da93bf1a64af0)] -> xpath: //span[@class='nc-lang-cnt']/a]之前执行...
2020-09-12 15:18:44,667 [main] DEBUG cn.ac.util.WebEventListener [WebEventListener.java : 44] - 点击标签之后: [[ChromeDriver: chrome on WINDOWS (85a524acb51bd26a0d0da93bf1a64af0)] -> xpath: //span[@class='nc-lang-cnt']/a]之后执行...
2020-09-12 15:18:44,667 [main] DEBUG cn.ac.util.WebEventListener [WebEventListener.java : 68] - 找到标签前 : By.id: nc_1_n1z
2020-09-12 15:18:44,673 [main] DEBUG cn.ac.util.WebEventListener [WebEventListener.java : 72] - 找到标签后 : By.id: nc_1_n1z
2020-09-12 15:18:47,333 [main] DEBUG cn.ac.util.WebEventListener [WebEventListener.java : 68] - 找到标签前 : By.xpath: //span[@class='nc-lang-cnt']/a
2020-09-12 15:18:47,341 [main] DEBUG cn.ac.util.WebEventListener [WebEventListener.java : 72] - 找到标签后 : By.xpath: //span[@class='nc-lang-cnt']/a
2020-09-12 15:18:47,341 [main] DEBUG cn.ac.util.WebEventListener [WebEventListener.java : 40] - 点击标签: [[ChromeDriver: chrome on WINDOWS (85a524acb51bd26a0d0da93bf1a64af0)] -> xpath: //span[@class='nc-lang-cnt']/a]之前执行...
2020-09-12 15:18:47,366 [main] DEBUG cn.ac.util.WebEventListener [WebEventListener.java : 44] - 点击标签之后: [[ChromeDriver: chrome on WINDOWS (85a524acb51bd26a0d0da93bf1a64af0)] -> xpath: //span[@class='nc-lang-cnt']/a]之后执行...
2020-09-12 15:27:04,878 [main] DEBUG cn.ac.util.WebEventListener [WebEventListener.java : 24] - Before navigating to: 'https://moc.oocl.com/party/cargotracking/ct_search_from_other_domain.jsf?ANONYMOUS_BEHAVIOR=BUILD_UP&domainName=PARTY_DOMAIN&ENTRY_TYPE=OOCL&ENTRY=MCC&ctSearchType=BC&ctShipmentNumber=OOLU2635249080'
2020-09-12 15:27:08,539 [main] DEBUG cn.ac.util.WebEventListener [WebEventListener.java : 28] - Navigated to:'https://moc.oocl.com/party/cargotracking/ct_search_from_other_domain.jsf?ANONYMOUS_BEHAVIOR=BUILD_UP&domainName=PARTY_DOMAIN&ENTRY_TYPE=OOCL&ENTRY=MCC&ctSearchType=BC&ctShipmentNumber=OOLU2635249080'
2020-09-12 15:27:13,540 [main] DEBUG cn.ac.util.WebEventListener [WebEventListener.java : 68] - 找到标签前 : By.id: nc_1_n1z
2020-09-12 15:27:13,571 [main] DEBUG cn.ac.util.WebEventListener [WebEventListener.java : 72] - 找到标签后 : By.id: nc_1_n1z
2020-09-12 15:27:16,744 [main] DEBUG cn.ac.util.WebEventListener [WebEventListener.java : 68] - 找到标签前 : By.xpath: //span[@class='nc-lang-cnt']/a
2020-09-12 15:27:16,756 [main] DEBUG cn.ac.util.WebEventListener [WebEventListener.java : 72] - 找到标签后 : By.xpath: //span[@class='nc-lang-cnt']/a
2020-09-12 15:27:16,757 [main] DEBUG cn.ac.util.WebEventListener [WebEventListener.java : 40] - 点击标签: [[ChromeDriver: chrome on WINDOWS (7ce20b33ed208c977362825c44cb8844)] -> xpath: //span[@class='nc-lang-cnt']/a]之前执行...
2020-09-12 15:27:16,787 [main] DEBUG cn.ac.util.WebEventListener [WebEventListener.java : 44] - 点击标签之后: [[ChromeDriver: chrome on WINDOWS (7ce20b33ed208c977362825c44cb8844)] -> xpath: //span[@class='nc-lang-cnt']/a]之后执行...
2020-09-12 15:27:16,788 [main] DEBUG cn.ac.util.WebEventListener [WebEventListener.java : 68] - 找到标签前 : By.id: nc_1_n1z
2020-09-12 15:27:16,796 [main] DEBUG cn.ac.util.WebEventListener [WebEventListener.java : 72] - 找到标签后 : By.id: nc_1_n1z
2020-09-12 15:27:19,457 [main] DEBUG cn.ac.util.WebEventListener [WebEventListener.java : 68] - 找到标签前 : By.xpath: //span[@class='nc-lang-cnt']/a
2020-09-12 15:27:19,463 [main] DEBUG cn.ac.util.WebEventListener [WebEventListener.java : 72] - 找到标签后 : By.xpath: //span[@class='nc-lang-cnt']/a
2020-09-12 15:27:19,464 [main] DEBUG cn.ac.util.WebEventListener [WebEventListener.java : 40] - 点击标签: [[ChromeDriver: chrome on WINDOWS (7ce20b33ed208c977362825c44cb8844)] -> xpath: //span[@class='nc-lang-cnt']/a]之前执行...
2020-09-12 15:27:19,489 [main] DEBUG cn.ac.util.WebEventListener [WebEventListener.java : 44] - 点击标签之后: [[ChromeDriver: chrome on WINDOWS (7ce20b33ed208c977362825c44cb8844)] -> xpath: //span[@class='nc-lang-cnt']/a]之后执行...
2020-09-12 15:27:19,491 [main] DEBUG cn.ac.util.WebEventListener [WebEventListener.java : 68] - 找到标签前 : By.id: nc_1_n1z
2020-09-12 15:27:19,501 [main] DEBUG cn.ac.util.WebEventListener [WebEventListener.java : 72] - 找到标签后 : By.id: nc_1_n1z
2020-09-12 15:27:22,166 [main] DEBUG cn.ac.util.WebEventListener [WebEventListener.java : 68] - 找到标签前 : By.xpath: //span[@class='nc-lang-cnt']/a
2020-09-12 15:27:22,177 [main] DEBUG cn.ac.util.WebEventListener [WebEventListener.java : 72] - 找到标签后 : By.xpath: //span[@class='nc-lang-cnt']/a
2020-09-12 15:27:22,178 [main] DEBUG cn.ac.util.WebEventListener [WebEventListener.java : 40] - 点击标签: [[ChromeDriver: chrome on WINDOWS (7ce20b33ed208c977362825c44cb8844)] -> xpath: //span[@class='nc-lang-cnt']/a]之前执行...
2020-09-12 15:27:22,201 [main] DEBUG cn.ac.util.WebEventListener [WebEventListener.java : 44] - 点击标签之后: [[ChromeDriver: chrome on WINDOWS (7ce20b33ed208c977362825c44cb8844)] -> xpath: //span[@class='nc-lang-cnt']/a]之后执行...
2020-09-12 15:27:22,202 [main] DEBUG cn.ac.util.WebEventListener [WebEventListener.java : 68] - 找到标签前 : By.id: nc_1_n1z
2020-09-12 15:27:22,212 [main] DEBUG cn.ac.util.WebEventListener [WebEventListener.java : 72] - 找到标签后 : By.id: nc_1_n1z
2020-09-12 15:27:24,894 [main] DEBUG cn.ac.util.WebEventListener [WebEventListener.java : 68] - 找到标签前 : By.xpath: //span[@class='nc-lang-cnt']/a
2020-09-12 15:27:24,902 [main] DEBUG cn.ac.util.WebEventListener [WebEventListener.java : 72] - 找到标签后 : By.xpath: //span[@class='nc-lang-cnt']/a
2020-09-12 15:27:24,903 [main] DEBUG cn.ac.util.WebEventListener [WebEventListener.java : 40] - 点击标签: [[ChromeDriver: chrome on WINDOWS (7ce20b33ed208c977362825c44cb8844)] -> xpath: //span[@class='nc-lang-cnt']/a]之前执行...
2020-09-12 15:27:24,927 [main] DEBUG cn.ac.util.WebEventListener [WebEventListener.java : 44] - 点击标签之后: [[ChromeDriver: chrome on WINDOWS (7ce20b33ed208c977362825c44cb8844)] -> xpath: //span[@class='nc-lang-cnt']/a]之后执行...
2020-09-12 15:27:24,928 [main] DEBUG cn.ac.util.WebEventListener [WebEventListener.java : 68] - 找到标签前 : By.id: nc_1_n1z
2020-09-12 15:27:24,935 [main] DEBUG cn.ac.util.WebEventListener [WebEventListener.java : 72] - 找到标签后 : By.id: nc_1_n1z
2020-09-12 15:27:27,602 [main] DEBUG cn.ac.util.WebEventListener [WebEventListener.java : 68] - 找到标签前 : By.xpath: //span[@class='nc-lang-cnt']/a
2020-09-12 15:27:27,609 [main] DEBUG cn.ac.util.WebEventListener [WebEventListener.java : 72] - 找到标签后 : By.xpath: //span[@class='nc-lang-cnt']/a
2020-09-12 15:27:27,609 [main] DEBUG cn.ac.util.WebEventListener [WebEventListener.java : 40] - 点击标签: [[ChromeDriver: chrome on WINDOWS (7ce20b33ed208c977362825c44cb8844)] -> xpath: //span[@class='nc-lang-cnt']/a]之前执行...
2020-09-12 15:27:27,637 [main] DEBUG cn.ac.util.WebEventListener [WebEventListener.java : 44] - 点击标签之后: [[ChromeDriver: chrome on WINDOWS (7ce20b33ed208c977362825c44cb8844)] -> xpath: //span[@class='nc-lang-cnt']/a]之后执行...
