2019-11-19 12:00:27,722 [main] DEBUG cn.ac.util.WebEventListener [WebEventListener.java : 24] - Before navigating to: 'http://wzg02.shineway-soft.com/public/saas/sam/admin/main/html/main.html'
2019-11-19 12:00:27,888 [main] DEBUG cn.ac.util.WebEventListener [WebEventListener.java : 28] - Navigated to:'http://wzg02.shineway-soft.com/public/saas/sam/admin/main/html/main.html'
2019-11-19 12:00:27,889 [main] DEBUG cn.ac.util.WebEventListener [WebEventListener.java : 68] - 找到标签前 : By.name: login_user
2019-11-19 12:00:28,144 [main] DEBUG cn.ac.util.WebEventListener [WebEventListener.java : 72] - 找到标签后 : By.name: login_user
2019-11-19 12:00:28,192 [main] DEBUG cn.ac.util.WebEventListener [WebEventListener.java : 68] - 找到标签前 : By.name: login_pas
2019-11-19 12:00:28,204 [main] DEBUG cn.ac.util.WebEventListener [WebEventListener.java : 72] - 找到标签后 : By.name: login_pas
2019-11-19 12:00:28,262 [main] DEBUG cn.ac.util.WebEventListener [WebEventListener.java : 68] - 找到标签前 : By.xpath: //div[@class='login-sub']
2019-11-19 12:00:28,276 [main] DEBUG cn.ac.util.WebEventListener [WebEventListener.java : 72] - 找到标签后 : By.xpath: //div[@class='login-sub']
2019-11-19 12:00:28,276 [main] DEBUG cn.ac.util.WebEventListener [WebEventListener.java : 40] - 点击标签: [[ChromeDriver: chrome on XP (9dbd4b340c6010fe5cf3b586dbad5950)] -> xpath: //div[@class='login-sub']]之前执行...
2019-11-19 12:00:28,310 [main] DEBUG cn.ac.util.WebEventListener [WebEventListener.java : 44] - 点击标签之后: [[ChromeDriver: chrome on XP (9dbd4b340c6010fe5cf3b586dbad5950)] -> xpath: //div[@class='login-sub']]之后执行...
2019-11-19 12:00:28,314 [main] DEBUG cn.ac.util.WebEventListener [WebEventListener.java : 68] - 找到标签前 : By.xpath: //span[contains(text(),'基础数据')]
2019-11-19 12:00:29,359 [main] DEBUG cn.ac.util.WebEventListener [WebEventListener.java : 72] - 找到标签后 : By.xpath: //span[contains(text(),'基础数据')]
2019-11-19 12:00:29,360 [main] DEBUG cn.ac.util.WebEventListener [WebEventListener.java : 40] - 点击标签: [[ChromeDriver: chrome on XP (9dbd4b340c6010fe5cf3b586dbad5950)] -> xpath: //span[contains(text(),'基础数据')]]之前执行...
2019-11-19 12:00:29,403 [main] DEBUG cn.ac.util.WebEventListener [WebEventListener.java : 44] - 点击标签之后: [[ChromeDriver: chrome on XP (9dbd4b340c6010fe5cf3b586dbad5950)] -> xpath: //span[contains(text(),'基础数据')]]之后执行...
2019-11-19 12:00:29,403 [main] DEBUG cn.ac.util.WebEventListener [WebEventListener.java : 68] - 找到标签前 : By.xpath: //span[contains(text(),'基础数据维护')]
2019-11-19 12:00:29,415 [main] DEBUG cn.ac.util.WebEventListener [WebEventListener.java : 72] - 找到标签后 : By.xpath: //span[contains(text(),'基础数据维护')]
2019-11-19 12:00:29,416 [main] DEBUG cn.ac.util.WebEventListener [WebEventListener.java : 40] - 点击标签: [[ChromeDriver: chrome on XP (9dbd4b340c6010fe5cf3b586dbad5950)] -> xpath: //span[contains(text(),'基础数据维护')]]之前执行...
2019-11-19 12:00:29,452 [main] DEBUG cn.ac.util.WebEventListener [WebEventListener.java : 44] - 点击标签之后: [[ChromeDriver: chrome on XP (9dbd4b340c6010fe5cf3b586dbad5950)] -> xpath: //span[contains(text(),'基础数据维护')]]之后执行...
2019-11-19 12:00:29,452 [main] DEBUG cn.ac.util.WebEventListener [WebEventListener.java : 68] - 找到标签前 : By.xpath: //li[contains(text(),'帮助文档管理')]
2019-11-19 12:00:29,464 [main] DEBUG cn.ac.util.WebEventListener [WebEventListener.java : 72] - 找到标签后 : By.xpath: //li[contains(text(),'帮助文档管理')]
2019-11-19 12:00:29,465 [main] DEBUG cn.ac.util.WebEventListener [WebEventListener.java : 40] - 点击标签: [[ChromeDriver: chrome on XP (9dbd4b340c6010fe5cf3b586dbad5950)] -> xpath: //li[contains(text(),'帮助文档管理')]]之前执行...
2019-11-19 12:00:29,506 [main] DEBUG cn.ac.util.WebEventListener [WebEventListener.java : 44] - 点击标签之后: [[ChromeDriver: chrome on XP (9dbd4b340c6010fe5cf3b586dbad5950)] -> xpath: //li[contains(text(),'帮助文档管理')]]之后执行...
2019-11-19 12:00:29,508 [main] DEBUG cn.ac.util.WebEventListener [WebEventListener.java : 68] - 找到标签前 : By.xpath: //span[@class='searchtoolbar-search-span']
2019-11-19 12:00:29,795 [main] DEBUG cn.ac.util.WebEventListener [WebEventListener.java : 72] - 找到标签后 : By.xpath: //span[@class='searchtoolbar-search-span']
2019-11-19 12:00:29,795 [main] DEBUG cn.ac.util.WebEventListener [WebEventListener.java : 40] - 点击标签: [[ChromeDriver: chrome on XP (9dbd4b340c6010fe5cf3b586dbad5950)] -> xpath: //span[@class='searchtoolbar-search-span']]之前执行...
2019-11-19 12:00:29,835 [main] DEBUG cn.ac.util.WebEventListener [WebEventListener.java : 44] - 点击标签之后: [[ChromeDriver: chrome on XP (9dbd4b340c6010fe5cf3b586dbad5950)] -> xpath: //span[@class='searchtoolbar-search-span']]之后执行...
2019-11-19 12:00:31,337 [main] DEBUG cn.ac.util.WebEventListener [WebEventListener.java : 68] - 找到标签前 : By.xpath: //img[@class='searchtoolbar-batchAdd']
2019-11-19 12:00:31,349 [main] DEBUG cn.ac.util.WebEventListener [WebEventListener.java : 72] - 找到标签后 : By.xpath: //img[@class='searchtoolbar-batchAdd']
2019-11-19 12:00:31,349 [main] DEBUG cn.ac.util.WebEventListener [WebEventListener.java : 40] - 点击标签: [[ChromeDriver: chrome on XP (9dbd4b340c6010fe5cf3b586dbad5950)] -> xpath: //img[@class='searchtoolbar-batchAdd']]之前执行...
2019-11-19 12:00:31,383 [main] DEBUG cn.ac.util.WebEventListener [WebEventListener.java : 44] - 点击标签之后: [[ChromeDriver: chrome on XP (9dbd4b340c6010fe5cf3b586dbad5950)] -> xpath: //img[@class='searchtoolbar-batchAdd']]之后执行...
2019-11-19 12:00:31,383 [main] DEBUG cn.ac.util.WebEventListener [WebEventListener.java : 68] - 找到标签前 : By.xpath: //input[@class='helpdoc-helpdocdesc']
2019-11-19 12:00:31,395 [main] DEBUG cn.ac.util.WebEventListener [WebEventListener.java : 72] - 找到标签后 : By.xpath: //input[@class='helpdoc-helpdocdesc']
2019-11-19 12:00:31,455 [main] DEBUG cn.ac.util.WebEventListener [WebEventListener.java : 68] - 找到标签前 : By.xpath: //input[@class='helpdoc-helpdocdir']
2019-11-19 12:00:31,467 [main] DEBUG cn.ac.util.WebEventListener [WebEventListener.java : 72] - 找到标签后 : By.xpath: //input[@class='helpdoc-helpdocdir']
2019-11-19 12:00:31,513 [main] DEBUG cn.ac.util.WebEventListener [WebEventListener.java : 68] - 找到标签前 : By.xpath: //input[@class='helpdoc-file']
2019-11-19 12:00:31,525 [main] DEBUG cn.ac.util.WebEventListener [WebEventListener.java : 72] - 找到标签后 : By.xpath: //input[@class='helpdoc-file']
2019-11-19 12:00:31,545 [main] DEBUG cn.ac.util.WebEventListener [WebEventListener.java : 68] - 找到标签前 : By.xpath: //button[@class='helpdoc-submit']
2019-11-19 12:00:31,555 [main] DEBUG cn.ac.util.WebEventListener [WebEventListener.java : 72] - 找到标签后 : By.xpath: //button[@class='helpdoc-submit']
2019-11-19 12:00:31,555 [main] DEBUG cn.ac.util.WebEventListener [WebEventListener.java : 40] - 点击标签: [[ChromeDriver: chrome on XP (9dbd4b340c6010fe5cf3b586dbad5950)] -> xpath: //button[@class='helpdoc-submit']]之前执行...
2019-11-19 12:00:31,595 [main] DEBUG cn.ac.util.WebEventListener [WebEventListener.java : 44] - 点击标签之后: [[ChromeDriver: chrome on XP (9dbd4b340c6010fe5cf3b586dbad5950)] -> xpath: //button[@class='helpdoc-submit']]之后执行...
2019-11-19 12:00:31,595 [main] DEBUG cn.ac.util.WebEventListener [WebEventListener.java : 68] - 找到标签前 : By.xpath: //span[contains(text(),'确定')]
2019-11-19 12:00:31,607 [main] DEBUG cn.ac.util.WebEventListener [WebEventListener.java : 72] - 找到标签后 : By.xpath: //span[contains(text(),'确定')]
2019-11-19 12:00:31,607 [main] DEBUG cn.ac.util.WebEventListener [WebEventListener.java : 40] - 点击标签: [[ChromeDriver: chrome on XP (9dbd4b340c6010fe5cf3b586dbad5950)] -> xpath: //span[contains(text(),'确定')]]之前执行...
2019-11-19 12:00:31,655 [main] DEBUG cn.ac.util.WebEventListener [WebEventListener.java : 44] - 点击标签之后: [[ChromeDriver: chrome on XP (9dbd4b340c6010fe5cf3b586dbad5950)] -> xpath: //span[contains(text(),'确定')]]之后执行...
2019-11-19 12:00:31,655 [main] DEBUG cn.ac.util.WebEventListener [WebEventListener.java : 68] - 找到标签前 : By.xpath: //span[@class='mainModel-alert-sure']
2019-11-19 12:00:32,371 [main] DEBUG cn.ac.util.WebEventListener [WebEventListener.java : 72] - 找到标签后 : By.xpath: //span[@class='mainModel-alert-sure']
2019-11-19 12:00:32,371 [main] DEBUG cn.ac.util.WebEventListener [WebEventListener.java : 40] - 点击标签: [[ChromeDriver: chrome on XP (9dbd4b340c6010fe5cf3b586dbad5950)] -> xpath: //span[@class='mainModel-alert-sure']]之前执行...
2019-11-19 12:00:32,399 [main] DEBUG cn.ac.util.WebEventListener [WebEventListener.java : 44] - 点击标签之后: [[ChromeDriver: chrome on XP (9dbd4b340c6010fe5cf3b586dbad5950)] -> xpath: //span[@class='mainModel-alert-sure']]之后执行...
2019-11-19 12:00:34,402 [main] DEBUG cn.ac.util.WebEventListener [WebEventListener.java : 68] - 找到标签前 : By.xpath: //select[@class='swPageSelect-select']
2019-11-19 12:00:34,415 [main] DEBUG cn.ac.util.WebEventListener [WebEventListener.java : 72] - 找到标签后 : By.xpath: //select[@class='swPageSelect-select']
2019-11-19 12:00:34,416 [main] DEBUG cn.ac.util.WebEventListener [WebEventListener.java : 40] - 点击标签: [[ChromeDriver: chrome on XP (9dbd4b340c6010fe5cf3b586dbad5950)] -> xpath: //select[@class='swPageSelect-select']]之前执行...
2019-11-19 12:00:34,470 [main] DEBUG cn.ac.util.WebEventListener [WebEventListener.java : 44] - 点击标签之后: [[ChromeDriver: chrome on XP (9dbd4b340c6010fe5cf3b586dbad5950)] -> xpath: //select[@class='swPageSelect-select']]之后执行...
2019-11-19 12:00:34,470 [main] DEBUG cn.ac.util.WebEventListener [WebEventListener.java : 68] - 找到标签前 : By.xpath: //option[@value='5']
2019-11-19 12:00:34,481 [main] DEBUG cn.ac.util.WebEventListener [WebEventListener.java : 72] - 找到标签后 : By.xpath: //option[@value='5']
2019-11-19 12:00:34,482 [main] DEBUG cn.ac.util.WebEventListener [WebEventListener.java : 40] - 点击标签: [[ChromeDriver: chrome on XP (9dbd4b340c6010fe5cf3b586dbad5950)] -> xpath: //option[@value='5']]之前执行...
2019-11-19 12:00:34,511 [main] DEBUG cn.ac.util.WebEventListener [WebEventListener.java : 44] - 点击标签之后: [[ChromeDriver: chrome on XP (9dbd4b340c6010fe5cf3b586dbad5950)] -> xpath: //option[@value='5']]之后执行...
2019-11-19 12:00:36,012 [main] DEBUG cn.ac.util.WebEventListener [WebEventListener.java : 68] - 找到标签前 : By.xpath: //span[contains(text(),'下一页')]
2019-11-19 12:00:36,026 [main] DEBUG cn.ac.util.WebEventListener [WebEventListener.java : 72] - 找到标签后 : By.xpath: //span[contains(text(),'下一页')]
2019-11-19 12:00:36,026 [main] DEBUG cn.ac.util.WebEventListener [WebEventListener.java : 40] - 点击标签: [[ChromeDriver: chrome on XP (9dbd4b340c6010fe5cf3b586dbad5950)] -> xpath: //span[contains(text(),'下一页')]]之前执行...
2019-11-19 12:00:36,056 [main] DEBUG cn.ac.util.WebEventListener [WebEventListener.java : 44] - 点击标签之后: [[ChromeDriver: chrome on XP (9dbd4b340c6010fe5cf3b586dbad5950)] -> xpath: //span[contains(text(),'下一页')]]之后执行...
2019-11-19 12:00:37,560 [main] DEBUG cn.ac.util.WebEventListener [WebEventListener.java : 68] - 找到标签前 : By.xpath: //input[@class='swPageSelect-onePage']
2019-11-19 12:00:37,572 [main] DEBUG cn.ac.util.WebEventListener [WebEventListener.java : 72] - 找到标签后 : By.xpath: //input[@class='swPageSelect-onePage']
2019-11-19 12:00:42,852 [main] DEBUG cn.ac.util.WebEventListener [WebEventListener.java : 68] - 找到标签前 : By.chained({By.xpath: //button[@class='helpdoc-change']})
2019-11-19 12:00:42,870 [main] DEBUG cn.ac.util.WebEventListener [WebEventListener.java : 72] - 找到标签后 : By.chained({By.xpath: //button[@class='helpdoc-change']})
2019-11-19 12:00:42,871 [main] DEBUG cn.ac.util.WebEventListener [WebEventListener.java : 68] - 找到标签前 : By.chained({By.xpath: //button[@class='helpdoc-change']})
2019-11-19 12:00:42,879 [main] DEBUG cn.ac.util.WebEventListener [WebEventListener.java : 72] - 找到标签后 : By.chained({By.xpath: //button[@class='helpdoc-change']})
2019-11-19 12:00:42,880 [main] DEBUG cn.ac.util.WebEventListener [WebEventListener.java : 40] - 点击标签: [[ChromeDriver: chrome on XP (9dbd4b340c6010fe5cf3b586dbad5950)] -> xpath: //button[@class='helpdoc-change']]之前执行...
2019-11-19 12:00:42,914 [main] DEBUG cn.ac.util.WebEventListener [WebEventListener.java : 44] - 点击标签之后: [[ChromeDriver: chrome on XP (9dbd4b340c6010fe5cf3b586dbad5950)] -> xpath: //button[@class='helpdoc-change']]之后执行...
2019-11-19 12:00:42,914 [main] DEBUG cn.ac.util.WebEventListener [WebEventListener.java : 68] - 找到标签前 : By.xpath: //input[@class='helpdoc-helpdocdesc']
2019-11-19 12:00:42,926 [main] DEBUG cn.ac.util.WebEventListener [WebEventListener.java : 72] - 找到标签后 : By.xpath: //input[@class='helpdoc-helpdocdesc']
2019-11-19 12:00:42,998 [main] DEBUG cn.ac.util.WebEventListener [WebEventListener.java : 68] - 找到标签前 : By.xpath: //input[@class='helpdoc-helpdocdir']
2019-11-19 12:00:43,009 [main] DEBUG cn.ac.util.WebEventListener [WebEventListener.java : 72] - 找到标签后 : By.xpath: //input[@class='helpdoc-helpdocdir']
2019-11-19 12:00:43,058 [main] DEBUG cn.ac.util.WebEventListener [WebEventListener.java : 68] - 找到标签前 : By.xpath: //button[@class='helpdoc-submit']
2019-11-19 12:00:43,071 [main] DEBUG cn.ac.util.WebEventListener [WebEventListener.java : 72] - 找到标签后 : By.xpath: //button[@class='helpdoc-submit']
2019-11-19 12:00:43,071 [main] DEBUG cn.ac.util.WebEventListener [WebEventListener.java : 40] - 点击标签: [[ChromeDriver: chrome on XP (9dbd4b340c6010fe5cf3b586dbad5950)] -> xpath: //button[@class='helpdoc-submit']]之前执行...
2019-11-19 12:00:43,123 [main] DEBUG cn.ac.util.WebEventListener [WebEventListener.java : 44] - 点击标签之后: [[ChromeDriver: chrome on XP (9dbd4b340c6010fe5cf3b586dbad5950)] -> xpath: //button[@class='helpdoc-submit']]之后执行...
2019-11-19 12:00:43,123 [main] DEBUG cn.ac.util.WebEventListener [WebEventListener.java : 68] - 找到标签前 : By.xpath: //span[contains(text(),'确定')]
2019-11-19 12:00:43,135 [main] DEBUG cn.ac.util.WebEventListener [WebEventListener.java : 72] - 找到标签后 : By.xpath: //span[contains(text(),'确定')]
2019-11-19 12:00:43,136 [main] DEBUG cn.ac.util.WebEventListener [WebEventListener.java : 40] - 点击标签: [[ChromeDriver: chrome on XP (9dbd4b340c6010fe5cf3b586dbad5950)] -> xpath: //span[contains(text(),'确定')]]之前执行...
2019-11-19 12:00:43,164 [main] DEBUG cn.ac.util.WebEventListener [WebEventListener.java : 44] - 点击标签之后: [[ChromeDriver: chrome on XP (9dbd4b340c6010fe5cf3b586dbad5950)] -> xpath: //span[contains(text(),'确定')]]之后执行...
2019-11-19 12:00:43,164 [main] DEBUG cn.ac.util.WebEventListener [WebEventListener.java : 68] - 找到标签前 : By.xpath: //span[@class='mainModel-alert-sure']
2019-11-19 12:00:43,834 [main] DEBUG cn.ac.util.WebEventListener [WebEventListener.java : 72] - 找到标签后 : By.xpath: //span[@class='mainModel-alert-sure']
2019-11-19 12:00:43,835 [main] DEBUG cn.ac.util.WebEventListener [WebEventListener.java : 40] - 点击标签: [[ChromeDriver: chrome on XP (9dbd4b340c6010fe5cf3b586dbad5950)] -> xpath: //span[@class='mainModel-alert-sure']]之前执行...
2019-11-19 12:00:43,867 [main] DEBUG cn.ac.util.WebEventListener [WebEventListener.java : 44] - 点击标签之后: [[ChromeDriver: chrome on XP (9dbd4b340c6010fe5cf3b586dbad5950)] -> xpath: //span[@class='mainModel-alert-sure']]之后执行...
2019-11-19 12:00:45,371 [main] DEBUG cn.ac.util.WebEventListener [WebEventListener.java : 68] - 找到标签前 : By.xpath: //span[contains(text(),'下载')][1]
2019-11-19 12:00:45,383 [main] DEBUG cn.ac.util.WebEventListener [WebEventListener.java : 72] - 找到标签后 : By.xpath: //span[contains(text(),'下载')][1]
2019-11-19 12:00:45,383 [main] DEBUG cn.ac.util.WebEventListener [WebEventListener.java : 40] - 点击标签: [[ChromeDriver: chrome on XP (9dbd4b340c6010fe5cf3b586dbad5950)] -> xpath: //span[contains(text(),'下载')][1]]之前执行...
2019-11-19 12:00:45,442 [main] DEBUG cn.ac.util.WebEventListener [WebEventListener.java : 44] - 点击标签之后: [[ChromeDriver: chrome on XP (9dbd4b340c6010fe5cf3b586dbad5950)] -> xpath: //span[contains(text(),'下载')][1]]之后执行...
2019-11-19 12:00:47,463 [main] DEBUG cn.ac.util.WebEventListener [WebEventListener.java : 68] - 找到标签前 : By.chained({By.xpath: //tbody[@class='showdatagrid-tbody']/tr[1]/td[1]})
2019-11-19 12:00:47,482 [main] DEBUG cn.ac.util.WebEventListener [WebEventListener.java : 72] - 找到标签后 : By.chained({By.xpath: //tbody[@class='showdatagrid-tbody']/tr[1]/td[1]})
2019-11-19 12:00:47,482 [main] DEBUG cn.ac.util.WebEventListener [WebEventListener.java : 40] - 点击标签: [[ChromeDriver: chrome on XP (9dbd4b340c6010fe5cf3b586dbad5950)] -> xpath: //tbody[@class='showdatagrid-tbody']/tr[1]/td[1]]之前执行...
2019-11-19 12:00:47,523 [main] DEBUG cn.ac.util.WebEventListener [WebEventListener.java : 44] - 点击标签之后: [[ChromeDriver: chrome on XP (9dbd4b340c6010fe5cf3b586dbad5950)] -> xpath: //tbody[@class='showdatagrid-tbody']/tr[1]/td[1]]之后执行...
2019-11-19 12:01:16,119 [main] DEBUG cn.ac.util.WebEventListener [WebEventListener.java : 24] - Before navigating to: 'http://wzg02.shineway-soft.com/public/saas/sam/admin/main/html/main.html'
2019-11-19 12:01:16,275 [main] DEBUG cn.ac.util.WebEventListener [WebEventListener.java : 28] - Navigated to:'http://wzg02.shineway-soft.com/public/saas/sam/admin/main/html/main.html'
2019-11-19 12:01:16,276 [main] DEBUG cn.ac.util.WebEventListener [WebEventListener.java : 68] - 找到标签前 : By.name: login_user
2019-11-19 12:01:16,524 [main] DEBUG cn.ac.util.WebEventListener [WebEventListener.java : 72] - 找到标签后 : By.name: login_user
2019-11-19 12:01:16,567 [main] DEBUG cn.ac.util.WebEventListener [WebEventListener.java : 68] - 找到标签前 : By.name: login_pas
2019-11-19 12:01:16,578 [main] DEBUG cn.ac.util.WebEventListener [WebEventListener.java : 72] - 找到标签后 : By.name: login_pas
2019-11-19 12:01:16,629 [main] DEBUG cn.ac.util.WebEventListener [WebEventListener.java : 68] - 找到标签前 : By.xpath: //div[@class='login-sub']
2019-11-19 12:01:16,641 [main] DEBUG cn.ac.util.WebEventListener [WebEventListener.java : 72] - 找到标签后 : By.xpath: //div[@class='login-sub']
2019-11-19 12:01:16,642 [main] DEBUG cn.ac.util.WebEventListener [WebEventListener.java : 40] - 点击标签: [[ChromeDriver: chrome on XP (ae48244b00f0e6615007c7969f74bcab)] -> xpath: //div[@class='login-sub']]之前执行...
2019-11-19 12:01:16,691 [main] DEBUG cn.ac.util.WebEventListener [WebEventListener.java : 44] - 点击标签之后: [[ChromeDriver: chrome on XP (ae48244b00f0e6615007c7969f74bcab)] -> xpath: //div[@class='login-sub']]之后执行...
2019-11-19 12:01:16,696 [main] DEBUG cn.ac.util.WebEventListener [WebEventListener.java : 68] - 找到标签前 : By.xpath: //span[contains(text(),'基础数据')]
2019-11-19 12:01:17,707 [main] DEBUG cn.ac.util.WebEventListener [WebEventListener.java : 72] - 找到标签后 : By.xpath: //span[contains(text(),'基础数据')]
2019-11-19 12:01:17,708 [main] DEBUG cn.ac.util.WebEventListener [WebEventListener.java : 40] - 点击标签: [[ChromeDriver: chrome on XP (ae48244b00f0e6615007c7969f74bcab)] -> xpath: //span[contains(text(),'基础数据')]]之前执行...
2019-11-19 12:01:17,740 [main] DEBUG cn.ac.util.WebEventListener [WebEventListener.java : 44] - 点击标签之后: [[ChromeDriver: chrome on XP (ae48244b00f0e6615007c7969f74bcab)] -> xpath: //span[contains(text(),'基础数据')]]之后执行...
2019-11-19 12:01:17,740 [main] DEBUG cn.ac.util.WebEventListener [WebEventListener.java : 68] - 找到标签前 : By.xpath: //span[contains(text(),'基础数据维护')]
2019-11-19 12:01:17,752 [main] DEBUG cn.ac.util.WebEventListener [WebEventListener.java : 72] - 找到标签后 : By.xpath: //span[contains(text(),'基础数据维护')]
2019-11-19 12:01:17,752 [main] DEBUG cn.ac.util.WebEventListener [WebEventListener.java : 40] - 点击标签: [[ChromeDriver: chrome on XP (ae48244b00f0e6615007c7969f74bcab)] -> xpath: //span[contains(text(),'基础数据维护')]]之前执行...
2019-11-19 12:01:17,808 [main] DEBUG cn.ac.util.WebEventListener [WebEventListener.java : 44] - 点击标签之后: [[ChromeDriver: chrome on XP (ae48244b00f0e6615007c7969f74bcab)] -> xpath: //span[contains(text(),'基础数据维护')]]之后执行...
2019-11-19 12:01:17,808 [main] DEBUG cn.ac.util.WebEventListener [WebEventListener.java : 68] - 找到标签前 : By.xpath: //li[contains(text(),'帮助文档管理')]
2019-11-19 12:01:17,822 [main] DEBUG cn.ac.util.WebEventListener [WebEventListener.java : 72] - 找到标签后 : By.xpath: //li[contains(text(),'帮助文档管理')]
2019-11-19 12:01:17,822 [main] DEBUG cn.ac.util.WebEventListener [WebEventListener.java : 40] - 点击标签: [[ChromeDriver: chrome on XP (ae48244b00f0e6615007c7969f74bcab)] -> xpath: //li[contains(text(),'帮助文档管理')]]之前执行...
2019-11-19 12:01:17,886 [main] DEBUG cn.ac.util.WebEventListener [WebEventListener.java : 44] - 点击标签之后: [[ChromeDriver: chrome on XP (ae48244b00f0e6615007c7969f74bcab)] -> xpath: //li[contains(text(),'帮助文档管理')]]之后执行...
2019-11-19 12:01:17,888 [main] DEBUG cn.ac.util.WebEventListener [WebEventListener.java : 68] - 找到标签前 : By.xpath: //span[@class='searchtoolbar-search-span']
2019-11-19 12:01:18,140 [main] DEBUG cn.ac.util.WebEventListener [WebEventListener.java : 72] - 找到标签后 : By.xpath: //span[@class='searchtoolbar-search-span']
2019-11-19 12:01:18,140 [main] DEBUG cn.ac.util.WebEventListener [WebEventListener.java : 40] - 点击标签: [[ChromeDriver: chrome on XP (ae48244b00f0e6615007c7969f74bcab)] -> xpath: //span[@class='searchtoolbar-search-span']]之前执行...
2019-11-19 12:01:18,184 [main] DEBUG cn.ac.util.WebEventListener [WebEventListener.java : 44] - 点击标签之后: [[ChromeDriver: chrome on XP (ae48244b00f0e6615007c7969f74bcab)] -> xpath: //span[@class='searchtoolbar-search-span']]之后执行...
2019-11-19 12:01:19,685 [main] DEBUG cn.ac.util.WebEventListener [WebEventListener.java : 68] - 找到标签前 : By.xpath: //img[@class='searchtoolbar-batchAdd']
2019-11-19 12:01:19,695 [main] DEBUG cn.ac.util.WebEventListener [WebEventListener.java : 72] - 找到标签后 : By.xpath: //img[@class='searchtoolbar-batchAdd']
2019-11-19 12:01:19,696 [main] DEBUG cn.ac.util.WebEventListener [WebEventListener.java : 40] - 点击标签: [[ChromeDriver: chrome on XP (ae48244b00f0e6615007c7969f74bcab)] -> xpath: //img[@class='searchtoolbar-batchAdd']]之前执行...
2019-11-19 12:01:19,725 [main] DEBUG cn.ac.util.WebEventListener [WebEventListener.java : 44] - 点击标签之后: [[ChromeDriver: chrome on XP (ae48244b00f0e6615007c7969f74bcab)] -> xpath: //img[@class='searchtoolbar-batchAdd']]之后执行...
2019-11-19 12:01:19,725 [main] DEBUG cn.ac.util.WebEventListener [WebEventListener.java : 68] - 找到标签前 : By.xpath: //input[@class='helpdoc-helpdocdesc']
2019-11-19 12:01:19,737 [main] DEBUG cn.ac.util.WebEventListener [WebEventListener.java : 72] - 找到标签后 : By.xpath: //input[@class='helpdoc-helpdocdesc']
2019-11-19 12:01:19,795 [main] DEBUG cn.ac.util.WebEventListener [WebEventListener.java : 68] - 找到标签前 : By.xpath: //input[@class='helpdoc-helpdocdir']
2019-11-19 12:01:19,806 [main] DEBUG cn.ac.util.WebEventListener [WebEventListener.java : 72] - 找到标签后 : By.xpath: //input[@class='helpdoc-helpdocdir']
2019-11-19 12:01:19,851 [main] DEBUG cn.ac.util.WebEventListener [WebEventListener.java : 68] - 找到标签前 : By.xpath: //input[@class='helpdoc-file']
2019-11-19 12:01:19,861 [main] DEBUG cn.ac.util.WebEventListener [WebEventListener.java : 72] - 找到标签后 : By.xpath: //input[@class='helpdoc-file']
2019-11-19 12:01:19,876 [main] DEBUG cn.ac.util.WebEventListener [WebEventListener.java : 68] - 找到标签前 : By.xpath: //button[@class='helpdoc-submit']
2019-11-19 12:01:19,889 [main] DEBUG cn.ac.util.WebEventListener [WebEventListener.java : 72] - 找到标签后 : By.xpath: //button[@class='helpdoc-submit']
2019-11-19 12:01:19,890 [main] DEBUG cn.ac.util.WebEventListener [WebEventListener.java : 40] - 点击标签: [[ChromeDriver: chrome on XP (ae48244b00f0e6615007c7969f74bcab)] -> xpath: //button[@class='helpdoc-submit']]之前执行...
2019-11-19 12:01:19,927 [main] DEBUG cn.ac.util.WebEventListener [WebEventListener.java : 44] - 点击标签之后: [[ChromeDriver: chrome on XP (ae48244b00f0e6615007c7969f74bcab)] -> xpath: //button[@class='helpdoc-submit']]之后执行...
2019-11-19 12:01:19,927 [main] DEBUG cn.ac.util.WebEventListener [WebEventListener.java : 68] - 找到标签前 : By.xpath: //span[contains(text(),'确定')]
2019-11-19 12:01:19,940 [main] DEBUG cn.ac.util.WebEventListener [WebEventListener.java : 72] - 找到标签后 : By.xpath: //span[contains(text(),'确定')]
2019-11-19 12:01:19,941 [main] DEBUG cn.ac.util.WebEventListener [WebEventListener.java : 40] - 点击标签: [[ChromeDriver: chrome on XP (ae48244b00f0e6615007c7969f74bcab)] -> xpath: //span[contains(text(),'确定')]]之前执行...
2019-11-19 12:01:19,986 [main] DEBUG cn.ac.util.WebEventListener [WebEventListener.java : 44] - 点击标签之后: [[ChromeDriver: chrome on XP (ae48244b00f0e6615007c7969f74bcab)] -> xpath: //span[contains(text(),'确定')]]之后执行...
2019-11-19 12:01:19,987 [main] DEBUG cn.ac.util.WebEventListener [WebEventListener.java : 68] - 找到标签前 : By.xpath: //span[@class='mainModel-alert-sure']
2019-11-19 12:01:20,645 [main] DEBUG cn.ac.util.WebEventListener [WebEventListener.java : 72] - 找到标签后 : By.xpath: //span[@class='mainModel-alert-sure']
2019-11-19 12:01:20,646 [main] DEBUG cn.ac.util.WebEventListener [WebEventListener.java : 40] - 点击标签: [[ChromeDriver: chrome on XP (ae48244b00f0e6615007c7969f74bcab)] -> xpath: //span[@class='mainModel-alert-sure']]之前执行...
2019-11-19 12:01:20,675 [main] DEBUG cn.ac.util.WebEventListener [WebEventListener.java : 44] - 点击标签之后: [[ChromeDriver: chrome on XP (ae48244b00f0e6615007c7969f74bcab)] -> xpath: //span[@class='mainModel-alert-sure']]之后执行...
2019-11-19 12:01:22,677 [main] DEBUG cn.ac.util.WebEventListener [WebEventListener.java : 68] - 找到标签前 : By.xpath: //select[@class='swPageSelect-select']
2019-11-19 12:01:22,689 [main] DEBUG cn.ac.util.WebEventListener [WebEventListener.java : 72] - 找到标签后 : By.xpath: //select[@class='swPageSelect-select']
2019-11-19 12:01:22,689 [main] DEBUG cn.ac.util.WebEventListener [WebEventListener.java : 40] - 点击标签: [[ChromeDriver: chrome on XP (ae48244b00f0e6615007c7969f74bcab)] -> xpath: //select[@class='swPageSelect-select']]之前执行...
2019-11-19 12:01:22,741 [main] DEBUG cn.ac.util.WebEventListener [WebEventListener.java : 44] - 点击标签之后: [[ChromeDriver: chrome on XP (ae48244b00f0e6615007c7969f74bcab)] -> xpath: //select[@class='swPageSelect-select']]之后执行...
2019-11-19 12:01:22,742 [main] DEBUG cn.ac.util.WebEventListener [WebEventListener.java : 68] - 找到标签前 : By.xpath: //option[@value='5']
2019-11-19 12:01:22,755 [main] DEBUG cn.ac.util.WebEventListener [WebEventListener.java : 72] - 找到标签后 : By.xpath: //option[@value='5']
2019-11-19 12:01:22,755 [main] DEBUG cn.ac.util.WebEventListener [WebEventListener.java : 40] - 点击标签: [[ChromeDriver: chrome on XP (ae48244b00f0e6615007c7969f74bcab)] -> xpath: //option[@value='5']]之前执行...
2019-11-19 12:01:22,780 [main] DEBUG cn.ac.util.WebEventListener [WebEventListener.java : 44] - 点击标签之后: [[ChromeDriver: chrome on XP (ae48244b00f0e6615007c7969f74bcab)] -> xpath: //option[@value='5']]之后执行...
2019-11-19 12:01:24,282 [main] DEBUG cn.ac.util.WebEventListener [WebEventListener.java : 68] - 找到标签前 : By.xpath: //span[contains(text(),'下一页')]
2019-11-19 12:01:24,294 [main] DEBUG cn.ac.util.WebEventListener [WebEventListener.java : 72] - 找到标签后 : By.xpath: //span[contains(text(),'下一页')]
2019-11-19 12:01:24,295 [main] DEBUG cn.ac.util.WebEventListener [WebEventListener.java : 40] - 点击标签: [[ChromeDriver: chrome on XP (ae48244b00f0e6615007c7969f74bcab)] -> xpath: //span[contains(text(),'下一页')]]之前执行...
2019-11-19 12:01:24,324 [main] DEBUG cn.ac.util.WebEventListener [WebEventListener.java : 44] - 点击标签之后: [[ChromeDriver: chrome on XP (ae48244b00f0e6615007c7969f74bcab)] -> xpath: //span[contains(text(),'下一页')]]之后执行...
2019-11-19 12:01:25,828 [main] DEBUG cn.ac.util.WebEventListener [WebEventListener.java : 68] - 找到标签前 : By.xpath: //input[@class='swPageSelect-onePage']
2019-11-19 12:01:25,839 [main] DEBUG cn.ac.util.WebEventListener [WebEventListener.java : 72] - 找到标签后 : By.xpath: //input[@class='swPageSelect-onePage']
2019-11-19 12:01:31,115 [main] DEBUG cn.ac.util.WebEventListener [WebEventListener.java : 68] - 找到标签前 : By.chained({By.xpath: //button[@class='helpdoc-change']})
2019-11-19 12:01:31,130 [main] DEBUG cn.ac.util.WebEventListener [WebEventListener.java : 72] - 找到标签后 : By.chained({By.xpath: //button[@class='helpdoc-change']})
2019-11-19 12:01:31,130 [main] DEBUG cn.ac.util.WebEventListener [WebEventListener.java : 68] - 找到标签前 : By.chained({By.xpath: //button[@class='helpdoc-change']})
2019-11-19 12:01:31,138 [main] DEBUG cn.ac.util.WebEventListener [WebEventListener.java : 72] - 找到标签后 : By.chained({By.xpath: //button[@class='helpdoc-change']})
2019-11-19 12:01:31,139 [main] DEBUG cn.ac.util.WebEventListener [WebEventListener.java : 40] - 点击标签: [[ChromeDriver: chrome on XP (ae48244b00f0e6615007c7969f74bcab)] -> xpath: //button[@class='helpdoc-change']]之前执行...
2019-11-19 12:01:31,184 [main] DEBUG cn.ac.util.WebEventListener [WebEventListener.java : 44] - 点击标签之后: [[ChromeDriver: chrome on XP (ae48244b00f0e6615007c7969f74bcab)] -> xpath: //button[@class='helpdoc-change']]之后执行...
2019-11-19 12:01:31,185 [main] DEBUG cn.ac.util.WebEventListener [WebEventListener.java : 68] - 找到标签前 : By.xpath: //input[@class='helpdoc-helpdocdesc']
2019-11-19 12:01:31,197 [main] DEBUG cn.ac.util.WebEventListener [WebEventListener.java : 72] - 找到标签后 : By.xpath: //input[@class='helpdoc-helpdocdesc']
2019-11-19 12:01:31,258 [main] DEBUG cn.ac.util.WebEventListener [WebEventListener.java : 68] - 找到标签前 : By.xpath: //input[@class='helpdoc-helpdocdir']
2019-11-19 12:01:31,269 [main] DEBUG cn.ac.util.WebEventListener [WebEventListener.java : 72] - 找到标签后 : By.xpath: //input[@class='helpdoc-helpdocdir']
2019-11-19 12:01:31,316 [main] DEBUG cn.ac.util.WebEventListener [WebEventListener.java : 68] - 找到标签前 : By.xpath: //button[@class='helpdoc-submit']
2019-11-19 12:01:31,327 [main] DEBUG cn.ac.util.WebEventListener [WebEventListener.java : 72] - 找到标签后 : By.xpath: //button[@class='helpdoc-submit']
2019-11-19 12:01:31,327 [main] DEBUG cn.ac.util.WebEventListener [WebEventListener.java : 40] - 点击标签: [[ChromeDriver: chrome on XP (ae48244b00f0e6615007c7969f74bcab)] -> xpath: //button[@class='helpdoc-submit']]之前执行...
2019-11-19 12:01:31,363 [main] DEBUG cn.ac.util.WebEventListener [WebEventListener.java : 44] - 点击标签之后: [[ChromeDriver: chrome on XP (ae48244b00f0e6615007c7969f74bcab)] -> xpath: //button[@class='helpdoc-submit']]之后执行...
2019-11-19 12:01:31,363 [main] DEBUG cn.ac.util.WebEventListener [WebEventListener.java : 68] - 找到标签前 : By.xpath: //span[contains(text(),'确定')]
2019-11-19 12:01:31,376 [main] DEBUG cn.ac.util.WebEventListener [WebEventListener.java : 72] - 找到标签后 : By.xpath: //span[contains(text(),'确定')]
2019-11-19 12:01:31,376 [main] DEBUG cn.ac.util.WebEventListener [WebEventListener.java : 40] - 点击标签: [[ChromeDriver: chrome on XP (ae48244b00f0e6615007c7969f74bcab)] -> xpath: //span[contains(text(),'确定')]]之前执行...
2019-11-19 12:01:31,414 [main] DEBUG cn.ac.util.WebEventListener [WebEventListener.java : 44] - 点击标签之后: [[ChromeDriver: chrome on XP (ae48244b00f0e6615007c7969f74bcab)] -> xpath: //span[contains(text(),'确定')]]之后执行...
2019-11-19 12:01:31,414 [main] DEBUG cn.ac.util.WebEventListener [WebEventListener.java : 68] - 找到标签前 : By.xpath: //span[@class='mainModel-alert-sure']
2019-11-19 12:01:32,012 [main] DEBUG cn.ac.util.WebEventListener [WebEventListener.java : 72] - 找到标签后 : By.xpath: //span[@class='mainModel-alert-sure']
2019-11-19 12:01:32,013 [main] DEBUG cn.ac.util.WebEventListener [WebEventListener.java : 40] - 点击标签: [[ChromeDriver: chrome on XP (ae48244b00f0e6615007c7969f74bcab)] -> xpath: //span[@class='mainModel-alert-sure']]之前执行...
2019-11-19 12:01:32,042 [main] DEBUG cn.ac.util.WebEventListener [WebEventListener.java : 44] - 点击标签之后: [[ChromeDriver: chrome on XP (ae48244b00f0e6615007c7969f74bcab)] -> xpath: //span[@class='mainModel-alert-sure']]之后执行...
2019-11-19 12:01:33,545 [main] DEBUG cn.ac.util.WebEventListener [WebEventListener.java : 68] - 找到标签前 : By.xpath: //span[contains(text(),'下载')][1]
2019-11-19 12:01:33,556 [main] DEBUG cn.ac.util.WebEventListener [WebEventListener.java : 72] - 找到标签后 : By.xpath: //span[contains(text(),'下载')][1]
2019-11-19 12:01:33,556 [main] DEBUG cn.ac.util.WebEventListener [WebEventListener.java : 40] - 点击标签: [[ChromeDriver: chrome on XP (ae48244b00f0e6615007c7969f74bcab)] -> xpath: //span[contains(text(),'下载')][1]]之前执行...
2019-11-19 12:01:33,615 [main] DEBUG cn.ac.util.WebEventListener [WebEventListener.java : 44] - 点击标签之后: [[ChromeDriver: chrome on XP (ae48244b00f0e6615007c7969f74bcab)] -> xpath: //span[contains(text(),'下载')][1]]之后执行...
2019-11-19 12:02:30,168 [main] DEBUG cn.ac.util.WebEventListener [WebEventListener.java : 24] - Before navigating to: 'http://wzg02.shineway-soft.com/public/saas/sam/admin/main/html/main.html'
2019-11-19 12:02:30,327 [main] DEBUG cn.ac.util.WebEventListener [WebEventListener.java : 28] - Navigated to:'http://wzg02.shineway-soft.com/public/saas/sam/admin/main/html/main.html'
2019-11-19 12:02:30,328 [main] DEBUG cn.ac.util.WebEventListener [WebEventListener.java : 68] - 找到标签前 : By.name: login_user
2019-11-19 12:02:30,577 [main] DEBUG cn.ac.util.WebEventListener [WebEventListener.java : 72] - 找到标签后 : By.name: login_user
2019-11-19 12:02:30,626 [main] DEBUG cn.ac.util.WebEventListener [WebEventListener.java : 68] - 找到标签前 : By.name: login_pas
2019-11-19 12:02:30,638 [main] DEBUG cn.ac.util.WebEventListener [WebEventListener.java : 72] - 找到标签后 : By.name: login_pas
2019-11-19 12:02:30,692 [main] DEBUG cn.ac.util.WebEventListener [WebEventListener.java : 68] - 找到标签前 : By.xpath: //div[@class='login-sub']
2019-11-19 12:02:30,704 [main] DEBUG cn.ac.util.WebEventListener [WebEventListener.java : 72] - 找到标签后 : By.xpath: //div[@class='login-sub']
2019-11-19 12:02:30,704 [main] DEBUG cn.ac.util.WebEventListener [WebEventListener.java : 40] - 点击标签: [[ChromeDriver: chrome on XP (313d1a78660d7e8cc65d6cb2f02fbcd0)] -> xpath: //div[@class='login-sub']]之前执行...
2019-11-19 12:02:30,742 [main] DEBUG cn.ac.util.WebEventListener [WebEventListener.java : 44] - 点击标签之后: [[ChromeDriver: chrome on XP (313d1a78660d7e8cc65d6cb2f02fbcd0)] -> xpath: //div[@class='login-sub']]之后执行...
2019-11-19 12:02:30,745 [main] DEBUG cn.ac.util.WebEventListener [WebEventListener.java : 68] - 找到标签前 : By.xpath: //span[contains(text(),'基础数据')]
2019-11-19 12:02:31,750 [main] DEBUG cn.ac.util.WebEventListener [WebEventListener.java : 72] - 找到标签后 : By.xpath: //span[contains(text(),'基础数据')]
2019-11-19 12:02:31,751 [main] DEBUG cn.ac.util.WebEventListener [WebEventListener.java : 40] - 点击标签: [[ChromeDriver: chrome on XP (313d1a78660d7e8cc65d6cb2f02fbcd0)] -> xpath: //span[contains(text(),'基础数据')]]之前执行...
2019-11-19 12:02:31,793 [main] DEBUG cn.ac.util.WebEventListener [WebEventListener.java : 44] - 点击标签之后: [[ChromeDriver: chrome on XP (313d1a78660d7e8cc65d6cb2f02fbcd0)] -> xpath: //span[contains(text(),'基础数据')]]之后执行...
2019-11-19 12:02:31,794 [main] DEBUG cn.ac.util.WebEventListener [WebEventListener.java : 68] - 找到标签前 : By.xpath: //span[contains(text(),'基础数据维护')]
2019-11-19 12:02:31,805 [main] DEBUG cn.ac.util.WebEventListener [WebEventListener.java : 72] - 找到标签后 : By.xpath: //span[contains(text(),'基础数据维护')]
2019-11-19 12:02:31,806 [main] DEBUG cn.ac.util.WebEventListener [WebEventListener.java : 40] - 点击标签: [[ChromeDriver: chrome on XP (313d1a78660d7e8cc65d6cb2f02fbcd0)] -> xpath: //span[contains(text(),'基础数据维护')]]之前执行...
2019-11-19 12:02:31,840 [main] DEBUG cn.ac.util.WebEventListener [WebEventListener.java : 44] - 点击标签之后: [[ChromeDriver: chrome on XP (313d1a78660d7e8cc65d6cb2f02fbcd0)] -> xpath: //span[contains(text(),'基础数据维护')]]之后执行...
2019-11-19 12:02:31,840 [main] DEBUG cn.ac.util.WebEventListener [WebEventListener.java : 68] - 找到标签前 : By.xpath: //li[contains(text(),'帮助文档管理')]
2019-11-19 12:02:31,852 [main] DEBUG cn.ac.util.WebEventListener [WebEventListener.java : 72] - 找到标签后 : By.xpath: //li[contains(text(),'帮助文档管理')]
2019-11-19 12:02:31,853 [main] DEBUG cn.ac.util.WebEventListener [WebEventListener.java : 40] - 点击标签: [[ChromeDriver: chrome on XP (313d1a78660d7e8cc65d6cb2f02fbcd0)] -> xpath: //li[contains(text(),'帮助文档管理')]]之前执行...
2019-11-19 12:02:31,892 [main] DEBUG cn.ac.util.WebEventListener [WebEventListener.java : 44] - 点击标签之后: [[ChromeDriver: chrome on XP (313d1a78660d7e8cc65d6cb2f02fbcd0)] -> xpath: //li[contains(text(),'帮助文档管理')]]之后执行...
2019-11-19 12:02:31,894 [main] DEBUG cn.ac.util.WebEventListener [WebEventListener.java : 68] - 找到标签前 : By.xpath: //span[@class='searchtoolbar-search-span']
2019-11-19 12:02:32,231 [main] DEBUG cn.ac.util.WebEventListener [WebEventListener.java : 72] - 找到标签后 : By.xpath: //span[@class='searchtoolbar-search-span']
2019-11-19 12:02:32,232 [main] DEBUG cn.ac.util.WebEventListener [WebEventListener.java : 40] - 点击标签: [[ChromeDriver: chrome on XP (313d1a78660d7e8cc65d6cb2f02fbcd0)] -> xpath: //span[@class='searchtoolbar-search-span']]之前执行...
2019-11-19 12:02:32,274 [main] DEBUG cn.ac.util.WebEventListener [WebEventListener.java : 44] - 点击标签之后: [[ChromeDriver: chrome on XP (313d1a78660d7e8cc65d6cb2f02fbcd0)] -> xpath: //span[@class='searchtoolbar-search-span']]之后执行...
2019-11-19 12:02:33,776 [main] DEBUG cn.ac.util.WebEventListener [WebEventListener.java : 68] - 找到标签前 : By.xpath: //img[@class='searchtoolbar-batchAdd']
2019-11-19 12:02:33,788 [main] DEBUG cn.ac.util.WebEventListener [WebEventListener.java : 72] - 找到标签后 : By.xpath: //img[@class='searchtoolbar-batchAdd']
2019-11-19 12:02:33,788 [main] DEBUG cn.ac.util.WebEventListener [WebEventListener.java : 40] - 点击标签: [[ChromeDriver: chrome on XP (313d1a78660d7e8cc65d6cb2f02fbcd0)] -> xpath: //img[@class='searchtoolbar-batchAdd']]之前执行...
2019-11-19 12:02:33,819 [main] DEBUG cn.ac.util.WebEventListener [WebEventListener.java : 44] - 点击标签之后: [[ChromeDriver: chrome on XP (313d1a78660d7e8cc65d6cb2f02fbcd0)] -> xpath: //img[@class='searchtoolbar-batchAdd']]之后执行...
2019-11-19 12:02:33,819 [main] DEBUG cn.ac.util.WebEventListener [WebEventListener.java : 68] - 找到标签前 : By.xpath: //input[@class='helpdoc-helpdocdesc']
2019-11-19 12:02:33,831 [main] DEBUG cn.ac.util.WebEventListener [WebEventListener.java : 72] - 找到标签后 : By.xpath: //input[@class='helpdoc-helpdocdesc']
2019-11-19 12:02:33,887 [main] DEBUG cn.ac.util.WebEventListener [WebEventListener.java : 68] - 找到标签前 : By.xpath: //input[@class='helpdoc-helpdocdir']
2019-11-19 12:02:33,898 [main] DEBUG cn.ac.util.WebEventListener [WebEventListener.java : 72] - 找到标签后 : By.xpath: //input[@class='helpdoc-helpdocdir']
2019-11-19 12:02:33,942 [main] DEBUG cn.ac.util.WebEventListener [WebEventListener.java : 68] - 找到标签前 : By.xpath: //input[@class='helpdoc-file']
2019-11-19 12:02:33,951 [main] DEBUG cn.ac.util.WebEventListener [WebEventListener.java : 72] - 找到标签后 : By.xpath: //input[@class='helpdoc-file']
2019-11-19 12:02:33,969 [main] DEBUG cn.ac.util.WebEventListener [WebEventListener.java : 68] - 找到标签前 : By.xpath: //button[@class='helpdoc-submit']
2019-11-19 12:02:33,981 [main] DEBUG cn.ac.util.WebEventListener [WebEventListener.java : 72] - 找到标签后 : By.xpath: //button[@class='helpdoc-submit']
2019-11-19 12:02:33,982 [main] DEBUG cn.ac.util.WebEventListener [WebEventListener.java : 40] - 点击标签: [[ChromeDriver: chrome on XP (313d1a78660d7e8cc65d6cb2f02fbcd0)] -> xpath: //button[@class='helpdoc-submit']]之前执行...
2019-11-19 12:02:34,034 [main] DEBUG cn.ac.util.WebEventListener [WebEventListener.java : 44] - 点击标签之后: [[ChromeDriver: chrome on XP (313d1a78660d7e8cc65d6cb2f02fbcd0)] -> xpath: //button[@class='helpdoc-submit']]之后执行...
2019-11-19 12:02:34,035 [main] DEBUG cn.ac.util.WebEventListener [WebEventListener.java : 68] - 找到标签前 : By.xpath: //span[contains(text(),'确定')]
2019-11-19 12:02:34,047 [main] DEBUG cn.ac.util.WebEventListener [WebEventListener.java : 72] - 找到标签后 : By.xpath: //span[contains(text(),'确定')]
2019-11-19 12:02:34,047 [main] DEBUG cn.ac.util.WebEventListener [WebEventListener.java : 40] - 点击标签: [[ChromeDriver: chrome on XP (313d1a78660d7e8cc65d6cb2f02fbcd0)] -> xpath: //span[contains(text(),'确定')]]之前执行...
2019-11-19 12:02:34,092 [main] DEBUG cn.ac.util.WebEventListener [WebEventListener.java : 44] - 点击标签之后: [[ChromeDriver: chrome on XP (313d1a78660d7e8cc65d6cb2f02fbcd0)] -> xpath: //span[contains(text(),'确定')]]之后执行...
2019-11-19 12:02:34,093 [main] DEBUG cn.ac.util.WebEventListener [WebEventListener.java : 68] - 找到标签前 : By.xpath: //span[@class='mainModel-alert-sure']
2019-11-19 12:02:34,727 [main] DEBUG cn.ac.util.WebEventListener [WebEventListener.java : 72] - 找到标签后 : By.xpath: //span[@class='mainModel-alert-sure']
2019-11-19 12:02:34,728 [main] DEBUG cn.ac.util.WebEventListener [WebEventListener.java : 40] - 点击标签: [[ChromeDriver: chrome on XP (313d1a78660d7e8cc65d6cb2f02fbcd0)] -> xpath: //span[@class='mainModel-alert-sure']]之前执行...
2019-11-19 12:02:34,760 [main] DEBUG cn.ac.util.WebEventListener [WebEventListener.java : 44] - 点击标签之后: [[ChromeDriver: chrome on XP (313d1a78660d7e8cc65d6cb2f02fbcd0)] -> xpath: //span[@class='mainModel-alert-sure']]之后执行...
2019-11-19 12:02:36,766 [main] DEBUG cn.ac.util.WebEventListener [WebEventListener.java : 68] - 找到标签前 : By.xpath: //select[@class='swPageSelect-select']
2019-11-19 12:02:36,779 [main] DEBUG cn.ac.util.WebEventListener [WebEventListener.java : 72] - 找到标签后 : By.xpath: //select[@class='swPageSelect-select']
2019-11-19 12:02:36,779 [main] DEBUG cn.ac.util.WebEventListener [WebEventListener.java : 40] - 点击标签: [[ChromeDriver: chrome on XP (313d1a78660d7e8cc65d6cb2f02fbcd0)] -> xpath: //select[@class='swPageSelect-select']]之前执行...
2019-11-19 12:02:36,838 [main] DEBUG cn.ac.util.WebEventListener [WebEventListener.java : 44] - 点击标签之后: [[ChromeDriver: chrome on XP (313d1a78660d7e8cc65d6cb2f02fbcd0)] -> xpath: //select[@class='swPageSelect-select']]之后执行...
2019-11-19 12:02:36,838 [main] DEBUG cn.ac.util.WebEventListener [WebEventListener.java : 68] - 找到标签前 : By.xpath: //option[@value='5']
2019-11-19 12:02:36,851 [main] DEBUG cn.ac.util.WebEventListener [WebEventListener.java : 72] - 找到标签后 : By.xpath: //option[@value='5']
2019-11-19 12:02:36,851 [main] DEBUG cn.ac.util.WebEventListener [WebEventListener.java : 40] - 点击标签: [[ChromeDriver: chrome on XP (313d1a78660d7e8cc65d6cb2f02fbcd0)] -> xpath: //option[@value='5']]之前执行...
2019-11-19 12:02:36,879 [main] DEBUG cn.ac.util.WebEventListener [WebEventListener.java : 44] - 点击标签之后: [[ChromeDriver: chrome on XP (313d1a78660d7e8cc65d6cb2f02fbcd0)] -> xpath: //option[@value='5']]之后执行...
2019-11-19 12:02:38,380 [main] DEBUG cn.ac.util.WebEventListener [WebEventListener.java : 68] - 找到标签前 : By.xpath: //span[contains(text(),'下一页')]
2019-11-19 12:02:38,392 [main] DEBUG cn.ac.util.WebEventListener [WebEventListener.java : 72] - 找到标签后 : By.xpath: //span[contains(text(),'下一页')]
2019-11-19 12:02:38,393 [main] DEBUG cn.ac.util.WebEventListener [WebEventListener.java : 40] - 点击标签: [[ChromeDriver: chrome on XP (313d1a78660d7e8cc65d6cb2f02fbcd0)] -> xpath: //span[contains(text(),'下一页')]]之前执行...
2019-11-19 12:02:38,424 [main] DEBUG cn.ac.util.WebEventListener [WebEventListener.java : 44] - 点击标签之后: [[ChromeDriver: chrome on XP (313d1a78660d7e8cc65d6cb2f02fbcd0)] -> xpath: //span[contains(text(),'下一页')]]之后执行...
2019-11-19 12:02:39,929 [main] DEBUG cn.ac.util.WebEventListener [WebEventListener.java : 68] - 找到标签前 : By.xpath: //input[@class='swPageSelect-onePage']
2019-11-19 12:02:39,941 [main] DEBUG cn.ac.util.WebEventListener [WebEventListener.java : 72] - 找到标签后 : By.xpath: //input[@class='swPageSelect-onePage']
2019-11-19 12:02:45,202 [main] DEBUG cn.ac.util.WebEventListener [WebEventListener.java : 68] - 找到标签前 : By.chained({By.xpath: //button[@class='helpdoc-change']})
2019-11-19 12:02:45,219 [main] DEBUG cn.ac.util.WebEventListener [WebEventListener.java : 72] - 找到标签后 : By.chained({By.xpath: //button[@class='helpdoc-change']})
2019-11-19 12:02:45,219 [main] DEBUG cn.ac.util.WebEventListener [WebEventListener.java : 68] - 找到标签前 : By.chained({By.xpath: //button[@class='helpdoc-change']})
2019-11-19 12:02:45,229 [main] DEBUG cn.ac.util.WebEventListener [WebEventListener.java : 72] - 找到标签后 : By.chained({By.xpath: //button[@class='helpdoc-change']})
2019-11-19 12:02:45,230 [main] DEBUG cn.ac.util.WebEventListener [WebEventListener.java : 40] - 点击标签: [[ChromeDriver: chrome on XP (313d1a78660d7e8cc65d6cb2f02fbcd0)] -> xpath: //button[@class='helpdoc-change']]之前执行...
2019-11-19 12:02:45,276 [main] DEBUG cn.ac.util.WebEventListener [WebEventListener.java : 44] - 点击标签之后: [[ChromeDriver: chrome on XP (313d1a78660d7e8cc65d6cb2f02fbcd0)] -> xpath: //button[@class='helpdoc-change']]之后执行...
2019-11-19 12:02:45,276 [main] DEBUG cn.ac.util.WebEventListener [WebEventListener.java : 68] - 找到标签前 : By.xpath: //input[@class='helpdoc-helpdocdesc']
2019-11-19 12:02:45,287 [main] DEBUG cn.ac.util.WebEventListener [WebEventListener.java : 72] - 找到标签后 : By.xpath: //input[@class='helpdoc-helpdocdesc']
2019-11-19 12:02:45,359 [main] DEBUG cn.ac.util.WebEventListener [WebEventListener.java : 68] - 找到标签前 : By.xpath: //input[@class='helpdoc-helpdocdir']
2019-11-19 12:02:45,369 [main] DEBUG cn.ac.util.WebEventListener [WebEventListener.java : 72] - 找到标签后 : By.xpath: //input[@class='helpdoc-helpdocdir']
2019-11-19 12:02:45,414 [main] DEBUG cn.ac.util.WebEventListener [WebEventListener.java : 68] - 找到标签前 : By.xpath: //button[@class='helpdoc-submit']
2019-11-19 12:02:45,424 [main] DEBUG cn.ac.util.WebEventListener [WebEventListener.java : 72] - 找到标签后 : By.xpath: //button[@class='helpdoc-submit']
2019-11-19 12:02:45,425 [main] DEBUG cn.ac.util.WebEventListener [WebEventListener.java : 40] - 点击标签: [[ChromeDriver: chrome on XP (313d1a78660d7e8cc65d6cb2f02fbcd0)] -> xpath: //button[@class='helpdoc-submit']]之前执行...
2019-11-19 12:02:45,475 [main] DEBUG cn.ac.util.WebEventListener [WebEventListener.java : 44] - 点击标签之后: [[ChromeDriver: chrome on XP (313d1a78660d7e8cc65d6cb2f02fbcd0)] -> xpath: //button[@class='helpdoc-submit']]之后执行...
2019-11-19 12:02:45,475 [main] DEBUG cn.ac.util.WebEventListener [WebEventListener.java : 68] - 找到标签前 : By.xpath: //span[contains(text(),'确定')]
2019-11-19 12:02:45,487 [main] DEBUG cn.ac.util.WebEventListener [WebEventListener.java : 72] - 找到标签后 : By.xpath: //span[contains(text(),'确定')]
2019-11-19 12:02:45,488 [main] DEBUG cn.ac.util.WebEventListener [WebEventListener.java : 40] - 点击标签: [[ChromeDriver: chrome on XP (313d1a78660d7e8cc65d6cb2f02fbcd0)] -> xpath: //span[contains(text(),'确定')]]之前执行...
2019-11-19 12:02:45,518 [main] DEBUG cn.ac.util.WebEventListener [WebEventListener.java : 44] - 点击标签之后: [[ChromeDriver: chrome on XP (313d1a78660d7e8cc65d6cb2f02fbcd0)] -> xpath: //span[contains(text(),'确定')]]之后执行...
2019-11-19 12:02:45,518 [main] DEBUG cn.ac.util.WebEventListener [WebEventListener.java : 68] - 找到标签前 : By.xpath: //span[@class='mainModel-alert-sure']
2019-11-19 12:02:46,147 [main] DEBUG cn.ac.util.WebEventListener [WebEventListener.java : 72] - 找到标签后 : By.xpath: //span[@class='mainModel-alert-sure']
2019-11-19 12:02:46,147 [main] DEBUG cn.ac.util.WebEventListener [WebEventListener.java : 40] - 点击标签: [[ChromeDriver: chrome on XP (313d1a78660d7e8cc65d6cb2f02fbcd0)] -> xpath: //span[@class='mainModel-alert-sure']]之前执行...
2019-11-19 12:02:46,188 [main] DEBUG cn.ac.util.WebEventListener [WebEventListener.java : 44] - 点击标签之后: [[ChromeDriver: chrome on XP (313d1a78660d7e8cc65d6cb2f02fbcd0)] -> xpath: //span[@class='mainModel-alert-sure']]之后执行...
2019-11-19 12:02:47,696 [main] DEBUG cn.ac.util.WebEventListener [WebEventListener.java : 68] - 找到标签前 : By.xpath: //span[contains(text(),'下载')][1]
2019-11-19 12:02:47,710 [main] DEBUG cn.ac.util.WebEventListener [WebEventListener.java : 72] - 找到标签后 : By.xpath: //span[contains(text(),'下载')][1]
2019-11-19 12:02:47,710 [main] DEBUG cn.ac.util.WebEventListener [WebEventListener.java : 40] - 点击标签: [[ChromeDriver: chrome on XP (313d1a78660d7e8cc65d6cb2f02fbcd0)] -> xpath: //span[contains(text(),'下载')][1]]之前执行...
2019-11-19 12:02:47,770 [main] DEBUG cn.ac.util.WebEventListener [WebEventListener.java : 44] - 点击标签之后: [[ChromeDriver: chrome on XP (313d1a78660d7e8cc65d6cb2f02fbcd0)] -> xpath: //span[contains(text(),'下载')][1]]之后执行...
2019-11-19 12:02:49,791 [main] DEBUG cn.ac.util.WebEventListener [WebEventListener.java : 68] - 找到标签前 : By.chained({By.xpath: //tbody[@class='showdatagrid-tbody']/tr[1]/td[1]})
2019-11-19 12:02:49,809 [main] DEBUG cn.ac.util.WebEventListener [WebEventListener.java : 72] - 找到标签后 : By.chained({By.xpath: //tbody[@class='showdatagrid-tbody']/tr[1]/td[1]})
2019-11-19 12:02:49,809 [main] DEBUG cn.ac.util.WebEventListener [WebEventListener.java : 40] - 点击标签: [[ChromeDriver: chrome on XP (313d1a78660d7e8cc65d6cb2f02fbcd0)] -> xpath: //tbody[@class='showdatagrid-tbody']/tr[1]/td[1]]之前执行...
2019-11-19 12:02:49,844 [main] DEBUG cn.ac.util.WebEventListener [WebEventListener.java : 44] - 点击标签之后: [[ChromeDriver: chrome on XP (313d1a78660d7e8cc65d6cb2f02fbcd0)] -> xpath: //tbody[@class='showdatagrid-tbody']/tr[1]/td[1]]之后执行...
2019-11-19 12:02:49,845 [main] DEBUG cn.ac.util.WebEventListener [WebEventListener.java : 68] - 找到标签前 : By.xpath: //span[contains(text(),'确定')]
2019-11-19 12:02:49,853 [main] DEBUG cn.ac.util.WebEventListener [WebEventListener.java : 72] - 找到标签后 : By.xpath: //span[contains(text(),'确定')]
2019-11-19 12:02:49,853 [main] DEBUG cn.ac.util.WebEventListener [WebEventListener.java : 40] - 点击标签: [[ChromeDriver: chrome on XP (313d1a78660d7e8cc65d6cb2f02fbcd0)] -> xpath: //span[contains(text(),'确定')]]之前执行...
2019-11-19 12:02:49,884 [main] DEBUG cn.ac.util.WebEventListener [WebEventListener.java : 44] - 点击标签之后: [[ChromeDriver: chrome on XP (313d1a78660d7e8cc65d6cb2f02fbcd0)] -> xpath: //span[contains(text(),'确定')]]之后执行...
2019-11-19 12:02:49,884 [main] DEBUG cn.ac.util.WebEventListener [WebEventListener.java : 68] - 找到标签前 : By.xpath: //span[@class='mainModel-alert-sure']
2019-11-19 12:02:50,166 [main] DEBUG cn.ac.util.WebEventListener [WebEventListener.java : 72] - 找到标签后 : By.xpath: //span[@class='mainModel-alert-sure']
2019-11-19 12:02:50,167 [main] DEBUG cn.ac.util.WebEventListener [WebEventListener.java : 40] - 点击标签: [[ChromeDriver: chrome on XP (313d1a78660d7e8cc65d6cb2f02fbcd0)] -> xpath: //span[@class='mainModel-alert-sure']]之前执行...
2019-11-19 12:02:50,197 [main] DEBUG cn.ac.util.WebEventListener [WebEventListener.java : 44] - 点击标签之后: [[ChromeDriver: chrome on XP (313d1a78660d7e8cc65d6cb2f02fbcd0)] -> xpath: //span[@class='mainModel-alert-sure']]之后执行...
2019-11-19 12:03:09,619 [main] DEBUG cn.ac.util.WebEventListener [WebEventListener.java : 24] - Before navigating to: 'http://wzg02.shineway-soft.com/public/saas/sam/admin/main/html/main.html'
2019-11-19 12:03:09,785 [main] DEBUG cn.ac.util.WebEventListener [WebEventListener.java : 28] - Navigated to:'http://wzg02.shineway-soft.com/public/saas/sam/admin/main/html/main.html'
2019-11-19 12:03:09,785 [main] DEBUG cn.ac.util.WebEventListener [WebEventListener.java : 68] - 找到标签前 : By.name: login_user
2019-11-19 12:03:10,029 [main] DEBUG cn.ac.util.WebEventListener [WebEventListener.java : 72] - 找到标签后 : By.name: login_user
2019-11-19 12:03:10,076 [main] DEBUG cn.ac.util.WebEventListener [WebEventListener.java : 68] - 找到标签前 : By.name: login_pas
2019-11-19 12:03:10,087 [main] DEBUG cn.ac.util.WebEventListener [WebEventListener.java : 72] - 找到标签后 : By.name: login_pas
2019-11-19 12:03:10,146 [main] DEBUG cn.ac.util.WebEventListener [WebEventListener.java : 68] - 找到标签前 : By.xpath: //div[@class='login-sub']
2019-11-19 12:03:10,159 [main] DEBUG cn.ac.util.WebEventListener [WebEventListener.java : 72] - 找到标签后 : By.xpath: //div[@class='login-sub']
2019-11-19 12:03:10,159 [main] DEBUG cn.ac.util.WebEventListener [WebEventListener.java : 40] - 点击标签: [[ChromeDriver: chrome on XP (546ff05d22949a14f1e86362328973dd)] -> xpath: //div[@class='login-sub']]之前执行...
2019-11-19 12:03:10,188 [main] DEBUG cn.ac.util.WebEventListener [WebEventListener.java : 44] - 点击标签之后: [[ChromeDriver: chrome on XP (546ff05d22949a14f1e86362328973dd)] -> xpath: //div[@class='login-sub']]之后执行...
2019-11-19 12:03:10,193 [main] DEBUG cn.ac.util.WebEventListener [WebEventListener.java : 68] - 找到标签前 : By.xpath: //span[contains(text(),'基础数据')]
2019-11-19 12:03:11,189 [main] DEBUG cn.ac.util.WebEventListener [WebEventListener.java : 72] - 找到标签后 : By.xpath: //span[contains(text(),'基础数据')]
2019-11-19 12:03:11,189 [main] DEBUG cn.ac.util.WebEventListener [WebEventListener.java : 40] - 点击标签: [[ChromeDriver: chrome on XP (546ff05d22949a14f1e86362328973dd)] -> xpath: //span[contains(text(),'基础数据')]]之前执行...
2019-11-19 12:03:11,231 [main] DEBUG cn.ac.util.WebEventListener [WebEventListener.java : 44] - 点击标签之后: [[ChromeDriver: chrome on XP (546ff05d22949a14f1e86362328973dd)] -> xpath: //span[contains(text(),'基础数据')]]之后执行...
2019-11-19 12:03:11,231 [main] DEBUG cn.ac.util.WebEventListener [WebEventListener.java : 68] - 找到标签前 : By.xpath: //span[contains(text(),'基础数据维护')]
2019-11-19 12:03:11,244 [main] DEBUG cn.ac.util.WebEventListener [WebEventListener.java : 72] - 找到标签后 : By.xpath: //span[contains(text(),'基础数据维护')]
2019-11-19 12:03:11,244 [main] DEBUG cn.ac.util.WebEventListener [WebEventListener.java : 40] - 点击标签: [[ChromeDriver: chrome on XP (546ff05d22949a14f1e86362328973dd)] -> xpath: //span[contains(text(),'基础数据维护')]]之前执行...
2019-11-19 12:03:11,279 [main] DEBUG cn.ac.util.WebEventListener [WebEventListener.java : 44] - 点击标签之后: [[ChromeDriver: chrome on XP (546ff05d22949a14f1e86362328973dd)] -> xpath: //span[contains(text(),'基础数据维护')]]之后执行...
2019-11-19 12:03:11,279 [main] DEBUG cn.ac.util.WebEventListener [WebEventListener.java : 68] - 找到标签前 : By.xpath: //li[contains(text(),'帮助文档管理')]
2019-11-19 12:03:11,290 [main] DEBUG cn.ac.util.WebEventListener [WebEventListener.java : 72] - 找到标签后 : By.xpath: //li[contains(text(),'帮助文档管理')]
2019-11-19 12:03:11,290 [main] DEBUG cn.ac.util.WebEventListener [WebEventListener.java : 40] - 点击标签: [[ChromeDriver: chrome on XP (546ff05d22949a14f1e86362328973dd)] -> xpath: //li[contains(text(),'帮助文档管理')]]之前执行...
2019-11-19 12:03:11,334 [main] DEBUG cn.ac.util.WebEventListener [WebEventListener.java : 44] - 点击标签之后: [[ChromeDriver: chrome on XP (546ff05d22949a14f1e86362328973dd)] -> xpath: //li[contains(text(),'帮助文档管理')]]之后执行...
2019-11-19 12:03:11,335 [main] DEBUG cn.ac.util.WebEventListener [WebEventListener.java : 68] - 找到标签前 : By.xpath: //span[@class='searchtoolbar-search-span']
2019-11-19 12:03:11,644 [main] DEBUG cn.ac.util.WebEventListener [WebEventListener.java : 72] - 找到标签后 : By.xpath: //span[@class='searchtoolbar-search-span']
2019-11-19 12:03:11,645 [main] DEBUG cn.ac.util.WebEventListener [WebEventListener.java : 40] - 点击标签: [[ChromeDriver: chrome on XP (546ff05d22949a14f1e86362328973dd)] -> xpath: //span[@class='searchtoolbar-search-span']]之前执行...
2019-11-19 12:03:11,679 [main] DEBUG cn.ac.util.WebEventListener [WebEventListener.java : 44] - 点击标签之后: [[ChromeDriver: chrome on XP (546ff05d22949a14f1e86362328973dd)] -> xpath: //span[@class='searchtoolbar-search-span']]之后执行...
2019-11-19 12:03:13,182 [main] DEBUG cn.ac.util.WebEventListener [WebEventListener.java : 68] - 找到标签前 : By.xpath: //img[@class='searchtoolbar-batchAdd']
2019-11-19 12:03:13,193 [main] DEBUG cn.ac.util.WebEventListener [WebEventListener.java : 72] - 找到标签后 : By.xpath: //img[@class='searchtoolbar-batchAdd']
2019-11-19 12:03:13,193 [main] DEBUG cn.ac.util.WebEventListener [WebEventListener.java : 40] - 点击标签: [[ChromeDriver: chrome on XP (546ff05d22949a14f1e86362328973dd)] -> xpath: //img[@class='searchtoolbar-batchAdd']]之前执行...
2019-11-19 12:03:13,225 [main] DEBUG cn.ac.util.WebEventListener [WebEventListener.java : 44] - 点击标签之后: [[ChromeDriver: chrome on XP (546ff05d22949a14f1e86362328973dd)] -> xpath: //img[@class='searchtoolbar-batchAdd']]之后执行...
2019-11-19 12:03:13,225 [main] DEBUG cn.ac.util.WebEventListener [WebEventListener.java : 68] - 找到标签前 : By.xpath: //input[@class='helpdoc-helpdocdesc']
2019-11-19 12:03:13,237 [main] DEBUG cn.ac.util.WebEventListener [WebEventListener.java : 72] - 找到标签后 : By.xpath: //input[@class='helpdoc-helpdocdesc']
2019-11-19 12:03:13,294 [main] DEBUG cn.ac.util.WebEventListener [WebEventListener.java : 68] - 找到标签前 : By.xpath: //input[@class='helpdoc-helpdocdir']
2019-11-19 12:03:13,305 [main] DEBUG cn.ac.util.WebEventListener [WebEventListener.java : 72] - 找到标签后 : By.xpath: //input[@class='helpdoc-helpdocdir']
2019-11-19 12:03:13,350 [main] DEBUG cn.ac.util.WebEventListener [WebEventListener.java : 68] - 找到标签前 : By.xpath: //input[@class='helpdoc-file']
2019-11-19 12:03:13,359 [main] DEBUG cn.ac.util.WebEventListener [WebEventListener.java : 72] - 找到标签后 : By.xpath: //input[@class='helpdoc-file']
2019-11-19 12:03:13,374 [main] DEBUG cn.ac.util.WebEventListener [WebEventListener.java : 68] - 找到标签前 : By.xpath: //button[@class='helpdoc-submit']
2019-11-19 12:03:13,386 [main] DEBUG cn.ac.util.WebEventListener [WebEventListener.java : 72] - 找到标签后 : By.xpath: //button[@class='helpdoc-submit']
2019-11-19 12:03:13,386 [main] DEBUG cn.ac.util.WebEventListener [WebEventListener.java : 40] - 点击标签: [[ChromeDriver: chrome on XP (546ff05d22949a14f1e86362328973dd)] -> xpath: //button[@class='helpdoc-submit']]之前执行...
2019-11-19 12:03:13,439 [main] DEBUG cn.ac.util.WebEventListener [WebEventListener.java : 44] - 点击标签之后: [[ChromeDriver: chrome on XP (546ff05d22949a14f1e86362328973dd)] -> xpath: //button[@class='helpdoc-submit']]之后执行...
2019-11-19 12:03:13,440 [main] DEBUG cn.ac.util.WebEventListener [WebEventListener.java : 68] - 找到标签前 : By.xpath: //span[contains(text(),'确定')]
2019-11-19 12:03:13,450 [main] DEBUG cn.ac.util.WebEventListener [WebEventListener.java : 72] - 找到标签后 : By.xpath: //span[contains(text(),'确定')]
2019-11-19 12:03:13,451 [main] DEBUG cn.ac.util.WebEventListener [WebEventListener.java : 40] - 点击标签: [[ChromeDriver: chrome on XP (546ff05d22949a14f1e86362328973dd)] -> xpath: //span[contains(text(),'确定')]]之前执行...
2019-11-19 12:03:13,483 [main] DEBUG cn.ac.util.WebEventListener [WebEventListener.java : 44] - 点击标签之后: [[ChromeDriver: chrome on XP (546ff05d22949a14f1e86362328973dd)] -> xpath: //span[contains(text(),'确定')]]之后执行...
2019-11-19 12:03:13,484 [main] DEBUG cn.ac.util.WebEventListener [WebEventListener.java : 68] - 找到标签前 : By.xpath: //span[@class='mainModel-alert-sure']
2019-11-19 12:03:14,100 [main] DEBUG cn.ac.util.WebEventListener [WebEventListener.java : 72] - 找到标签后 : By.xpath: //span[@class='mainModel-alert-sure']
2019-11-19 12:03:14,100 [main] DEBUG cn.ac.util.WebEventListener [WebEventListener.java : 40] - 点击标签: [[ChromeDriver: chrome on XP (546ff05d22949a14f1e86362328973dd)] -> xpath: //span[@class='mainModel-alert-sure']]之前执行...
2019-11-19 12:03:14,131 [main] DEBUG cn.ac.util.WebEventListener [WebEventListener.java : 44] - 点击标签之后: [[ChromeDriver: chrome on XP (546ff05d22949a14f1e86362328973dd)] -> xpath: //span[@class='mainModel-alert-sure']]之后执行...
2019-11-19 12:03:16,133 [main] DEBUG cn.ac.util.WebEventListener [WebEventListener.java : 68] - 找到标签前 : By.xpath: //select[@class='swPageSelect-select']
2019-11-19 12:03:16,147 [main] DEBUG cn.ac.util.WebEventListener [WebEventListener.java : 72] - 找到标签后 : By.xpath: //select[@class='swPageSelect-select']
2019-11-19 12:03:16,147 [main] DEBUG cn.ac.util.WebEventListener [WebEventListener.java : 40] - 点击标签: [[ChromeDriver: chrome on XP (546ff05d22949a14f1e86362328973dd)] -> xpath: //select[@class='swPageSelect-select']]之前执行...
2019-11-19 12:03:16,208 [main] DEBUG cn.ac.util.WebEventListener [WebEventListener.java : 44] - 点击标签之后: [[ChromeDriver: chrome on XP (546ff05d22949a14f1e86362328973dd)] -> xpath: //select[@class='swPageSelect-select']]之后执行...
2019-11-19 12:03:16,209 [main] DEBUG cn.ac.util.WebEventListener [WebEventListener.java : 68] - 找到标签前 : By.xpath: //option[@value='5']
2019-11-19 12:03:16,221 [main] DEBUG cn.ac.util.WebEventListener [WebEventListener.java : 72] - 找到标签后 : By.xpath: //option[@value='5']
2019-11-19 12:03:16,221 [main] DEBUG cn.ac.util.WebEventListener [WebEventListener.java : 40] - 点击标签: [[ChromeDriver: chrome on XP (546ff05d22949a14f1e86362328973dd)] -> xpath: //option[@value='5']]之前执行...
2019-11-19 12:03:16,248 [main] DEBUG cn.ac.util.WebEventListener [WebEventListener.java : 44] - 点击标签之后: [[ChromeDriver: chrome on XP (546ff05d22949a14f1e86362328973dd)] -> xpath: //option[@value='5']]之后执行...
2019-11-19 12:03:17,749 [main] DEBUG cn.ac.util.WebEventListener [WebEventListener.java : 68] - 找到标签前 : By.xpath: //span[contains(text(),'下一页')]
2019-11-19 12:03:17,762 [main] DEBUG cn.ac.util.WebEventListener [WebEventListener.java : 72] - 找到标签后 : By.xpath: //span[contains(text(),'下一页')]
2019-11-19 12:03:17,762 [main] DEBUG cn.ac.util.WebEventListener [WebEventListener.java : 40] - 点击标签: [[ChromeDriver: chrome on XP (546ff05d22949a14f1e86362328973dd)] -> xpath: //span[contains(text(),'下一页')]]之前执行...
2019-11-19 12:03:17,793 [main] DEBUG cn.ac.util.WebEventListener [WebEventListener.java : 44] - 点击标签之后: [[ChromeDriver: chrome on XP (546ff05d22949a14f1e86362328973dd)] -> xpath: //span[contains(text(),'下一页')]]之后执行...
2019-11-19 12:03:19,298 [main] DEBUG cn.ac.util.WebEventListener [WebEventListener.java : 68] - 找到标签前 : By.xpath: //input[@class='swPageSelect-onePage']
2019-11-19 12:03:19,309 [main] DEBUG cn.ac.util.WebEventListener [WebEventListener.java : 72] - 找到标签后 : By.xpath: //input[@class='swPageSelect-onePage']
2019-11-19 12:03:24,574 [main] DEBUG cn.ac.util.WebEventListener [WebEventListener.java : 68] - 找到标签前 : By.chained({By.xpath: //button[@class='helpdoc-change']})
2019-11-19 12:03:24,589 [main] DEBUG cn.ac.util.WebEventListener [WebEventListener.java : 72] - 找到标签后 : By.chained({By.xpath: //button[@class='helpdoc-change']})
2019-11-19 12:03:24,590 [main] DEBUG cn.ac.util.WebEventListener [WebEventListener.java : 68] - 找到标签前 : By.chained({By.xpath: //button[@class='helpdoc-change']})
2019-11-19 12:03:24,598 [main] DEBUG cn.ac.util.WebEventListener [WebEventListener.java : 72] - 找到标签后 : By.chained({By.xpath: //button[@class='helpdoc-change']})
2019-11-19 12:03:24,598 [main] DEBUG cn.ac.util.WebEventListener [WebEventListener.java : 40] - 点击标签: [[ChromeDriver: chrome on XP (546ff05d22949a14f1e86362328973dd)] -> xpath: //button[@class='helpdoc-change']]之前执行...
2019-11-19 12:03:24,632 [main] DEBUG cn.ac.util.WebEventListener [WebEventListener.java : 44] - 点击标签之后: [[ChromeDriver: chrome on XP (546ff05d22949a14f1e86362328973dd)] -> xpath: //button[@class='helpdoc-change']]之后执行...
2019-11-19 12:03:24,633 [main] DEBUG cn.ac.util.WebEventListener [WebEventListener.java : 68] - 找到标签前 : By.xpath: //input[@class='helpdoc-helpdocdesc']
2019-11-19 12:03:24,643 [main] DEBUG cn.ac.util.WebEventListener [WebEventListener.java : 72] - 找到标签后 : By.xpath: //input[@class='helpdoc-helpdocdesc']
2019-11-19 12:03:24,705 [main] DEBUG cn.ac.util.WebEventListener [WebEventListener.java : 68] - 找到标签前 : By.xpath: //input[@class='helpdoc-helpdocdir']
2019-11-19 12:03:24,716 [main] DEBUG cn.ac.util.WebEventListener [WebEventListener.java : 72] - 找到标签后 : By.xpath: //input[@class='helpdoc-helpdocdir']
2019-11-19 12:03:24,766 [main] DEBUG cn.ac.util.WebEventListener [WebEventListener.java : 68] - 找到标签前 : By.xpath: //button[@class='helpdoc-submit']
2019-11-19 12:03:24,777 [main] DEBUG cn.ac.util.WebEventListener [WebEventListener.java : 72] - 找到标签后 : By.xpath: //button[@class='helpdoc-submit']
2019-11-19 12:03:24,778 [main] DEBUG cn.ac.util.WebEventListener [WebEventListener.java : 40] - 点击标签: [[ChromeDriver: chrome on XP (546ff05d22949a14f1e86362328973dd)] -> xpath: //button[@class='helpdoc-submit']]之前执行...
2019-11-19 12:03:24,812 [main] DEBUG cn.ac.util.WebEventListener [WebEventListener.java : 44] - 点击标签之后: [[ChromeDriver: chrome on XP (546ff05d22949a14f1e86362328973dd)] -> xpath: //button[@class='helpdoc-submit']]之后执行...
2019-11-19 12:03:24,812 [main] DEBUG cn.ac.util.WebEventListener [WebEventListener.java : 68] - 找到标签前 : By.xpath: //span[contains(text(),'确定')]
2019-11-19 12:03:24,825 [main] DEBUG cn.ac.util.WebEventListener [WebEventListener.java : 72] - 找到标签后 : By.xpath: //span[contains(text(),'确定')]
2019-11-19 12:03:24,825 [main] DEBUG cn.ac.util.WebEventListener [WebEventListener.java : 40] - 点击标签: [[ChromeDriver: chrome on XP (546ff05d22949a14f1e86362328973dd)] -> xpath: //span[contains(text(),'确定')]]之前执行...
2019-11-19 12:03:24,861 [main] DEBUG cn.ac.util.WebEventListener [WebEventListener.java : 44] - 点击标签之后: [[ChromeDriver: chrome on XP (546ff05d22949a14f1e86362328973dd)] -> xpath: //span[contains(text(),'确定')]]之后执行...
2019-11-19 12:03:24,861 [main] DEBUG cn.ac.util.WebEventListener [WebEventListener.java : 68] - 找到标签前 : By.xpath: //span[@class='mainModel-alert-sure']
2019-11-19 12:03:25,582 [main] DEBUG cn.ac.util.WebEventListener [WebEventListener.java : 72] - 找到标签后 : By.xpath: //span[@class='mainModel-alert-sure']
2019-11-19 12:03:25,583 [main] DEBUG cn.ac.util.WebEventListener [WebEventListener.java : 40] - 点击标签: [[ChromeDriver: chrome on XP (546ff05d22949a14f1e86362328973dd)] -> xpath: //span[@class='mainModel-alert-sure']]之前执行...
2019-11-19 12:03:25,610 [main] DEBUG cn.ac.util.WebEventListener [WebEventListener.java : 44] - 点击标签之后: [[ChromeDriver: chrome on XP (546ff05d22949a14f1e86362328973dd)] -> xpath: //span[@class='mainModel-alert-sure']]之后执行...
2019-11-19 12:03:27,112 [main] DEBUG cn.ac.util.WebEventListener [WebEventListener.java : 68] - 找到标签前 : By.xpath: //span[contains(text(),'下载')][1]
2019-11-19 12:03:27,125 [main] DEBUG cn.ac.util.WebEventListener [WebEventListener.java : 72] - 找到标签后 : By.xpath: //span[contains(text(),'下载')][1]
2019-11-19 12:03:27,125 [main] DEBUG cn.ac.util.WebEventListener [WebEventListener.java : 40] - 点击标签: [[ChromeDriver: chrome on XP (546ff05d22949a14f1e86362328973dd)] -> xpath: //span[contains(text(),'下载')][1]]之前执行...
2019-11-19 12:03:27,190 [main] DEBUG cn.ac.util.WebEventListener [WebEventListener.java : 44] - 点击标签之后: [[ChromeDriver: chrome on XP (546ff05d22949a14f1e86362328973dd)] -> xpath: //span[contains(text(),'下载')][1]]之后执行...
2019-11-19 12:03:29,211 [main] DEBUG cn.ac.util.WebEventListener [WebEventListener.java : 68] - 找到标签前 : By.chained({By.xpath: //tbody[@class='showdatagrid-tbody']/tr[1]/td[1]})
2019-11-19 12:03:29,232 [main] DEBUG cn.ac.util.WebEventListener [WebEventListener.java : 72] - 找到标签后 : By.chained({By.xpath: //tbody[@class='showdatagrid-tbody']/tr[1]/td[1]})
2019-11-19 12:03:29,232 [main] DEBUG cn.ac.util.WebEventListener [WebEventListener.java : 40] - 点击标签: [[ChromeDriver: chrome on XP (546ff05d22949a14f1e86362328973dd)] -> xpath: //tbody[@class='showdatagrid-tbody']/tr[1]/td[1]]之前执行...
2019-11-19 12:03:29,267 [main] DEBUG cn.ac.util.WebEventListener [WebEventListener.java : 44] - 点击标签之后: [[ChromeDriver: chrome on XP (546ff05d22949a14f1e86362328973dd)] -> xpath: //tbody[@class='showdatagrid-tbody']/tr[1]/td[1]]之后执行...
2019-11-19 12:03:29,267 [main] DEBUG cn.ac.util.WebEventListener [WebEventListener.java : 68] - 找到标签前 : By.xpath: //span[contains(text(),'确定')]
2019-11-19 12:03:29,276 [main] DEBUG cn.ac.util.WebEventListener [WebEventListener.java : 72] - 找到标签后 : By.xpath: //span[contains(text(),'确定')]
2019-11-19 12:03:29,276 [main] DEBUG cn.ac.util.WebEventListener [WebEventListener.java : 40] - 点击标签: [[ChromeDriver: chrome on XP (546ff05d22949a14f1e86362328973dd)] -> xpath: //span[contains(text(),'确定')]]之前执行...
2019-11-19 12:03:29,306 [main] DEBUG cn.ac.util.WebEventListener [WebEventListener.java : 44] - 点击标签之后: [[ChromeDriver: chrome on XP (546ff05d22949a14f1e86362328973dd)] -> xpath: //span[contains(text(),'确定')]]之后执行...
2019-11-19 12:03:29,306 [main] DEBUG cn.ac.util.WebEventListener [WebEventListener.java : 68] - 找到标签前 : By.xpath: //span[@class='mainModel-alert-sure']
2019-11-19 12:03:29,585 [main] DEBUG cn.ac.util.WebEventListener [WebEventListener.java : 72] - 找到标签后 : By.xpath: //span[@class='mainModel-alert-sure']
2019-11-19 12:03:29,585 [main] DEBUG cn.ac.util.WebEventListener [WebEventListener.java : 40] - 点击标签: [[ChromeDriver: chrome on XP (546ff05d22949a14f1e86362328973dd)] -> xpath: //span[@class='mainModel-alert-sure']]之前执行...
2019-11-19 12:03:29,615 [main] DEBUG cn.ac.util.WebEventListener [WebEventListener.java : 44] - 点击标签之后: [[ChromeDriver: chrome on XP (546ff05d22949a14f1e86362328973dd)] -> xpath: //span[@class='mainModel-alert-sure']]之后执行...
2019-11-19 12:03:45,143 [main] DEBUG cn.ac.util.WebEventListener [WebEventListener.java : 24] - Before navigating to: 'http://wzg02.shineway-soft.com/public/saas/sam/admin/main/html/main.html'
2019-11-19 12:03:45,313 [main] DEBUG cn.ac.util.WebEventListener [WebEventListener.java : 28] - Navigated to:'http://wzg02.shineway-soft.com/public/saas/sam/admin/main/html/main.html'
2019-11-19 12:03:45,313 [main] DEBUG cn.ac.util.WebEventListener [WebEventListener.java : 68] - 找到标签前 : By.name: login_user
2019-11-19 12:03:45,555 [main] DEBUG cn.ac.util.WebEventListener [WebEventListener.java : 72] - 找到标签后 : By.name: login_user
2019-11-19 12:03:45,598 [main] DEBUG cn.ac.util.WebEventListener [WebEventListener.java : 68] - 找到标签前 : By.name: login_pas
2019-11-19 12:03:45,609 [main] DEBUG cn.ac.util.WebEventListener [WebEventListener.java : 72] - 找到标签后 : By.name: login_pas
2019-11-19 12:03:45,660 [main] DEBUG cn.ac.util.WebEventListener [WebEventListener.java : 68] - 找到标签前 : By.xpath: //div[@class='login-sub']
2019-11-19 12:03:45,672 [main] DEBUG cn.ac.util.WebEventListener [WebEventListener.java : 72] - 找到标签后 : By.xpath: //div[@class='login-sub']
2019-11-19 12:03:45,673 [main] DEBUG cn.ac.util.WebEventListener [WebEventListener.java : 40] - 点击标签: [[ChromeDriver: chrome on XP (06645c497c4409fe76d0fccd53788730)] -> xpath: //div[@class='login-sub']]之前执行...
2019-11-19 12:03:45,718 [main] DEBUG cn.ac.util.WebEventListener [WebEventListener.java : 44] - 点击标签之后: [[ChromeDriver: chrome on XP (06645c497c4409fe76d0fccd53788730)] -> xpath: //div[@class='login-sub']]之后执行...
2019-11-19 12:03:45,722 [main] DEBUG cn.ac.util.WebEventListener [WebEventListener.java : 68] - 找到标签前 : By.xpath: //span[contains(text(),'基础数据')]
2019-11-19 12:03:46,703 [main] DEBUG cn.ac.util.WebEventListener [WebEventListener.java : 72] - 找到标签后 : By.xpath: //span[contains(text(),'基础数据')]
2019-11-19 12:03:46,704 [main] DEBUG cn.ac.util.WebEventListener [WebEventListener.java : 40] - 点击标签: [[ChromeDriver: chrome on XP (06645c497c4409fe76d0fccd53788730)] -> xpath: //span[contains(text(),'基础数据')]]之前执行...
2019-11-19 12:03:46,752 [main] DEBUG cn.ac.util.WebEventListener [WebEventListener.java : 44] - 点击标签之后: [[ChromeDriver: chrome on XP (06645c497c4409fe76d0fccd53788730)] -> xpath: //span[contains(text(),'基础数据')]]之后执行...
2019-11-19 12:03:46,752 [main] DEBUG cn.ac.util.WebEventListener [WebEventListener.java : 68] - 找到标签前 : By.xpath: //span[contains(text(),'基础数据维护')]
2019-11-19 12:03:46,764 [main] DEBUG cn.ac.util.WebEventListener [WebEventListener.java : 72] - 找到标签后 : By.xpath: //span[contains(text(),'基础数据维护')]
2019-11-19 12:03:46,764 [main] DEBUG cn.ac.util.WebEventListener [WebEventListener.java : 40] - 点击标签: [[ChromeDriver: chrome on XP (06645c497c4409fe76d0fccd53788730)] -> xpath: //span[contains(text(),'基础数据维护')]]之前执行...
2019-11-19 12:03:46,800 [main] DEBUG cn.ac.util.WebEventListener [WebEventListener.java : 44] - 点击标签之后: [[ChromeDriver: chrome on XP (06645c497c4409fe76d0fccd53788730)] -> xpath: //span[contains(text(),'基础数据维护')]]之后执行...
2019-11-19 12:03:46,801 [main] DEBUG cn.ac.util.WebEventListener [WebEventListener.java : 68] - 找到标签前 : By.xpath: //li[contains(text(),'帮助文档管理')]
2019-11-19 12:03:46,812 [main] DEBUG cn.ac.util.WebEventListener [WebEventListener.java : 72] - 找到标签后 : By.xpath: //li[contains(text(),'帮助文档管理')]
2019-11-19 12:03:46,812 [main] DEBUG cn.ac.util.WebEventListener [WebEventListener.java : 40] - 点击标签: [[ChromeDriver: chrome on XP (06645c497c4409fe76d0fccd53788730)] -> xpath: //li[contains(text(),'帮助文档管理')]]之前执行...
2019-11-19 12:03:46,852 [main] DEBUG cn.ac.util.WebEventListener [WebEventListener.java : 44] - 点击标签之后: [[ChromeDriver: chrome on XP (06645c497c4409fe76d0fccd53788730)] -> xpath: //li[contains(text(),'帮助文档管理')]]之后执行...
2019-11-19 12:03:46,853 [main] DEBUG cn.ac.util.WebEventListener [WebEventListener.java : 68] - 找到标签前 : By.xpath: //span[@class='searchtoolbar-search-span']
2019-11-19 12:03:47,147 [main] DEBUG cn.ac.util.WebEventListener [WebEventListener.java : 72] - 找到标签后 : By.xpath: //span[@class='searchtoolbar-search-span']
2019-11-19 12:03:47,147 [main] DEBUG cn.ac.util.WebEventListener [WebEventListener.java : 40] - 点击标签: [[ChromeDriver: chrome on XP (06645c497c4409fe76d0fccd53788730)] -> xpath: //span[@class='searchtoolbar-search-span']]之前执行...
2019-11-19 12:03:47,178 [main] DEBUG cn.ac.util.WebEventListener [WebEventListener.java : 44] - 点击标签之后: [[ChromeDriver: chrome on XP (06645c497c4409fe76d0fccd53788730)] -> xpath: //span[@class='searchtoolbar-search-span']]之后执行...
2019-11-19 12:03:48,680 [main] DEBUG cn.ac.util.WebEventListener [WebEventListener.java : 68] - 找到标签前 : By.xpath: //img[@class='searchtoolbar-batchAdd']
2019-11-19 12:03:48,691 [main] DEBUG cn.ac.util.WebEventListener [WebEventListener.java : 72] - 找到标签后 : By.xpath: //img[@class='searchtoolbar-batchAdd']
2019-11-19 12:03:48,692 [main] DEBUG cn.ac.util.WebEventListener [WebEventListener.java : 40] - 点击标签: [[ChromeDriver: chrome on XP (06645c497c4409fe76d0fccd53788730)] -> xpath: //img[@class='searchtoolbar-batchAdd']]之前执行...
2019-11-19 12:03:48,726 [main] DEBUG cn.ac.util.WebEventListener [WebEventListener.java : 44] - 点击标签之后: [[ChromeDriver: chrome on XP (06645c497c4409fe76d0fccd53788730)] -> xpath: //img[@class='searchtoolbar-batchAdd']]之后执行...
2019-11-19 12:03:48,726 [main] DEBUG cn.ac.util.WebEventListener [WebEventListener.java : 68] - 找到标签前 : By.xpath: //input[@class='helpdoc-helpdocdesc']
2019-11-19 12:03:48,738 [main] DEBUG cn.ac.util.WebEventListener [WebEventListener.java : 72] - 找到标签后 : By.xpath: //input[@class='helpdoc-helpdocdesc']
2019-11-19 12:03:48,794 [main] DEBUG cn.ac.util.WebEventListener [WebEventListener.java : 68] - 找到标签前 : By.xpath: //input[@class='helpdoc-helpdocdir']
2019-11-19 12:03:48,805 [main] DEBUG cn.ac.util.WebEventListener [WebEventListener.java : 72] - 找到标签后 : By.xpath: //input[@class='helpdoc-helpdocdir']
2019-11-19 12:03:48,859 [main] DEBUG cn.ac.util.WebEventListener [WebEventListener.java : 68] - 找到标签前 : By.xpath: //input[@class='helpdoc-file']
2019-11-19 12:03:48,869 [main] DEBUG cn.ac.util.WebEventListener [WebEventListener.java : 72] - 找到标签后 : By.xpath: //input[@class='helpdoc-file']
2019-11-19 12:03:48,888 [main] DEBUG cn.ac.util.WebEventListener [WebEventListener.java : 68] - 找到标签前 : By.xpath: //button[@class='helpdoc-submit']
2019-11-19 12:03:48,900 [main] DEBUG cn.ac.util.WebEventListener [WebEventListener.java : 72] - 找到标签后 : By.xpath: //button[@class='helpdoc-submit']
2019-11-19 12:03:48,901 [main] DEBUG cn.ac.util.WebEventListener [WebEventListener.java : 40] - 点击标签: [[ChromeDriver: chrome on XP (06645c497c4409fe76d0fccd53788730)] -> xpath: //button[@class='helpdoc-submit']]之前执行...
2019-11-19 12:03:48,960 [main] DEBUG cn.ac.util.WebEventListener [WebEventListener.java : 44] - 点击标签之后: [[ChromeDriver: chrome on XP (06645c497c4409fe76d0fccd53788730)] -> xpath: //button[@class='helpdoc-submit']]之后执行...
2019-11-19 12:03:48,960 [main] DEBUG cn.ac.util.WebEventListener [WebEventListener.java : 68] - 找到标签前 : By.xpath: //span[contains(text(),'确定')]
2019-11-19 12:03:48,973 [main] DEBUG cn.ac.util.WebEventListener [WebEventListener.java : 72] - 找到标签后 : By.xpath: //span[contains(text(),'确定')]
2019-11-19 12:03:48,973 [main] DEBUG cn.ac.util.WebEventListener [WebEventListener.java : 40] - 点击标签: [[ChromeDriver: chrome on XP (06645c497c4409fe76d0fccd53788730)] -> xpath: //span[contains(text(),'确定')]]之前执行...
2019-11-19 12:03:49,008 [main] DEBUG cn.ac.util.WebEventListener [WebEventListener.java : 44] - 点击标签之后: [[ChromeDriver: chrome on XP (06645c497c4409fe76d0fccd53788730)] -> xpath: //span[contains(text(),'确定')]]之后执行...
2019-11-19 12:03:49,008 [main] DEBUG cn.ac.util.WebEventListener [WebEventListener.java : 68] - 找到标签前 : By.xpath: //span[@class='mainModel-alert-sure']
2019-11-19 12:03:49,614 [main] DEBUG cn.ac.util.WebEventListener [WebEventListener.java : 72] - 找到标签后 : By.xpath: //span[@class='mainModel-alert-sure']
2019-11-19 12:03:49,614 [main] DEBUG cn.ac.util.WebEventListener [WebEventListener.java : 40] - 点击标签: [[ChromeDriver: chrome on XP (06645c497c4409fe76d0fccd53788730)] -> xpath: //span[@class='mainModel-alert-sure']]之前执行...
2019-11-19 12:03:49,650 [main] DEBUG cn.ac.util.WebEventListener [WebEventListener.java : 44] - 点击标签之后: [[ChromeDriver: chrome on XP (06645c497c4409fe76d0fccd53788730)] -> xpath: //span[@class='mainModel-alert-sure']]之后执行...
2019-11-19 12:03:51,652 [main] DEBUG cn.ac.util.WebEventListener [WebEventListener.java : 68] - 找到标签前 : By.xpath: //select[@class='swPageSelect-select']
2019-11-19 12:03:51,664 [main] DEBUG cn.ac.util.WebEventListener [WebEventListener.java : 72] - 找到标签后 : By.xpath: //select[@class='swPageSelect-select']
2019-11-19 12:03:51,665 [main] DEBUG cn.ac.util.WebEventListener [WebEventListener.java : 40] - 点击标签: [[ChromeDriver: chrome on XP (06645c497c4409fe76d0fccd53788730)] -> xpath: //select[@class='swPageSelect-select']]之前执行...
2019-11-19 12:03:51,724 [main] DEBUG cn.ac.util.WebEventListener [WebEventListener.java : 44] - 点击标签之后: [[ChromeDriver: chrome on XP (06645c497c4409fe76d0fccd53788730)] -> xpath: //select[@class='swPageSelect-select']]之后执行...
2019-11-19 12:03:51,725 [main] DEBUG cn.ac.util.WebEventListener [WebEventListener.java : 68] - 找到标签前 : By.xpath: //option[@value='5']
2019-11-19 12:03:51,737 [main] DEBUG cn.ac.util.WebEventListener [WebEventListener.java : 72] - 找到标签后 : By.xpath: //option[@value='5']
2019-11-19 12:03:51,738 [main] DEBUG cn.ac.util.WebEventListener [WebEventListener.java : 40] - 点击标签: [[ChromeDriver: chrome on XP (06645c497c4409fe76d0fccd53788730)] -> xpath: //option[@value='5']]之前执行...
2019-11-19 12:03:51,764 [main] DEBUG cn.ac.util.WebEventListener [WebEventListener.java : 44] - 点击标签之后: [[ChromeDriver: chrome on XP (06645c497c4409fe76d0fccd53788730)] -> xpath: //option[@value='5']]之后执行...
2019-11-19 12:03:53,267 [main] DEBUG cn.ac.util.WebEventListener [WebEventListener.java : 68] - 找到标签前 : By.xpath: //span[contains(text(),'下一页')]
2019-11-19 12:03:53,278 [main] DEBUG cn.ac.util.WebEventListener [WebEventListener.java : 72] - 找到标签后 : By.xpath: //span[contains(text(),'下一页')]
2019-11-19 12:03:53,278 [main] DEBUG cn.ac.util.WebEventListener [WebEventListener.java : 40] - 点击标签: [[ChromeDriver: chrome on XP (06645c497c4409fe76d0fccd53788730)] -> xpath: //span[contains(text(),'下一页')]]之前执行...
2019-11-19 12:03:53,311 [main] DEBUG cn.ac.util.WebEventListener [WebEventListener.java : 44] - 点击标签之后: [[ChromeDriver: chrome on XP (06645c497c4409fe76d0fccd53788730)] -> xpath: //span[contains(text(),'下一页')]]之后执行...
2019-11-19 12:03:54,815 [main] DEBUG cn.ac.util.WebEventListener [WebEventListener.java : 68] - 找到标签前 : By.xpath: //input[@class='swPageSelect-onePage']
2019-11-19 12:03:54,826 [main] DEBUG cn.ac.util.WebEventListener [WebEventListener.java : 72] - 找到标签后 : By.xpath: //input[@class='swPageSelect-onePage']
2019-11-19 12:04:00,098 [main] DEBUG cn.ac.util.WebEventListener [WebEventListener.java : 68] - 找到标签前 : By.chained({By.xpath: //button[@class='helpdoc-change']})
2019-11-19 12:04:00,141 [main] DEBUG cn.ac.util.WebEventListener [WebEventListener.java : 72] - 找到标签后 : By.chained({By.xpath: //button[@class='helpdoc-change']})
2019-11-19 12:04:00,142 [main] DEBUG cn.ac.util.WebEventListener [WebEventListener.java : 68] - 找到标签前 : By.chained({By.xpath: //button[@class='helpdoc-change']})
2019-11-19 12:04:00,151 [main] DEBUG cn.ac.util.WebEventListener [WebEventListener.java : 72] - 找到标签后 : By.chained({By.xpath: //button[@class='helpdoc-change']})
2019-11-19 12:04:00,151 [main] DEBUG cn.ac.util.WebEventListener [WebEventListener.java : 40] - 点击标签: [[ChromeDriver: chrome on XP (06645c497c4409fe76d0fccd53788730)] -> xpath: //button[@class='helpdoc-change']]之前执行...
2019-11-19 12:04:00,202 [main] DEBUG cn.ac.util.WebEventListener [WebEventListener.java : 44] - 点击标签之后: [[ChromeDriver: chrome on XP (06645c497c4409fe76d0fccd53788730)] -> xpath: //button[@class='helpdoc-change']]之后执行...
2019-11-19 12:04:00,202 [main] DEBUG cn.ac.util.WebEventListener [WebEventListener.java : 68] - 找到标签前 : By.xpath: //input[@class='helpdoc-helpdocdesc']
2019-11-19 12:04:00,214 [main] DEBUG cn.ac.util.WebEventListener [WebEventListener.java : 72] - 找到标签后 : By.xpath: //input[@class='helpdoc-helpdocdesc']
2019-11-19 12:04:00,271 [main] DEBUG cn.ac.util.WebEventListener [WebEventListener.java : 68] - 找到标签前 : By.xpath: //input[@class='helpdoc-helpdocdir']
2019-11-19 12:04:00,281 [main] DEBUG cn.ac.util.WebEventListener [WebEventListener.java : 72] - 找到标签后 : By.xpath: //input[@class='helpdoc-helpdocdir']
2019-11-19 12:04:00,335 [main] DEBUG cn.ac.util.WebEventListener [WebEventListener.java : 68] - 找到标签前 : By.xpath: //button[@class='helpdoc-submit']
2019-11-19 12:04:00,345 [main] DEBUG cn.ac.util.WebEventListener [WebEventListener.java : 72] - 找到标签后 : By.xpath: //button[@class='helpdoc-submit']
2019-11-19 12:04:00,345 [main] DEBUG cn.ac.util.WebEventListener [WebEventListener.java : 40] - 点击标签: [[ChromeDriver: chrome on XP (06645c497c4409fe76d0fccd53788730)] -> xpath: //button[@class='helpdoc-submit']]之前执行...
2019-11-19 12:04:00,378 [main] DEBUG cn.ac.util.WebEventListener [WebEventListener.java : 44] - 点击标签之后: [[ChromeDriver: chrome on XP (06645c497c4409fe76d0fccd53788730)] -> xpath: //button[@class='helpdoc-submit']]之后执行...
2019-11-19 12:04:00,378 [main] DEBUG cn.ac.util.WebEventListener [WebEventListener.java : 68] - 找到标签前 : By.xpath: //span[contains(text(),'确定')]
2019-11-19 12:04:00,392 [main] DEBUG cn.ac.util.WebEventListener [WebEventListener.java : 72] - 找到标签后 : By.xpath: //span[contains(text(),'确定')]
2019-11-19 12:04:00,392 [main] DEBUG cn.ac.util.WebEventListener [WebEventListener.java : 40] - 点击标签: [[ChromeDriver: chrome on XP (06645c497c4409fe76d0fccd53788730)] -> xpath: //span[contains(text(),'确定')]]之前执行...
2019-11-19 12:04:00,447 [main] DEBUG cn.ac.util.WebEventListener [WebEventListener.java : 44] - 点击标签之后: [[ChromeDriver: chrome on XP (06645c497c4409fe76d0fccd53788730)] -> xpath: //span[contains(text(),'确定')]]之后执行...
2019-11-19 12:04:00,448 [main] DEBUG cn.ac.util.WebEventListener [WebEventListener.java : 68] - 找到标签前 : By.xpath: //span[@class='mainModel-alert-sure']
2019-11-19 12:04:01,351 [main] DEBUG cn.ac.util.WebEventListener [WebEventListener.java : 72] - 找到标签后 : By.xpath: //span[@class='mainModel-alert-sure']
2019-11-19 12:04:01,352 [main] DEBUG cn.ac.util.WebEventListener [WebEventListener.java : 40] - 点击标签: [[ChromeDriver: chrome on XP (06645c497c4409fe76d0fccd53788730)] -> xpath: //span[@class='mainModel-alert-sure']]之前执行...
2019-11-19 12:04:01,398 [main] DEBUG cn.ac.util.WebEventListener [WebEventListener.java : 44] - 点击标签之后: [[ChromeDriver: chrome on XP (06645c497c4409fe76d0fccd53788730)] -> xpath: //span[@class='mainModel-alert-sure']]之后执行...
2019-11-19 12:04:02,901 [main] DEBUG cn.ac.util.WebEventListener [WebEventListener.java : 68] - 找到标签前 : By.xpath: //span[contains(text(),'下载')][1]
2019-11-19 12:04:02,913 [main] DEBUG cn.ac.util.WebEventListener [WebEventListener.java : 72] - 找到标签后 : By.xpath: //span[contains(text(),'下载')][1]
2019-11-19 12:04:02,914 [main] DEBUG cn.ac.util.WebEventListener [WebEventListener.java : 40] - 点击标签: [[ChromeDriver: chrome on XP (06645c497c4409fe76d0fccd53788730)] -> xpath: //span[contains(text(),'下载')][1]]之前执行...
2019-11-19 12:04:02,973 [main] DEBUG cn.ac.util.WebEventListener [WebEventListener.java : 44] - 点击标签之后: [[ChromeDriver: chrome on XP (06645c497c4409fe76d0fccd53788730)] -> xpath: //span[contains(text(),'下载')][1]]之后执行...
2019-11-19 12:04:04,993 [main] DEBUG cn.ac.util.WebEventListener [WebEventListener.java : 68] - 找到标签前 : By.chained({By.xpath: //tbody[@class='showdatagrid-tbody']/tr[1]/td[1]})
2019-11-19 12:04:05,011 [main] DEBUG cn.ac.util.WebEventListener [WebEventListener.java : 72] - 找到标签后 : By.chained({By.xpath: //tbody[@class='showdatagrid-tbody']/tr[1]/td[1]})
2019-11-19 12:04:05,012 [main] DEBUG cn.ac.util.WebEventListener [WebEventListener.java : 40] - 点击标签: [[ChromeDriver: chrome on XP (06645c497c4409fe76d0fccd53788730)] -> xpath: //tbody[@class='showdatagrid-tbody']/tr[1]/td[1]]之前执行...
2019-11-19 12:04:05,048 [main] DEBUG cn.ac.util.WebEventListener [WebEventListener.java : 44] - 点击标签之后: [[ChromeDriver: chrome on XP (06645c497c4409fe76d0fccd53788730)] -> xpath: //tbody[@class='showdatagrid-tbody']/tr[1]/td[1]]之后执行...
2019-11-19 12:04:05,048 [main] DEBUG cn.ac.util.WebEventListener [WebEventListener.java : 68] - 找到标签前 : By.xpath: //span[contains(text(),'确定')]
2019-11-19 12:04:05,057 [main] DEBUG cn.ac.util.WebEventListener [WebEventListener.java : 72] - 找到标签后 : By.xpath: //span[contains(text(),'确定')]
2019-11-19 12:04:05,057 [main] DEBUG cn.ac.util.WebEventListener [WebEventListener.java : 40] - 点击标签: [[ChromeDriver: chrome on XP (06645c497c4409fe76d0fccd53788730)] -> xpath: //span[contains(text(),'确定')]]之前执行...
2019-11-19 12:04:05,105 [main] DEBUG cn.ac.util.WebEventListener [WebEventListener.java : 44] - 点击标签之后: [[ChromeDriver: chrome on XP (06645c497c4409fe76d0fccd53788730)] -> xpath: //span[contains(text(),'确定')]]之后执行...
2019-11-19 12:04:05,106 [main] DEBUG cn.ac.util.WebEventListener [WebEventListener.java : 68] - 找到标签前 : By.xpath: //span[@class='mainModel-alert-sure']
2019-11-19 12:04:05,404 [main] DEBUG cn.ac.util.WebEventListener [WebEventListener.java : 72] - 找到标签后 : By.xpath: //span[@class='mainModel-alert-sure']
2019-11-19 12:04:05,404 [main] DEBUG cn.ac.util.WebEventListener [WebEventListener.java : 40] - 点击标签: [[ChromeDriver: chrome on XP (06645c497c4409fe76d0fccd53788730)] -> xpath: //span[@class='mainModel-alert-sure']]之前执行...
2019-11-19 12:04:05,433 [main] DEBUG cn.ac.util.WebEventListener [WebEventListener.java : 44] - 点击标签之后: [[ChromeDriver: chrome on XP (06645c497c4409fe76d0fccd53788730)] -> xpath: //span[@class='mainModel-alert-sure']]之后执行...
2019-11-19 12:04:46,529 [main] DEBUG cn.ac.util.WebEventListener [WebEventListener.java : 24] - Before navigating to: 'http://wzg02.shineway-soft.com/public/saas/sam/admin/main/html/main.html'
2019-11-19 12:04:46,702 [main] DEBUG cn.ac.util.WebEventListener [WebEventListener.java : 28] - Navigated to:'http://wzg02.shineway-soft.com/public/saas/sam/admin/main/html/main.html'
2019-11-19 12:04:46,702 [main] DEBUG cn.ac.util.WebEventListener [WebEventListener.java : 68] - 找到标签前 : By.name: login_user
2019-11-19 12:04:46,953 [main] DEBUG cn.ac.util.WebEventListener [WebEventListener.java : 72] - 找到标签后 : By.name: login_user
2019-11-19 12:04:47,001 [main] DEBUG cn.ac.util.WebEventListener [WebEventListener.java : 68] - 找到标签前 : By.name: login_pas
2019-11-19 12:04:47,014 [main] DEBUG cn.ac.util.WebEventListener [WebEventListener.java : 72] - 找到标签后 : By.name: login_pas
2019-11-19 12:04:47,069 [main] DEBUG cn.ac.util.WebEventListener [WebEventListener.java : 68] - 找到标签前 : By.xpath: //div[@class='login-sub']
2019-11-19 12:04:47,080 [main] DEBUG cn.ac.util.WebEventListener [WebEventListener.java : 72] - 找到标签后 : By.xpath: //div[@class='login-sub']
2019-11-19 12:04:47,081 [main] DEBUG cn.ac.util.WebEventListener [WebEventListener.java : 40] - 点击标签: [[ChromeDriver: chrome on XP (1acd78c5cb5827a4564b3e08f818e9a8)] -> xpath: //div[@class='login-sub']]之前执行...
2019-11-19 12:04:47,148 [main] DEBUG cn.ac.util.WebEventListener [WebEventListener.java : 44] - 点击标签之后: [[ChromeDriver: chrome on XP (1acd78c5cb5827a4564b3e08f818e9a8)] -> xpath: //div[@class='login-sub']]之后执行...
2019-11-19 12:04:47,153 [main] DEBUG cn.ac.util.WebEventListener [WebEventListener.java : 68] - 找到标签前 : By.xpath: //span[contains(text(),'基础数据')]
2019-11-19 12:04:48,193 [main] DEBUG cn.ac.util.WebEventListener [WebEventListener.java : 72] - 找到标签后 : By.xpath: //span[contains(text(),'基础数据')]
2019-11-19 12:04:48,194 [main] DEBUG cn.ac.util.WebEventListener [WebEventListener.java : 40] - 点击标签: [[ChromeDriver: chrome on XP (1acd78c5cb5827a4564b3e08f818e9a8)] -> xpath: //span[contains(text(),'基础数据')]]之前执行...
2019-11-19 12:04:48,232 [main] DEBUG cn.ac.util.WebEventListener [WebEventListener.java : 44] - 点击标签之后: [[ChromeDriver: chrome on XP (1acd78c5cb5827a4564b3e08f818e9a8)] -> xpath: //span[contains(text(),'基础数据')]]之后执行...
2019-11-19 12:04:48,232 [main] DEBUG cn.ac.util.WebEventListener [WebEventListener.java : 68] - 找到标签前 : By.xpath: //span[contains(text(),'基础数据维护')]
2019-11-19 12:04:48,244 [main] DEBUG cn.ac.util.WebEventListener [WebEventListener.java : 72] - 找到标签后 : By.xpath: //span[contains(text(),'基础数据维护')]
2019-11-19 12:04:48,245 [main] DEBUG cn.ac.util.WebEventListener [WebEventListener.java : 40] - 点击标签: [[ChromeDriver: chrome on XP (1acd78c5cb5827a4564b3e08f818e9a8)] -> xpath: //span[contains(text(),'基础数据维护')]]之前执行...
2019-11-19 12:04:48,282 [main] DEBUG cn.ac.util.WebEventListener [WebEventListener.java : 44] - 点击标签之后: [[ChromeDriver: chrome on XP (1acd78c5cb5827a4564b3e08f818e9a8)] -> xpath: //span[contains(text(),'基础数据维护')]]之后执行...
2019-11-19 12:04:48,282 [main] DEBUG cn.ac.util.WebEventListener [WebEventListener.java : 68] - 找到标签前 : By.xpath: //li[contains(text(),'帮助文档管理')]
2019-11-19 12:04:48,295 [main] DEBUG cn.ac.util.WebEventListener [WebEventListener.java : 72] - 找到标签后 : By.xpath: //li[contains(text(),'帮助文档管理')]
2019-11-19 12:04:48,295 [main] DEBUG cn.ac.util.WebEventListener [WebEventListener.java : 40] - 点击标签: [[ChromeDriver: chrome on XP (1acd78c5cb5827a4564b3e08f818e9a8)] -> xpath: //li[contains(text(),'帮助文档管理')]]之前执行...
2019-11-19 12:04:48,331 [main] DEBUG cn.ac.util.WebEventListener [WebEventListener.java : 44] - 点击标签之后: [[ChromeDriver: chrome on XP (1acd78c5cb5827a4564b3e08f818e9a8)] -> xpath: //li[contains(text(),'帮助文档管理')]]之后执行...
2019-11-19 12:04:48,333 [main] DEBUG cn.ac.util.WebEventListener [WebEventListener.java : 68] - 找到标签前 : By.xpath: //span[@class='searchtoolbar-search-span']
2019-11-19 12:04:48,614 [main] DEBUG cn.ac.util.WebEventListener [WebEventListener.java : 72] - 找到标签后 : By.xpath: //span[@class='searchtoolbar-search-span']
2019-11-19 12:04:48,615 [main] DEBUG cn.ac.util.WebEventListener [WebEventListener.java : 40] - 点击标签: [[ChromeDriver: chrome on XP (1acd78c5cb5827a4564b3e08f818e9a8)] -> xpath: //span[@class='searchtoolbar-search-span']]之前执行...
2019-11-19 12:04:48,644 [main] DEBUG cn.ac.util.WebEventListener [WebEventListener.java : 44] - 点击标签之后: [[ChromeDriver: chrome on XP (1acd78c5cb5827a4564b3e08f818e9a8)] -> xpath: //span[@class='searchtoolbar-search-span']]之后执行...
2019-11-19 12:04:50,145 [main] DEBUG cn.ac.util.WebEventListener [WebEventListener.java : 68] - 找到标签前 : By.xpath: //select[@class='swPageSelect-select']
2019-11-19 12:04:50,155 [main] DEBUG cn.ac.util.WebEventListener [WebEventListener.java : 72] - 找到标签后 : By.xpath: //select[@class='swPageSelect-select']
2019-11-19 12:04:50,156 [main] DEBUG cn.ac.util.WebEventListener [WebEventListener.java : 40] - 点击标签: [[ChromeDriver: chrome on XP (1acd78c5cb5827a4564b3e08f818e9a8)] -> xpath: //select[@class='swPageSelect-select']]之前执行...
2019-11-19 12:04:50,211 [main] DEBUG cn.ac.util.WebEventListener [WebEventListener.java : 44] - 点击标签之后: [[ChromeDriver: chrome on XP (1acd78c5cb5827a4564b3e08f818e9a8)] -> xpath: //select[@class='swPageSelect-select']]之后执行...
2019-11-19 12:04:50,211 [main] DEBUG cn.ac.util.WebEventListener [WebEventListener.java : 68] - 找到标签前 : By.xpath: //option[@value='5']
2019-11-19 12:04:50,223 [main] DEBUG cn.ac.util.WebEventListener [WebEventListener.java : 72] - 找到标签后 : By.xpath: //option[@value='5']
2019-11-19 12:04:50,224 [main] DEBUG cn.ac.util.WebEventListener [WebEventListener.java : 40] - 点击标签: [[ChromeDriver: chrome on XP (1acd78c5cb5827a4564b3e08f818e9a8)] -> xpath: //option[@value='5']]之前执行...
2019-11-19 12:04:50,249 [main] DEBUG cn.ac.util.WebEventListener [WebEventListener.java : 44] - 点击标签之后: [[ChromeDriver: chrome on XP (1acd78c5cb5827a4564b3e08f818e9a8)] -> xpath: //option[@value='5']]之后执行...
2019-11-19 12:04:51,750 [main] DEBUG cn.ac.util.WebEventListener [WebEventListener.java : 68] - 找到标签前 : By.xpath: //span[contains(text(),'下一页')]
2019-11-19 12:04:51,764 [main] DEBUG cn.ac.util.WebEventListener [WebEventListener.java : 72] - 找到标签后 : By.xpath: //span[contains(text(),'下一页')]
2019-11-19 12:04:51,765 [main] DEBUG cn.ac.util.WebEventListener [WebEventListener.java : 40] - 点击标签: [[ChromeDriver: chrome on XP (1acd78c5cb5827a4564b3e08f818e9a8)] -> xpath: //span[contains(text(),'下一页')]]之前执行...
2019-11-19 12:04:51,795 [main] DEBUG cn.ac.util.WebEventListener [WebEventListener.java : 44] - 点击标签之后: [[ChromeDriver: chrome on XP (1acd78c5cb5827a4564b3e08f818e9a8)] -> xpath: //span[contains(text(),'下一页')]]之后执行...
2019-11-19 12:04:53,300 [main] DEBUG cn.ac.util.WebEventListener [WebEventListener.java : 68] - 找到标签前 : By.xpath: //input[@class='swPageSelect-onePage']
2019-11-19 12:04:53,311 [main] DEBUG cn.ac.util.WebEventListener [WebEventListener.java : 72] - 找到标签后 : By.xpath: //input[@class='swPageSelect-onePage']
2019-11-19 12:04:58,590 [main] DEBUG cn.ac.util.WebEventListener [WebEventListener.java : 68] - 找到标签前 : By.chained({By.xpath: //button[@class='helpdoc-change']})
2019-11-19 12:04:58,608 [main] DEBUG cn.ac.util.WebEventListener [WebEventListener.java : 72] - 找到标签后 : By.chained({By.xpath: //button[@class='helpdoc-change']})
2019-11-19 12:04:58,608 [main] DEBUG cn.ac.util.WebEventListener [WebEventListener.java : 68] - 找到标签前 : By.chained({By.xpath: //button[@class='helpdoc-change']})
2019-11-19 12:04:58,618 [main] DEBUG cn.ac.util.WebEventListener [WebEventListener.java : 72] - 找到标签后 : By.chained({By.xpath: //button[@class='helpdoc-change']})
2019-11-19 12:04:58,619 [main] DEBUG cn.ac.util.WebEventListener [WebEventListener.java : 40] - 点击标签: [[ChromeDriver: chrome on XP (1acd78c5cb5827a4564b3e08f818e9a8)] -> xpath: //button[@class='helpdoc-change']]之前执行...
2019-11-19 12:04:58,656 [main] DEBUG cn.ac.util.WebEventListener [WebEventListener.java : 44] - 点击标签之后: [[ChromeDriver: chrome on XP (1acd78c5cb5827a4564b3e08f818e9a8)] -> xpath: //button[@class='helpdoc-change']]之后执行...
2019-11-19 12:04:58,656 [main] DEBUG cn.ac.util.WebEventListener [WebEventListener.java : 68] - 找到标签前 : By.xpath: //input[@class='helpdoc-helpdocdesc']
2019-11-19 12:04:58,668 [main] DEBUG cn.ac.util.WebEventListener [WebEventListener.java : 72] - 找到标签后 : By.xpath: //input[@class='helpdoc-helpdocdesc']
2019-11-19 12:04:58,733 [main] DEBUG cn.ac.util.WebEventListener [WebEventListener.java : 68] - 找到标签前 : By.xpath: //input[@class='helpdoc-helpdocdir']
2019-11-19 12:04:58,743 [main] DEBUG cn.ac.util.WebEventListener [WebEventListener.java : 72] - 找到标签后 : By.xpath: //input[@class='helpdoc-helpdocdir']
2019-11-19 12:04:58,791 [main] DEBUG cn.ac.util.WebEventListener [WebEventListener.java : 68] - 找到标签前 : By.xpath: //button[@class='helpdoc-submit']
2019-11-19 12:04:58,801 [main] DEBUG cn.ac.util.WebEventListener [WebEventListener.java : 72] - 找到标签后 : By.xpath: //button[@class='helpdoc-submit']
2019-11-19 12:04:58,801 [main] DEBUG cn.ac.util.WebEventListener [WebEventListener.java : 40] - 点击标签: [[ChromeDriver: chrome on XP (1acd78c5cb5827a4564b3e08f818e9a8)] -> xpath: //button[@class='helpdoc-submit']]之前执行...
2019-11-19 12:04:58,837 [main] DEBUG cn.ac.util.WebEventListener [WebEventListener.java : 44] - 点击标签之后: [[ChromeDriver: chrome on XP (1acd78c5cb5827a4564b3e08f818e9a8)] -> xpath: //button[@class='helpdoc-submit']]之后执行...
2019-11-19 12:04:58,837 [main] DEBUG cn.ac.util.WebEventListener [WebEventListener.java : 68] - 找到标签前 : By.xpath: //span[contains(text(),'确定')]
2019-11-19 12:04:58,849 [main] DEBUG cn.ac.util.WebEventListener [WebEventListener.java : 72] - 找到标签后 : By.xpath: //span[contains(text(),'确定')]
2019-11-19 12:04:58,850 [main] DEBUG cn.ac.util.WebEventListener [WebEventListener.java : 40] - 点击标签: [[ChromeDriver: chrome on XP (1acd78c5cb5827a4564b3e08f818e9a8)] -> xpath: //span[contains(text(),'确定')]]之前执行...
2019-11-19 12:04:58,887 [main] DEBUG cn.ac.util.WebEventListener [WebEventListener.java : 44] - 点击标签之后: [[ChromeDriver: chrome on XP (1acd78c5cb5827a4564b3e08f818e9a8)] -> xpath: //span[contains(text(),'确定')]]之后执行...
2019-11-19 12:04:58,887 [main] DEBUG cn.ac.util.WebEventListener [WebEventListener.java : 68] - 找到标签前 : By.xpath: //span[@class='mainModel-alert-sure']
2019-11-19 12:05:09,058 [main] DEBUG cn.ac.util.WebEventListener [WebEventListener.java : 72] - 找到标签后 : By.xpath: //span[@class='mainModel-alert-sure']
2019-11-19 12:05:09,059 [main] DEBUG cn.ac.util.WebEventListener [WebEventListener.java : 40] - 点击标签: [[ChromeDriver: chrome on XP (1acd78c5cb5827a4564b3e08f818e9a8)] -> xpath: //span[@class='mainModel-alert-sure']]之前执行...
2019-11-19 12:05:09,088 [main] DEBUG cn.ac.util.WebEventListener [WebEventListener.java : 44] - 点击标签之后: [[ChromeDriver: chrome on XP (1acd78c5cb5827a4564b3e08f818e9a8)] -> xpath: //span[@class='mainModel-alert-sure']]之后执行...
2019-11-19 12:05:10,590 [main] DEBUG cn.ac.util.WebEventListener [WebEventListener.java : 68] - 找到标签前 : By.xpath: //span[contains(text(),'下载')][1]
2019-11-19 12:05:10,612 [main] DEBUG cn.ac.util.WebEventListener [WebEventListener.java : 72] - 找到标签后 : By.xpath: //span[contains(text(),'下载')][1]
2019-11-19 12:05:10,613 [main] DEBUG cn.ac.util.WebEventListener [WebEventListener.java : 40] - 点击标签: [[ChromeDriver: chrome on XP (1acd78c5cb5827a4564b3e08f818e9a8)] -> xpath: //span[contains(text(),'下载')][1]]之前执行...
2019-11-19 12:05:10,670 [main] DEBUG cn.ac.util.WebEventListener [WebEventListener.java : 44] - 点击标签之后: [[ChromeDriver: chrome on XP (1acd78c5cb5827a4564b3e08f818e9a8)] -> xpath: //span[contains(text(),'下载')][1]]之后执行...
2019-11-19 12:05:12,690 [main] DEBUG cn.ac.util.WebEventListener [WebEventListener.java : 68] - 找到标签前 : By.chained({By.xpath: //tbody[@class='showdatagrid-tbody']/tr[1]/td[1]})
2019-11-19 12:05:12,709 [main] DEBUG cn.ac.util.WebEventListener [WebEventListener.java : 72] - 找到标签后 : By.chained({By.xpath: //tbody[@class='showdatagrid-tbody']/tr[1]/td[1]})
2019-11-19 12:05:12,709 [main] DEBUG cn.ac.util.WebEventListener [WebEventListener.java : 40] - 点击标签: [[ChromeDriver: chrome on XP (1acd78c5cb5827a4564b3e08f818e9a8)] -> xpath: //tbody[@class='showdatagrid-tbody']/tr[1]/td[1]]之前执行...
2019-11-19 12:05:12,745 [main] DEBUG cn.ac.util.WebEventListener [WebEventListener.java : 44] - 点击标签之后: [[ChromeDriver: chrome on XP (1acd78c5cb5827a4564b3e08f818e9a8)] -> xpath: //tbody[@class='showdatagrid-tbody']/tr[1]/td[1]]之后执行...
2019-11-19 12:05:12,746 [main] DEBUG cn.ac.util.WebEventListener [WebEventListener.java : 68] - 找到标签前 : By.xpath: //span[contains(text(),'确定')]
2019-11-19 12:05:12,755 [main] DEBUG cn.ac.util.WebEventListener [WebEventListener.java : 72] - 找到标签后 : By.xpath: //span[contains(text(),'确定')]
2019-11-19 12:05:12,756 [main] DEBUG cn.ac.util.WebEventListener [WebEventListener.java : 40] - 点击标签: [[ChromeDriver: chrome on XP (1acd78c5cb5827a4564b3e08f818e9a8)] -> xpath: //span[contains(text(),'确定')]]之前执行...
2019-11-19 12:05:12,802 [main] DEBUG cn.ac.util.WebEventListener [WebEventListener.java : 44] - 点击标签之后: [[ChromeDriver: chrome on XP (1acd78c5cb5827a4564b3e08f818e9a8)] -> xpath: //span[contains(text(),'确定')]]之后执行...
2019-11-19 12:05:12,802 [main] DEBUG cn.ac.util.WebEventListener [WebEventListener.java : 68] - 找到标签前 : By.xpath: //span[@class='mainModel-alert-sure']
2019-11-19 12:05:13,082 [main] DEBUG cn.ac.util.WebEventListener [WebEventListener.java : 72] - 找到标签后 : By.xpath: //span[@class='mainModel-alert-sure']
2019-11-19 12:05:13,083 [main] DEBUG cn.ac.util.WebEventListener [WebEventListener.java : 40] - 点击标签: [[ChromeDriver: chrome on XP (1acd78c5cb5827a4564b3e08f818e9a8)] -> xpath: //span[@class='mainModel-alert-sure']]之前执行...
2019-11-19 12:05:13,110 [main] DEBUG cn.ac.util.WebEventListener [WebEventListener.java : 44] - 点击标签之后: [[ChromeDriver: chrome on XP (1acd78c5cb5827a4564b3e08f818e9a8)] -> xpath: //span[@class='mainModel-alert-sure']]之后执行...
