2019-11-18 10:02:38,349 [main] DEBUG cn.ac.util.WebEventListener [WebEventListener.java : 24] - Before navigating to: 'http://localhost:8010/public/saas/sam/admin/main/html/main.html'
2019-11-18 10:02:38,826 [main] DEBUG cn.ac.util.WebEventListener [WebEventListener.java : 28] - Navigated to:'http://localhost:8010/public/saas/sam/admin/main/html/main.html'
2019-11-18 10:02:38,826 [main] DEBUG cn.ac.util.WebEventListener [WebEventListener.java : 68] - 找到标签前 : By.name: login_user
2019-11-18 10:02:39,197 [main] DEBUG cn.ac.util.WebEventListener [WebEventListener.java : 72] - 找到标签后 : By.name: login_user
2019-11-18 10:02:39,255 [main] DEBUG cn.ac.util.WebEventListener [WebEventListener.java : 68] - 找到标签前 : By.name: login_pas
2019-11-18 10:02:39,271 [main] DEBUG cn.ac.util.WebEventListener [WebEventListener.java : 72] - 找到标签后 : By.name: login_pas
2019-11-18 10:02:39,331 [main] DEBUG cn.ac.util.WebEventListener [WebEventListener.java : 68] - 找到标签前 : By.xpath: //div[@class='login-sub']
2019-11-18 10:02:39,343 [main] DEBUG cn.ac.util.WebEventListener [WebEventListener.java : 72] - 找到标签后 : By.xpath: //div[@class='login-sub']
2019-11-18 10:02:39,344 [main] DEBUG cn.ac.util.WebEventListener [WebEventListener.java : 40] - 点击标签: [[ChromeDriver: chrome on XP (3a9caa488d676b5e1473099175c23578)] -> xpath: //div[@class='login-sub']]之前执行...
2019-11-18 10:02:39,415 [main] DEBUG cn.ac.util.WebEventListener [WebEventListener.java : 44] - 点击标签之后: [[ChromeDriver: chrome on XP (3a9caa488d676b5e1473099175c23578)] -> xpath: //div[@class='login-sub']]之后执行...
2019-11-18 10:02:39,416 [main] DEBUG cn.ac.util.WebEventListener [WebEventListener.java : 68] - 找到标签前 : By.xpath: //span[contains(text(),'基础数据')]
2019-11-18 10:02:40,370 [main] DEBUG cn.ac.util.WebEventListener [WebEventListener.java : 72] - 找到标签后 : By.xpath: //span[contains(text(),'基础数据')]
2019-11-18 10:02:40,371 [main] DEBUG cn.ac.util.WebEventListener [WebEventListener.java : 40] - 点击标签: [[ChromeDriver: chrome on XP (3a9caa488d676b5e1473099175c23578)] -> xpath: //span[contains(text(),'基础数据')]]之前执行...
2019-11-18 10:02:40,403 [main] DEBUG cn.ac.util.WebEventListener [WebEventListener.java : 44] - 点击标签之后: [[ChromeDriver: chrome on XP (3a9caa488d676b5e1473099175c23578)] -> xpath: //span[contains(text(),'基础数据')]]之后执行...
2019-11-18 10:02:40,403 [main] DEBUG cn.ac.util.WebEventListener [WebEventListener.java : 68] - 找到标签前 : By.xpath: //span[contains(text(),'基础数据维护')]
2019-11-18 10:02:40,415 [main] DEBUG cn.ac.util.WebEventListener [WebEventListener.java : 72] - 找到标签后 : By.xpath: //span[contains(text(),'基础数据维护')]
2019-11-18 10:02:40,416 [main] DEBUG cn.ac.util.WebEventListener [WebEventListener.java : 40] - 点击标签: [[ChromeDriver: chrome on XP (3a9caa488d676b5e1473099175c23578)] -> xpath: //span[contains(text(),'基础数据维护')]]之前执行...
2019-11-18 10:02:40,453 [main] DEBUG cn.ac.util.WebEventListener [WebEventListener.java : 44] - 点击标签之后: [[ChromeDriver: chrome on XP (3a9caa488d676b5e1473099175c23578)] -> xpath: //span[contains(text(),'基础数据维护')]]之后执行...
2019-11-18 10:02:40,453 [main] DEBUG cn.ac.util.WebEventListener [WebEventListener.java : 68] - 找到标签前 : By.xpath: //li[contains(text(),'帮助文档管理')]
2019-11-18 10:02:40,466 [main] DEBUG cn.ac.util.WebEventListener [WebEventListener.java : 72] - 找到标签后 : By.xpath: //li[contains(text(),'帮助文档管理')]
2019-11-18 10:02:40,466 [main] DEBUG cn.ac.util.WebEventListener [WebEventListener.java : 40] - 点击标签: [[ChromeDriver: chrome on XP (3a9caa488d676b5e1473099175c23578)] -> xpath: //li[contains(text(),'帮助文档管理')]]之前执行...
2019-11-18 10:02:40,506 [main] DEBUG cn.ac.util.WebEventListener [WebEventListener.java : 44] - 点击标签之后: [[ChromeDriver: chrome on XP (3a9caa488d676b5e1473099175c23578)] -> xpath: //li[contains(text(),'帮助文档管理')]]之后执行...
2019-11-18 10:02:40,507 [main] DEBUG cn.ac.util.WebEventListener [WebEventListener.java : 68] - 找到标签前 : By.xpath: //span[@class='searchtoolbar-search-span']
2019-11-18 10:02:40,741 [main] DEBUG cn.ac.util.WebEventListener [WebEventListener.java : 72] - 找到标签后 : By.xpath: //span[@class='searchtoolbar-search-span']
2019-11-18 10:02:40,742 [main] DEBUG cn.ac.util.WebEventListener [WebEventListener.java : 40] - 点击标签: [[ChromeDriver: chrome on XP (3a9caa488d676b5e1473099175c23578)] -> xpath: //span[@class='searchtoolbar-search-span']]之前执行...
2019-11-18 10:02:40,784 [main] DEBUG cn.ac.util.WebEventListener [WebEventListener.java : 44] - 点击标签之后: [[ChromeDriver: chrome on XP (3a9caa488d676b5e1473099175c23578)] -> xpath: //span[@class='searchtoolbar-search-span']]之后执行...
2019-11-18 10:02:44,307 [main] DEBUG cn.ac.util.WebEventListener [WebEventListener.java : 68] - 找到标签前 : By.xpath: //img[@class='searchtoolbar-batchAdd']
2019-11-18 10:02:44,322 [main] DEBUG cn.ac.util.WebEventListener [WebEventListener.java : 72] - 找到标签后 : By.xpath: //img[@class='searchtoolbar-batchAdd']
2019-11-18 10:02:44,322 [main] DEBUG cn.ac.util.WebEventListener [WebEventListener.java : 40] - 点击标签: [[ChromeDriver: chrome on XP (3a9caa488d676b5e1473099175c23578)] -> xpath: //img[@class='searchtoolbar-batchAdd']]之前执行...
2019-11-18 10:02:44,367 [main] DEBUG cn.ac.util.WebEventListener [WebEventListener.java : 44] - 点击标签之后: [[ChromeDriver: chrome on XP (3a9caa488d676b5e1473099175c23578)] -> xpath: //img[@class='searchtoolbar-batchAdd']]之后执行...
2019-11-18 10:02:44,367 [main] DEBUG cn.ac.util.WebEventListener [WebEventListener.java : 68] - 找到标签前 : By.xpath: //input[@class='helpdoc-helpdocdesc']
2019-11-18 10:02:44,378 [main] DEBUG cn.ac.util.WebEventListener [WebEventListener.java : 72] - 找到标签后 : By.xpath: //input[@class='helpdoc-helpdocdesc']
2019-11-18 10:02:44,445 [main] DEBUG cn.ac.util.WebEventListener [WebEventListener.java : 68] - 找到标签前 : By.xpath: //input[@class='helpdoc-helpdocdir']
2019-11-18 10:02:44,455 [main] DEBUG cn.ac.util.WebEventListener [WebEventListener.java : 72] - 找到标签后 : By.xpath: //input[@class='helpdoc-helpdocdir']
2019-11-18 10:02:44,494 [main] DEBUG cn.ac.util.WebEventListener [WebEventListener.java : 68] - 找到标签前 : By.xpath: //input[@class='helpdoc-file']
2019-11-18 10:02:44,505 [main] DEBUG cn.ac.util.WebEventListener [WebEventListener.java : 72] - 找到标签后 : By.xpath: //input[@class='helpdoc-file']
2019-11-18 10:02:44,521 [main] DEBUG cn.ac.util.WebEventListener [WebEventListener.java : 68] - 找到标签前 : By.xpath: //button[@class='helpdoc-submit']
2019-11-18 10:02:44,532 [main] DEBUG cn.ac.util.WebEventListener [WebEventListener.java : 72] - 找到标签后 : By.xpath: //button[@class='helpdoc-submit']
2019-11-18 10:02:44,532 [main] DEBUG cn.ac.util.WebEventListener [WebEventListener.java : 40] - 点击标签: [[ChromeDriver: chrome on XP (3a9caa488d676b5e1473099175c23578)] -> xpath: //button[@class='helpdoc-submit']]之前执行...
2019-11-18 10:02:44,589 [main] DEBUG cn.ac.util.WebEventListener [WebEventListener.java : 44] - 点击标签之后: [[ChromeDriver: chrome on XP (3a9caa488d676b5e1473099175c23578)] -> xpath: //button[@class='helpdoc-submit']]之后执行...
2019-11-18 10:02:44,590 [main] DEBUG cn.ac.util.WebEventListener [WebEventListener.java : 68] - 找到标签前 : By.xpath: //span[contains(text(),'确定')]
2019-11-18 10:02:45,529 [main] DEBUG cn.ac.util.WebEventListener [WebEventListener.java : 72] - 找到标签后 : By.xpath: //span[contains(text(),'确定')]
2019-11-18 10:02:45,530 [main] DEBUG cn.ac.util.WebEventListener [WebEventListener.java : 40] - 点击标签: [[ChromeDriver: chrome on XP (3a9caa488d676b5e1473099175c23578)] -> xpath: //span[contains(text(),'确定')]]之前执行...
2019-11-18 10:02:45,560 [main] DEBUG cn.ac.util.WebEventListener [WebEventListener.java : 44] - 点击标签之后: [[ChromeDriver: chrome on XP (3a9caa488d676b5e1473099175c23578)] -> xpath: //span[contains(text(),'确定')]]之后执行...
2019-11-18 10:02:49,079 [main] DEBUG cn.ac.util.WebEventListener [WebEventListener.java : 68] - 找到标签前 : By.xpath: //select[@class='swPageSelect-select']
2019-11-18 10:02:49,094 [main] DEBUG cn.ac.util.WebEventListener [WebEventListener.java : 72] - 找到标签后 : By.xpath: //select[@class='swPageSelect-select']
2019-11-18 10:02:49,094 [main] DEBUG cn.ac.util.WebEventListener [WebEventListener.java : 40] - 点击标签: [[ChromeDriver: chrome on XP (3a9caa488d676b5e1473099175c23578)] -> xpath: //select[@class='swPageSelect-select']]之前执行...
2019-11-18 10:02:49,159 [main] DEBUG cn.ac.util.WebEventListener [WebEventListener.java : 44] - 点击标签之后: [[ChromeDriver: chrome on XP (3a9caa488d676b5e1473099175c23578)] -> xpath: //select[@class='swPageSelect-select']]之后执行...
2019-11-18 10:02:49,159 [main] DEBUG cn.ac.util.WebEventListener [WebEventListener.java : 68] - 找到标签前 : By.xpath: //option[@value='5']
2019-11-18 10:02:49,170 [main] DEBUG cn.ac.util.WebEventListener [WebEventListener.java : 72] - 找到标签后 : By.xpath: //option[@value='5']
2019-11-18 10:02:49,170 [main] DEBUG cn.ac.util.WebEventListener [WebEventListener.java : 40] - 点击标签: [[ChromeDriver: chrome on XP (3a9caa488d676b5e1473099175c23578)] -> xpath: //option[@value='5']]之前执行...
2019-11-18 10:02:49,198 [main] DEBUG cn.ac.util.WebEventListener [WebEventListener.java : 44] - 点击标签之后: [[ChromeDriver: chrome on XP (3a9caa488d676b5e1473099175c23578)] -> xpath: //option[@value='5']]之后执行...
2019-11-18 10:02:52,712 [main] DEBUG cn.ac.util.WebEventListener [WebEventListener.java : 68] - 找到标签前 : By.xpath: //span[contains(text(),'下一页')]
2019-11-18 10:02:52,724 [main] DEBUG cn.ac.util.WebEventListener [WebEventListener.java : 72] - 找到标签后 : By.xpath: //span[contains(text(),'下一页')]
2019-11-18 10:02:52,725 [main] DEBUG cn.ac.util.WebEventListener [WebEventListener.java : 40] - 点击标签: [[ChromeDriver: chrome on XP (3a9caa488d676b5e1473099175c23578)] -> xpath: //span[contains(text(),'下一页')]]之前执行...
2019-11-18 10:02:52,753 [main] DEBUG cn.ac.util.WebEventListener [WebEventListener.java : 44] - 点击标签之后: [[ChromeDriver: chrome on XP (3a9caa488d676b5e1473099175c23578)] -> xpath: //span[contains(text(),'下一页')]]之后执行...
2019-11-18 10:02:56,267 [main] DEBUG cn.ac.util.WebEventListener [WebEventListener.java : 68] - 找到标签前 : By.xpath: //input[@class='swPageSelect-onePage']
2019-11-18 10:02:56,282 [main] DEBUG cn.ac.util.WebEventListener [WebEventListener.java : 72] - 找到标签后 : By.xpath: //input[@class='swPageSelect-onePage']
2019-11-18 10:03:03,598 [main] DEBUG cn.ac.util.WebEventListener [WebEventListener.java : 68] - 找到标签前 : By.chained({By.xpath: //button[@class='helpdoc-change']})
2019-11-18 10:03:03,616 [main] DEBUG cn.ac.util.WebEventListener [WebEventListener.java : 72] - 找到标签后 : By.chained({By.xpath: //button[@class='helpdoc-change']})
2019-11-18 10:03:03,616 [main] DEBUG cn.ac.util.WebEventListener [WebEventListener.java : 68] - 找到标签前 : By.chained({By.xpath: //button[@class='helpdoc-change']})
2019-11-18 10:03:03,632 [main] DEBUG cn.ac.util.WebEventListener [WebEventListener.java : 72] - 找到标签后 : By.chained({By.xpath: //button[@class='helpdoc-change']})
2019-11-18 10:03:03,632 [main] DEBUG cn.ac.util.WebEventListener [WebEventListener.java : 40] - 点击标签: [[ChromeDriver: chrome on XP (3a9caa488d676b5e1473099175c23578)] -> xpath: //button[@class='helpdoc-change']]之前执行...
2019-11-18 10:03:03,676 [main] DEBUG cn.ac.util.WebEventListener [WebEventListener.java : 44] - 点击标签之后: [[ChromeDriver: chrome on XP (3a9caa488d676b5e1473099175c23578)] -> xpath: //button[@class='helpdoc-change']]之后执行...
2019-11-18 10:03:03,677 [main] DEBUG cn.ac.util.WebEventListener [WebEventListener.java : 68] - 找到标签前 : By.xpath: //input[@class='helpdoc-helpdocdesc']
2019-11-18 10:03:03,687 [main] DEBUG cn.ac.util.WebEventListener [WebEventListener.java : 72] - 找到标签后 : By.xpath: //input[@class='helpdoc-helpdocdesc']
2019-11-18 10:03:03,722 [main] DEBUG cn.ac.util.WebEventListener [WebEventListener.java : 68] - 找到标签前 : By.xpath: //input[@class='helpdoc-helpdocdesc']
2019-11-18 10:03:03,730 [main] DEBUG cn.ac.util.WebEventListener [WebEventListener.java : 72] - 找到标签后 : By.xpath: //input[@class='helpdoc-helpdocdesc']
2019-11-18 10:03:03,766 [main] DEBUG cn.ac.util.WebEventListener [WebEventListener.java : 68] - 找到标签前 : By.xpath: //input[@class='helpdoc-helpdocdir']
2019-11-18 10:03:03,777 [main] DEBUG cn.ac.util.WebEventListener [WebEventListener.java : 72] - 找到标签后 : By.xpath: //input[@class='helpdoc-helpdocdir']
2019-11-18 10:03:03,806 [main] DEBUG cn.ac.util.WebEventListener [WebEventListener.java : 68] - 找到标签前 : By.xpath: //input[@class='helpdoc-helpdocdir']
2019-11-18 10:03:03,813 [main] DEBUG cn.ac.util.WebEventListener [WebEventListener.java : 72] - 找到标签后 : By.xpath: //input[@class='helpdoc-helpdocdir']
2019-11-18 10:03:03,843 [main] DEBUG cn.ac.util.WebEventListener [WebEventListener.java : 68] - 找到标签前 : By.xpath: //button[@class='helpdoc-updata']
2019-11-18 10:03:03,853 [main] DEBUG cn.ac.util.WebEventListener [WebEventListener.java : 72] - 找到标签后 : By.xpath: //button[@class='helpdoc-updata']
2019-11-18 10:03:03,854 [main] DEBUG cn.ac.util.WebEventListener [WebEventListener.java : 40] - 点击标签: [[ChromeDriver: chrome on XP (3a9caa488d676b5e1473099175c23578)] -> xpath: //button[@class='helpdoc-updata']]之前执行...
2019-11-18 10:03:03,891 [main] DEBUG cn.ac.util.WebEventListener [WebEventListener.java : 44] - 点击标签之后: [[ChromeDriver: chrome on XP (3a9caa488d676b5e1473099175c23578)] -> xpath: //button[@class='helpdoc-updata']]之后执行...
2019-11-18 10:03:07,401 [main] DEBUG cn.ac.util.WebEventListener [WebEventListener.java : 68] - 找到标签前 : By.xpath: //span[contains(text(),'下载')][1]
2019-11-18 10:03:07,417 [main] DEBUG cn.ac.util.WebEventListener [WebEventListener.java : 72] - 找到标签后 : By.xpath: //span[contains(text(),'下载')][1]
2019-11-18 10:03:07,417 [main] DEBUG cn.ac.util.WebEventListener [WebEventListener.java : 40] - 点击标签: [[ChromeDriver: chrome on XP (3a9caa488d676b5e1473099175c23578)] -> xpath: //span[contains(text(),'下载')][1]]之前执行...
2019-11-18 10:03:07,496 [main] DEBUG cn.ac.util.WebEventListener [WebEventListener.java : 44] - 点击标签之后: [[ChromeDriver: chrome on XP (3a9caa488d676b5e1473099175c23578)] -> xpath: //span[contains(text(),'下载')][1]]之后执行...
2019-11-18 10:03:11,584 [main] DEBUG cn.ac.util.WebEventListener [WebEventListener.java : 24] - Before navigating to: 'http://localhost:8010/public/saas/sam/admin/main/html/main.html'
2019-11-18 10:03:11,656 [main] DEBUG cn.ac.util.WebEventListener [WebEventListener.java : 28] - Navigated to:'http://localhost:8010/public/saas/sam/admin/main/html/main.html'
2019-11-18 10:03:11,668 [main] DEBUG cn.ac.util.WebEventListener [WebEventListener.java : 68] - 找到标签前 : By.name: login_user
2019-11-18 10:03:11,858 [main] DEBUG cn.ac.util.WebEventListener [WebEventListener.java : 72] - 找到标签后 : By.name: login_user
2019-11-18 10:03:11,898 [main] DEBUG cn.ac.util.WebEventListener [WebEventListener.java : 68] - 找到标签前 : By.name: login_pas
2019-11-18 10:03:11,910 [main] DEBUG cn.ac.util.WebEventListener [WebEventListener.java : 72] - 找到标签后 : By.name: login_pas
2019-11-18 10:03:11,961 [main] DEBUG cn.ac.util.WebEventListener [WebEventListener.java : 68] - 找到标签前 : By.xpath: //div[@class='login-sub']
2019-11-18 10:03:11,973 [main] DEBUG cn.ac.util.WebEventListener [WebEventListener.java : 72] - 找到标签后 : By.xpath: //div[@class='login-sub']
2019-11-18 10:03:11,973 [main] DEBUG cn.ac.util.WebEventListener [WebEventListener.java : 40] - 点击标签: [[ChromeDriver: chrome on XP (3a9caa488d676b5e1473099175c23578)] -> xpath: //div[@class='login-sub']]之前执行...
2019-11-18 10:03:12,017 [main] DEBUG cn.ac.util.WebEventListener [WebEventListener.java : 44] - 点击标签之后: [[ChromeDriver: chrome on XP (3a9caa488d676b5e1473099175c23578)] -> xpath: //div[@class='login-sub']]之后执行...
2019-11-18 10:03:12,019 [main] DEBUG cn.ac.util.WebEventListener [WebEventListener.java : 68] - 找到标签前 : By.xpath: //span[contains(text(),'基础数据')]
2019-11-18 10:03:12,844 [main] DEBUG cn.ac.util.WebEventListener [WebEventListener.java : 72] - 找到标签后 : By.xpath: //span[contains(text(),'基础数据')]
2019-11-18 10:03:12,845 [main] DEBUG cn.ac.util.WebEventListener [WebEventListener.java : 40] - 点击标签: [[ChromeDriver: chrome on XP (3a9caa488d676b5e1473099175c23578)] -> xpath: //span[contains(text(),'基础数据')]]之前执行...
2019-11-18 10:03:12,874 [main] DEBUG cn.ac.util.WebEventListener [WebEventListener.java : 44] - 点击标签之后: [[ChromeDriver: chrome on XP (3a9caa488d676b5e1473099175c23578)] -> xpath: //span[contains(text(),'基础数据')]]之后执行...
2019-11-18 10:03:12,875 [main] DEBUG cn.ac.util.WebEventListener [WebEventListener.java : 68] - 找到标签前 : By.xpath: //span[contains(text(),'基础数据维护')]
2019-11-18 10:03:12,887 [main] DEBUG cn.ac.util.WebEventListener [WebEventListener.java : 72] - 找到标签后 : By.xpath: //span[contains(text(),'基础数据维护')]
2019-11-18 10:03:12,887 [main] DEBUG cn.ac.util.WebEventListener [WebEventListener.java : 40] - 点击标签: [[ChromeDriver: chrome on XP (3a9caa488d676b5e1473099175c23578)] -> xpath: //span[contains(text(),'基础数据维护')]]之前执行...
2019-11-18 10:03:12,920 [main] DEBUG cn.ac.util.WebEventListener [WebEventListener.java : 44] - 点击标签之后: [[ChromeDriver: chrome on XP (3a9caa488d676b5e1473099175c23578)] -> xpath: //span[contains(text(),'基础数据维护')]]之后执行...
2019-11-18 10:03:12,920 [main] DEBUG cn.ac.util.WebEventListener [WebEventListener.java : 68] - 找到标签前 : By.xpath: //li[contains(text(),'协同定义')]
2019-11-18 10:03:12,931 [main] DEBUG cn.ac.util.WebEventListener [WebEventListener.java : 72] - 找到标签后 : By.xpath: //li[contains(text(),'协同定义')]
2019-11-18 10:03:12,931 [main] DEBUG cn.ac.util.WebEventListener [WebEventListener.java : 40] - 点击标签: [[ChromeDriver: chrome on XP (3a9caa488d676b5e1473099175c23578)] -> xpath: //li[contains(text(),'协同定义')]]之前执行...
2019-11-18 10:03:12,963 [main] DEBUG cn.ac.util.WebEventListener [WebEventListener.java : 44] - 点击标签之后: [[ChromeDriver: chrome on XP (3a9caa488d676b5e1473099175c23578)] -> xpath: //li[contains(text(),'协同定义')]]之后执行...
2019-11-18 10:03:12,964 [main] DEBUG cn.ac.util.WebEventListener [WebEventListener.java : 68] - 找到标签前 : By.xpath: //img[@class='searchtoolbar-batchAdd']
2019-11-18 10:03:13,205 [main] DEBUG cn.ac.util.WebEventListener [WebEventListener.java : 72] - 找到标签后 : By.xpath: //img[@class='searchtoolbar-batchAdd']
2019-11-18 10:03:13,205 [main] DEBUG cn.ac.util.WebEventListener [WebEventListener.java : 40] - 点击标签: [[ChromeDriver: chrome on XP (3a9caa488d676b5e1473099175c23578)] -> xpath: //img[@class='searchtoolbar-batchAdd']]之前执行...
2019-11-18 10:03:13,245 [main] DEBUG cn.ac.util.WebEventListener [WebEventListener.java : 44] - 点击标签之后: [[ChromeDriver: chrome on XP (3a9caa488d676b5e1473099175c23578)] -> xpath: //img[@class='searchtoolbar-batchAdd']]之后执行...
2019-11-18 10:03:13,245 [main] DEBUG cn.ac.util.WebEventListener [WebEventListener.java : 68] - 找到标签前 : By.chained({By.xpath: //tbody[@class='showdatagrid-tbody']/tr[1]/td})
2019-11-18 10:03:13,256 [main] DEBUG cn.ac.util.WebEventListener [WebEventListener.java : 72] - 找到标签后 : By.chained({By.xpath: //tbody[@class='showdatagrid-tbody']/tr[1]/td})
2019-11-18 10:03:13,257 [main] DEBUG cn.ac.util.WebEventListener [WebEventListener.java : 68] - 找到标签前 : By.chained({By.xpath: //tbody[@class='showdatagrid-tbody']/tr[1]/td})
2019-11-18 10:03:13,265 [main] DEBUG cn.ac.util.WebEventListener [WebEventListener.java : 72] - 找到标签后 : By.chained({By.xpath: //tbody[@class='showdatagrid-tbody']/tr[1]/td})
2019-11-18 10:03:13,266 [main] DEBUG cn.ac.util.WebEventListener [WebEventListener.java : 40] - 点击标签: [[ChromeDriver: chrome on XP (3a9caa488d676b5e1473099175c23578)] -> xpath: //tbody[@class='showdatagrid-tbody']/tr[1]/td]之前执行...
2019-11-18 10:03:13,302 [main] DEBUG cn.ac.util.WebEventListener [WebEventListener.java : 44] - 点击标签之后: [[ChromeDriver: chrome on XP (3a9caa488d676b5e1473099175c23578)] -> xpath: //tbody[@class='showdatagrid-tbody']/tr[1]/td]之后执行...
2019-11-18 10:03:13,339 [main] DEBUG cn.ac.util.WebEventListener [WebEventListener.java : 68] - 找到标签前 : By.xpath: //input[@name='coordinationcode']
2019-11-18 10:03:13,350 [main] DEBUG cn.ac.util.WebEventListener [WebEventListener.java : 72] - 找到标签后 : By.xpath: //input[@name='coordinationcode']
2019-11-18 10:03:13,382 [main] DEBUG cn.ac.util.WebEventListener [WebEventListener.java : 68] - 找到标签前 : By.chained({By.xpath: //tbody[@class='showdatagrid-tbody']/tr[1]/td})
2019-11-18 10:03:13,389 [main] DEBUG cn.ac.util.WebEventListener [WebEventListener.java : 72] - 找到标签后 : By.chained({By.xpath: //tbody[@class='showdatagrid-tbody']/tr[1]/td})
2019-11-18 10:03:13,390 [main] DEBUG cn.ac.util.WebEventListener [WebEventListener.java : 40] - 点击标签: [[ChromeDriver: chrome on XP (3a9caa488d676b5e1473099175c23578)] -> xpath: //tbody[@class='showdatagrid-tbody']/tr[1]/td]之前执行...
2019-11-18 10:03:13,443 [main] DEBUG cn.ac.util.WebEventListener [WebEventListener.java : 44] - 点击标签之后: [[ChromeDriver: chrome on XP (3a9caa488d676b5e1473099175c23578)] -> xpath: //tbody[@class='showdatagrid-tbody']/tr[1]/td]之后执行...
2019-11-18 10:03:13,444 [main] DEBUG cn.ac.util.WebEventListener [WebEventListener.java : 68] - 找到标签前 : By.chained({By.xpath: //tbody[@class='showdatagrid-tbody']/tr[1]/td})
2019-11-18 10:03:13,450 [main] DEBUG cn.ac.util.WebEventListener [WebEventListener.java : 72] - 找到标签后 : By.chained({By.xpath: //tbody[@class='showdatagrid-tbody']/tr[1]/td})
2019-11-18 10:03:13,450 [main] DEBUG cn.ac.util.WebEventListener [WebEventListener.java : 68] - 找到标签前 : By.xpath: //input[@name='coordinationdesc']
2019-11-18 10:03:13,462 [main] DEBUG cn.ac.util.WebEventListener [WebEventListener.java : 72] - 找到标签后 : By.xpath: //input[@name='coordinationdesc']
2019-11-18 10:03:13,483 [main] DEBUG cn.ac.util.WebEventListener [WebEventListener.java : 68] - 找到标签前 : By.chained({By.xpath: //tbody[@class='showdatagrid-tbody']/tr[1]/td})
2019-11-18 10:03:13,491 [main] DEBUG cn.ac.util.WebEventListener [WebEventListener.java : 72] - 找到标签后 : By.chained({By.xpath: //tbody[@class='showdatagrid-tbody']/tr[1]/td})
2019-11-18 10:03:13,492 [main] DEBUG cn.ac.util.WebEventListener [WebEventListener.java : 40] - 点击标签: [[ChromeDriver: chrome on XP (3a9caa488d676b5e1473099175c23578)] -> xpath: //tbody[@class='showdatagrid-tbody']/tr[1]/td]之前执行...
2019-11-18 10:03:13,542 [main] DEBUG cn.ac.util.WebEventListener [WebEventListener.java : 44] - 点击标签之后: [[ChromeDriver: chrome on XP (3a9caa488d676b5e1473099175c23578)] -> xpath: //tbody[@class='showdatagrid-tbody']/tr[1]/td]之后执行...
2019-11-18 10:03:13,542 [main] DEBUG cn.ac.util.WebEventListener [WebEventListener.java : 68] - 找到标签前 : By.chained({By.xpath: //tbody[@class='showdatagrid-tbody']/tr[1]/td})
2019-11-18 10:03:13,550 [main] DEBUG cn.ac.util.WebEventListener [WebEventListener.java : 72] - 找到标签后 : By.chained({By.xpath: //tbody[@class='showdatagrid-tbody']/tr[1]/td})
2019-11-18 10:03:13,551 [main] DEBUG cn.ac.util.WebEventListener [WebEventListener.java : 68] - 找到标签前 : By.xpath: //ul/li[contains(text(),'企业间')]
2019-11-18 10:03:13,562 [main] DEBUG cn.ac.util.WebEventListener [WebEventListener.java : 72] - 找到标签后 : By.xpath: //ul/li[contains(text(),'企业间')]
2019-11-18 10:03:13,562 [main] DEBUG cn.ac.util.WebEventListener [WebEventListener.java : 40] - 点击标签: [[[[ChromeDriver: chrome on XP (3a9caa488d676b5e1473099175c23578)] -> xpath: //tbody[@class='showdatagrid-tbody']/tr[1]/td]] -> xpath: //ul/li[contains(text(),'企业间')]]之前执行...
2019-11-18 10:03:13,593 [main] DEBUG cn.ac.util.WebEventListener [WebEventListener.java : 44] - 点击标签之后: [[[[ChromeDriver: chrome on XP (3a9caa488d676b5e1473099175c23578)] -> xpath: //tbody[@class='showdatagrid-tbody']/tr[1]/td]] -> xpath: //ul/li[contains(text(),'企业间')]]之后执行...
2019-11-18 10:03:13,593 [main] DEBUG cn.ac.util.WebEventListener [WebEventListener.java : 68] - 找到标签前 : By.chained({By.xpath: //tbody[@class='showdatagrid-tbody']/tr[1]/td})
2019-11-18 10:03:13,603 [main] DEBUG cn.ac.util.WebEventListener [WebEventListener.java : 72] - 找到标签后 : By.chained({By.xpath: //tbody[@class='showdatagrid-tbody']/tr[1]/td})
2019-11-18 10:03:13,604 [main] DEBUG cn.ac.util.WebEventListener [WebEventListener.java : 40] - 点击标签: [[ChromeDriver: chrome on XP (3a9caa488d676b5e1473099175c23578)] -> xpath: //tbody[@class='showdatagrid-tbody']/tr[1]/td]之前执行...
2019-11-18 10:03:13,641 [main] DEBUG cn.ac.util.WebEventListener [WebEventListener.java : 44] - 点击标签之后: [[ChromeDriver: chrome on XP (3a9caa488d676b5e1473099175c23578)] -> xpath: //tbody[@class='showdatagrid-tbody']/tr[1]/td]之后执行...
2019-11-18 10:03:13,641 [main] DEBUG cn.ac.util.WebEventListener [WebEventListener.java : 68] - 找到标签前 : By.chained({By.xpath: //tbody[@class='showdatagrid-tbody']/tr[1]/td})
2019-11-18 10:03:13,649 [main] DEBUG cn.ac.util.WebEventListener [WebEventListener.java : 72] - 找到标签后 : By.chained({By.xpath: //tbody[@class='showdatagrid-tbody']/tr[1]/td})
2019-11-18 10:03:13,650 [main] DEBUG cn.ac.util.WebEventListener [WebEventListener.java : 68] - 找到标签前 : By.xpath: //input[@name='sourceclassname']
2019-11-18 10:03:13,659 [main] DEBUG cn.ac.util.WebEventListener [WebEventListener.java : 72] - 找到标签后 : By.xpath: //input[@name='sourceclassname']
2019-11-18 10:03:13,679 [main] DEBUG cn.ac.util.WebEventListener [WebEventListener.java : 68] - 找到标签前 : By.chained({By.xpath: //tbody[@class='showdatagrid-tbody']/tr[1]/td})
2019-11-18 10:03:13,689 [main] DEBUG cn.ac.util.WebEventListener [WebEventListener.java : 72] - 找到标签后 : By.chained({By.xpath: //tbody[@class='showdatagrid-tbody']/tr[1]/td})
2019-11-18 10:03:13,689 [main] DEBUG cn.ac.util.WebEventListener [WebEventListener.java : 40] - 点击标签: [[ChromeDriver: chrome on XP (3a9caa488d676b5e1473099175c23578)] -> xpath: //tbody[@class='showdatagrid-tbody']/tr[1]/td]之前执行...
2019-11-18 10:03:13,724 [main] DEBUG cn.ac.util.WebEventListener [WebEventListener.java : 44] - 点击标签之后: [[ChromeDriver: chrome on XP (3a9caa488d676b5e1473099175c23578)] -> xpath: //tbody[@class='showdatagrid-tbody']/tr[1]/td]之后执行...
2019-11-18 10:03:13,724 [main] DEBUG cn.ac.util.WebEventListener [WebEventListener.java : 68] - 找到标签前 : By.chained({By.xpath: //tbody[@class='showdatagrid-tbody']/tr[1]/td})
2019-11-18 10:03:13,733 [main] DEBUG cn.ac.util.WebEventListener [WebEventListener.java : 72] - 找到标签后 : By.chained({By.xpath: //tbody[@class='showdatagrid-tbody']/tr[1]/td})
2019-11-18 10:03:13,733 [main] DEBUG cn.ac.util.WebEventListener [WebEventListener.java : 68] - 找到标签前 : By.xpath: //input[@name='sourcemethodname']
2019-11-18 10:03:13,743 [main] DEBUG cn.ac.util.WebEventListener [WebEventListener.java : 72] - 找到标签后 : By.xpath: //input[@name='sourcemethodname']
2019-11-18 10:03:13,764 [main] DEBUG cn.ac.util.WebEventListener [WebEventListener.java : 68] - 找到标签前 : By.chained({By.xpath: //tbody[@class='showdatagrid-tbody']/tr[1]/td})
2019-11-18 10:03:13,772 [main] DEBUG cn.ac.util.WebEventListener [WebEventListener.java : 72] - 找到标签后 : By.chained({By.xpath: //tbody[@class='showdatagrid-tbody']/tr[1]/td})
2019-11-18 10:03:13,772 [main] DEBUG cn.ac.util.WebEventListener [WebEventListener.java : 40] - 点击标签: [[ChromeDriver: chrome on XP (3a9caa488d676b5e1473099175c23578)] -> xpath: //tbody[@class='showdatagrid-tbody']/tr[1]/td]之前执行...
2019-11-18 10:03:13,808 [main] DEBUG cn.ac.util.WebEventListener [WebEventListener.java : 44] - 点击标签之后: [[ChromeDriver: chrome on XP (3a9caa488d676b5e1473099175c23578)] -> xpath: //tbody[@class='showdatagrid-tbody']/tr[1]/td]之后执行...
2019-11-18 10:03:13,809 [main] DEBUG cn.ac.util.WebEventListener [WebEventListener.java : 68] - 找到标签前 : By.chained({By.xpath: //tbody[@class='showdatagrid-tbody']/tr[1]/td})
2019-11-18 10:03:13,817 [main] DEBUG cn.ac.util.WebEventListener [WebEventListener.java : 72] - 找到标签后 : By.chained({By.xpath: //tbody[@class='showdatagrid-tbody']/tr[1]/td})
2019-11-18 10:03:13,817 [main] DEBUG cn.ac.util.WebEventListener [WebEventListener.java : 68] - 找到标签前 : By.xpath: //input[@name='destclassname']
2019-11-18 10:03:13,827 [main] DEBUG cn.ac.util.WebEventListener [WebEventListener.java : 72] - 找到标签后 : By.xpath: //input[@name='destclassname']
2019-11-18 10:03:13,851 [main] DEBUG cn.ac.util.WebEventListener [WebEventListener.java : 68] - 找到标签前 : By.chained({By.xpath: //tbody[@class='showdatagrid-tbody']/tr[1]/td})
2019-11-18 10:03:13,859 [main] DEBUG cn.ac.util.WebEventListener [WebEventListener.java : 72] - 找到标签后 : By.chained({By.xpath: //tbody[@class='showdatagrid-tbody']/tr[1]/td})
2019-11-18 10:03:13,859 [main] DEBUG cn.ac.util.WebEventListener [WebEventListener.java : 40] - 点击标签: [[ChromeDriver: chrome on XP (3a9caa488d676b5e1473099175c23578)] -> xpath: //tbody[@class='showdatagrid-tbody']/tr[1]/td]之前执行...
2019-11-18 10:03:13,892 [main] DEBUG cn.ac.util.WebEventListener [WebEventListener.java : 44] - 点击标签之后: [[ChromeDriver: chrome on XP (3a9caa488d676b5e1473099175c23578)] -> xpath: //tbody[@class='showdatagrid-tbody']/tr[1]/td]之后执行...
2019-11-18 10:03:13,893 [main] DEBUG cn.ac.util.WebEventListener [WebEventListener.java : 68] - 找到标签前 : By.chained({By.xpath: //tbody[@class='showdatagrid-tbody']/tr[1]/td})
2019-11-18 10:03:13,901 [main] DEBUG cn.ac.util.WebEventListener [WebEventListener.java : 72] - 找到标签后 : By.chained({By.xpath: //tbody[@class='showdatagrid-tbody']/tr[1]/td})
2019-11-18 10:03:13,902 [main] DEBUG cn.ac.util.WebEventListener [WebEventListener.java : 68] - 找到标签前 : By.xpath: //input[@name='destmethodname']
2019-11-18 10:03:13,910 [main] DEBUG cn.ac.util.WebEventListener [WebEventListener.java : 72] - 找到标签后 : By.xpath: //input[@name='destmethodname']
2019-11-18 10:03:13,931 [main] DEBUG cn.ac.util.WebEventListener [WebEventListener.java : 68] - 找到标签前 : By.chained({By.xpath: //tbody[@class='showdatagrid-tbody']/tr[1]/td})
2019-11-18 10:03:13,940 [main] DEBUG cn.ac.util.WebEventListener [WebEventListener.java : 72] - 找到标签后 : By.chained({By.xpath: //tbody[@class='showdatagrid-tbody']/tr[1]/td})
2019-11-18 10:03:13,940 [main] DEBUG cn.ac.util.WebEventListener [WebEventListener.java : 40] - 点击标签: [[ChromeDriver: chrome on XP (3a9caa488d676b5e1473099175c23578)] -> xpath: //tbody[@class='showdatagrid-tbody']/tr[1]/td]之前执行...
2019-11-18 10:03:13,975 [main] DEBUG cn.ac.util.WebEventListener [WebEventListener.java : 44] - 点击标签之后: [[ChromeDriver: chrome on XP (3a9caa488d676b5e1473099175c23578)] -> xpath: //tbody[@class='showdatagrid-tbody']/tr[1]/td]之后执行...
2019-11-18 10:03:13,975 [main] DEBUG cn.ac.util.WebEventListener [WebEventListener.java : 68] - 找到标签前 : By.chained({By.xpath: //tbody[@class='showdatagrid-tbody']/tr[1]/td})
2019-11-18 10:03:13,984 [main] DEBUG cn.ac.util.WebEventListener [WebEventListener.java : 72] - 找到标签后 : By.chained({By.xpath: //tbody[@class='showdatagrid-tbody']/tr[1]/td})
2019-11-18 10:03:13,985 [main] DEBUG cn.ac.util.WebEventListener [WebEventListener.java : 68] - 找到标签前 : By.xpath: //input[@name='operationdirection']
2019-11-18 10:03:13,995 [main] DEBUG cn.ac.util.WebEventListener [WebEventListener.java : 72] - 找到标签后 : By.xpath: //input[@name='operationdirection']
2019-11-18 10:03:14,017 [main] DEBUG cn.ac.util.WebEventListener [WebEventListener.java : 68] - 找到标签前 : By.chained({By.xpath: //tbody[@class='showdatagrid-tbody']/tr[1]/td})
2019-11-18 10:03:14,024 [main] DEBUG cn.ac.util.WebEventListener [WebEventListener.java : 72] - 找到标签后 : By.chained({By.xpath: //tbody[@class='showdatagrid-tbody']/tr[1]/td})
2019-11-18 10:03:14,024 [main] DEBUG cn.ac.util.WebEventListener [WebEventListener.java : 40] - 点击标签: [[ChromeDriver: chrome on XP (3a9caa488d676b5e1473099175c23578)] -> xpath: //tbody[@class='showdatagrid-tbody']/tr[1]/td]之前执行...
2019-11-18 10:03:14,076 [main] DEBUG cn.ac.util.WebEventListener [WebEventListener.java : 44] - 点击标签之后: [[ChromeDriver: chrome on XP (3a9caa488d676b5e1473099175c23578)] -> xpath: //tbody[@class='showdatagrid-tbody']/tr[1]/td]之后执行...
2019-11-18 10:03:14,076 [main] DEBUG cn.ac.util.WebEventListener [WebEventListener.java : 68] - 找到标签前 : By.chained({By.xpath: //tbody[@class='showdatagrid-tbody']/tr[1]/td})
2019-11-18 10:03:14,085 [main] DEBUG cn.ac.util.WebEventListener [WebEventListener.java : 72] - 找到标签后 : By.chained({By.xpath: //tbody[@class='showdatagrid-tbody']/tr[1]/td})
2019-11-18 10:03:14,085 [main] DEBUG cn.ac.util.WebEventListener [WebEventListener.java : 68] - 找到标签前 : By.xpath: //input[@name='beginopportune']
2019-11-18 10:03:14,096 [main] DEBUG cn.ac.util.WebEventListener [WebEventListener.java : 72] - 找到标签后 : By.xpath: //input[@name='beginopportune']
2019-11-18 10:03:14,117 [main] DEBUG cn.ac.util.WebEventListener [WebEventListener.java : 68] - 找到标签前 : By.xpath: //img[@class='searchtoolbar-hold']
2019-11-18 10:03:14,130 [main] DEBUG cn.ac.util.WebEventListener [WebEventListener.java : 72] - 找到标签后 : By.xpath: //img[@class='searchtoolbar-hold']
2019-11-18 10:03:14,130 [main] DEBUG cn.ac.util.WebEventListener [WebEventListener.java : 40] - 点击标签: [[ChromeDriver: chrome on XP (3a9caa488d676b5e1473099175c23578)] -> xpath: //img[@class='searchtoolbar-hold']]之前执行...
2019-11-18 10:03:14,166 [main] DEBUG cn.ac.util.WebEventListener [WebEventListener.java : 44] - 点击标签之后: [[ChromeDriver: chrome on XP (3a9caa488d676b5e1473099175c23578)] -> xpath: //img[@class='searchtoolbar-hold']]之后执行...
2019-11-18 10:03:14,167 [main] DEBUG cn.ac.util.WebEventListener [WebEventListener.java : 68] - 找到标签前 : By.xpath: //div[@class='mainModel-alert-submit clearfix']/span[@class='mainModel-alert-sure']
2019-11-18 10:03:14,177 [main] DEBUG cn.ac.util.WebEventListener [WebEventListener.java : 72] - 找到标签后 : By.xpath: //div[@class='mainModel-alert-submit clearfix']/span[@class='mainModel-alert-sure']
2019-11-18 10:03:14,177 [main] DEBUG cn.ac.util.WebEventListener [WebEventListener.java : 40] - 点击标签: [[ChromeDriver: chrome on XP (3a9caa488d676b5e1473099175c23578)] -> xpath: //div[@class='mainModel-alert-submit clearfix']/span[@class='mainModel-alert-sure']]之前执行...
2019-11-18 10:03:14,228 [main] DEBUG cn.ac.util.WebEventListener [WebEventListener.java : 44] - 点击标签之后: [[ChromeDriver: chrome on XP (3a9caa488d676b5e1473099175c23578)] -> xpath: //div[@class='mainModel-alert-submit clearfix']/span[@class='mainModel-alert-sure']]之后执行...
