2019-11-18 15:59:44,610 [main] DEBUG cn.ac.util.WebEventListener [WebEventListener.java : 24] - Before navigating to: 'http://localhost:8010/public/saas/sam/admin/main/html/main.html'
2019-11-18 15:59:45,066 [main] DEBUG cn.ac.util.WebEventListener [WebEventListener.java : 28] - Navigated to:'http://localhost:8010/public/saas/sam/admin/main/html/main.html'
2019-11-18 15:59:45,066 [main] DEBUG cn.ac.util.WebEventListener [WebEventListener.java : 68] - 找到标签前 : By.name: login_user
2019-11-18 15:59:45,311 [main] DEBUG cn.ac.util.WebEventListener [WebEventListener.java : 72] - 找到标签后 : By.name: login_user
2019-11-18 15:59:45,361 [main] DEBUG cn.ac.util.WebEventListener [WebEventListener.java : 68] - 找到标签前 : By.name: login_pas
2019-11-18 15:59:45,377 [main] DEBUG cn.ac.util.WebEventListener [WebEventListener.java : 72] - 找到标签后 : By.name: login_pas
2019-11-18 15:59:45,434 [main] DEBUG cn.ac.util.WebEventListener [WebEventListener.java : 68] - 找到标签前 : By.xpath: //div[@class='login-sub']
2019-11-18 15:59:45,447 [main] DEBUG cn.ac.util.WebEventListener [WebEventListener.java : 72] - 找到标签后 : By.xpath: //div[@class='login-sub']
2019-11-18 15:59:45,448 [main] DEBUG cn.ac.util.WebEventListener [WebEventListener.java : 40] - 点击标签: [[ChromeDriver: chrome on XP (8f436266b7c2af789fc5fb12705fe170)] -> xpath: //div[@class='login-sub']]之前执行...
2019-11-18 15:59:45,507 [main] DEBUG cn.ac.util.WebEventListener [WebEventListener.java : 44] - 点击标签之后: [[ChromeDriver: chrome on XP (8f436266b7c2af789fc5fb12705fe170)] -> xpath: //div[@class='login-sub']]之后执行...
2019-11-18 15:59:45,507 [main] DEBUG cn.ac.util.WebEventListener [WebEventListener.java : 68] - 找到标签前 : By.xpath: //span[contains(text(),'基础数据')]
2019-11-18 15:59:46,332 [main] DEBUG cn.ac.util.WebEventListener [WebEventListener.java : 72] - 找到标签后 : By.xpath: //span[contains(text(),'基础数据')]
2019-11-18 15:59:46,333 [main] DEBUG cn.ac.util.WebEventListener [WebEventListener.java : 40] - 点击标签: [[ChromeDriver: chrome on XP (8f436266b7c2af789fc5fb12705fe170)] -> xpath: //span[contains(text(),'基础数据')]]之前执行...
2019-11-18 15:59:46,372 [main] DEBUG cn.ac.util.WebEventListener [WebEventListener.java : 44] - 点击标签之后: [[ChromeDriver: chrome on XP (8f436266b7c2af789fc5fb12705fe170)] -> xpath: //span[contains(text(),'基础数据')]]之后执行...
2019-11-18 15:59:46,373 [main] DEBUG cn.ac.util.WebEventListener [WebEventListener.java : 68] - 找到标签前 : By.xpath: //span[contains(text(),'基础数据维护')]
2019-11-18 15:59:46,384 [main] DEBUG cn.ac.util.WebEventListener [WebEventListener.java : 72] - 找到标签后 : By.xpath: //span[contains(text(),'基础数据维护')]
2019-11-18 15:59:46,384 [main] DEBUG cn.ac.util.WebEventListener [WebEventListener.java : 40] - 点击标签: [[ChromeDriver: chrome on XP (8f436266b7c2af789fc5fb12705fe170)] -> xpath: //span[contains(text(),'基础数据维护')]]之前执行...
2019-11-18 15:59:46,421 [main] DEBUG cn.ac.util.WebEventListener [WebEventListener.java : 44] - 点击标签之后: [[ChromeDriver: chrome on XP (8f436266b7c2af789fc5fb12705fe170)] -> xpath: //span[contains(text(),'基础数据维护')]]之后执行...
2019-11-18 15:59:46,421 [main] DEBUG cn.ac.util.WebEventListener [WebEventListener.java : 68] - 找到标签前 : By.xpath: //li[contains(text(),'帮助文档管理')]
2019-11-18 15:59:46,434 [main] DEBUG cn.ac.util.WebEventListener [WebEventListener.java : 72] - 找到标签后 : By.xpath: //li[contains(text(),'帮助文档管理')]
2019-11-18 15:59:46,434 [main] DEBUG cn.ac.util.WebEventListener [WebEventListener.java : 40] - 点击标签: [[ChromeDriver: chrome on XP (8f436266b7c2af789fc5fb12705fe170)] -> xpath: //li[contains(text(),'帮助文档管理')]]之前执行...
2019-11-18 15:59:46,474 [main] DEBUG cn.ac.util.WebEventListener [WebEventListener.java : 44] - 点击标签之后: [[ChromeDriver: chrome on XP (8f436266b7c2af789fc5fb12705fe170)] -> xpath: //li[contains(text(),'帮助文档管理')]]之后执行...
2019-11-18 15:59:46,475 [main] DEBUG cn.ac.util.WebEventListener [WebEventListener.java : 68] - 找到标签前 : By.xpath: //span[@class='searchtoolbar-search-span']
2019-11-18 15:59:46,702 [main] DEBUG cn.ac.util.WebEventListener [WebEventListener.java : 72] - 找到标签后 : By.xpath: //span[@class='searchtoolbar-search-span']
2019-11-18 15:59:46,702 [main] DEBUG cn.ac.util.WebEventListener [WebEventListener.java : 40] - 点击标签: [[ChromeDriver: chrome on XP (8f436266b7c2af789fc5fb12705fe170)] -> xpath: //span[@class='searchtoolbar-search-span']]之前执行...
2019-11-18 15:59:46,732 [main] DEBUG cn.ac.util.WebEventListener [WebEventListener.java : 44] - 点击标签之后: [[ChromeDriver: chrome on XP (8f436266b7c2af789fc5fb12705fe170)] -> xpath: //span[@class='searchtoolbar-search-span']]之后执行...
2019-11-18 15:59:50,234 [main] DEBUG cn.ac.util.WebEventListener [WebEventListener.java : 68] - 找到标签前 : By.xpath: //img[@class='searchtoolbar-batchAdd']
2019-11-18 15:59:50,244 [main] DEBUG cn.ac.util.WebEventListener [WebEventListener.java : 72] - 找到标签后 : By.xpath: //img[@class='searchtoolbar-batchAdd']
2019-11-18 15:59:50,245 [main] DEBUG cn.ac.util.WebEventListener [WebEventListener.java : 40] - 点击标签: [[ChromeDriver: chrome on XP (8f436266b7c2af789fc5fb12705fe170)] -> xpath: //img[@class='searchtoolbar-batchAdd']]之前执行...
2019-11-18 15:59:50,277 [main] DEBUG cn.ac.util.WebEventListener [WebEventListener.java : 44] - 点击标签之后: [[ChromeDriver: chrome on XP (8f436266b7c2af789fc5fb12705fe170)] -> xpath: //img[@class='searchtoolbar-batchAdd']]之后执行...
2019-11-18 15:59:50,277 [main] DEBUG cn.ac.util.WebEventListener [WebEventListener.java : 68] - 找到标签前 : By.xpath: //input[@class='helpdoc-helpdocdesc']
2019-11-18 15:59:50,288 [main] DEBUG cn.ac.util.WebEventListener [WebEventListener.java : 72] - 找到标签后 : By.xpath: //input[@class='helpdoc-helpdocdesc']
2019-11-18 15:59:50,349 [main] DEBUG cn.ac.util.WebEventListener [WebEventListener.java : 68] - 找到标签前 : By.xpath: //input[@class='helpdoc-helpdocdir']
2019-11-18 15:59:50,361 [main] DEBUG cn.ac.util.WebEventListener [WebEventListener.java : 72] - 找到标签后 : By.xpath: //input[@class='helpdoc-helpdocdir']
2019-11-18 15:59:50,401 [main] DEBUG cn.ac.util.WebEventListener [WebEventListener.java : 68] - 找到标签前 : By.xpath: //input[@class='helpdoc-file']
2019-11-18 15:59:50,412 [main] DEBUG cn.ac.util.WebEventListener [WebEventListener.java : 72] - 找到标签后 : By.xpath: //input[@class='helpdoc-file']
2019-11-18 15:59:50,429 [main] DEBUG cn.ac.util.WebEventListener [WebEventListener.java : 68] - 找到标签前 : By.xpath: //button[@class='helpdoc-submit']
2019-11-18 15:59:50,441 [main] DEBUG cn.ac.util.WebEventListener [WebEventListener.java : 72] - 找到标签后 : By.xpath: //button[@class='helpdoc-submit']
2019-11-18 15:59:50,441 [main] DEBUG cn.ac.util.WebEventListener [WebEventListener.java : 40] - 点击标签: [[ChromeDriver: chrome on XP (8f436266b7c2af789fc5fb12705fe170)] -> xpath: //button[@class='helpdoc-submit']]之前执行...
2019-11-18 15:59:50,484 [main] DEBUG cn.ac.util.WebEventListener [WebEventListener.java : 44] - 点击标签之后: [[ChromeDriver: chrome on XP (8f436266b7c2af789fc5fb12705fe170)] -> xpath: //button[@class='helpdoc-submit']]之后执行...
2019-11-18 15:59:50,485 [main] DEBUG cn.ac.util.WebEventListener [WebEventListener.java : 68] - 找到标签前 : By.xpath: //span[contains(text(),'确定')]
2019-11-18 15:59:50,498 [main] DEBUG cn.ac.util.WebEventListener [WebEventListener.java : 72] - 找到标签后 : By.xpath: //span[contains(text(),'确定')]
2019-11-18 15:59:50,498 [main] DEBUG cn.ac.util.WebEventListener [WebEventListener.java : 40] - 点击标签: [[ChromeDriver: chrome on XP (8f436266b7c2af789fc5fb12705fe170)] -> xpath: //span[contains(text(),'确定')]]之前执行...
2019-11-18 15:59:50,541 [main] DEBUG cn.ac.util.WebEventListener [WebEventListener.java : 44] - 点击标签之后: [[ChromeDriver: chrome on XP (8f436266b7c2af789fc5fb12705fe170)] -> xpath: //span[contains(text(),'确定')]]之后执行...
2019-11-18 15:59:54,043 [main] DEBUG cn.ac.util.WebEventListener [WebEventListener.java : 68] - 找到标签前 : By.xpath: //select[@class='swPageSelect-select']
2019-11-18 16:00:14,073 [main] DEBUG cn.ac.util.WebEventListener [WebEventListener.java : 64] - Exception occured: org.openqa.selenium.NoSuchElementException: no such element: Unable to locate element: {"method":"xpath","selector":"//select[@class='swPageSelect-select']"}
  (Session info: chrome=79.0.3941.4)
For documentation on this error, please visit: https://www.seleniumhq.org/exceptions/no_such_element.html
Build info: version: '4.0.0-alpha-1', revision: 'd1d3728cae', time: '2019-04-24T13:42:21'
System info: host: 'DESKTOP-16V47TI', ip: '192.168.229.1', os.name: 'Windows 10', os.arch: 'amd64', os.version: '10.0', java.version: '1.8.0_144'
Driver info: org.openqa.selenium.chrome.ChromeDriver
Capabilities {acceptInsecureCerts: false, browserName: chrome, browserVersion: 79.0.3941.4, chrome: {chromedriverVersion: 78.0.3904.70 (edb9c9f3de024..., userDataDir: C:\Users\sybcheck\AppData\L...}, goog:chromeOptions: {debuggerAddress: localhost:50878}, javascriptEnabled: true, networkConnectionEnabled: false, pageLoadStrategy: normal, platform: XP, platformName: XP, proxy: Proxy(), setWindowRect: true, strictFileInteractability: false, timeouts: {implicit: 0, pageLoad: 300000, script: 30000}, unhandledPromptBehavior: dismiss and notify}
Session ID: 8f436266b7c2af789fc5fb12705fe170
*** Element info: {Using=xpath, value=//select[@class='swPageSelect-select']}
