2020-09-12 15:02:23,576 [main] INFO  cn.ac.base.propBase [propBase.java : 20] - 初始化配置文件...
2020-09-12 15:02:23,581 [main] INFO  cn.ac.base.DriverBase [DriverBase.java : 35] - 初始化chrome浏览器...
2020-09-12 15:02:30,372 [main] INFO  cn.ac.base.DriverBase [Shippingtestcase.java : 15] - 执行谷歌船务网站测试用例
2020-09-12 15:02:48,264 [main] INFO  cn.ac.base.DriverBase [DriverBase.java : 96] - 关闭退出浏览器...
2020-09-12 15:05:02,532 [main] INFO  cn.ac.base.propBase [propBase.java : 20] - 初始化配置文件...
2020-09-12 15:05:02,536 [main] INFO  cn.ac.base.DriverBase [DriverBase.java : 35] - 初始化chrome浏览器...
2020-09-12 15:05:08,857 [main] INFO  cn.ac.base.DriverBase [Shippingtestcase.java : 15] - 执行谷歌船务网站测试用例
2020-09-12 15:05:26,248 [main] INFO  cn.ac.base.DriverBase [DriverBase.java : 96] - 关闭退出浏览器...
2020-09-12 15:05:41,814 [main] INFO  cn.ac.base.propBase [propBase.java : 20] - 初始化配置文件...
2020-09-12 15:05:41,819 [main] INFO  cn.ac.base.DriverBase [DriverBase.java : 35] - 初始化chrome浏览器...
2020-09-12 15:05:48,080 [main] INFO  cn.ac.base.DriverBase [Shippingtestcase.java : 15] - 执行谷歌船务网站测试用例
2020-09-12 15:06:12,650 [main] INFO  cn.ac.base.DriverBase [DriverBase.java : 96] - 关闭退出浏览器...
2020-09-12 15:11:58,512 [main] INFO  cn.ac.base.propBase [propBase.java : 20] - 初始化配置文件...
2020-09-12 15:11:58,517 [main] INFO  cn.ac.base.DriverBase [DriverBase.java : 35] - 初始化chrome浏览器...
2020-09-12 15:12:04,829 [main] INFO  cn.ac.base.DriverBase [Shippingtestcase.java : 15] - 执行谷歌船务网站测试用例
2020-09-12 15:12:46,948 [main] INFO  cn.ac.base.DriverBase [DriverBase.java : 96] - 关闭退出浏览器...
2020-09-12 15:15:32,598 [main] INFO  cn.ac.base.propBase [propBase.java : 20] - 初始化配置文件...
2020-09-12 15:15:32,601 [main] INFO  cn.ac.base.DriverBase [DriverBase.java : 35] - 初始化firefox浏览器...
2020-09-12 15:15:35,648 [main] INFO  cn.ac.base.DriverBase [Shippingtestcase.java : 15] - 执行谷歌船务网站测试用例
2020-09-12 15:16:14,541 [main] INFO  cn.ac.base.DriverBase [DriverBase.java : 96] - 关闭退出浏览器...
2020-09-12 15:17:04,065 [main] INFO  cn.ac.base.propBase [propBase.java : 20] - 初始化配置文件...
2020-09-12 15:17:04,071 [main] INFO  cn.ac.base.DriverBase [DriverBase.java : 35] - 初始化firefox浏览器...
2020-09-12 15:17:08,642 [main] INFO  cn.ac.base.DriverBase [Shippingtestcase.java : 15] - 执行谷歌船务网站测试用例
2020-09-12 15:17:47,150 [main] INFO  cn.ac.base.DriverBase [DriverBase.java : 95] - 关闭退出浏览器...
2020-09-12 15:18:20,918 [main] INFO  cn.ac.base.propBase [propBase.java : 20] - 初始化配置文件...
2020-09-12 15:18:20,922 [main] INFO  cn.ac.base.DriverBase [DriverBase.java : 35] - 初始化chrome浏览器...
2020-09-12 15:18:27,135 [main] INFO  cn.ac.base.DriverBase [Shippingtestcase.java : 15] - 执行谷歌船务网站测试用例
2020-09-12 15:18:47,369 [main] INFO  cn.ac.base.DriverBase [DriverBase.java : 95] - 关闭退出浏览器...
2020-09-12 15:26:58,566 [main] INFO  cn.ac.base.propBase [propBase.java : 20] - 初始化配置文件...
2020-09-12 15:26:58,572 [main] INFO  cn.ac.base.DriverBase [DriverBase.java : 35] - 初始化chrome浏览器...
2020-09-12 15:27:04,877 [main] INFO  cn.ac.base.DriverBase [Shippingtestcase.java : 15] - 执行谷歌船务网站测试用例
2020-09-12 15:27:27,640 [main] INFO  cn.ac.base.DriverBase [DriverBase.java : 95] - 关闭退出浏览器...
