2019-11-13 14:46:53,806 [main] INFO  cn.ac.base.DriverBase [TaskPageTestByMyself.java : 23] - 执行断言title
2019-11-13 14:46:53,815 [main] INFO  cn.ac.base.DriverBase [TaskPageTestByMyself.java : 30] - 执行登录
2019-11-13 14:46:54,158 [main] INFO  cn.ac.base.DriverBase [TaskPageTestByMyself.java : 51] - 执行添加数据
2019-11-13 14:46:56,287 [main] INFO  cn.ac.base.DriverBase [FirsttestcaseTest.java : 18] - 执行租户查询功能
2019-11-13 14:46:58,087 [main] INFO  cn.ac.base.DriverBase [SectestcaseTest.java : 18] - 执行协同查询功能
2019-11-13 14:46:59,687 [main] INFO  cn.ac.base.DriverBase [ChromejngxiaoyuntestcaseTest.java : 16] - 执行谷歌抓取的代码
2019-11-13 14:47:01,225 [main] INFO  cn.ac.base.DriverBase [ChromebaidutestcaseTest.java : 14] - 执行谷歌百度测试用例
2019-11-13 14:47:02,238 [main] INFO  cn.ac.base.DriverBase [FirefoxbaidutestcaseTest.java : 16] - 执行火狐百度测试用例
2019-11-13 14:47:02,975 [main] INFO  cn.ac.base.DriverBase [FirefoxjingxiaoyuntestcaseTest.java : 17] - 执行火狐抓取的代码
2019-11-13 14:47:05,243 [main] INFO  cn.ac.base.DriverBase [DriverBase.java : 102] - 关闭退出浏览器...
2019-11-13 14:47:45,961 [main] INFO  cn.ac.base.DriverBase [TaskPageTestByMyself.java : 23] - 执行断言title
2019-11-13 14:47:45,970 [main] INFO  cn.ac.base.DriverBase [TaskPageTestByMyself.java : 30] - 执行登录
2019-11-13 14:47:46,339 [main] INFO  cn.ac.base.DriverBase [TaskPageTestByMyself.java : 51] - 执行添加数据
2019-11-13 14:47:48,410 [main] INFO  cn.ac.base.DriverBase [FirsttestcaseTest.java : 18] - 执行租户查询功能
2019-11-13 14:47:50,230 [main] INFO  cn.ac.base.DriverBase [SectestcaseTest.java : 18] - 执行协同查询功能
2019-11-13 14:47:51,890 [main] INFO  cn.ac.base.DriverBase [ChromejngxiaoyuntestcaseTest.java : 16] - 执行谷歌抓取的代码
2019-11-13 14:47:53,439 [main] INFO  cn.ac.base.DriverBase [ChromebaidutestcaseTest.java : 14] - 执行谷歌百度测试用例
2019-11-13 14:47:54,674 [main] INFO  cn.ac.base.DriverBase [FirefoxbaidutestcaseTest.java : 16] - 执行火狐百度测试用例
2019-11-13 14:47:55,492 [main] INFO  cn.ac.base.DriverBase [FirefoxjingxiaoyuntestcaseTest.java : 17] - 执行火狐抓取的代码
2019-11-13 14:47:57,524 [main] INFO  cn.ac.base.DriverBase [DriverBase.java : 102] - 关闭退出浏览器...
